#
# There is insufficient memory for the Java Runtime Environment to continue.
# Native memory allocation (malloc) failed to allocate 32784 bytes. Error detail: Chunk::new
# Possible reasons:
#   The system is out of physical RAM or swap space
#   This process is running with CompressedOops enabled, and the Java Heap may be blocking the growth of the native heap
# Possible solutions:
#   Reduce memory load on the system
#   Increase physical memory or swap space
#   Check if swap backing store is full
#   Decrease Java heap size (-Xmx/-Xms)
#   Decrease number of Java threads
#   Decrease Java thread stack sizes (-Xss)
#   Set larger code cache with -XX:ReservedCodeCacheSize=
#   JVM is running with Unscaled Compressed Oops mode in which the Java heap is
#     placed in the first 4GB address space. The Java Heap base address is the
#     maximum limit for the native heap growth. Please use -XX:HeapBaseMinAddress
#     to set the Java Heap base and to place the Java Heap above 4GB virtual address.
# This output file may be truncated or incomplete.
#
#  Out of Memory Error (arena.cpp:168), pid=8564, tid=3052
#
# JRE version: OpenJDK Runtime Environment Microsoft-11369940 (21.0.7+6) (build 21.0.7+6-LTS)
# Java VM: OpenJDK 64-Bit Server VM Microsoft-11369940 (21.0.7+6-LTS, mixed mode, sharing, tiered, compressed oops, compressed class ptrs, g1 gc, windows-amd64)
# No core dump will be written. Minidumps are not enabled by default on client versions of Windows
#

---------------  S U M M A R Y ------------

Command Line: --add-opens=java.base/java.lang=ALL-UNNAMED --add-opens=java.base/java.lang.invoke=ALL-UNNAMED --add-opens=java.base/java.util=ALL-UNNAMED --add-opens=java.prefs/java.util.prefs=ALL-UNNAMED --add-exports=jdk.compiler/com.sun.tools.javac.api=ALL-UNNAMED --add-exports=jdk.compiler/com.sun.tools.javac.util=ALL-UNNAMED --add-opens=java.base/java.util=ALL-UNNAMED --add-opens=java.prefs/java.util.prefs=ALL-UNNAMED --add-opens=java.base/java.nio.charset=ALL-UNNAMED --add-opens=java.base/java.net=ALL-UNNAMED --add-opens=java.base/java.util.concurrent.atomic=ALL-UNNAMED --add-opens=java.xml/javax.xml.namespace=ALL-UNNAMED -XX:MaxMetaspaceSize=384m -XX:+HeapDumpOnOutOfMemoryError -Xms256m -Xmx512m -Dfile.encoding=UTF-8 -Duser.country=IN -Duser.language=en -Duser.variant -javaagent:C:\Users\Vansh Parmar\.gradle\wrapper\dists\gradle-8.14.2-bin\2pb3mgt1p815evrl3weanttgr\gradle-8.14.2\lib\agents\gradle-instrumentation-agent-8.14.2.jar org.gradle.launcher.daemon.bootstrap.GradleDaemon 8.14.2

Host: Intel(R) Core(TM) i3-7020U CPU @ 2.30GHz, 4 cores, 11G,  Windows 11 , 64 bit Build 22621 (10.0.22621.3958)
Time: Thu Aug 28 20:04:30 2025 India Standard Time elapsed time: 105.480413 seconds (0d 0h 1m 45s)

---------------  T H R E A D  ---------------

Current thread (0x000002a3a3378070):  JavaThread "C1 CompilerThread0" daemon [_thread_in_native, id=3052, stack(0x000000cd41800000,0x000000cd41900000) (1024K)]


Current CompileTask:
C1:105480 5309       3       sun.security.provider.MD5::implCompress0 (1407 bytes)

Stack: [0x000000cd41800000,0x000000cd41900000]
Native frames: (J=compiled Java code, j=interpreted, Vv=VM code, C=native code)
V  [jvm.dll+0x6d4bb9]
V  [jvm.dll+0x8afa11]
V  [jvm.dll+0x8b1f3e]
V  [jvm.dll+0x8b2623]
V  [jvm.dll+0x280816]
V  [jvm.dll+0xc52bd]
V  [jvm.dll+0xc57f3]
V  [jvm.dll+0xd121d]
V  [jvm.dll+0x18be9c]
V  [jvm.dll+0x18bd6d]
V  [jvm.dll+0x191eae]
V  [jvm.dll+0x17ccfe]
V  [jvm.dll+0x16ae20]
V  [jvm.dll+0x153ba7]
V  [jvm.dll+0x153478]
V  [jvm.dll+0x1536c4]
V  [jvm.dll+0x152ae6]
V  [jvm.dll+0x15489d]
V  [jvm.dll+0x257819]
V  [jvm.dll+0x255bca]
V  [jvm.dll+0x3f5af6]
V  [jvm.dll+0x85916b]
V  [jvm.dll+0x6d327d]
C  [ucrtbase.dll+0x29333]
C  [KERNEL32.DLL+0x1257d]
C  [ntdll.dll+0x5af08]


---------------  P R O C E S S  ---------------

Threads class SMR info:
_java_thread_list=0x000002a3bd8a64f0, length=39, elements={
0x000002a388d2c790, 0x000002a3a33464b0, 0x000002a3a3348010, 0x000002a3a3348fc0,
0x000002a3a3349c10, 0x000002a3a334c770, 0x000002a3a334d1c0, 0x000002a3a334df40,
0x000002a3a3378070, 0x000002a3a3396690, 0x000002a3a353fc20, 0x000002a3bd7890b0,
0x000002a3bd798db0, 0x000002a3be4764d0, 0x000002a3be479760, 0x000002a3be125dd0,
0x000002a3be29bcc0, 0x000002a3be0f4540, 0x000002a3be404c10, 0x000002a3be403860,
0x000002a3be403ef0, 0x000002a3be404580, 0x000002a3be4052a0, 0x000002a3be402b40,
0x000002a3be4024b0, 0x000002a3be4031d0, 0x000002a3bfb7b6e0, 0x000002a3bfb78f80,
0x000002a3bfb7a330, 0x000002a3bfb7de40, 0x000002a3bfb7ca90, 0x000002a3bfb7a9c0,
0x000002a3bfb79610, 0x000002a3bfb79ca0, 0x000002a3bfb7bd70, 0x000002a3bfb7d120,
0x000002a3bfb7e4d0, 0x000002a3bfb7f880, 0x000002a3bfb7c400
}

Java Threads: ( => current thread )
  0x000002a388d2c790 JavaThread "main"                              [_thread_blocked, id=8904, stack(0x000000cd40800000,0x000000cd40900000) (1024K)]
  0x000002a3a33464b0 JavaThread "Reference Handler"          daemon [_thread_blocked, id=15096, stack(0x000000cd41100000,0x000000cd41200000) (1024K)]
  0x000002a3a3348010 JavaThread "Finalizer"                  daemon [_thread_blocked, id=17400, stack(0x000000cd41200000,0x000000cd41300000) (1024K)]
  0x000002a3a3348fc0 JavaThread "Signal Dispatcher"          daemon [_thread_blocked, id=4372, stack(0x000000cd41300000,0x000000cd41400000) (1024K)]
  0x000002a3a3349c10 JavaThread "Attach Listener"            daemon [_thread_blocked, id=8660, stack(0x000000cd41400000,0x000000cd41500000) (1024K)]
  0x000002a3a334c770 JavaThread "Service Thread"             daemon [_thread_blocked, id=10612, stack(0x000000cd41500000,0x000000cd41600000) (1024K)]
  0x000002a3a334d1c0 JavaThread "Monitor Deflation Thread"   daemon [_thread_blocked, id=15268, stack(0x000000cd41600000,0x000000cd41700000) (1024K)]
  0x000002a3a334df40 JavaThread "C2 CompilerThread0"         daemon [_thread_in_native, id=17896, stack(0x000000cd41700000,0x000000cd41800000) (1024K)]
=>0x000002a3a3378070 JavaThread "C1 CompilerThread0"         daemon [_thread_in_native, id=3052, stack(0x000000cd41800000,0x000000cd41900000) (1024K)]
  0x000002a3a3396690 JavaThread "Common-Cleaner"             daemon [_thread_blocked, id=16580, stack(0x000000cd41900000,0x000000cd41a00000) (1024K)]
  0x000002a3a353fc20 JavaThread "Notification Thread"        daemon [_thread_blocked, id=14924, stack(0x000000cd41a00000,0x000000cd41b00000) (1024K)]
  0x000002a3bd7890b0 JavaThread "Daemon health stats"               [_thread_blocked, id=1952, stack(0x000000cd41e00000,0x000000cd41f00000) (1024K)]
  0x000002a3bd798db0 JavaThread "Incoming local TCP Connector on port 24848"        [_thread_in_native, id=4100, stack(0x000000cd41f00000,0x000000cd42000000) (1024K)]
  0x000002a3be4764d0 JavaThread "Daemon periodic checks"            [_thread_blocked, id=1944, stack(0x000000cd42100000,0x000000cd42200000) (1024K)]
  0x000002a3be479760 JavaThread "Daemon"                            [_thread_blocked, id=5004, stack(0x000000cd42000000,0x000000cd42100000) (1024K)]
  0x000002a3be125dd0 JavaThread "Handler for socket connection from /127.0.0.1:24848 to /127.0.0.1:24849"        [_thread_in_native, id=9160, stack(0x000000cd42200000,0x000000cd42300000) (1024K)]
  0x000002a3be29bcc0 JavaThread "Cancel handler"                    [_thread_blocked, id=1692, stack(0x000000cd42300000,0x000000cd42400000) (1024K)]
  0x000002a3be0f4540 JavaThread "Daemon worker"                     [_thread_blocked, id=14224, stack(0x000000cd42400000,0x000000cd42500000) (1024K)]
  0x000002a3be404c10 JavaThread "Asynchronous log dispatcher for DefaultDaemonConnection: socket connection from /127.0.0.1:24848 to /127.0.0.1:24849"        [_thread_blocked, id=8032, stack(0x000000cd42500000,0x000000cd42600000) (1024K)]
  0x000002a3be403860 JavaThread "Stdin handler"                     [_thread_blocked, id=7464, stack(0x000000cd42600000,0x000000cd42700000) (1024K)]
  0x000002a3be403ef0 JavaThread "Daemon client event forwarder"        [_thread_blocked, id=6752, stack(0x000000cd42700000,0x000000cd42800000) (1024K)]
  0x000002a3be404580 JavaThread "Cache worker for journal cache (C:\Users\Vansh Parmar\.gradle\caches\journal-1)"        [_thread_blocked, id=17704, stack(0x000000cd42800000,0x000000cd42900000) (1024K)]
  0x000002a3be4052a0 JavaThread "File lock request listener"        [_thread_in_native, id=2892, stack(0x000000cd42900000,0x000000cd42a00000) (1024K)]
  0x000002a3be402b40 JavaThread "File lock release action executor"        [_thread_blocked, id=7580, stack(0x000000cd42a00000,0x000000cd42b00000) (1024K)]
  0x000002a3be4024b0 JavaThread "Cache worker for file hash cache (C:\Users\Vansh Parmar\.gradle\caches\8.14.2\fileHashes)"        [_thread_blocked, id=13688, stack(0x000000cd42b00000,0x000000cd42c00000) (1024K)]
  0x000002a3be4031d0 JavaThread "Cache worker for file hash cache (C:\Users\Vansh Parmar\IdeaProjects\UberBackendProject\UberProject-LocationService\.gradle\8.14.2\fileHashes)"        [_thread_blocked, id=12432, stack(0x000000cd42c00000,0x000000cd42d00000) (1024K)]
  0x000002a3bfb7b6e0 JavaThread "Cache worker for Build Output Cleanup Cache (C:\Users\Vansh Parmar\IdeaProjects\UberBackendProject\UberProject-LocationService\.gradle\buildOutputCleanup)"        [_thread_blocked, id=18372, stack(0x000000cd42d00000,0x000000cd42e00000) (1024K)]
  0x000002a3bfb78f80 JavaThread "File watcher server"        daemon [_thread_in_native, id=14128, stack(0x000000cd42e00000,0x000000cd42f00000) (1024K)]
  0x000002a3bfb7a330 JavaThread "File watcher consumer"      daemon [_thread_blocked, id=11200, stack(0x000000cd42f00000,0x000000cd43000000) (1024K)]
  0x000002a3bfb7de40 JavaThread "jar transforms"                    [_thread_blocked, id=15764, stack(0x000000cd43000000,0x000000cd43100000) (1024K)]
  0x000002a3bfb7ca90 JavaThread "jar transforms Thread 2"           [_thread_blocked, id=17972, stack(0x000000cd40700000,0x000000cd40800000) (1024K)]
  0x000002a3bfb7a9c0 JavaThread "Cache worker for checksums cache (C:\Users\Vansh Parmar\IdeaProjects\UberBackendProject\UberProject-LocationService\.gradle\8.14.2\checksums)"        [_thread_blocked, id=1852, stack(0x000000cd40900000,0x000000cd40a00000) (1024K)]
  0x000002a3bfb79610 JavaThread "Cache worker for file content cache (C:\Users\Vansh Parmar\.gradle\caches\8.14.2\fileContent)"        [_thread_blocked, id=8832, stack(0x000000cd43100000,0x000000cd43200000) (1024K)]
  0x000002a3bfb79ca0 JavaThread "jar transforms Thread 3"           [_thread_blocked, id=11704, stack(0x000000cd43200000,0x000000cd43300000) (1024K)]
  0x000002a3bfb7bd70 JavaThread "Cache worker for cache directory md-supplier (C:\Users\Vansh Parmar\.gradle\caches\8.14.2\md-supplier)"        [_thread_blocked, id=9272, stack(0x000000cd43300000,0x000000cd43400000) (1024K)]
  0x000002a3bfb7d120 JavaThread "Cache worker for cache directory md-rule (C:\Users\Vansh Parmar\.gradle\caches\8.14.2\md-rule)"        [_thread_blocked, id=13904, stack(0x000000cd43400000,0x000000cd43500000) (1024K)]
  0x000002a3bfb7e4d0 JavaThread "Unconstrained build operations"        [_thread_blocked, id=14056, stack(0x000000cd43500000,0x000000cd43600000) (1024K)]
  0x000002a3bfb7f880 JavaThread "Unconstrained build operations Thread 2"        [_thread_blocked, id=3624, stack(0x000000cd43600000,0x000000cd43700000) (1024K)]
  0x000002a3bfb7c400 JavaThread "Unconstrained build operations Thread 3"        [_thread_blocked, id=17124, stack(0x000000cd43700000,0x000000cd43800000) (1024K)]
Total: 39

Other Threads:
  0x000002a3a332b120 VMThread "VM Thread"                           [id=13016, stack(0x000000cd41000000,0x000000cd41100000) (1024K)]
  0x000002a3a3318a30 WatcherThread "VM Periodic Task Thread"        [id=7744, stack(0x000000cd40f00000,0x000000cd41000000) (1024K)]
  0x000002a388d55d90 WorkerThread "GC Thread#0"                     [id=6060, stack(0x000000cd40a00000,0x000000cd40b00000) (1024K)]
  0x000002a3a36b4b10 WorkerThread "GC Thread#1"                     [id=13316, stack(0x000000cd41b00000,0x000000cd41c00000) (1024K)]
  0x000002a3a36b4eb0 WorkerThread "GC Thread#2"                     [id=6412, stack(0x000000cd41c00000,0x000000cd41d00000) (1024K)]
  0x000002a3a3573770 WorkerThread "GC Thread#3"                     [id=8664, stack(0x000000cd41d00000,0x000000cd41e00000) (1024K)]
  0x000002a388d5ac10 ConcurrentGCThread "G1 Main Marker"            [id=16152, stack(0x000000cd40b00000,0x000000cd40c00000) (1024K)]
  0x000002a388d5b760 WorkerThread "G1 Conc#0"                       [id=13140, stack(0x000000cd40c00000,0x000000cd40d00000) (1024K)]
  0x000002a388dee880 ConcurrentGCThread "G1 Refine#0"               [id=17056, stack(0x000000cd40d00000,0x000000cd40e00000) (1024K)]
  0x000002a3a31eb570 ConcurrentGCThread "G1 Service"                [id=17088, stack(0x000000cd40e00000,0x000000cd40f00000) (1024K)]
Total: 10

Threads with active compile tasks:
C2 CompilerThread0  105543 5310       4       java.lang.String$CaseInsensitiveComparator::compare (13 bytes)
C1 CompilerThread0  105544 5309       3       sun.security.provider.MD5::implCompress0 (1407 bytes)
Total: 2

VM state: not at safepoint (normal execution)

VM Mutex/Monitor currently owned by a thread: None

Heap address: 0x00000000e0000000, size: 512 MB, Compressed Oops mode: 32-bit

CDS archive(s) mapped at: [0x000002a3a4000000-0x000002a3a4c80000-0x000002a3a4c80000), size 13107200, SharedBaseAddress: 0x000002a3a4000000, ArchiveRelocationMode: 1.
Compressed class space mapped at: 0x000002a3a5000000-0x000002a3b9000000, reserved size: 335544320
Narrow klass base: 0x000002a3a4000000, Narrow klass shift: 0, Narrow klass range: 0x100000000

GC Precious Log:
 CardTable entry size: 512
 Card Set container configuration: InlinePtr #cards 5 size 8 Array Of Cards #cards 12 size 40 Howl #buckets 4 coarsen threshold 1843 Howl Bitmap #cards 512 size 80 coarsen threshold 460 Card regions per heap region 1 cards per card region 2048
 CPUs: 4 total, 4 available
 Memory: 12167M
 Large Page Support: Disabled
 NUMA Support: Disabled
 Compressed Oops: Enabled (32-bit)
 Heap Region Size: 1M
 Heap Min Capacity: 256M
 Heap Initial Capacity: 256M
 Heap Max Capacity: 512M
 Pre-touch: Disabled
 Parallel Workers: 4
 Concurrent Workers: 1
 Concurrent Refinement Workers: 4
 Periodic GC: Disabled

Heap:
 garbage-first heap   total 262144K, used 113418K [0x00000000e0000000, 0x0000000100000000)
  region size 1024K, 90 young (92160K), 10 survivors (10240K)
 Metaspace       used 44017K, committed 45632K, reserved 393216K
  class space    used 6235K, committed 7040K, reserved 327680K

Heap Regions: E=young(eden), S=young(survivor), O=old, HS=humongous(starts), HC=humongous(continues), CS=collection set, F=free, TAMS=top-at-mark-start, PB=parsable bottom
|   0|0x00000000e0000000, 0x00000000e0100000, 0x00000000e0100000|100%|HS|  |TAMS 0x00000000e0000000| PB 0x00000000e0000000| Complete 
|   1|0x00000000e0100000, 0x00000000e0200000, 0x00000000e0200000|100%|HC|  |TAMS 0x00000000e0100000| PB 0x00000000e0100000| Complete 
|   2|0x00000000e0200000, 0x00000000e0300000, 0x00000000e0300000|100%|HC|  |TAMS 0x00000000e0200000| PB 0x00000000e0200000| Complete 
|   3|0x00000000e0300000, 0x00000000e0400000, 0x00000000e0400000|100%| O|  |TAMS 0x00000000e0300000| PB 0x00000000e0300000| Untracked 
|   4|0x00000000e0400000, 0x00000000e0500000, 0x00000000e0500000|100%| O|  |TAMS 0x00000000e0400000| PB 0x00000000e0400000| Untracked 
|   5|0x00000000e0500000, 0x00000000e0600000, 0x00000000e0600000|100%| O|  |TAMS 0x00000000e0500000| PB 0x00000000e0500000| Untracked 
|   6|0x00000000e0600000, 0x00000000e0700000, 0x00000000e0700000|100%| O|  |TAMS 0x00000000e0600000| PB 0x00000000e0600000| Untracked 
|   7|0x00000000e0700000, 0x00000000e0800000, 0x00000000e0800000|100%|HS|  |TAMS 0x00000000e0700000| PB 0x00000000e0700000| Complete 
|   8|0x00000000e0800000, 0x00000000e0900000, 0x00000000e0900000|100%| O|  |TAMS 0x00000000e0800000| PB 0x00000000e0800000| Untracked 
|   9|0x00000000e0900000, 0x00000000e0a00000, 0x00000000e0a00000|100%| O|  |TAMS 0x00000000e0900000| PB 0x00000000e0900000| Untracked 
|  10|0x00000000e0a00000, 0x00000000e0b00000, 0x00000000e0b00000|100%| O|  |TAMS 0x00000000e0a00000| PB 0x00000000e0a00000| Untracked 
|  11|0x00000000e0b00000, 0x00000000e0c00000, 0x00000000e0c00000|100%| O|  |TAMS 0x00000000e0b00000| PB 0x00000000e0b00000| Untracked 
|  12|0x00000000e0c00000, 0x00000000e0d00000, 0x00000000e0d00000|100%| O|  |TAMS 0x00000000e0c00000| PB 0x00000000e0c00000| Untracked 
|  13|0x00000000e0d00000, 0x00000000e0e00000, 0x00000000e0e00000|100%| O|Cm|TAMS 0x00000000e0d00000| PB 0x00000000e0d00000| Complete 
|  14|0x00000000e0e00000, 0x00000000e0f00000, 0x00000000e0f00000|100%| O|  |TAMS 0x00000000e0e00000| PB 0x00000000e0e00000| Untracked 
|  15|0x00000000e0f00000, 0x00000000e1000000, 0x00000000e1000000|100%| O|  |TAMS 0x00000000e0f00000| PB 0x00000000e0f00000| Untracked 
|  16|0x00000000e1000000, 0x00000000e1100000, 0x00000000e1100000|100%| O|  |TAMS 0x00000000e1000000| PB 0x00000000e1000000| Untracked 
|  17|0x00000000e1100000, 0x00000000e1200000, 0x00000000e1200000|100%| O|  |TAMS 0x00000000e1100000| PB 0x00000000e1100000| Untracked 
|  18|0x00000000e1200000, 0x00000000e1300000, 0x00000000e1300000|100%| O|  |TAMS 0x00000000e1200000| PB 0x00000000e1200000| Untracked 
|  19|0x00000000e1300000, 0x00000000e1400000, 0x00000000e1400000|100%| O|  |TAMS 0x00000000e1300000| PB 0x00000000e1300000| Untracked 
|  20|0x00000000e1400000, 0x00000000e1500000, 0x00000000e1500000|100%| O|  |TAMS 0x00000000e1400000| PB 0x00000000e1400000| Untracked 
|  21|0x00000000e1500000, 0x00000000e15fc480, 0x00000000e1600000| 98%| O|  |TAMS 0x00000000e1500000| PB 0x00000000e1500000| Untracked 
|  22|0x00000000e1600000, 0x00000000e1600000, 0x00000000e1700000|  0%| F|  |TAMS 0x00000000e1600000| PB 0x00000000e1600000| Untracked 
|  23|0x00000000e1700000, 0x00000000e1700000, 0x00000000e1800000|  0%| F|  |TAMS 0x00000000e1700000| PB 0x00000000e1700000| Untracked 
|  24|0x00000000e1800000, 0x00000000e1800000, 0x00000000e1900000|  0%| F|  |TAMS 0x00000000e1800000| PB 0x00000000e1800000| Untracked 
|  25|0x00000000e1900000, 0x00000000e1900000, 0x00000000e1a00000|  0%| F|  |TAMS 0x00000000e1900000| PB 0x00000000e1900000| Untracked 
|  26|0x00000000e1a00000, 0x00000000e1a00000, 0x00000000e1b00000|  0%| F|  |TAMS 0x00000000e1a00000| PB 0x00000000e1a00000| Untracked 
|  27|0x00000000e1b00000, 0x00000000e1b00000, 0x00000000e1c00000|  0%| F|  |TAMS 0x00000000e1b00000| PB 0x00000000e1b00000| Untracked 
|  28|0x00000000e1c00000, 0x00000000e1c00000, 0x00000000e1d00000|  0%| F|  |TAMS 0x00000000e1c00000| PB 0x00000000e1c00000| Untracked 
|  29|0x00000000e1d00000, 0x00000000e1d00000, 0x00000000e1e00000|  0%| F|  |TAMS 0x00000000e1d00000| PB 0x00000000e1d00000| Untracked 
|  30|0x00000000e1e00000, 0x00000000e1e00000, 0x00000000e1f00000|  0%| F|  |TAMS 0x00000000e1e00000| PB 0x00000000e1e00000| Untracked 
|  31|0x00000000e1f00000, 0x00000000e1f00000, 0x00000000e2000000|  0%| F|  |TAMS 0x00000000e1f00000| PB 0x00000000e1f00000| Untracked 
|  32|0x00000000e2000000, 0x00000000e2000000, 0x00000000e2100000|  0%| F|  |TAMS 0x00000000e2000000| PB 0x00000000e2000000| Untracked 
|  33|0x00000000e2100000, 0x00000000e2100000, 0x00000000e2200000|  0%| F|  |TAMS 0x00000000e2100000| PB 0x00000000e2100000| Untracked 
|  34|0x00000000e2200000, 0x00000000e2200000, 0x00000000e2300000|  0%| F|  |TAMS 0x00000000e2200000| PB 0x00000000e2200000| Untracked 
|  35|0x00000000e2300000, 0x00000000e2300000, 0x00000000e2400000|  0%| F|  |TAMS 0x00000000e2300000| PB 0x00000000e2300000| Untracked 
|  36|0x00000000e2400000, 0x00000000e2400000, 0x00000000e2500000|  0%| F|  |TAMS 0x00000000e2400000| PB 0x00000000e2400000| Untracked 
|  37|0x00000000e2500000, 0x00000000e2500000, 0x00000000e2600000|  0%| F|  |TAMS 0x00000000e2500000| PB 0x00000000e2500000| Untracked 
|  38|0x00000000e2600000, 0x00000000e2600000, 0x00000000e2700000|  0%| F|  |TAMS 0x00000000e2600000| PB 0x00000000e2600000| Untracked 
|  39|0x00000000e2700000, 0x00000000e2700000, 0x00000000e2800000|  0%| F|  |TAMS 0x00000000e2700000| PB 0x00000000e2700000| Untracked 
|  40|0x00000000e2800000, 0x00000000e2800000, 0x00000000e2900000|  0%| F|  |TAMS 0x00000000e2800000| PB 0x00000000e2800000| Untracked 
|  41|0x00000000e2900000, 0x00000000e2900000, 0x00000000e2a00000|  0%| F|  |TAMS 0x00000000e2900000| PB 0x00000000e2900000| Untracked 
|  42|0x00000000e2a00000, 0x00000000e2a00000, 0x00000000e2b00000|  0%| F|  |TAMS 0x00000000e2a00000| PB 0x00000000e2a00000| Untracked 
|  43|0x00000000e2b00000, 0x00000000e2b00000, 0x00000000e2c00000|  0%| F|  |TAMS 0x00000000e2b00000| PB 0x00000000e2b00000| Untracked 
|  44|0x00000000e2c00000, 0x00000000e2c00000, 0x00000000e2d00000|  0%| F|  |TAMS 0x00000000e2c00000| PB 0x00000000e2c00000| Untracked 
|  45|0x00000000e2d00000, 0x00000000e2d00000, 0x00000000e2e00000|  0%| F|  |TAMS 0x00000000e2d00000| PB 0x00000000e2d00000| Untracked 
|  46|0x00000000e2e00000, 0x00000000e2e00000, 0x00000000e2f00000|  0%| F|  |TAMS 0x00000000e2e00000| PB 0x00000000e2e00000| Untracked 
|  47|0x00000000e2f00000, 0x00000000e2f00000, 0x00000000e3000000|  0%| F|  |TAMS 0x00000000e2f00000| PB 0x00000000e2f00000| Untracked 
|  48|0x00000000e3000000, 0x00000000e3000000, 0x00000000e3100000|  0%| F|  |TAMS 0x00000000e3000000| PB 0x00000000e3000000| Untracked 
|  49|0x00000000e3100000, 0x00000000e3100000, 0x00000000e3200000|  0%| F|  |TAMS 0x00000000e3100000| PB 0x00000000e3100000| Untracked 
|  50|0x00000000e3200000, 0x00000000e3200000, 0x00000000e3300000|  0%| F|  |TAMS 0x00000000e3200000| PB 0x00000000e3200000| Untracked 
|  51|0x00000000e3300000, 0x00000000e3300000, 0x00000000e3400000|  0%| F|  |TAMS 0x00000000e3300000| PB 0x00000000e3300000| Untracked 
|  52|0x00000000e3400000, 0x00000000e3400000, 0x00000000e3500000|  0%| F|  |TAMS 0x00000000e3400000| PB 0x00000000e3400000| Untracked 
|  53|0x00000000e3500000, 0x00000000e3500000, 0x00000000e3600000|  0%| F|  |TAMS 0x00000000e3500000| PB 0x00000000e3500000| Untracked 
|  54|0x00000000e3600000, 0x00000000e3600000, 0x00000000e3700000|  0%| F|  |TAMS 0x00000000e3600000| PB 0x00000000e3600000| Untracked 
|  55|0x00000000e3700000, 0x00000000e3700000, 0x00000000e3800000|  0%| F|  |TAMS 0x00000000e3700000| PB 0x00000000e3700000| Untracked 
|  56|0x00000000e3800000, 0x00000000e3800000, 0x00000000e3900000|  0%| F|  |TAMS 0x00000000e3800000| PB 0x00000000e3800000| Untracked 
|  57|0x00000000e3900000, 0x00000000e3900000, 0x00000000e3a00000|  0%| F|  |TAMS 0x00000000e3900000| PB 0x00000000e3900000| Untracked 
|  58|0x00000000e3a00000, 0x00000000e3a00000, 0x00000000e3b00000|  0%| F|  |TAMS 0x00000000e3a00000| PB 0x00000000e3a00000| Untracked 
|  59|0x00000000e3b00000, 0x00000000e3b00000, 0x00000000e3c00000|  0%| F|  |TAMS 0x00000000e3b00000| PB 0x00000000e3b00000| Untracked 
|  60|0x00000000e3c00000, 0x00000000e3c00000, 0x00000000e3d00000|  0%| F|  |TAMS 0x00000000e3c00000| PB 0x00000000e3c00000| Untracked 
|  61|0x00000000e3d00000, 0x00000000e3d00000, 0x00000000e3e00000|  0%| F|  |TAMS 0x00000000e3d00000| PB 0x00000000e3d00000| Untracked 
|  62|0x00000000e3e00000, 0x00000000e3e00000, 0x00000000e3f00000|  0%| F|  |TAMS 0x00000000e3e00000| PB 0x00000000e3e00000| Untracked 
|  63|0x00000000e3f00000, 0x00000000e3f00000, 0x00000000e4000000|  0%| F|  |TAMS 0x00000000e3f00000| PB 0x00000000e3f00000| Untracked 
|  64|0x00000000e4000000, 0x00000000e4000000, 0x00000000e4100000|  0%| F|  |TAMS 0x00000000e4000000| PB 0x00000000e4000000| Untracked 
|  65|0x00000000e4100000, 0x00000000e4100000, 0x00000000e4200000|  0%| F|  |TAMS 0x00000000e4100000| PB 0x00000000e4100000| Untracked 
|  66|0x00000000e4200000, 0x00000000e4200000, 0x00000000e4300000|  0%| F|  |TAMS 0x00000000e4200000| PB 0x00000000e4200000| Untracked 
|  67|0x00000000e4300000, 0x00000000e4300000, 0x00000000e4400000|  0%| F|  |TAMS 0x00000000e4300000| PB 0x00000000e4300000| Untracked 
|  68|0x00000000e4400000, 0x00000000e4400000, 0x00000000e4500000|  0%| F|  |TAMS 0x00000000e4400000| PB 0x00000000e4400000| Untracked 
|  69|0x00000000e4500000, 0x00000000e4500000, 0x00000000e4600000|  0%| F|  |TAMS 0x00000000e4500000| PB 0x00000000e4500000| Untracked 
|  70|0x00000000e4600000, 0x00000000e4600000, 0x00000000e4700000|  0%| F|  |TAMS 0x00000000e4600000| PB 0x00000000e4600000| Untracked 
|  71|0x00000000e4700000, 0x00000000e4700000, 0x00000000e4800000|  0%| F|  |TAMS 0x00000000e4700000| PB 0x00000000e4700000| Untracked 
|  72|0x00000000e4800000, 0x00000000e4800000, 0x00000000e4900000|  0%| F|  |TAMS 0x00000000e4800000| PB 0x00000000e4800000| Untracked 
|  73|0x00000000e4900000, 0x00000000e4900000, 0x00000000e4a00000|  0%| F|  |TAMS 0x00000000e4900000| PB 0x00000000e4900000| Untracked 
|  74|0x00000000e4a00000, 0x00000000e4a00000, 0x00000000e4b00000|  0%| F|  |TAMS 0x00000000e4a00000| PB 0x00000000e4a00000| Untracked 
|  75|0x00000000e4b00000, 0x00000000e4b00000, 0x00000000e4c00000|  0%| F|  |TAMS 0x00000000e4b00000| PB 0x00000000e4b00000| Untracked 
|  76|0x00000000e4c00000, 0x00000000e4c00000, 0x00000000e4d00000|  0%| F|  |TAMS 0x00000000e4c00000| PB 0x00000000e4c00000| Untracked 
|  77|0x00000000e4d00000, 0x00000000e4d00000, 0x00000000e4e00000|  0%| F|  |TAMS 0x00000000e4d00000| PB 0x00000000e4d00000| Untracked 
|  78|0x00000000e4e00000, 0x00000000e4e00000, 0x00000000e4f00000|  0%| F|  |TAMS 0x00000000e4e00000| PB 0x00000000e4e00000| Untracked 
|  79|0x00000000e4f00000, 0x00000000e4f00000, 0x00000000e5000000|  0%| F|  |TAMS 0x00000000e4f00000| PB 0x00000000e4f00000| Untracked 
|  80|0x00000000e5000000, 0x00000000e5000000, 0x00000000e5100000|  0%| F|  |TAMS 0x00000000e5000000| PB 0x00000000e5000000| Untracked 
|  81|0x00000000e5100000, 0x00000000e5100000, 0x00000000e5200000|  0%| F|  |TAMS 0x00000000e5100000| PB 0x00000000e5100000| Untracked 
|  82|0x00000000e5200000, 0x00000000e5200000, 0x00000000e5300000|  0%| F|  |TAMS 0x00000000e5200000| PB 0x00000000e5200000| Untracked 
|  83|0x00000000e5300000, 0x00000000e5300000, 0x00000000e5400000|  0%| F|  |TAMS 0x00000000e5300000| PB 0x00000000e5300000| Untracked 
|  84|0x00000000e5400000, 0x00000000e5400000, 0x00000000e5500000|  0%| F|  |TAMS 0x00000000e5400000| PB 0x00000000e5400000| Untracked 
|  85|0x00000000e5500000, 0x00000000e5500000, 0x00000000e5600000|  0%| F|  |TAMS 0x00000000e5500000| PB 0x00000000e5500000| Untracked 
|  86|0x00000000e5600000, 0x00000000e5600000, 0x00000000e5700000|  0%| F|  |TAMS 0x00000000e5600000| PB 0x00000000e5600000| Untracked 
|  87|0x00000000e5700000, 0x00000000e5700000, 0x00000000e5800000|  0%| F|  |TAMS 0x00000000e5700000| PB 0x00000000e5700000| Untracked 
|  88|0x00000000e5800000, 0x00000000e5800000, 0x00000000e5900000|  0%| F|  |TAMS 0x00000000e5800000| PB 0x00000000e5800000| Untracked 
|  89|0x00000000e5900000, 0x00000000e5900000, 0x00000000e5a00000|  0%| F|  |TAMS 0x00000000e5900000| PB 0x00000000e5900000| Untracked 
|  90|0x00000000e5a00000, 0x00000000e5a00000, 0x00000000e5b00000|  0%| F|  |TAMS 0x00000000e5a00000| PB 0x00000000e5a00000| Untracked 
|  91|0x00000000e5b00000, 0x00000000e5b00000, 0x00000000e5c00000|  0%| F|  |TAMS 0x00000000e5b00000| PB 0x00000000e5b00000| Untracked 
|  92|0x00000000e5c00000, 0x00000000e5c00000, 0x00000000e5d00000|  0%| F|  |TAMS 0x00000000e5c00000| PB 0x00000000e5c00000| Untracked 
|  93|0x00000000e5d00000, 0x00000000e5d00000, 0x00000000e5e00000|  0%| F|  |TAMS 0x00000000e5d00000| PB 0x00000000e5d00000| Untracked 
|  94|0x00000000e5e00000, 0x00000000e5e00000, 0x00000000e5f00000|  0%| F|  |TAMS 0x00000000e5e00000| PB 0x00000000e5e00000| Untracked 
|  95|0x00000000e5f00000, 0x00000000e5f00000, 0x00000000e6000000|  0%| F|  |TAMS 0x00000000e5f00000| PB 0x00000000e5f00000| Untracked 
|  96|0x00000000e6000000, 0x00000000e6000000, 0x00000000e6100000|  0%| F|  |TAMS 0x00000000e6000000| PB 0x00000000e6000000| Untracked 
|  97|0x00000000e6100000, 0x00000000e6100000, 0x00000000e6200000|  0%| F|  |TAMS 0x00000000e6100000| PB 0x00000000e6100000| Untracked 
|  98|0x00000000e6200000, 0x00000000e6200000, 0x00000000e6300000|  0%| F|  |TAMS 0x00000000e6200000| PB 0x00000000e6200000| Untracked 
|  99|0x00000000e6300000, 0x00000000e6300000, 0x00000000e6400000|  0%| F|  |TAMS 0x00000000e6300000| PB 0x00000000e6300000| Untracked 
| 100|0x00000000e6400000, 0x00000000e6400000, 0x00000000e6500000|  0%| F|  |TAMS 0x00000000e6400000| PB 0x00000000e6400000| Untracked 
| 101|0x00000000e6500000, 0x00000000e6500000, 0x00000000e6600000|  0%| F|  |TAMS 0x00000000e6500000| PB 0x00000000e6500000| Untracked 
| 102|0x00000000e6600000, 0x00000000e6600000, 0x00000000e6700000|  0%| F|  |TAMS 0x00000000e6600000| PB 0x00000000e6600000| Untracked 
| 103|0x00000000e6700000, 0x00000000e6700000, 0x00000000e6800000|  0%| F|  |TAMS 0x00000000e6700000| PB 0x00000000e6700000| Untracked 
| 104|0x00000000e6800000, 0x00000000e6800000, 0x00000000e6900000|  0%| F|  |TAMS 0x00000000e6800000| PB 0x00000000e6800000| Untracked 
| 105|0x00000000e6900000, 0x00000000e6900000, 0x00000000e6a00000|  0%| F|  |TAMS 0x00000000e6900000| PB 0x00000000e6900000| Untracked 
| 106|0x00000000e6a00000, 0x00000000e6a00000, 0x00000000e6b00000|  0%| F|  |TAMS 0x00000000e6a00000| PB 0x00000000e6a00000| Untracked 
| 107|0x00000000e6b00000, 0x00000000e6b00000, 0x00000000e6c00000|  0%| F|  |TAMS 0x00000000e6b00000| PB 0x00000000e6b00000| Untracked 
| 108|0x00000000e6c00000, 0x00000000e6c00000, 0x00000000e6d00000|  0%| F|  |TAMS 0x00000000e6c00000| PB 0x00000000e6c00000| Untracked 
| 109|0x00000000e6d00000, 0x00000000e6d00000, 0x00000000e6e00000|  0%| F|  |TAMS 0x00000000e6d00000| PB 0x00000000e6d00000| Untracked 
| 110|0x00000000e6e00000, 0x00000000e6e00000, 0x00000000e6f00000|  0%| F|  |TAMS 0x00000000e6e00000| PB 0x00000000e6e00000| Untracked 
| 111|0x00000000e6f00000, 0x00000000e6f00000, 0x00000000e7000000|  0%| F|  |TAMS 0x00000000e6f00000| PB 0x00000000e6f00000| Untracked 
| 112|0x00000000e7000000, 0x00000000e7000000, 0x00000000e7100000|  0%| F|  |TAMS 0x00000000e7000000| PB 0x00000000e7000000| Untracked 
| 113|0x00000000e7100000, 0x00000000e7100000, 0x00000000e7200000|  0%| F|  |TAMS 0x00000000e7100000| PB 0x00000000e7100000| Untracked 
| 114|0x00000000e7200000, 0x00000000e7200000, 0x00000000e7300000|  0%| F|  |TAMS 0x00000000e7200000| PB 0x00000000e7200000| Untracked 
| 115|0x00000000e7300000, 0x00000000e7300000, 0x00000000e7400000|  0%| F|  |TAMS 0x00000000e7300000| PB 0x00000000e7300000| Untracked 
| 116|0x00000000e7400000, 0x00000000e7400000, 0x00000000e7500000|  0%| F|  |TAMS 0x00000000e7400000| PB 0x00000000e7400000| Untracked 
| 117|0x00000000e7500000, 0x00000000e7500000, 0x00000000e7600000|  0%| F|  |TAMS 0x00000000e7500000| PB 0x00000000e7500000| Untracked 
| 118|0x00000000e7600000, 0x00000000e7600000, 0x00000000e7700000|  0%| F|  |TAMS 0x00000000e7600000| PB 0x00000000e7600000| Untracked 
| 119|0x00000000e7700000, 0x00000000e7700000, 0x00000000e7800000|  0%| F|  |TAMS 0x00000000e7700000| PB 0x00000000e7700000| Untracked 
| 120|0x00000000e7800000, 0x00000000e7800000, 0x00000000e7900000|  0%| F|  |TAMS 0x00000000e7800000| PB 0x00000000e7800000| Untracked 
| 121|0x00000000e7900000, 0x00000000e7900000, 0x00000000e7a00000|  0%| F|  |TAMS 0x00000000e7900000| PB 0x00000000e7900000| Untracked 
| 122|0x00000000e7a00000, 0x00000000e7a00000, 0x00000000e7b00000|  0%| F|  |TAMS 0x00000000e7a00000| PB 0x00000000e7a00000| Untracked 
| 123|0x00000000e7b00000, 0x00000000e7b00000, 0x00000000e7c00000|  0%| F|  |TAMS 0x00000000e7b00000| PB 0x00000000e7b00000| Untracked 
| 124|0x00000000e7c00000, 0x00000000e7c00000, 0x00000000e7d00000|  0%| F|  |TAMS 0x00000000e7c00000| PB 0x00000000e7c00000| Untracked 
| 125|0x00000000e7d00000, 0x00000000e7d00000, 0x00000000e7e00000|  0%| F|  |TAMS 0x00000000e7d00000| PB 0x00000000e7d00000| Untracked 
| 126|0x00000000e7e00000, 0x00000000e7e00000, 0x00000000e7f00000|  0%| F|  |TAMS 0x00000000e7e00000| PB 0x00000000e7e00000| Untracked 
| 127|0x00000000e7f00000, 0x00000000e7f00000, 0x00000000e8000000|  0%| F|  |TAMS 0x00000000e7f00000| PB 0x00000000e7f00000| Untracked 
| 128|0x00000000e8000000, 0x00000000e8000000, 0x00000000e8100000|  0%| F|  |TAMS 0x00000000e8000000| PB 0x00000000e8000000| Untracked 
| 129|0x00000000e8100000, 0x00000000e8100000, 0x00000000e8200000|  0%| F|  |TAMS 0x00000000e8100000| PB 0x00000000e8100000| Untracked 
| 130|0x00000000e8200000, 0x00000000e8200000, 0x00000000e8300000|  0%| F|  |TAMS 0x00000000e8200000| PB 0x00000000e8200000| Untracked 
| 131|0x00000000e8300000, 0x00000000e8300000, 0x00000000e8400000|  0%| F|  |TAMS 0x00000000e8300000| PB 0x00000000e8300000| Untracked 
| 132|0x00000000e8400000, 0x00000000e8400000, 0x00000000e8500000|  0%| F|  |TAMS 0x00000000e8400000| PB 0x00000000e8400000| Untracked 
| 133|0x00000000e8500000, 0x00000000e8500000, 0x00000000e8600000|  0%| F|  |TAMS 0x00000000e8500000| PB 0x00000000e8500000| Untracked 
| 134|0x00000000e8600000, 0x00000000e8600000, 0x00000000e8700000|  0%| F|  |TAMS 0x00000000e8600000| PB 0x00000000e8600000| Untracked 
| 135|0x00000000e8700000, 0x00000000e8700000, 0x00000000e8800000|  0%| F|  |TAMS 0x00000000e8700000| PB 0x00000000e8700000| Untracked 
| 136|0x00000000e8800000, 0x00000000e8800000, 0x00000000e8900000|  0%| F|  |TAMS 0x00000000e8800000| PB 0x00000000e8800000| Untracked 
| 137|0x00000000e8900000, 0x00000000e89c6450, 0x00000000e8a00000| 77%| S|CS|TAMS 0x00000000e8900000| PB 0x00000000e8900000| Complete 
| 138|0x00000000e8a00000, 0x00000000e8b00000, 0x00000000e8b00000|100%| S|CS|TAMS 0x00000000e8a00000| PB 0x00000000e8a00000| Complete 
| 139|0x00000000e8b00000, 0x00000000e8c00000, 0x00000000e8c00000|100%| S|CS|TAMS 0x00000000e8b00000| PB 0x00000000e8b00000| Complete 
| 140|0x00000000e8c00000, 0x00000000e8d00000, 0x00000000e8d00000|100%| S|CS|TAMS 0x00000000e8c00000| PB 0x00000000e8c00000| Complete 
| 141|0x00000000e8d00000, 0x00000000e8e00000, 0x00000000e8e00000|100%| S|CS|TAMS 0x00000000e8d00000| PB 0x00000000e8d00000| Complete 
| 142|0x00000000e8e00000, 0x00000000e8f00000, 0x00000000e8f00000|100%| S|CS|TAMS 0x00000000e8e00000| PB 0x00000000e8e00000| Complete 
| 143|0x00000000e8f00000, 0x00000000e9000000, 0x00000000e9000000|100%| S|CS|TAMS 0x00000000e8f00000| PB 0x00000000e8f00000| Complete 
| 144|0x00000000e9000000, 0x00000000e9100000, 0x00000000e9100000|100%| S|CS|TAMS 0x00000000e9000000| PB 0x00000000e9000000| Complete 
| 145|0x00000000e9100000, 0x00000000e9200000, 0x00000000e9200000|100%| S|CS|TAMS 0x00000000e9100000| PB 0x00000000e9100000| Complete 
| 146|0x00000000e9200000, 0x00000000e9300000, 0x00000000e9300000|100%| S|CS|TAMS 0x00000000e9200000| PB 0x00000000e9200000| Complete 
| 147|0x00000000e9300000, 0x00000000e9300000, 0x00000000e9400000|  0%| F|  |TAMS 0x00000000e9300000| PB 0x00000000e9300000| Untracked 
| 148|0x00000000e9400000, 0x00000000e9400000, 0x00000000e9500000|  0%| F|  |TAMS 0x00000000e9400000| PB 0x00000000e9400000| Untracked 
| 149|0x00000000e9500000, 0x00000000e9500000, 0x00000000e9600000|  0%| F|  |TAMS 0x00000000e9500000| PB 0x00000000e9500000| Untracked 
| 150|0x00000000e9600000, 0x00000000e9600000, 0x00000000e9700000|  0%| F|  |TAMS 0x00000000e9600000| PB 0x00000000e9600000| Untracked 
| 151|0x00000000e9700000, 0x00000000e9700000, 0x00000000e9800000|  0%| F|  |TAMS 0x00000000e9700000| PB 0x00000000e9700000| Untracked 
| 152|0x00000000e9800000, 0x00000000e9800000, 0x00000000e9900000|  0%| F|  |TAMS 0x00000000e9800000| PB 0x00000000e9800000| Untracked 
| 153|0x00000000e9900000, 0x00000000e9900000, 0x00000000e9a00000|  0%| F|  |TAMS 0x00000000e9900000| PB 0x00000000e9900000| Untracked 
| 154|0x00000000e9a00000, 0x00000000e9a00000, 0x00000000e9b00000|  0%| F|  |TAMS 0x00000000e9a00000| PB 0x00000000e9a00000| Untracked 
| 155|0x00000000e9b00000, 0x00000000e9b00000, 0x00000000e9c00000|  0%| F|  |TAMS 0x00000000e9b00000| PB 0x00000000e9b00000| Untracked 
| 156|0x00000000e9c00000, 0x00000000e9c00000, 0x00000000e9d00000|  0%| F|  |TAMS 0x00000000e9c00000| PB 0x00000000e9c00000| Untracked 
| 157|0x00000000e9d00000, 0x00000000e9d00000, 0x00000000e9e00000|  0%| F|  |TAMS 0x00000000e9d00000| PB 0x00000000e9d00000| Untracked 
| 158|0x00000000e9e00000, 0x00000000e9e00000, 0x00000000e9f00000|  0%| F|  |TAMS 0x00000000e9e00000| PB 0x00000000e9e00000| Untracked 
| 159|0x00000000e9f00000, 0x00000000e9f00000, 0x00000000ea000000|  0%| F|  |TAMS 0x00000000e9f00000| PB 0x00000000e9f00000| Untracked 
| 160|0x00000000ea000000, 0x00000000ea000000, 0x00000000ea100000|  0%| F|  |TAMS 0x00000000ea000000| PB 0x00000000ea000000| Untracked 
| 161|0x00000000ea100000, 0x00000000ea100000, 0x00000000ea200000|  0%| F|  |TAMS 0x00000000ea100000| PB 0x00000000ea100000| Untracked 
| 162|0x00000000ea200000, 0x00000000ea200000, 0x00000000ea300000|  0%| F|  |TAMS 0x00000000ea200000| PB 0x00000000ea200000| Untracked 
| 163|0x00000000ea300000, 0x00000000ea300000, 0x00000000ea400000|  0%| F|  |TAMS 0x00000000ea300000| PB 0x00000000ea300000| Untracked 
| 164|0x00000000ea400000, 0x00000000ea400000, 0x00000000ea500000|  0%| F|  |TAMS 0x00000000ea400000| PB 0x00000000ea400000| Untracked 
| 165|0x00000000ea500000, 0x00000000ea500000, 0x00000000ea600000|  0%| F|  |TAMS 0x00000000ea500000| PB 0x00000000ea500000| Untracked 
| 166|0x00000000ea600000, 0x00000000ea600000, 0x00000000ea700000|  0%| F|  |TAMS 0x00000000ea600000| PB 0x00000000ea600000| Untracked 
| 167|0x00000000ea700000, 0x00000000ea700000, 0x00000000ea800000|  0%| F|  |TAMS 0x00000000ea700000| PB 0x00000000ea700000| Untracked 
| 168|0x00000000ea800000, 0x00000000ea800000, 0x00000000ea900000|  0%| F|  |TAMS 0x00000000ea800000| PB 0x00000000ea800000| Untracked 
| 169|0x00000000ea900000, 0x00000000ea900000, 0x00000000eaa00000|  0%| F|  |TAMS 0x00000000ea900000| PB 0x00000000ea900000| Untracked 
| 170|0x00000000eaa00000, 0x00000000eaa00000, 0x00000000eab00000|  0%| F|  |TAMS 0x00000000eaa00000| PB 0x00000000eaa00000| Untracked 
| 171|0x00000000eab00000, 0x00000000eab00000, 0x00000000eac00000|  0%| F|  |TAMS 0x00000000eab00000| PB 0x00000000eab00000| Untracked 
| 172|0x00000000eac00000, 0x00000000eac00000, 0x00000000ead00000|  0%| F|  |TAMS 0x00000000eac00000| PB 0x00000000eac00000| Untracked 
| 173|0x00000000ead00000, 0x00000000ead00000, 0x00000000eae00000|  0%| F|  |TAMS 0x00000000ead00000| PB 0x00000000ead00000| Untracked 
| 174|0x00000000eae00000, 0x00000000eae00000, 0x00000000eaf00000|  0%| F|  |TAMS 0x00000000eae00000| PB 0x00000000eae00000| Untracked 
| 175|0x00000000eaf00000, 0x00000000eaf00000, 0x00000000eb000000|  0%| F|  |TAMS 0x00000000eaf00000| PB 0x00000000eaf00000| Untracked 
| 176|0x00000000eb000000, 0x00000000eb0aa280, 0x00000000eb100000| 66%| E|  |TAMS 0x00000000eb000000| PB 0x00000000eb000000| Complete 
| 177|0x00000000eb100000, 0x00000000eb200000, 0x00000000eb200000|100%| E|CS|TAMS 0x00000000eb100000| PB 0x00000000eb100000| Complete 
| 178|0x00000000eb200000, 0x00000000eb300000, 0x00000000eb300000|100%| E|CS|TAMS 0x00000000eb200000| PB 0x00000000eb200000| Complete 
| 179|0x00000000eb300000, 0x00000000eb400000, 0x00000000eb400000|100%| E|CS|TAMS 0x00000000eb300000| PB 0x00000000eb300000| Complete 
| 180|0x00000000eb400000, 0x00000000eb500000, 0x00000000eb500000|100%| E|CS|TAMS 0x00000000eb400000| PB 0x00000000eb400000| Complete 
| 181|0x00000000eb500000, 0x00000000eb600000, 0x00000000eb600000|100%| E|CS|TAMS 0x00000000eb500000| PB 0x00000000eb500000| Complete 
| 182|0x00000000eb600000, 0x00000000eb700000, 0x00000000eb700000|100%| E|CS|TAMS 0x00000000eb600000| PB 0x00000000eb600000| Complete 
| 183|0x00000000eb700000, 0x00000000eb800000, 0x00000000eb800000|100%| E|CS|TAMS 0x00000000eb700000| PB 0x00000000eb700000| Complete 
| 184|0x00000000eb800000, 0x00000000eb900000, 0x00000000eb900000|100%| E|CS|TAMS 0x00000000eb800000| PB 0x00000000eb800000| Complete 
| 185|0x00000000eb900000, 0x00000000eba00000, 0x00000000eba00000|100%| E|CS|TAMS 0x00000000eb900000| PB 0x00000000eb900000| Complete 
| 186|0x00000000eba00000, 0x00000000ebb00000, 0x00000000ebb00000|100%| E|CS|TAMS 0x00000000eba00000| PB 0x00000000eba00000| Complete 
| 187|0x00000000ebb00000, 0x00000000ebc00000, 0x00000000ebc00000|100%| E|CS|TAMS 0x00000000ebb00000| PB 0x00000000ebb00000| Complete 
| 188|0x00000000ebc00000, 0x00000000ebd00000, 0x00000000ebd00000|100%| E|CS|TAMS 0x00000000ebc00000| PB 0x00000000ebc00000| Complete 
| 189|0x00000000ebd00000, 0x00000000ebe00000, 0x00000000ebe00000|100%| E|CS|TAMS 0x00000000ebd00000| PB 0x00000000ebd00000| Complete 
| 190|0x00000000ebe00000, 0x00000000ebf00000, 0x00000000ebf00000|100%| E|CS|TAMS 0x00000000ebe00000| PB 0x00000000ebe00000| Complete 
| 191|0x00000000ebf00000, 0x00000000ec000000, 0x00000000ec000000|100%| E|CS|TAMS 0x00000000ebf00000| PB 0x00000000ebf00000| Complete 
| 192|0x00000000ec000000, 0x00000000ec100000, 0x00000000ec100000|100%| E|CS|TAMS 0x00000000ec000000| PB 0x00000000ec000000| Complete 
| 193|0x00000000ec100000, 0x00000000ec200000, 0x00000000ec200000|100%| E|CS|TAMS 0x00000000ec100000| PB 0x00000000ec100000| Complete 
| 194|0x00000000ec200000, 0x00000000ec300000, 0x00000000ec300000|100%| E|CS|TAMS 0x00000000ec200000| PB 0x00000000ec200000| Complete 
| 195|0x00000000ec300000, 0x00000000ec400000, 0x00000000ec400000|100%| E|CS|TAMS 0x00000000ec300000| PB 0x00000000ec300000| Complete 
| 196|0x00000000ec400000, 0x00000000ec500000, 0x00000000ec500000|100%| E|CS|TAMS 0x00000000ec400000| PB 0x00000000ec400000| Complete 
| 197|0x00000000ec500000, 0x00000000ec600000, 0x00000000ec600000|100%| E|CS|TAMS 0x00000000ec500000| PB 0x00000000ec500000| Complete 
| 198|0x00000000ec600000, 0x00000000ec700000, 0x00000000ec700000|100%| E|CS|TAMS 0x00000000ec600000| PB 0x00000000ec600000| Complete 
| 199|0x00000000ec700000, 0x00000000ec800000, 0x00000000ec800000|100%| E|CS|TAMS 0x00000000ec700000| PB 0x00000000ec700000| Complete 
| 200|0x00000000ec800000, 0x00000000ec900000, 0x00000000ec900000|100%| E|CS|TAMS 0x00000000ec800000| PB 0x00000000ec800000| Complete 
| 201|0x00000000ec900000, 0x00000000eca00000, 0x00000000eca00000|100%| E|CS|TAMS 0x00000000ec900000| PB 0x00000000ec900000| Complete 
| 202|0x00000000eca00000, 0x00000000ecb00000, 0x00000000ecb00000|100%| E|CS|TAMS 0x00000000eca00000| PB 0x00000000eca00000| Complete 
| 203|0x00000000ecb00000, 0x00000000ecc00000, 0x00000000ecc00000|100%| E|CS|TAMS 0x00000000ecb00000| PB 0x00000000ecb00000| Complete 
| 204|0x00000000ecc00000, 0x00000000ecd00000, 0x00000000ecd00000|100%| E|CS|TAMS 0x00000000ecc00000| PB 0x00000000ecc00000| Complete 
| 205|0x00000000ecd00000, 0x00000000ece00000, 0x00000000ece00000|100%| E|CS|TAMS 0x00000000ecd00000| PB 0x00000000ecd00000| Complete 
| 206|0x00000000ece00000, 0x00000000ecf00000, 0x00000000ecf00000|100%| E|CS|TAMS 0x00000000ece00000| PB 0x00000000ece00000| Complete 
| 207|0x00000000ecf00000, 0x00000000ed000000, 0x00000000ed000000|100%| E|CS|TAMS 0x00000000ecf00000| PB 0x00000000ecf00000| Complete 
| 208|0x00000000ed000000, 0x00000000ed100000, 0x00000000ed100000|100%| E|CS|TAMS 0x00000000ed000000| PB 0x00000000ed000000| Complete 
| 209|0x00000000ed100000, 0x00000000ed200000, 0x00000000ed200000|100%| E|CS|TAMS 0x00000000ed100000| PB 0x00000000ed100000| Complete 
| 210|0x00000000ed200000, 0x00000000ed300000, 0x00000000ed300000|100%| E|CS|TAMS 0x00000000ed200000| PB 0x00000000ed200000| Complete 
| 211|0x00000000ed300000, 0x00000000ed400000, 0x00000000ed400000|100%| E|CS|TAMS 0x00000000ed300000| PB 0x00000000ed300000| Complete 
| 212|0x00000000ed400000, 0x00000000ed500000, 0x00000000ed500000|100%| E|CS|TAMS 0x00000000ed400000| PB 0x00000000ed400000| Complete 
| 213|0x00000000ed500000, 0x00000000ed600000, 0x00000000ed600000|100%| E|CS|TAMS 0x00000000ed500000| PB 0x00000000ed500000| Complete 
| 214|0x00000000ed600000, 0x00000000ed700000, 0x00000000ed700000|100%| E|CS|TAMS 0x00000000ed600000| PB 0x00000000ed600000| Complete 
| 215|0x00000000ed700000, 0x00000000ed800000, 0x00000000ed800000|100%| E|CS|TAMS 0x00000000ed700000| PB 0x00000000ed700000| Complete 
| 216|0x00000000ed800000, 0x00000000ed900000, 0x00000000ed900000|100%| E|CS|TAMS 0x00000000ed800000| PB 0x00000000ed800000| Complete 
| 217|0x00000000ed900000, 0x00000000eda00000, 0x00000000eda00000|100%| E|CS|TAMS 0x00000000ed900000| PB 0x00000000ed900000| Complete 
| 218|0x00000000eda00000, 0x00000000edb00000, 0x00000000edb00000|100%| E|CS|TAMS 0x00000000eda00000| PB 0x00000000eda00000| Complete 
| 219|0x00000000edb00000, 0x00000000edc00000, 0x00000000edc00000|100%| E|CS|TAMS 0x00000000edb00000| PB 0x00000000edb00000| Complete 
| 220|0x00000000edc00000, 0x00000000edd00000, 0x00000000edd00000|100%| E|CS|TAMS 0x00000000edc00000| PB 0x00000000edc00000| Complete 
| 221|0x00000000edd00000, 0x00000000ede00000, 0x00000000ede00000|100%| E|CS|TAMS 0x00000000edd00000| PB 0x00000000edd00000| Complete 
| 222|0x00000000ede00000, 0x00000000edf00000, 0x00000000edf00000|100%| E|CS|TAMS 0x00000000ede00000| PB 0x00000000ede00000| Complete 
| 223|0x00000000edf00000, 0x00000000ee000000, 0x00000000ee000000|100%| E|CS|TAMS 0x00000000edf00000| PB 0x00000000edf00000| Complete 
| 224|0x00000000ee000000, 0x00000000ee100000, 0x00000000ee100000|100%| E|CS|TAMS 0x00000000ee000000| PB 0x00000000ee000000| Complete 
| 225|0x00000000ee100000, 0x00000000ee200000, 0x00000000ee200000|100%| E|CS|TAMS 0x00000000ee100000| PB 0x00000000ee100000| Complete 
| 226|0x00000000ee200000, 0x00000000ee300000, 0x00000000ee300000|100%| E|CS|TAMS 0x00000000ee200000| PB 0x00000000ee200000| Complete 
| 227|0x00000000ee300000, 0x00000000ee400000, 0x00000000ee400000|100%| E|CS|TAMS 0x00000000ee300000| PB 0x00000000ee300000| Complete 
| 228|0x00000000ee400000, 0x00000000ee500000, 0x00000000ee500000|100%| E|CS|TAMS 0x00000000ee400000| PB 0x00000000ee400000| Complete 
| 229|0x00000000ee500000, 0x00000000ee600000, 0x00000000ee600000|100%| E|CS|TAMS 0x00000000ee500000| PB 0x00000000ee500000| Complete 
| 230|0x00000000ee600000, 0x00000000ee700000, 0x00000000ee700000|100%| E|CS|TAMS 0x00000000ee600000| PB 0x00000000ee600000| Complete 
| 231|0x00000000ee700000, 0x00000000ee800000, 0x00000000ee800000|100%| E|CS|TAMS 0x00000000ee700000| PB 0x00000000ee700000| Complete 
| 232|0x00000000ee800000, 0x00000000ee900000, 0x00000000ee900000|100%| E|CS|TAMS 0x00000000ee800000| PB 0x00000000ee800000| Complete 
| 233|0x00000000ee900000, 0x00000000eea00000, 0x00000000eea00000|100%| E|CS|TAMS 0x00000000ee900000| PB 0x00000000ee900000| Complete 
| 234|0x00000000eea00000, 0x00000000eeb00000, 0x00000000eeb00000|100%| E|CS|TAMS 0x00000000eea00000| PB 0x00000000eea00000| Complete 
| 235|0x00000000eeb00000, 0x00000000eec00000, 0x00000000eec00000|100%| E|CS|TAMS 0x00000000eeb00000| PB 0x00000000eeb00000| Complete 
| 236|0x00000000eec00000, 0x00000000eed00000, 0x00000000eed00000|100%| E|CS|TAMS 0x00000000eec00000| PB 0x00000000eec00000| Complete 
| 237|0x00000000eed00000, 0x00000000eee00000, 0x00000000eee00000|100%| E|CS|TAMS 0x00000000eed00000| PB 0x00000000eed00000| Complete 
| 238|0x00000000eee00000, 0x00000000eef00000, 0x00000000eef00000|100%| E|CS|TAMS 0x00000000eee00000| PB 0x00000000eee00000| Complete 
| 239|0x00000000eef00000, 0x00000000ef000000, 0x00000000ef000000|100%| E|CS|TAMS 0x00000000eef00000| PB 0x00000000eef00000| Complete 
| 240|0x00000000ef000000, 0x00000000ef100000, 0x00000000ef100000|100%| E|CS|TAMS 0x00000000ef000000| PB 0x00000000ef000000| Complete 
| 241|0x00000000ef100000, 0x00000000ef200000, 0x00000000ef200000|100%| E|CS|TAMS 0x00000000ef100000| PB 0x00000000ef100000| Complete 
| 242|0x00000000ef200000, 0x00000000ef300000, 0x00000000ef300000|100%| E|CS|TAMS 0x00000000ef200000| PB 0x00000000ef200000| Complete 
| 243|0x00000000ef300000, 0x00000000ef400000, 0x00000000ef400000|100%| E|CS|TAMS 0x00000000ef300000| PB 0x00000000ef300000| Complete 
| 244|0x00000000ef400000, 0x00000000ef500000, 0x00000000ef500000|100%| E|CS|TAMS 0x00000000ef400000| PB 0x00000000ef400000| Complete 
| 245|0x00000000ef500000, 0x00000000ef600000, 0x00000000ef600000|100%| E|CS|TAMS 0x00000000ef500000| PB 0x00000000ef500000| Complete 
| 246|0x00000000ef600000, 0x00000000ef700000, 0x00000000ef700000|100%| E|CS|TAMS 0x00000000ef600000| PB 0x00000000ef600000| Complete 
| 247|0x00000000ef700000, 0x00000000ef800000, 0x00000000ef800000|100%| E|CS|TAMS 0x00000000ef700000| PB 0x00000000ef700000| Complete 
| 248|0x00000000ef800000, 0x00000000ef900000, 0x00000000ef900000|100%| E|CS|TAMS 0x00000000ef800000| PB 0x00000000ef800000| Complete 
| 249|0x00000000ef900000, 0x00000000efa00000, 0x00000000efa00000|100%| E|CS|TAMS 0x00000000ef900000| PB 0x00000000ef900000| Complete 
| 250|0x00000000efa00000, 0x00000000efb00000, 0x00000000efb00000|100%| E|CS|TAMS 0x00000000efa00000| PB 0x00000000efa00000| Complete 
| 251|0x00000000efb00000, 0x00000000efc00000, 0x00000000efc00000|100%| E|CS|TAMS 0x00000000efb00000| PB 0x00000000efb00000| Complete 
| 252|0x00000000efc00000, 0x00000000efd00000, 0x00000000efd00000|100%| E|CS|TAMS 0x00000000efc00000| PB 0x00000000efc00000| Complete 
| 253|0x00000000efd00000, 0x00000000efe00000, 0x00000000efe00000|100%| E|CS|TAMS 0x00000000efd00000| PB 0x00000000efd00000| Complete 
| 254|0x00000000efe00000, 0x00000000eff00000, 0x00000000eff00000|100%| E|CS|TAMS 0x00000000efe00000| PB 0x00000000efe00000| Complete 
| 255|0x00000000eff00000, 0x00000000f0000000, 0x00000000f0000000|100%| E|CS|TAMS 0x00000000eff00000| PB 0x00000000eff00000| Complete 

Card table byte_map: [0x000002a3a0420000,0x000002a3a0520000] _byte_map_base: 0x000002a39fd20000

Marking Bits: (CMBitMap*) 0x000002a388d56330
 Bits: [0x000002a3a0520000, 0x000002a3a0d20000)

Polling page: 0x000002a386b60000

Metaspace:

Usage:
  Non-class:     36.90 MB used.
      Class:      6.09 MB used.
       Both:     42.99 MB used.

Virtual space:
  Non-class space:       64.00 MB reserved,      37.69 MB ( 59%) committed,  1 nodes.
      Class space:      320.00 MB reserved,       6.88 MB (  2%) committed,  1 nodes.
             Both:      384.00 MB reserved,      44.56 MB ( 12%) committed. 

Chunk freelists:
   Non-Class:  9.77 MB
       Class:  9.17 MB
        Both:  18.94 MB

MaxMetaspaceSize: 384.00 MB
CompressedClassSpaceSize: 320.00 MB
Initial GC threshold: 21.00 MB
Current GC threshold: 58.88 MB
CDS: on
 - commit_granule_bytes: 65536.
 - commit_granule_words: 8192.
 - virtual_space_node_default_size: 8388608.
 - enlarge_chunks_in_place: 1.
 - use_allocation_guard: 0.


Internal statistics:

num_allocs_failed_limit: 6.
num_arena_births: 2722.
num_arena_deaths: 0.
num_vsnodes_births: 2.
num_vsnodes_deaths: 0.
num_space_committed: 713.
num_space_uncommitted: 0.
num_chunks_returned_to_freelist: 6.
num_chunks_taken_from_freelist: 4831.
num_chunk_merges: 6.
num_chunk_splits: 3097.
num_chunks_enlarged: 1844.
num_inconsistent_stats: 0.

CodeHeap 'non-profiled nmethods': size=120000Kb used=2810Kb max_used=2810Kb free=117189Kb
 bounds [0x000002a398ef0000, 0x000002a3991b0000, 0x000002a3a0420000]
CodeHeap 'profiled nmethods': size=120000Kb used=8975Kb max_used=9119Kb free=111024Kb
 bounds [0x000002a391420000, 0x000002a391d10000, 0x000002a398950000]
CodeHeap 'non-nmethods': size=5760Kb used=2707Kb max_used=2754Kb free=3052Kb
 bounds [0x000002a398950000, 0x000002a398c10000, 0x000002a398ef0000]
 total_blobs=5597 nmethods=4753 adapters=748
 compilation: enabled
              stopped_count=0, restarted_count=0
 full_count=0

Compilation events (20 events):
Event: 105.459 Thread 0x000002a3a3378070 nmethod 5299 0x000002a39152d390 code [0x000002a39152d540, 0x000002a39152d7e8]
Event: 105.459 Thread 0x000002a3a3378070 5300       3       sun.security.provider.ByteArrayAccess::i2bLittle4 (10 bytes)
Event: 105.460 Thread 0x000002a3a3378070 nmethod 5300 0x000002a391431790 code [0x000002a3914319a0, 0x000002a391431f58]
Event: 105.460 Thread 0x000002a3a334df40 nmethod 5301 0x000002a3991ad910 code [0x000002a3991ada80, 0x000002a3991adb08]
Event: 105.460 Thread 0x000002a3a3378070 5304       1       org.gradle.internal.snapshot.AbstractFileSystemLocationSnapshot::getName (5 bytes)
Event: 105.460 Thread 0x000002a3a334df40 5305       4       java.lang.invoke.Invokers$Holder::linkToTargetMethod (10 bytes)
Event: 105.461 Thread 0x000002a3a3378070 nmethod 5304 0x000002a3991adc10 code [0x000002a3991adda0, 0x000002a3991ade68]
Event: 105.461 Thread 0x000002a3a3378070 5306       1       java.util.stream.ForEachOps$ForEachOp::get (2 bytes)
Event: 105.461 Thread 0x000002a3a3378070 nmethod 5306 0x000002a3991adf10 code [0x000002a3991ae0a0, 0x000002a3991ae170]
Event: 105.462 Thread 0x000002a3a334df40 nmethod 5305 0x000002a3991ae210 code [0x000002a3991ae3a0, 0x000002a3991ae4a0]
Event: 105.462 Thread 0x000002a3a334df40 5302       4       sun.security.provider.MD5::HH (23 bytes)
Event: 105.462 Thread 0x000002a3a334df40 nmethod 5302 0x000002a3991ae590 code [0x000002a3991ae700, 0x000002a3991ae780]
Event: 105.462 Thread 0x000002a3a334df40 5303       4       sun.security.provider.MD5::II (25 bytes)
Event: 105.463 Thread 0x000002a3a334df40 nmethod 5303 0x000002a3991ae890 code [0x000002a3991aea00, 0x000002a3991aea88]
Event: 105.464 Thread 0x000002a3a3378070 5307       3       java.lang.ThreadLocal$ThreadLocalMap::getEntryAfterMiss (59 bytes)
Event: 105.464 Thread 0x000002a3a3378070 nmethod 5307 0x000002a391430d10 code [0x000002a391430f20, 0x000002a391431518]
Event: 105.469 Thread 0x000002a3a3378070 5308       3       com.google.common.cache.LocalCache::recordsAccess (5 bytes)
Event: 105.469 Thread 0x000002a3a3378070 nmethod 5308 0x000002a39152cd90 code [0x000002a39152cf40, 0x000002a39152d118]
Event: 105.469 Thread 0x000002a3a3378070 5309       3       sun.security.provider.MD5::implCompress0 (1407 bytes)
Event: 105.471 Thread 0x000002a3a334df40 5310       4       java.lang.String$CaseInsensitiveComparator::compare (13 bytes)

GC Heap History (10 events):
Event: 3.113 GC heap before
{Heap before GC invocations=0 (full 0):
 garbage-first heap   total 262144K, used 12288K [0x00000000e0000000, 0x0000000100000000)
  region size 1024K, 13 young (13312K), 0 survivors (0K)
 Metaspace       used 827K, committed 960K, reserved 393216K
  class space    used 68K, committed 128K, reserved 327680K
}
Event: 3.893 GC heap after
{Heap after GC invocations=1 (full 0):
 garbage-first heap   total 262144K, used 1280K [0x00000000e0000000, 0x0000000100000000)
  region size 1024K, 2 young (2048K), 2 survivors (2048K)
 Metaspace       used 827K, committed 960K, reserved 393216K
  class space    used 68K, committed 128K, reserved 327680K
}
Event: 6.082 GC heap before
{Heap before GC invocations=1 (full 0):
 garbage-first heap   total 262144K, used 22784K [0x00000000e0000000, 0x0000000100000000)
  region size 1024K, 21 young (21504K), 2 survivors (2048K)
 Metaspace       used 1790K, committed 1920K, reserved 393216K
  class space    used 156K, committed 256K, reserved 327680K
}
Event: 6.089 GC heap after
{Heap after GC invocations=2 (full 0):
 garbage-first heap   total 262144K, used 9623K [0x00000000e0000000, 0x0000000100000000)
  region size 1024K, 3 young (3072K), 3 survivors (3072K)
 Metaspace       used 1790K, committed 1920K, reserved 393216K
  class space    used 156K, committed 256K, reserved 327680K
}
Event: 32.108 GC heap before
{Heap before GC invocations=2 (full 0):
 garbage-first heap   total 262144K, used 164247K [0x00000000e0000000, 0x0000000100000000)
  region size 1024K, 153 young (156672K), 3 survivors (3072K)
 Metaspace       used 18573K, committed 19136K, reserved 393216K
  class space    used 2582K, committed 2816K, reserved 327680K
}
Event: 32.134 GC heap after
{Heap after GC invocations=3 (full 0):
 garbage-first heap   total 262144K, used 22169K [0x00000000e0000000, 0x0000000100000000)
  region size 1024K, 15 young (15360K), 15 survivors (15360K)
 Metaspace       used 18573K, committed 19136K, reserved 393216K
  class space    used 2582K, committed 2816K, reserved 327680K
}
Event: 36.282 GC heap before
{Heap before GC invocations=3 (full 0):
 garbage-first heap   total 262144K, used 42649K [0x00000000e0000000, 0x0000000100000000)
  region size 1024K, 36 young (36864K), 15 survivors (15360K)
 Metaspace       used 20895K, committed 21504K, reserved 393216K
  class space    used 2989K, committed 3264K, reserved 327680K
}
Event: 36.305 GC heap after
{Heap after GC invocations=4 (full 0):
 garbage-first heap   total 262144K, used 24436K [0x00000000e0000000, 0x0000000100000000)
  region size 1024K, 2 young (2048K), 2 survivors (2048K)
 Metaspace       used 20895K, committed 21504K, reserved 393216K
  class space    used 2989K, committed 3264K, reserved 327680K
}
Event: 86.318 GC heap before
{Heap before GC invocations=5 (full 0):
 garbage-first heap   total 262144K, used 137076K [0x00000000e0000000, 0x0000000100000000)
  region size 1024K, 109 young (111616K), 2 survivors (2048K)
 Metaspace       used 35067K, committed 36096K, reserved 393216K
  class space    used 4795K, committed 5312K, reserved 327680K
}
Event: 86.333 GC heap after
{Heap after GC invocations=6 (full 0):
 garbage-first heap   total 262144K, used 32522K [0x00000000e0000000, 0x0000000100000000)
  region size 1024K, 10 young (10240K), 10 survivors (10240K)
 Metaspace       used 35067K, committed 36096K, reserved 393216K
  class space    used 4795K, committed 5312K, reserved 327680K
}

Dll operation events (15 events):
Event: 0.235 Loaded shared library C:\Users\Vansh Parmar\.jdks\ms-21.0.7\bin\java.dll
Event: 0.692 Loaded shared library C:\Users\Vansh Parmar\.jdks\ms-21.0.7\bin\jsvml.dll
Event: 0.715 Loaded shared library C:\Users\Vansh Parmar\.jdks\ms-21.0.7\bin\zip.dll
Event: 0.725 Loaded shared library C:\Users\Vansh Parmar\.jdks\ms-21.0.7\bin\instrument.dll
Event: 0.737 Loaded shared library C:\Users\Vansh Parmar\.jdks\ms-21.0.7\bin\net.dll
Event: 0.741 Loaded shared library C:\Users\Vansh Parmar\.jdks\ms-21.0.7\bin\nio.dll
Event: 0.802 Loaded shared library C:\Users\Vansh Parmar\.jdks\ms-21.0.7\bin\zip.dll
Event: 4.746 Loaded shared library C:\Users\Vansh Parmar\.jdks\ms-21.0.7\bin\jimage.dll
Event: 5.773 Loaded shared library C:\Users\Vansh Parmar\.jdks\ms-21.0.7\bin\verify.dll
Event: 6.332 Loaded shared library C:\Users\Vansh Parmar\.gradle\native\1def1411415f61bf3af743bc5b6707747c0891f09f0c88961ee8f79bc544acac\windows-amd64\native-platform.dll
Event: 6.377 Loaded shared library C:\Users\Vansh Parmar\.gradle\native\0.2.7\x86_64-windows-gnu\gradle-fileevents.dll
Event: 13.917 Loaded shared library C:\Users\Vansh Parmar\.jdks\ms-21.0.7\bin\management.dll
Event: 13.924 Loaded shared library C:\Users\Vansh Parmar\.jdks\ms-21.0.7\bin\management_ext.dll
Event: 14.533 Loaded shared library C:\Users\Vansh Parmar\.jdks\ms-21.0.7\bin\extnet.dll
Event: 15.405 Loaded shared library C:\Users\Vansh Parmar\.jdks\ms-21.0.7\bin\sunmscapi.dll

Deoptimization events (20 events):
Event: 99.011 Thread 0x000002a3be0f4540 DEOPT PACKING pc=0x000002a398f75bdc sp=0x000000cd424f70a0
Event: 99.011 Thread 0x000002a3be0f4540 DEOPT UNPACKING pc=0x000002a3989a46a2 sp=0x000000cd424f6ff8 mode 2
Event: 100.422 Thread 0x000002a3be0f4540 Uncommon trap: trap_request=0xffffff45 fr.pc=0x000002a3991537d4 relative=0x0000000000000134
Event: 100.422 Thread 0x000002a3be0f4540 Uncommon trap: reason=unstable_if action=reinterpret pc=0x000002a3991537d4 method=java.util.Arrays.hashCode([Ljava/lang/Object;)I @ 34 c2
Event: 100.422 Thread 0x000002a3be0f4540 DEOPT PACKING pc=0x000002a3991537d4 sp=0x000000cd424f8d90
Event: 100.422 Thread 0x000002a3be0f4540 DEOPT UNPACKING pc=0x000002a3989a46a2 sp=0x000000cd424f8d08 mode 2
Event: 100.582 Thread 0x000002a3be0f4540 Uncommon trap: trap_request=0xffffff45 fr.pc=0x000002a398f92b90 relative=0x0000000000000070
Event: 100.582 Thread 0x000002a3be0f4540 Uncommon trap: reason=unstable_if action=reinterpret pc=0x000002a398f92b90 method=java.lang.Class.getComponentType()Ljava/lang/Class; @ 4 c2
Event: 100.582 Thread 0x000002a3be0f4540 DEOPT PACKING pc=0x000002a398f92b90 sp=0x000000cd424f7b80
Event: 100.582 Thread 0x000002a3be0f4540 DEOPT UNPACKING pc=0x000002a3989a46a2 sp=0x000000cd424f7b10 mode 2
Event: 102.440 Thread 0x000002a3be0f4540 Uncommon trap: trap_request=0xffffffde fr.pc=0x000002a3990314b4 relative=0x00000000000002d4
Event: 102.440 Thread 0x000002a3be0f4540 Uncommon trap: reason=class_check action=maybe_recompile pc=0x000002a3990314b4 method=java.util.Collections$SetFromMap.remove(Ljava/lang/Object;)Z @ 5 c2
Event: 102.440 Thread 0x000002a3be0f4540 DEOPT PACKING pc=0x000002a3990314b4 sp=0x000000cd424f94a0
Event: 102.440 Thread 0x000002a3be0f4540 DEOPT UNPACKING pc=0x000002a3989a46a2 sp=0x000000cd424f9488 mode 2
Event: 102.531 Thread 0x000002a3be0f4540 Uncommon trap: trap_request=0xffffffde fr.pc=0x000002a3990314b4 relative=0x00000000000002d4
Event: 102.531 Thread 0x000002a3be0f4540 Uncommon trap: reason=class_check action=maybe_recompile pc=0x000002a3990314b4 method=java.util.Collections$SetFromMap.remove(Ljava/lang/Object;)Z @ 5 c2
Event: 102.531 Thread 0x000002a3be0f4540 DEOPT PACKING pc=0x000002a3990314b4 sp=0x000000cd424f9620
Event: 102.531 Thread 0x000002a3be0f4540 DEOPT UNPACKING pc=0x000002a3989a46a2 sp=0x000000cd424f9608 mode 2
Event: 102.553 Thread 0x000002a3be0f4540 DEOPT PACKING pc=0x000002a3915b7139 sp=0x000000cd424f8b00
Event: 102.553 Thread 0x000002a3be0f4540 DEOPT UNPACKING pc=0x000002a3989a4e42 sp=0x000000cd424f8000 mode 0

Classes loaded (20 events):
Event: 102.717 Loading class jdk/internal/reflect/UTF8
Event: 102.717 Loading class jdk/internal/reflect/UTF8 done
Event: 102.719 Loading class jdk/internal/reflect/Label
Event: 102.719 Loading class jdk/internal/reflect/Label done
Event: 102.719 Loading class jdk/internal/reflect/Label$PatchInfo
Event: 102.719 Loading class jdk/internal/reflect/Label$PatchInfo done
Event: 102.719 Loading class jdk/internal/reflect/MethodAccessorGenerator$1
Event: 102.720 Loading class jdk/internal/reflect/MethodAccessorGenerator$1 done
Event: 102.720 Loading class jdk/internal/reflect/ClassDefiner
Event: 102.720 Loading class jdk/internal/reflect/ClassDefiner done
Event: 102.720 Loading class jdk/internal/reflect/ClassDefiner$1
Event: 102.720 Loading class jdk/internal/reflect/ClassDefiner$1 done
Event: 102.720 Loading class jdk/internal/reflect/SerializationConstructorAccessorImpl
Event: 102.721 Loading class jdk/internal/reflect/SerializationConstructorAccessorImpl done
Event: 105.473 Loading class java/nio/channels/Channels
Event: 105.473 Loading class java/nio/channels/Channels done
Event: 105.473 Loading class sun/nio/ch/Streams
Event: 105.473 Loading class sun/nio/ch/Streams done
Event: 105.473 Loading class sun/nio/ch/ChannelInputStream
Event: 105.474 Loading class sun/nio/ch/ChannelInputStream done

Classes unloaded (0 events):
No events

Classes redefined (0 events):
No events

Internal exceptions (20 events):
Event: 99.841 Thread 0x000002a3be0f4540 Exception <a 'java/lang/NoSuchMethodError'{0x00000000eccdde70}: 'java.lang.Object java.lang.invoke.Invokers$Holder.linkToTargetMethod(java.lang.Object, java.lang.Object, long, java.lang.Object, java.lang.Object)'> (0x00000000eccdde70) 
thrown [s\src\hotspot\share\interpreter\linkResolver.cpp, line 773]
Event: 100.189 Thread 0x000002a3be0f4540 Exception <a 'java/lang/NoSuchMethodError'{0x00000000ec9335f8}: 'java.lang.Object java.lang.invoke.DirectMethodHandle$Holder.newInvokeSpecial(java.lang.Object, java.lang.Object, java.lang.Object, java.lang.Object, java.lang.Object, java.lang.Object, java.lang.Object, java.lang.Object, java.lang.Object, java.lang.Object, java.lang.Object, java.lang.Object, java.lang.Object, java.lang.Object, java.lang.Object, java.lang.Object, java.lang.Object, java.lang.Object, java.lang.Object, java.lang.Object, java.lang
Event: 100.190 Thread 0x000002a3be0f4540 Exception <a 'java/lang/NoSuchMethodError'{0x00000000ec93b208}: 'java.lang.Object java.lang.invoke.DirectMethodHandle$Holder.invokeSpecial(java.lang.Object, java.lang.Object, java.lang.Object, java.lang.Object, java.lang.Object, java.lang.Object, java.lang.Object, java.lang.Object, java.lang.Object, java.lang.Object, java.lang.Object, java.lang.Object, java.lang.Object, java.lang.Object, java.lang.Object, java.lang.Object, java.lang.Object, java.lang.Object, java.lang.Object, java.lang.Object, java.lang.Ob
Event: 100.191 Thread 0x000002a3be0f4540 Exception <a 'java/lang/NoSuchMethodError'{0x00000000ec941520}: 'java.lang.Object java.lang.invoke.DelegatingMethodHandle$Holder.reinvoke_L(java.lang.Object, java.lang.Object, java.lang.Object, java.lang.Object, java.lang.Object, java.lang.Object, java.lang.Object, java.lang.Object, java.lang.Object, java.lang.Object, java.lang.Object, java.lang.Object, java.lang.Object, java.lang.Object, java.lang.Object, java.lang.Object, java.lang.Object, java.lang.Object, java.lang.Object, java.lang.Object, java.lang.O
Event: 100.422 Thread 0x000002a3be0f4540 Implicit null exception at 0x000002a399153700 to 0x000002a3991537b8
Event: 100.492 Thread 0x000002a3be0f4540 Exception <a 'java/lang/ClassNotFoundException'{0x00000000ec53ef98}: org/gradle/api/internal/artifacts/dsl/dependencies/DefaultDependencyHandler_DecoratedBeanInfo> (0x00000000ec53ef98) 
thrown [s\src\hotspot\share\classfile\systemDictionary.cpp, line 312]
Event: 100.494 Thread 0x000002a3be0f4540 Exception <a 'java/lang/ClassNotFoundException'{0x00000000ec552dc8}: org/gradle/api/internal/artifacts/dsl/dependencies/DefaultDependencyHandlerBeanInfo> (0x00000000ec552dc8) 
thrown [s\src\hotspot\share\classfile\systemDictionary.cpp, line 312]
Event: 100.495 Thread 0x000002a3be0f4540 Exception <a 'java/lang/ClassNotFoundException'{0x00000000ec566658}: org/gradle/api/internal/artifacts/dsl/dependencies/DefaultDependencyHandlerCustomizer> (0x00000000ec566658) 
thrown [s\src\hotspot\share\classfile\systemDictionary.cpp, line 312]
Event: 100.565 Thread 0x000002a3be0f4540 Exception <a 'java/lang/ClassNotFoundException'{0x00000000ec5ae7a8}: org/gradle/api/internal/artifacts/dsl/dependencies/DefaultDependencyHandler_DecoratedCustomizer> (0x00000000ec5ae7a8) 
thrown [s\src\hotspot\share\classfile\systemDictionary.cpp, line 312]
Event: 100.574 Thread 0x000002a3be0f4540 Exception <a 'java/lang/ClassNotFoundException'{0x00000000ec5ee258}: ijJvmDebugger1_4pfnedoyxlocxktrr8243ahlg$_run_closure1BeanInfo> (0x00000000ec5ee258) 
thrown [s\src\hotspot\share\classfile\systemDictionary.cpp, line 312]
Event: 100.575 Thread 0x000002a3be0f4540 Exception <a 'java/lang/ClassNotFoundException'{0x00000000ec5f49d8}: ijJvmDebugger1_4pfnedoyxlocxktrr8243ahlg$_run_closure1Customizer> (0x00000000ec5f49d8) 
thrown [s\src\hotspot\share\classfile\systemDictionary.cpp, line 312]
Event: 101.068 Thread 0x000002a3be0f4540 Exception <a 'java/lang/NoSuchMethodError'{0x00000000ec292e80}: 'java.lang.Object java.lang.invoke.DirectMethodHandle$Holder.newInvokeSpecial(java.lang.Object, int, java.lang.Object)'> (0x00000000ec292e80) 
thrown [s\src\hotspot\share\interpreter\linkResolver.cpp, line 773]
Event: 101.502 Thread 0x000002a3be0f4540 Exception <a 'java/lang/NoSuchMethodError'{0x00000000ebdd53a8}: 'java.lang.Object java.lang.invoke.DirectMethodHandle$Holder.newInvokeSpecial(java.lang.Object, java.lang.Object, java.lang.Object, int)'> (0x00000000ebdd53a8) 
thrown [s\src\hotspot\share\interpreter\linkResolver.cpp, line 773]
Event: 101.502 Thread 0x000002a3be0f4540 Exception <a 'java/lang/NoSuchMethodError'{0x00000000ebdd9758}: 'java.lang.Object java.lang.invoke.Invokers$Holder.linkToTargetMethod(java.lang.Object, java.lang.Object, int, java.lang.Object)'> (0x00000000ebdd9758) 
thrown [s\src\hotspot\share\interpreter\linkResolver.cpp, line 773]
Event: 101.853 Thread 0x000002a3be0f4540 Exception <a 'java/lang/NoSuchMethodError'{0x00000000eb918310}: 'java.lang.Object java.lang.invoke.DirectMethodHandle$Holder.invokeSpecial(java.lang.Object, java.lang.Object, long, java.lang.Object, java.lang.Object)'> (0x00000000eb918310) 
thrown [s\src\hotspot\share\interpreter\linkResolver.cpp, line 773]
Event: 102.013 Thread 0x000002a3be0f4540 Exception <a 'java/lang/NoSuchMethodError'{0x00000000eb9ecb28}: 'java.lang.Object java.lang.invoke.DirectMethodHandle$Holder.newInvokeSpecial(java.lang.Object, java.lang.Object, java.lang.Object, int, java.lang.Object)'> (0x00000000eb9ecb28) 
thrown [s\src\hotspot\share\interpreter\linkResolver.cpp, line 773]
Event: 102.013 Thread 0x000002a3be0f4540 Exception <a 'java/lang/NoSuchMethodError'{0x00000000eb9f0ff0}: 'java.lang.Object java.lang.invoke.Invokers$Holder.linkToTargetMethod(java.lang.Object, java.lang.Object, int, java.lang.Object, java.lang.Object)'> (0x00000000eb9f0ff0) 
thrown [s\src\hotspot\share\interpreter\linkResolver.cpp, line 773]
Event: 102.523 Thread 0x000002a3be0f4540 Exception <a 'java/lang/NoSuchMethodError'{0x00000000eb523990}: 'int java.lang.invoke.DirectMethodHandle$Holder.invokeInterface(java.lang.Object, java.lang.Object, java.lang.Object, java.lang.Object, java.lang.Object)'> (0x00000000eb523990) 
thrown [s\src\hotspot\share\interpreter\linkResolver.cpp, line 773]
Event: 102.789 Thread 0x000002a3be0f4540 Exception <a 'java/lang/NoSuchMethodError'{0x00000000eb43bc70}: 'java.lang.Object java.lang.invoke.DirectMethodHandle$Holder.newInvokeSpecial(java.lang.Object, java.lang.Object, java.lang.Object, java.lang.Object, int, java.lang.Object)'> (0x00000000eb43bc70) 
thrown [s\src\hotspot\share\interpreter\linkResolver.cpp, line 773]
Event: 102.796 Thread 0x000002a3be0f4540 Exception <a 'java/lang/NoSuchMethodError'{0x00000000eb444290}: 'java.lang.Object java.lang.invoke.Invokers$Holder.linkToTargetMethod(java.lang.Object, java.lang.Object, java.lang.Object, int, java.lang.Object, java.lang.Object)'> (0x00000000eb444290) 
thrown [s\src\hotspot\share\interpreter\linkResolver.cpp, line 773]

ZGC Phase Switch (0 events):
No events

VM Operations (20 events):
Event: 97.231 Executing VM operation: Cleanup
Event: 97.231 Executing VM operation: Cleanup done
Event: 98.240 Executing VM operation: Cleanup
Event: 98.454 Executing VM operation: Cleanup done
Event: 99.148 Executing VM operation: HandshakeAllThreads (Deoptimize)
Event: 99.148 Executing VM operation: HandshakeAllThreads (Deoptimize) done
Event: 99.543 Executing VM operation: HandshakeAllThreads (Deoptimize)
Event: 99.543 Executing VM operation: HandshakeAllThreads (Deoptimize) done
Event: 99.543 Executing VM operation: Cleanup
Event: 99.543 Executing VM operation: Cleanup done
Event: 100.546 Executing VM operation: Cleanup
Event: 100.562 Executing VM operation: Cleanup done
Event: 101.578 Executing VM operation: Cleanup
Event: 101.578 Executing VM operation: Cleanup done
Event: 101.609 Executing VM operation: HandshakeAllThreads (Deoptimize)
Event: 101.610 Executing VM operation: HandshakeAllThreads (Deoptimize) done
Event: 102.541 Executing VM operation: HandshakeAllThreads (Deoptimize)
Event: 102.541 Executing VM operation: HandshakeAllThreads (Deoptimize) done
Event: 103.584 Executing VM operation: Cleanup
Event: 103.585 Executing VM operation: Cleanup done

Memory protections (0 events):
No events

Nmethod flushes (20 events):
Event: 86.415 Thread 0x000002a3a332b120 flushing  nmethod 0x000002a3916b2590
Event: 86.415 Thread 0x000002a3a332b120 flushing  nmethod 0x000002a3916b7690
Event: 86.415 Thread 0x000002a3a332b120 flushing  nmethod 0x000002a391733a10
Event: 86.415 Thread 0x000002a3a332b120 flushing  nmethod 0x000002a391736090
Event: 86.415 Thread 0x000002a3a332b120 flushing  nmethod 0x000002a391766090
Event: 86.415 Thread 0x000002a3a332b120 flushing  nmethod 0x000002a391782190
Event: 86.415 Thread 0x000002a3a332b120 flushing  nmethod 0x000002a391783a10
Event: 86.415 Thread 0x000002a3a332b120 flushing  nmethod 0x000002a391784690
Event: 86.415 Thread 0x000002a3a332b120 flushing  nmethod 0x000002a391785290
Event: 86.415 Thread 0x000002a3a332b120 flushing  nmethod 0x000002a391786090
Event: 86.415 Thread 0x000002a3a332b120 flushing  nmethod 0x000002a391786690
Event: 86.415 Thread 0x000002a3a332b120 flushing  nmethod 0x000002a391802010
Event: 86.415 Thread 0x000002a3a332b120 flushing  nmethod 0x000002a391874a90
Event: 86.415 Thread 0x000002a3a332b120 flushing  nmethod 0x000002a391874f90
Event: 86.415 Thread 0x000002a3a332b120 flushing  nmethod 0x000002a3918a4310
Event: 86.415 Thread 0x000002a3a332b120 flushing  nmethod 0x000002a3918a5d90
Event: 86.415 Thread 0x000002a3a332b120 flushing  nmethod 0x000002a3918a8f90
Event: 86.415 Thread 0x000002a3a332b120 flushing  nmethod 0x000002a3918abd90
Event: 86.415 Thread 0x000002a3a332b120 flushing  nmethod 0x000002a3918e6390
Event: 86.415 Thread 0x000002a3a332b120 flushing  nmethod 0x000002a391987910

Events (20 events):
Event: 18.493 Thread 0x000002a3be0f4540 Thread added: 0x000002a3be404580
Event: 18.543 Thread 0x000002a3be0f4540 Thread added: 0x000002a3be4052a0
Event: 27.342 Thread 0x000002a3be4052a0 Thread added: 0x000002a3be402b40
Event: 27.588 Thread 0x000002a3be0f4540 Thread added: 0x000002a3be4024b0
Event: 32.302 Thread 0x000002a3a3378070 Thread added: 0x000002a3be678680
Event: 33.973 Thread 0x000002a3be678680 Thread exited: 0x000002a3be678680
Event: 38.083 Thread 0x000002a3be0f4540 Thread added: 0x000002a3be4031d0
Event: 38.217 Thread 0x000002a3be0f4540 Thread added: 0x000002a3bfb7b6e0
Event: 41.698 Thread 0x000002a3be0f4540 Thread added: 0x000002a3bfb78f80
Event: 41.760 Thread 0x000002a3be0f4540 Thread added: 0x000002a3bfb7a330
Event: 48.523 Thread 0x000002a3be0f4540 Thread added: 0x000002a3bfb7de40
Event: 75.973 Thread 0x000002a3be0f4540 Thread added: 0x000002a3bfb7ca90
Event: 84.750 Thread 0x000002a3be0f4540 Thread added: 0x000002a3bfb7a9c0
Event: 85.189 Thread 0x000002a3be0f4540 Thread added: 0x000002a3bfb79610
Event: 89.883 Thread 0x000002a3be0f4540 Thread added: 0x000002a3bfb79ca0
Event: 94.430 Thread 0x000002a3be0f4540 Thread added: 0x000002a3bfb7bd70
Event: 95.850 Thread 0x000002a3be0f4540 Thread added: 0x000002a3bfb7d120
Event: 103.111 Thread 0x000002a3be0f4540 Thread added: 0x000002a3bfb7e4d0
Event: 103.116 Thread 0x000002a3be0f4540 Thread added: 0x000002a3bfb7f880
Event: 103.119 Thread 0x000002a3be0f4540 Thread added: 0x000002a3bfb7c400


Dynamic libraries:
0x00007ff733270000 - 0x00007ff73327e000 	C:\Users\Vansh Parmar\.jdks\ms-21.0.7\bin\java.exe
0x00007ff9e5870000 - 0x00007ff9e5a87000 	C:\Windows\SYSTEM32\ntdll.dll
0x00007ff9e3c70000 - 0x00007ff9e3d34000 	C:\Windows\System32\KERNEL32.DLL
0x00007ff9e2e60000 - 0x00007ff9e3217000 	C:\Windows\System32\KERNELBASE.dll
0x00007ff9e2d40000 - 0x00007ff9e2e51000 	C:\Windows\System32\ucrtbase.dll
0x00007ff999440000 - 0x00007ff999458000 	C:\Users\Vansh Parmar\.jdks\ms-21.0.7\bin\jli.dll
0x00007ff9e4720000 - 0x00007ff9e48cf000 	C:\Windows\System32\USER32.dll
0x00007ff9e2b80000 - 0x00007ff9e2ba6000 	C:\Windows\System32\win32u.dll
0x00007ff9e39b0000 - 0x00007ff9e39d9000 	C:\Windows\System32\GDI32.dll
0x00007ff9e2bb0000 - 0x00007ff9e2cc8000 	C:\Windows\System32\gdi32full.dll
0x00007ff9e3220000 - 0x00007ff9e32ba000 	C:\Windows\System32\msvcp_win.dll
0x00007ff9aa720000 - 0x00007ff9aa73d000 	C:\Users\Vansh Parmar\.jdks\ms-21.0.7\bin\VCRUNTIME140.dll
0x00007ff9d0980000 - 0x00007ff9d0c13000 	C:\Windows\WinSxS\amd64_microsoft.windows.common-controls_6595b64144ccf1df_6.0.22621.3672_none_2713b9d173822955\COMCTL32.dll
0x00007ff9e5780000 - 0x00007ff9e5827000 	C:\Windows\System32\msvcrt.dll
0x00007ff9e4430000 - 0x00007ff9e4461000 	C:\Windows\System32\IMM32.DLL
0x00007ff9de9f0000 - 0x00007ff9de9fc000 	C:\Users\Vansh Parmar\.jdks\ms-21.0.7\bin\vcruntime140_1.dll
0x00007ff97ab40000 - 0x00007ff97abcd000 	C:\Users\Vansh Parmar\.jdks\ms-21.0.7\bin\msvcp140.dll
0x00007ff976e80000 - 0x00007ff977c18000 	C:\Users\Vansh Parmar\.jdks\ms-21.0.7\bin\server\jvm.dll
0x00007ff9e3e70000 - 0x00007ff9e3f22000 	C:\Windows\System32\ADVAPI32.dll
0x00007ff9e38a0000 - 0x00007ff9e3948000 	C:\Windows\System32\sechost.dll
0x00007ff9e3570000 - 0x00007ff9e3598000 	C:\Windows\System32\bcrypt.dll
0x00007ff9e5660000 - 0x00007ff9e5774000 	C:\Windows\System32\RPCRT4.dll
0x00007ff9e3df0000 - 0x00007ff9e3e61000 	C:\Windows\System32\WS2_32.dll
0x00007ff9e2a50000 - 0x00007ff9e2a9d000 	C:\Windows\SYSTEM32\POWRPROF.dll
0x00007ff9dcb40000 - 0x00007ff9dcb74000 	C:\Windows\SYSTEM32\WINMM.dll
0x00007ff9deb10000 - 0x00007ff9deb1a000 	C:\Windows\SYSTEM32\VERSION.dll
0x00007ff9e2a30000 - 0x00007ff9e2a43000 	C:\Windows\SYSTEM32\UMPDC.dll
0x00007ff9e1b30000 - 0x00007ff9e1b48000 	C:\Windows\SYSTEM32\kernel.appcore.dll
0x00007ff9be100000 - 0x00007ff9be10a000 	C:\Users\Vansh Parmar\.jdks\ms-21.0.7\bin\jimage.dll
0x00007ff9e05f0000 - 0x00007ff9e0822000 	C:\Windows\SYSTEM32\DBGHELP.DLL
0x00007ff9e52d0000 - 0x00007ff9e565e000 	C:\Windows\System32\combase.dll
0x00007ff9e3b90000 - 0x00007ff9e3c67000 	C:\Windows\System32\OLEAUT32.dll
0x00007ff9ce8c0000 - 0x00007ff9ce8f2000 	C:\Windows\SYSTEM32\dbgcore.DLL
0x00007ff9e34f0000 - 0x00007ff9e356b000 	C:\Windows\System32\bcryptPrimitives.dll
0x00007ff9b81c0000 - 0x00007ff9b81cf000 	C:\Users\Vansh Parmar\.jdks\ms-21.0.7\bin\instrument.dll
0x00007ff998e50000 - 0x00007ff998e70000 	C:\Users\Vansh Parmar\.jdks\ms-21.0.7\bin\java.dll
0x00007ff9e4a60000 - 0x00007ff9e52c9000 	C:\Windows\System32\SHELL32.dll
0x00007ff9e0930000 - 0x00007ff9e122f000 	C:\Windows\SYSTEM32\windows.storage.dll
0x00007ff9e1270000 - 0x00007ff9e13af000 	C:\Windows\SYSTEM32\wintypes.dll
0x00007ff9e37a0000 - 0x00007ff9e3899000 	C:\Windows\System32\SHCORE.dll
0x00007ff9e4500000 - 0x00007ff9e455e000 	C:\Windows\System32\shlwapi.dll
0x00007ff9e2ab0000 - 0x00007ff9e2ad7000 	C:\Windows\SYSTEM32\profapi.dll
0x00007ff978690000 - 0x00007ff978766000 	C:\Users\Vansh Parmar\.jdks\ms-21.0.7\bin\jsvml.dll
0x00007ff98fe20000 - 0x00007ff98fe38000 	C:\Users\Vansh Parmar\.jdks\ms-21.0.7\bin\zip.dll
0x00007ff9b52e0000 - 0x00007ff9b52f0000 	C:\Users\Vansh Parmar\.jdks\ms-21.0.7\bin\net.dll
0x00007ff9dc760000 - 0x00007ff9dc896000 	C:\Windows\SYSTEM32\WINHTTP.dll
0x00007ff9e1ff0000 - 0x00007ff9e2059000 	C:\Windows\system32\mswsock.dll
0x00007ff98bbd0000 - 0x00007ff98bbe6000 	C:\Users\Vansh Parmar\.jdks\ms-21.0.7\bin\nio.dll
0x00007ff9a8590000 - 0x00007ff9a85a0000 	C:\Users\Vansh Parmar\.jdks\ms-21.0.7\bin\verify.dll
0x00007ff97b8f0000 - 0x00007ff97b917000 	C:\Users\Vansh Parmar\.gradle\native\1def1411415f61bf3af743bc5b6707747c0891f09f0c88961ee8f79bc544acac\windows-amd64\native-platform.dll
0x00007ff977ff0000 - 0x00007ff978068000 	C:\Users\Vansh Parmar\.gradle\native\0.2.7\x86_64-windows-gnu\gradle-fileevents.dll
0x00007ff998e40000 - 0x00007ff998e4a000 	C:\Users\Vansh Parmar\.jdks\ms-21.0.7\bin\management.dll
0x00007ff98be70000 - 0x00007ff98be7b000 	C:\Users\Vansh Parmar\.jdks\ms-21.0.7\bin\management_ext.dll
0x00007ff9e35d0000 - 0x00007ff9e35d8000 	C:\Windows\System32\PSAPI.DLL
0x00007ff9e1600000 - 0x00007ff9e162d000 	C:\Windows\SYSTEM32\IPHLPAPI.DLL
0x00007ff9e44a0000 - 0x00007ff9e44a9000 	C:\Windows\System32\NSI.dll
0x00007ff98bc40000 - 0x00007ff98bc49000 	C:\Users\Vansh Parmar\.jdks\ms-21.0.7\bin\extnet.dll
0x00007ff9e2240000 - 0x00007ff9e225b000 	C:\Windows\SYSTEM32\CRYPTSP.dll
0x00007ff9e1af0000 - 0x00007ff9e1b25000 	C:\Windows\system32\rsaenh.dll
0x00007ff9e2090000 - 0x00007ff9e20b8000 	C:\Windows\SYSTEM32\USERENV.dll
0x00007ff9e2200000 - 0x00007ff9e220c000 	C:\Windows\SYSTEM32\CRYPTBASE.dll
0x00007ff98bb70000 - 0x00007ff98bb7e000 	C:\Users\Vansh Parmar\.jdks\ms-21.0.7\bin\sunmscapi.dll
0x00007ff9e3380000 - 0x00007ff9e34e6000 	C:\Windows\System32\CRYPT32.dll
0x00007ff9e2450000 - 0x00007ff9e247d000 	C:\Windows\SYSTEM32\ncrypt.dll
0x00007ff9e2410000 - 0x00007ff9e2447000 	C:\Windows\SYSTEM32\NTASN1.dll
0x00007ff98cf10000 - 0x00007ff98cf18000 	C:\Windows\system32\wshunix.dll

dbghelp: loaded successfully - version: 4.0.5 - missing functions: none
symbol engine: initialized successfully - sym options: 0x614 - pdb path: .;C:\Users\Vansh Parmar\.jdks\ms-21.0.7\bin;C:\Windows\SYSTEM32;C:\Windows\WinSxS\amd64_microsoft.windows.common-controls_6595b64144ccf1df_6.0.22621.3672_none_2713b9d173822955;C:\Users\Vansh Parmar\.jdks\ms-21.0.7\bin\server;C:\Users\Vansh Parmar\.gradle\native\1def1411415f61bf3af743bc5b6707747c0891f09f0c88961ee8f79bc544acac\windows-amd64;C:\Users\Vansh Parmar\.gradle\native\0.2.7\x86_64-windows-gnu

VM Arguments:
jvm_args: --add-opens=java.base/java.lang=ALL-UNNAMED --add-opens=java.base/java.lang.invoke=ALL-UNNAMED --add-opens=java.base/java.util=ALL-UNNAMED --add-opens=java.prefs/java.util.prefs=ALL-UNNAMED --add-exports=jdk.compiler/com.sun.tools.javac.api=ALL-UNNAMED --add-exports=jdk.compiler/com.sun.tools.javac.util=ALL-UNNAMED --add-opens=java.base/java.util=ALL-UNNAMED --add-opens=java.prefs/java.util.prefs=ALL-UNNAMED --add-opens=java.base/java.nio.charset=ALL-UNNAMED --add-opens=java.base/java.net=ALL-UNNAMED --add-opens=java.base/java.util.concurrent.atomic=ALL-UNNAMED --add-opens=java.xml/javax.xml.namespace=ALL-UNNAMED -XX:MaxMetaspaceSize=384m -XX:+HeapDumpOnOutOfMemoryError -Xms256m -Xmx512m -Dfile.encoding=UTF-8 -Duser.country=IN -Duser.language=en -Duser.variant -javaagent:C:\Users\Vansh Parmar\.gradle\wrapper\dists\gradle-8.14.2-bin\2pb3mgt1p815evrl3weanttgr\gradle-8.14.2\lib\agents\gradle-instrumentation-agent-8.14.2.jar 
java_command: org.gradle.launcher.daemon.bootstrap.GradleDaemon 8.14.2
java_class_path (initial): C:\Users\Vansh Parmar\.gradle\wrapper\dists\gradle-8.14.2-bin\2pb3mgt1p815evrl3weanttgr\gradle-8.14.2\lib\gradle-daemon-main-8.14.2.jar
Launcher Type: SUN_STANDARD

[Global flags]
     intx CICompilerCount                          = 3                                         {product} {ergonomic}
   size_t CompressedClassSpaceSize                 = 335544320                                 {product} {ergonomic}
     uint ConcGCThreads                            = 1                                         {product} {ergonomic}
     uint G1ConcRefinementThreads                  = 4                                         {product} {ergonomic}
   size_t G1HeapRegionSize                         = 1048576                                   {product} {ergonomic}
    uintx GCDrainStackTargetSize                   = 64                                        {product} {ergonomic}
     bool HeapDumpOnOutOfMemoryError               = true                                   {manageable} {command line}
   size_t InitialHeapSize                          = 268435456                                 {product} {command line}
   size_t MarkStackSize                            = 4194304                                   {product} {ergonomic}
   size_t MaxHeapSize                              = 536870912                                 {product} {command line}
   size_t MaxMetaspaceSize                         = 402653184                                 {product} {command line}
   size_t MaxNewSize                               = 321912832                                 {product} {ergonomic}
   size_t MinHeapDeltaBytes                        = 1048576                                   {product} {ergonomic}
   size_t MinHeapSize                              = 268435456                                 {product} {command line}
    uintx NonNMethodCodeHeapSize                   = 5832780                                {pd product} {ergonomic}
    uintx NonProfiledCodeHeapSize                  = 122912730                              {pd product} {ergonomic}
    uintx ProfiledCodeHeapSize                     = 122912730                              {pd product} {ergonomic}
    uintx ReservedCodeCacheSize                    = 251658240                              {pd product} {ergonomic}
     bool SegmentedCodeCache                       = true                                      {product} {ergonomic}
   size_t SoftMaxHeapSize                          = 536870912                              {manageable} {ergonomic}
     bool UseCompressedOops                        = true                           {product lp64_product} {ergonomic}
     bool UseG1GC                                  = true                                      {product} {ergonomic}
     bool UseLargePagesIndividualAllocation        = false                                  {pd product} {ergonomic}

Logging:
Log output configuration:
 #0: stdout all=warning uptime,level,tags foldmultilines=false
 #1: stderr all=off uptime,level,tags foldmultilines=false

Environment Variables:
JAVA_HOME=C:\Program Files\Java\jdk-21
PATH=C:\Program Files\Common Files\Oracle\Java\javapath;C:\Windows\system32;C:\Windows;C:\Windows\System32\Wbem;C:\Windows\System32\WindowsPowerShell\v1.0\;C:\Windows\System32\OpenSSH\;C:\MinGW\bin;C:\Program Files\Java\jdk-21\bin;C:\Program Files\nodejs\;C:\Program Files\Java\jdk-22\bin;C:\Program Files\MySQL\MySQL Server 8.0\bin;C:\Program Files\Java\jdk-21\bin;C:\Program Files\apache-maven-3.9.9\bin;%kafka_home&\bin;C:\Program Files\Cloudflare\Cloudflare WARP\;C:\Users\Vansh Parmar\AppData\Local\Microsoft\WindowsApps;C:\Users\Vansh Parmar\AppData\Local\Programs\Microsoft VS Code\bin;C:\Users\Vansh Parmar\AppData\Local\Programs\Git\cmd
USERNAME=Vansh Parmar
OS=Windows_NT
PROCESSOR_IDENTIFIER=Intel64 Family 6 Model 142 Stepping 9, GenuineIntel
TMP=C:\Users\VANSHP~1\AppData\Local\Temp
TEMP=C:\Users\VANSHP~1\AppData\Local\Temp




Periodic native trim disabled

---------------  S Y S T E M  ---------------

OS:
 Windows 11 , 64 bit Build 22621 (10.0.22621.3958)
OS uptime: 0 days 4:04 hours
Hyper-V role detected

CPU: total 4 (initial active 4) (2 cores per cpu, 2 threads per core) family 6 model 142 stepping 9 microcode 0xde, cx8, cmov, fxsr, ht, mmx, 3dnowpref, sse, sse2, sse3, ssse3, sse4.1, sse4.2, popcnt, lzcnt, tsc, tscinvbit, avx, avx2, aes, erms, clmul, bmi1, bmi2, adx, fma, vzeroupper, clflush, clflushopt, hv, rdtscp, f16c
Processor Information for the first 4 processors :
  Max Mhz: 2304, Current Mhz: 2304, Mhz Limit: 2304

Memory: 4k page, system-wide physical 12167M (212M free)
TotalPageFile size 20359M (AvailPageFile size 3M)
current process WorkingSet (physical memory assigned to process): 334M, peak: 343M
current process commit charge ("private bytes"): 437M, peak: 443M

vm_info: OpenJDK 64-Bit Server VM (21.0.7+6-LTS) for windows-amd64 JRE (21.0.7+6-LTS), built on 2025-04-09T22:17:25Z by "MicrosoftCorporation" with unknown MS VC++:1939

END.
