#
# There is insufficient memory for the Java Runtime Environment to continue.
# Native memory allocation (malloc) failed to allocate 2040912 bytes. Error detail: Chunk::new
# Possible reasons:
#   The system is out of physical RAM or swap space
#   This process is running with CompressedOops enabled, and the Java Heap may be blocking the growth of the native heap
# Possible solutions:
#   Reduce memory load on the system
#   Increase physical memory or swap space
#   Check if swap backing store is full
#   Decrease Java heap size (-Xmx/-Xms)
#   Decrease number of Java threads
#   Decrease Java thread stack sizes (-Xss)
#   Set larger code cache with -XX:ReservedCodeCacheSize=
#   JVM is running with Unscaled Compressed Oops mode in which the Java heap is
#     placed in the first 4GB address space. The Java Heap base address is the
#     maximum limit for the native heap growth. Please use -XX:HeapBaseMinAddress
#     to set the Java Heap base and to place the Java Heap above 4GB virtual address.
# This output file may be truncated or incomplete.
#
#  Out of Memory Error (arena.cpp:168), pid=4576, tid=8964
#
# JRE version: OpenJDK Runtime Environment Microsoft-11369940 (21.0.7+6) (build 21.0.7+6-LTS)
# Java VM: OpenJDK 64-Bit Server VM Microsoft-11369940 (21.0.7+6-LTS, mixed mode, sharing, tiered, compressed oops, compressed class ptrs, g1 gc, windows-amd64)
# No core dump will be written. Minidumps are not enabled by default on client versions of Windows
#

---------------  S U M M A R Y ------------

Command Line: --add-opens=java.base/java.lang=ALL-UNNAMED --add-opens=java.base/java.lang.invoke=ALL-UNNAMED --add-opens=java.base/java.util=ALL-UNNAMED --add-opens=java.prefs/java.util.prefs=ALL-UNNAMED --add-exports=jdk.compiler/com.sun.tools.javac.api=ALL-UNNAMED --add-exports=jdk.compiler/com.sun.tools.javac.util=ALL-UNNAMED --add-opens=java.base/java.util=ALL-UNNAMED --add-opens=java.prefs/java.util.prefs=ALL-UNNAMED --add-opens=java.base/java.nio.charset=ALL-UNNAMED --add-opens=java.base/java.net=ALL-UNNAMED --add-opens=java.base/java.util.concurrent.atomic=ALL-UNNAMED --add-opens=java.xml/javax.xml.namespace=ALL-UNNAMED -XX:MaxMetaspaceSize=384m -XX:+HeapDumpOnOutOfMemoryError -Xms256m -Xmx512m -Dfile.encoding=UTF-8 -Duser.country=IN -Duser.language=en -Duser.variant -javaagent:C:\Users\Vansh Parmar\.gradle\wrapper\dists\gradle-8.14.2-bin\2pb3mgt1p815evrl3weanttgr\gradle-8.14.2\lib\agents\gradle-instrumentation-agent-8.14.2.jar org.gradle.launcher.daemon.bootstrap.GradleDaemon 8.14.2

Host: Intel(R) Core(TM) i3-7020U CPU @ 2.30GHz, 4 cores, 11G,  Windows 11 , 64 bit Build 22621 (10.0.22621.3958)
Time: Thu Aug 28 20:04:30 2025 India Standard Time elapsed time: 81.143785 seconds (0d 0h 1m 21s)

---------------  T H R E A D  ---------------

Current thread (0x00000195c6340fe0):  JavaThread "C2 CompilerThread0" daemon [_thread_in_native, id=8964, stack(0x0000006a50400000,0x0000006a50500000) (1024K)]


Current CompileTask:
C2:81143 4474   !   4       java.lang.ClassLoader::loadClass (121 bytes)

Stack: [0x0000006a50400000,0x0000006a50500000]
Native frames: (J=compiled Java code, j=interpreted, Vv=VM code, C=native code)
V  [jvm.dll+0x6d4bb9]
V  [jvm.dll+0x8afa11]
V  [jvm.dll+0x8b1f3e]
V  [jvm.dll+0x8b2623]
V  [jvm.dll+0x280816]
V  [jvm.dll+0xc52bd]
V  [jvm.dll+0xc57f3]
V  [jvm.dll+0x3bbd5c]
V  [jvm.dll+0x1e0645]
V  [jvm.dll+0x248573]
V  [jvm.dll+0x2479df]
V  [jvm.dll+0x1c7aaf]
V  [jvm.dll+0x257819]
V  [jvm.dll+0x255bca]
V  [jvm.dll+0x3f5af6]
V  [jvm.dll+0x85916b]
V  [jvm.dll+0x6d327d]
C  [ucrtbase.dll+0x29333]
C  [KERNEL32.DLL+0x1257d]
C  [ntdll.dll+0x5af08]


---------------  P R O C E S S  ---------------

Threads class SMR info:
_java_thread_list=0x00000195e0cef4b0, length=33, elements={
0x00000195a9b03ea0, 0x00000195c63399b0, 0x00000195c633b610, 0x00000195c633c260,
0x00000195c633edc0, 0x00000195c633f810, 0x00000195c6340260, 0x00000195c6340fe0,
0x00000195c635e4c0, 0x00000195c63ce640, 0x00000195c65eaf40, 0x00000195e01b9590,
0x00000195c66b6fd0, 0x00000195c650af80, 0x00000195e11d4790, 0x00000195e11d4df0,
0x00000195e11c99d0, 0x00000195e11a7fd0, 0x00000195e11a8b50, 0x00000195e0f32280,
0x00000195e0f31560, 0x00000195e0f2ee00, 0x00000195e0f2fb20, 0x00000195e0f301b0,
0x00000195e0f30840, 0x00000195e0f30ed0, 0x00000195e0f2f490, 0x00000195e0e07740,
0x00000195e0e06a20, 0x00000195e0e08460, 0x00000195e0e05d00, 0x00000195e0e08af0,
0x00000195e0e06390
}

Java Threads: ( => current thread )
  0x00000195a9b03ea0 JavaThread "main"                              [_thread_blocked, id=14252, stack(0x0000006a4f600000,0x0000006a4f700000) (1024K)]
  0x00000195c63399b0 JavaThread "Reference Handler"          daemon [_thread_blocked, id=13168, stack(0x0000006a4fe00000,0x0000006a4ff00000) (1024K)]
  0x00000195c633b610 JavaThread "Finalizer"                  daemon [_thread_blocked, id=3004, stack(0x0000006a4ff00000,0x0000006a50000000) (1024K)]
  0x00000195c633c260 JavaThread "Signal Dispatcher"          daemon [_thread_blocked, id=13252, stack(0x0000006a50000000,0x0000006a50100000) (1024K)]
  0x00000195c633edc0 JavaThread "Attach Listener"            daemon [_thread_blocked, id=17044, stack(0x0000006a50100000,0x0000006a50200000) (1024K)]
  0x00000195c633f810 JavaThread "Service Thread"             daemon [_thread_blocked, id=10172, stack(0x0000006a50200000,0x0000006a50300000) (1024K)]
  0x00000195c6340260 JavaThread "Monitor Deflation Thread"   daemon [_thread_blocked, id=3140, stack(0x0000006a50300000,0x0000006a50400000) (1024K)]
=>0x00000195c6340fe0 JavaThread "C2 CompilerThread0"         daemon [_thread_in_native, id=8964, stack(0x0000006a50400000,0x0000006a50500000) (1024K)]
  0x00000195c635e4c0 JavaThread "C1 CompilerThread0"         daemon [_thread_blocked, id=5780, stack(0x0000006a50500000,0x0000006a50600000) (1024K)]
  0x00000195c63ce640 JavaThread "Common-Cleaner"             daemon [_thread_blocked, id=11488, stack(0x0000006a50600000,0x0000006a50700000) (1024K)]
  0x00000195c65eaf40 JavaThread "Notification Thread"        daemon [_thread_blocked, id=7432, stack(0x0000006a50700000,0x0000006a50800000) (1024K)]
  0x00000195e01b9590 JavaThread "Daemon health stats"               [_thread_blocked, id=11972, stack(0x0000006a50b00000,0x0000006a50c00000) (1024K)]
  0x00000195c66b6fd0 JavaThread "Incoming local TCP Connector on port 24863"        [_thread_in_native, id=16852, stack(0x0000006a50c00000,0x0000006a50d00000) (1024K)]
  0x00000195c650af80 JavaThread "Daemon periodic checks"            [_thread_blocked, id=12956, stack(0x0000006a50d00000,0x0000006a50e00000) (1024K)]
  0x00000195e11d4790 JavaThread "Daemon"                            [_thread_blocked, id=2640, stack(0x0000006a50e00000,0x0000006a50f00000) (1024K)]
  0x00000195e11d4df0 JavaThread "Handler for socket connection from /127.0.0.1:24863 to /127.0.0.1:24871"        [_thread_in_native, id=17760, stack(0x0000006a50f00000,0x0000006a51000000) (1024K)]
  0x00000195e11c99d0 JavaThread "Cancel handler"                    [_thread_blocked, id=12340, stack(0x0000006a51000000,0x0000006a51100000) (1024K)]
  0x00000195e11a7fd0 JavaThread "Daemon worker"                     [_thread_blocked, id=15328, stack(0x0000006a51100000,0x0000006a51200000) (1024K)]
  0x00000195e11a8b50 JavaThread "Asynchronous log dispatcher for DefaultDaemonConnection: socket connection from /127.0.0.1:24863 to /127.0.0.1:24871"        [_thread_blocked, id=6476, stack(0x0000006a51200000,0x0000006a51300000) (1024K)]
  0x00000195e0f32280 JavaThread "Stdin handler"                     [_thread_blocked, id=17132, stack(0x0000006a51300000,0x0000006a51400000) (1024K)]
  0x00000195e0f31560 JavaThread "Daemon client event forwarder"        [_thread_blocked, id=3432, stack(0x0000006a51400000,0x0000006a51500000) (1024K)]
  0x00000195e0f2ee00 JavaThread "Cache worker for journal cache (C:\Users\Vansh Parmar\.gradle\caches\journal-1)"        [_thread_blocked, id=9096, stack(0x0000006a51500000,0x0000006a51600000) (1024K)]
  0x00000195e0f2fb20 JavaThread "File lock request listener"        [_thread_in_native, id=4388, stack(0x0000006a51600000,0x0000006a51700000) (1024K)]
  0x00000195e0f301b0 JavaThread "File lock release action executor"        [_thread_blocked, id=18172, stack(0x0000006a51700000,0x0000006a51800000) (1024K)]
  0x00000195e0f30840 JavaThread "Cache worker for file hash cache (C:\Users\Vansh Parmar\.gradle\caches\8.14.2\fileHashes)"        [_thread_blocked, id=13152, stack(0x0000006a51800000,0x0000006a51900000) (1024K)]
  0x00000195e0f30ed0 JavaThread "Cache worker for file hash cache (C:\Users\Vansh Parmar\IdeaProjects\UberBackendProject\Uber-BookingService\.gradle\8.14.2\fileHashes)"        [_thread_blocked, id=5756, stack(0x0000006a51900000,0x0000006a51a00000) (1024K)]
  0x00000195e0f2f490 JavaThread "Cache worker for Build Output Cleanup Cache (C:\Users\Vansh Parmar\IdeaProjects\UberBackendProject\Uber-BookingService\.gradle\buildOutputCleanup)"        [_thread_blocked, id=11284, stack(0x0000006a51a00000,0x0000006a51b00000) (1024K)]
  0x00000195e0e07740 JavaThread "File watcher server"        daemon [_thread_in_native, id=12892, stack(0x0000006a51b00000,0x0000006a51c00000) (1024K)]
  0x00000195e0e06a20 JavaThread "File watcher consumer"      daemon [_thread_blocked, id=8272, stack(0x0000006a51c00000,0x0000006a51d00000) (1024K)]
  0x00000195e0e08460 JavaThread "jar transforms"                    [_thread_blocked, id=15648, stack(0x0000006a4f300000,0x0000006a4f400000) (1024K)]
  0x00000195e0e05d00 JavaThread "jar transforms Thread 2"           [_thread_blocked, id=6704, stack(0x0000006a4f400000,0x0000006a4f500000) (1024K)]
  0x00000195e0e08af0 JavaThread "Cache worker for checksums cache (C:\Users\Vansh Parmar\IdeaProjects\UberBackendProject\Uber-BookingService\.gradle\8.14.2\checksums)"        [_thread_blocked, id=14208, stack(0x0000006a4f500000,0x0000006a4f600000) (1024K)]
  0x00000195e0e06390 JavaThread "Cache worker for file content cache (C:\Users\Vansh Parmar\.gradle\caches\8.14.2\fileContent)"        [_thread_blocked, id=8640, stack(0x0000006a51d00000,0x0000006a51e00000) (1024K)]
Total: 33

Other Threads:
  0x00000195c631f210 VMThread "VM Thread"                           [id=16000, stack(0x0000006a4fd00000,0x0000006a4fe00000) (1024K)]
  0x00000195c630d760 WatcherThread "VM Periodic Task Thread"        [id=13456, stack(0x0000006a4fc00000,0x0000006a4fd00000) (1024K)]
  0x00000195abd59170 WorkerThread "GC Thread#0"                     [id=9168, stack(0x0000006a4f700000,0x0000006a4f800000) (1024K)]
  0x00000195c6704ad0 WorkerThread "GC Thread#1"                     [id=15820, stack(0x0000006a50800000,0x0000006a50900000) (1024K)]
  0x00000195c66cabc0 WorkerThread "GC Thread#2"                     [id=13964, stack(0x0000006a50900000,0x0000006a50a00000) (1024K)]
  0x00000195c66caf60 WorkerThread "GC Thread#3"                     [id=3896, stack(0x0000006a50a00000,0x0000006a50b00000) (1024K)]
  0x00000195abd5dff0 ConcurrentGCThread "G1 Main Marker"            [id=16292, stack(0x0000006a4f800000,0x0000006a4f900000) (1024K)]
  0x00000195abd5f2e0 WorkerThread "G1 Conc#0"                       [id=17304, stack(0x0000006a4f900000,0x0000006a4fa00000) (1024K)]
  0x00000195abdeeb70 ConcurrentGCThread "G1 Refine#0"               [id=3436, stack(0x0000006a4fa00000,0x0000006a4fb00000) (1024K)]
  0x00000195c61e27a0 ConcurrentGCThread "G1 Service"                [id=2216, stack(0x0000006a4fb00000,0x0000006a4fc00000) (1024K)]
Total: 10

Threads with active compile tasks:
C2 CompilerThread0  81200 4474   !   4       java.lang.ClassLoader::loadClass (121 bytes)
Total: 1

VM state: not at safepoint (normal execution)

VM Mutex/Monitor currently owned by a thread: None

Heap address: 0x00000000e0000000, size: 512 MB, Compressed Oops mode: 32-bit

CDS archive(s) mapped at: [0x00000195c7000000-0x00000195c7c80000-0x00000195c7c80000), size 13107200, SharedBaseAddress: 0x00000195c7000000, ArchiveRelocationMode: 1.
Compressed class space mapped at: 0x00000195c8000000-0x00000195dc000000, reserved size: 335544320
Narrow klass base: 0x00000195c7000000, Narrow klass shift: 0, Narrow klass range: 0x100000000

GC Precious Log:
 CardTable entry size: 512
 Card Set container configuration: InlinePtr #cards 5 size 8 Array Of Cards #cards 12 size 40 Howl #buckets 4 coarsen threshold 1843 Howl Bitmap #cards 512 size 80 coarsen threshold 460 Card regions per heap region 1 cards per card region 2048
 CPUs: 4 total, 4 available
 Memory: 12167M
 Large Page Support: Disabled
 NUMA Support: Disabled
 Compressed Oops: Enabled (32-bit)
 Heap Region Size: 1M
 Heap Min Capacity: 256M
 Heap Initial Capacity: 256M
 Heap Max Capacity: 512M
 Pre-touch: Disabled
 Parallel Workers: 4
 Concurrent Workers: 1
 Concurrent Refinement Workers: 4
 Periodic GC: Disabled

Heap:
 garbage-first heap   total 262144K, used 36950K [0x00000000e0000000, 0x0000000100000000)
  region size 1024K, 14 young (14336K), 10 survivors (10240K)
 Metaspace       used 35229K, committed 36352K, reserved 393216K
  class space    used 4812K, committed 5376K, reserved 327680K

Heap Regions: E=young(eden), S=young(survivor), O=old, HS=humongous(starts), HC=humongous(continues), CS=collection set, F=free, TAMS=top-at-mark-start, PB=parsable bottom
|   0|0x00000000e0000000, 0x00000000e0100000, 0x00000000e0100000|100%|HS|  |TAMS 0x00000000e0000000| PB 0x00000000e0000000| Complete 
|   1|0x00000000e0100000, 0x00000000e0200000, 0x00000000e0200000|100%|HC|  |TAMS 0x00000000e0100000| PB 0x00000000e0100000| Complete 
|   2|0x00000000e0200000, 0x00000000e0300000, 0x00000000e0300000|100%|HC|  |TAMS 0x00000000e0200000| PB 0x00000000e0200000| Complete 
|   3|0x00000000e0300000, 0x00000000e0400000, 0x00000000e0400000|100%| O|  |TAMS 0x00000000e0300000| PB 0x00000000e0300000| Untracked 
|   4|0x00000000e0400000, 0x00000000e0500000, 0x00000000e0500000|100%| O|  |TAMS 0x00000000e0400000| PB 0x00000000e0400000| Untracked 
|   5|0x00000000e0500000, 0x00000000e0600000, 0x00000000e0600000|100%| O|  |TAMS 0x00000000e0500000| PB 0x00000000e0500000| Untracked 
|   6|0x00000000e0600000, 0x00000000e0700000, 0x00000000e0700000|100%| O|  |TAMS 0x00000000e0600000| PB 0x00000000e0600000| Untracked 
|   7|0x00000000e0700000, 0x00000000e0800000, 0x00000000e0800000|100%|HS|  |TAMS 0x00000000e0700000| PB 0x00000000e0700000| Complete 
|   8|0x00000000e0800000, 0x00000000e0900000, 0x00000000e0900000|100%| O|  |TAMS 0x00000000e0800000| PB 0x00000000e0800000| Untracked 
|   9|0x00000000e0900000, 0x00000000e0a00000, 0x00000000e0a00000|100%| O|  |TAMS 0x00000000e0900000| PB 0x00000000e0900000| Untracked 
|  10|0x00000000e0a00000, 0x00000000e0b00000, 0x00000000e0b00000|100%| O|  |TAMS 0x00000000e0a00000| PB 0x00000000e0a00000| Untracked 
|  11|0x00000000e0b00000, 0x00000000e0c00000, 0x00000000e0c00000|100%| O|  |TAMS 0x00000000e0b00000| PB 0x00000000e0b00000| Untracked 
|  12|0x00000000e0c00000, 0x00000000e0d00000, 0x00000000e0d00000|100%| O|  |TAMS 0x00000000e0c00000| PB 0x00000000e0c00000| Untracked 
|  13|0x00000000e0d00000, 0x00000000e0e00000, 0x00000000e0e00000|100%| O|  |TAMS 0x00000000e0d00000| PB 0x00000000e0d00000| Untracked 
|  14|0x00000000e0e00000, 0x00000000e0f00000, 0x00000000e0f00000|100%| O|  |TAMS 0x00000000e0e00000| PB 0x00000000e0e00000| Untracked 
|  15|0x00000000e0f00000, 0x00000000e1000000, 0x00000000e1000000|100%| O|  |TAMS 0x00000000e0f00000| PB 0x00000000e0f00000| Untracked 
|  16|0x00000000e1000000, 0x00000000e1100000, 0x00000000e1100000|100%| O|  |TAMS 0x00000000e1000000| PB 0x00000000e1000000| Untracked 
|  17|0x00000000e1100000, 0x00000000e1200000, 0x00000000e1200000|100%| O|  |TAMS 0x00000000e1100000| PB 0x00000000e1100000| Untracked 
|  18|0x00000000e1200000, 0x00000000e1300000, 0x00000000e1300000|100%| O|  |TAMS 0x00000000e1200000| PB 0x00000000e1200000| Untracked 
|  19|0x00000000e1300000, 0x00000000e1400000, 0x00000000e1400000|100%| O|  |TAMS 0x00000000e1300000| PB 0x00000000e1300000| Untracked 
|  20|0x00000000e1400000, 0x00000000e1500000, 0x00000000e1500000|100%| O|  |TAMS 0x00000000e1400000| PB 0x00000000e1400000| Untracked 
|  21|0x00000000e1500000, 0x00000000e159f900, 0x00000000e1600000| 62%| O|  |TAMS 0x00000000e1500000| PB 0x00000000e1500000| Untracked 
|  22|0x00000000e1600000, 0x00000000e1600000, 0x00000000e1700000|  0%| F|  |TAMS 0x00000000e1600000| PB 0x00000000e1600000| Untracked 
|  23|0x00000000e1700000, 0x00000000e1800000, 0x00000000e1800000|100%|HS|  |TAMS 0x00000000e1700000| PB 0x00000000e1700000| Complete 
|  24|0x00000000e1800000, 0x00000000e1900000, 0x00000000e1900000|100%|HC|  |TAMS 0x00000000e1800000| PB 0x00000000e1800000| Complete 
|  25|0x00000000e1900000, 0x00000000e1900000, 0x00000000e1a00000|  0%| F|  |TAMS 0x00000000e1900000| PB 0x00000000e1900000| Untracked 
|  26|0x00000000e1a00000, 0x00000000e1a00000, 0x00000000e1b00000|  0%| F|  |TAMS 0x00000000e1a00000| PB 0x00000000e1a00000| Untracked 
|  27|0x00000000e1b00000, 0x00000000e1b00000, 0x00000000e1c00000|  0%| F|  |TAMS 0x00000000e1b00000| PB 0x00000000e1b00000| Untracked 
|  28|0x00000000e1c00000, 0x00000000e1c00000, 0x00000000e1d00000|  0%| F|  |TAMS 0x00000000e1c00000| PB 0x00000000e1c00000| Untracked 
|  29|0x00000000e1d00000, 0x00000000e1d00000, 0x00000000e1e00000|  0%| F|  |TAMS 0x00000000e1d00000| PB 0x00000000e1d00000| Untracked 
|  30|0x00000000e1e00000, 0x00000000e1e00000, 0x00000000e1f00000|  0%| F|  |TAMS 0x00000000e1e00000| PB 0x00000000e1e00000| Untracked 
|  31|0x00000000e1f00000, 0x00000000e1f00000, 0x00000000e2000000|  0%| F|  |TAMS 0x00000000e1f00000| PB 0x00000000e1f00000| Untracked 
|  32|0x00000000e2000000, 0x00000000e2000000, 0x00000000e2100000|  0%| F|  |TAMS 0x00000000e2000000| PB 0x00000000e2000000| Untracked 
|  33|0x00000000e2100000, 0x00000000e2100000, 0x00000000e2200000|  0%| F|  |TAMS 0x00000000e2100000| PB 0x00000000e2100000| Untracked 
|  34|0x00000000e2200000, 0x00000000e2200000, 0x00000000e2300000|  0%| F|  |TAMS 0x00000000e2200000| PB 0x00000000e2200000| Untracked 
|  35|0x00000000e2300000, 0x00000000e2300000, 0x00000000e2400000|  0%| F|  |TAMS 0x00000000e2300000| PB 0x00000000e2300000| Untracked 
|  36|0x00000000e2400000, 0x00000000e2400000, 0x00000000e2500000|  0%| F|  |TAMS 0x00000000e2400000| PB 0x00000000e2400000| Untracked 
|  37|0x00000000e2500000, 0x00000000e2500000, 0x00000000e2600000|  0%| F|  |TAMS 0x00000000e2500000| PB 0x00000000e2500000| Untracked 
|  38|0x00000000e2600000, 0x00000000e2600000, 0x00000000e2700000|  0%| F|  |TAMS 0x00000000e2600000| PB 0x00000000e2600000| Untracked 
|  39|0x00000000e2700000, 0x00000000e2700000, 0x00000000e2800000|  0%| F|  |TAMS 0x00000000e2700000| PB 0x00000000e2700000| Untracked 
|  40|0x00000000e2800000, 0x00000000e2800000, 0x00000000e2900000|  0%| F|  |TAMS 0x00000000e2800000| PB 0x00000000e2800000| Untracked 
|  41|0x00000000e2900000, 0x00000000e2900000, 0x00000000e2a00000|  0%| F|  |TAMS 0x00000000e2900000| PB 0x00000000e2900000| Untracked 
|  42|0x00000000e2a00000, 0x00000000e2a00000, 0x00000000e2b00000|  0%| F|  |TAMS 0x00000000e2a00000| PB 0x00000000e2a00000| Untracked 
|  43|0x00000000e2b00000, 0x00000000e2b00000, 0x00000000e2c00000|  0%| F|  |TAMS 0x00000000e2b00000| PB 0x00000000e2b00000| Untracked 
|  44|0x00000000e2c00000, 0x00000000e2c00000, 0x00000000e2d00000|  0%| F|  |TAMS 0x00000000e2c00000| PB 0x00000000e2c00000| Untracked 
|  45|0x00000000e2d00000, 0x00000000e2d00000, 0x00000000e2e00000|  0%| F|  |TAMS 0x00000000e2d00000| PB 0x00000000e2d00000| Untracked 
|  46|0x00000000e2e00000, 0x00000000e2e00000, 0x00000000e2f00000|  0%| F|  |TAMS 0x00000000e2e00000| PB 0x00000000e2e00000| Untracked 
|  47|0x00000000e2f00000, 0x00000000e2f00000, 0x00000000e3000000|  0%| F|  |TAMS 0x00000000e2f00000| PB 0x00000000e2f00000| Untracked 
|  48|0x00000000e3000000, 0x00000000e3000000, 0x00000000e3100000|  0%| F|  |TAMS 0x00000000e3000000| PB 0x00000000e3000000| Untracked 
|  49|0x00000000e3100000, 0x00000000e3100000, 0x00000000e3200000|  0%| F|  |TAMS 0x00000000e3100000| PB 0x00000000e3100000| Untracked 
|  50|0x00000000e3200000, 0x00000000e3200000, 0x00000000e3300000|  0%| F|  |TAMS 0x00000000e3200000| PB 0x00000000e3200000| Untracked 
|  51|0x00000000e3300000, 0x00000000e3300000, 0x00000000e3400000|  0%| F|  |TAMS 0x00000000e3300000| PB 0x00000000e3300000| Untracked 
|  52|0x00000000e3400000, 0x00000000e3400000, 0x00000000e3500000|  0%| F|  |TAMS 0x00000000e3400000| PB 0x00000000e3400000| Untracked 
|  53|0x00000000e3500000, 0x00000000e3500000, 0x00000000e3600000|  0%| F|  |TAMS 0x00000000e3500000| PB 0x00000000e3500000| Untracked 
|  54|0x00000000e3600000, 0x00000000e3600000, 0x00000000e3700000|  0%| F|  |TAMS 0x00000000e3600000| PB 0x00000000e3600000| Untracked 
|  55|0x00000000e3700000, 0x00000000e3700000, 0x00000000e3800000|  0%| F|  |TAMS 0x00000000e3700000| PB 0x00000000e3700000| Untracked 
|  56|0x00000000e3800000, 0x00000000e3800000, 0x00000000e3900000|  0%| F|  |TAMS 0x00000000e3800000| PB 0x00000000e3800000| Untracked 
|  57|0x00000000e3900000, 0x00000000e3900000, 0x00000000e3a00000|  0%| F|  |TAMS 0x00000000e3900000| PB 0x00000000e3900000| Untracked 
|  58|0x00000000e3a00000, 0x00000000e3a00000, 0x00000000e3b00000|  0%| F|  |TAMS 0x00000000e3a00000| PB 0x00000000e3a00000| Untracked 
|  59|0x00000000e3b00000, 0x00000000e3b00000, 0x00000000e3c00000|  0%| F|  |TAMS 0x00000000e3b00000| PB 0x00000000e3b00000| Untracked 
|  60|0x00000000e3c00000, 0x00000000e3c00000, 0x00000000e3d00000|  0%| F|  |TAMS 0x00000000e3c00000| PB 0x00000000e3c00000| Untracked 
|  61|0x00000000e3d00000, 0x00000000e3d00000, 0x00000000e3e00000|  0%| F|  |TAMS 0x00000000e3d00000| PB 0x00000000e3d00000| Untracked 
|  62|0x00000000e3e00000, 0x00000000e3e00000, 0x00000000e3f00000|  0%| F|  |TAMS 0x00000000e3e00000| PB 0x00000000e3e00000| Untracked 
|  63|0x00000000e3f00000, 0x00000000e3f00000, 0x00000000e4000000|  0%| F|  |TAMS 0x00000000e3f00000| PB 0x00000000e3f00000| Untracked 
|  64|0x00000000e4000000, 0x00000000e4000000, 0x00000000e4100000|  0%| F|  |TAMS 0x00000000e4000000| PB 0x00000000e4000000| Untracked 
|  65|0x00000000e4100000, 0x00000000e4100000, 0x00000000e4200000|  0%| F|  |TAMS 0x00000000e4100000| PB 0x00000000e4100000| Untracked 
|  66|0x00000000e4200000, 0x00000000e4200000, 0x00000000e4300000|  0%| F|  |TAMS 0x00000000e4200000| PB 0x00000000e4200000| Untracked 
|  67|0x00000000e4300000, 0x00000000e4300000, 0x00000000e4400000|  0%| F|  |TAMS 0x00000000e4300000| PB 0x00000000e4300000| Untracked 
|  68|0x00000000e4400000, 0x00000000e4400000, 0x00000000e4500000|  0%| F|  |TAMS 0x00000000e4400000| PB 0x00000000e4400000| Untracked 
|  69|0x00000000e4500000, 0x00000000e4500000, 0x00000000e4600000|  0%| F|  |TAMS 0x00000000e4500000| PB 0x00000000e4500000| Untracked 
|  70|0x00000000e4600000, 0x00000000e4600000, 0x00000000e4700000|  0%| F|  |TAMS 0x00000000e4600000| PB 0x00000000e4600000| Untracked 
|  71|0x00000000e4700000, 0x00000000e4700000, 0x00000000e4800000|  0%| F|  |TAMS 0x00000000e4700000| PB 0x00000000e4700000| Untracked 
|  72|0x00000000e4800000, 0x00000000e4800000, 0x00000000e4900000|  0%| F|  |TAMS 0x00000000e4800000| PB 0x00000000e4800000| Untracked 
|  73|0x00000000e4900000, 0x00000000e4900000, 0x00000000e4a00000|  0%| F|  |TAMS 0x00000000e4900000| PB 0x00000000e4900000| Untracked 
|  74|0x00000000e4a00000, 0x00000000e4a00000, 0x00000000e4b00000|  0%| F|  |TAMS 0x00000000e4a00000| PB 0x00000000e4a00000| Untracked 
|  75|0x00000000e4b00000, 0x00000000e4b00000, 0x00000000e4c00000|  0%| F|  |TAMS 0x00000000e4b00000| PB 0x00000000e4b00000| Untracked 
|  76|0x00000000e4c00000, 0x00000000e4c00000, 0x00000000e4d00000|  0%| F|  |TAMS 0x00000000e4c00000| PB 0x00000000e4c00000| Untracked 
|  77|0x00000000e4d00000, 0x00000000e4d00000, 0x00000000e4e00000|  0%| F|  |TAMS 0x00000000e4d00000| PB 0x00000000e4d00000| Untracked 
|  78|0x00000000e4e00000, 0x00000000e4e00000, 0x00000000e4f00000|  0%| F|  |TAMS 0x00000000e4e00000| PB 0x00000000e4e00000| Untracked 
|  79|0x00000000e4f00000, 0x00000000e4f00000, 0x00000000e5000000|  0%| F|  |TAMS 0x00000000e4f00000| PB 0x00000000e4f00000| Untracked 
|  80|0x00000000e5000000, 0x00000000e5000000, 0x00000000e5100000|  0%| F|  |TAMS 0x00000000e5000000| PB 0x00000000e5000000| Untracked 
|  81|0x00000000e5100000, 0x00000000e5100000, 0x00000000e5200000|  0%| F|  |TAMS 0x00000000e5100000| PB 0x00000000e5100000| Untracked 
|  82|0x00000000e5200000, 0x00000000e5200000, 0x00000000e5300000|  0%| F|  |TAMS 0x00000000e5200000| PB 0x00000000e5200000| Untracked 
|  83|0x00000000e5300000, 0x00000000e5300000, 0x00000000e5400000|  0%| F|  |TAMS 0x00000000e5300000| PB 0x00000000e5300000| Untracked 
|  84|0x00000000e5400000, 0x00000000e5400000, 0x00000000e5500000|  0%| F|  |TAMS 0x00000000e5400000| PB 0x00000000e5400000| Untracked 
|  85|0x00000000e5500000, 0x00000000e5500000, 0x00000000e5600000|  0%| F|  |TAMS 0x00000000e5500000| PB 0x00000000e5500000| Untracked 
|  86|0x00000000e5600000, 0x00000000e5600000, 0x00000000e5700000|  0%| F|  |TAMS 0x00000000e5600000| PB 0x00000000e5600000| Untracked 
|  87|0x00000000e5700000, 0x00000000e5700000, 0x00000000e5800000|  0%| F|  |TAMS 0x00000000e5700000| PB 0x00000000e5700000| Untracked 
|  88|0x00000000e5800000, 0x00000000e5800000, 0x00000000e5900000|  0%| F|  |TAMS 0x00000000e5800000| PB 0x00000000e5800000| Untracked 
|  89|0x00000000e5900000, 0x00000000e5900000, 0x00000000e5a00000|  0%| F|  |TAMS 0x00000000e5900000| PB 0x00000000e5900000| Untracked 
|  90|0x00000000e5a00000, 0x00000000e5a00000, 0x00000000e5b00000|  0%| F|  |TAMS 0x00000000e5a00000| PB 0x00000000e5a00000| Untracked 
|  91|0x00000000e5b00000, 0x00000000e5b00000, 0x00000000e5c00000|  0%| F|  |TAMS 0x00000000e5b00000| PB 0x00000000e5b00000| Untracked 
|  92|0x00000000e5c00000, 0x00000000e5c00000, 0x00000000e5d00000|  0%| F|  |TAMS 0x00000000e5c00000| PB 0x00000000e5c00000| Untracked 
|  93|0x00000000e5d00000, 0x00000000e5d00000, 0x00000000e5e00000|  0%| F|  |TAMS 0x00000000e5d00000| PB 0x00000000e5d00000| Untracked 
|  94|0x00000000e5e00000, 0x00000000e5e00000, 0x00000000e5f00000|  0%| F|  |TAMS 0x00000000e5e00000| PB 0x00000000e5e00000| Untracked 
|  95|0x00000000e5f00000, 0x00000000e5f00000, 0x00000000e6000000|  0%| F|  |TAMS 0x00000000e5f00000| PB 0x00000000e5f00000| Untracked 
|  96|0x00000000e6000000, 0x00000000e6000000, 0x00000000e6100000|  0%| F|  |TAMS 0x00000000e6000000| PB 0x00000000e6000000| Untracked 
|  97|0x00000000e6100000, 0x00000000e6100000, 0x00000000e6200000|  0%| F|  |TAMS 0x00000000e6100000| PB 0x00000000e6100000| Untracked 
|  98|0x00000000e6200000, 0x00000000e6200000, 0x00000000e6300000|  0%| F|  |TAMS 0x00000000e6200000| PB 0x00000000e6200000| Untracked 
|  99|0x00000000e6300000, 0x00000000e6300000, 0x00000000e6400000|  0%| F|  |TAMS 0x00000000e6300000| PB 0x00000000e6300000| Untracked 
| 100|0x00000000e6400000, 0x00000000e6400000, 0x00000000e6500000|  0%| F|  |TAMS 0x00000000e6400000| PB 0x00000000e6400000| Untracked 
| 101|0x00000000e6500000, 0x00000000e6500000, 0x00000000e6600000|  0%| F|  |TAMS 0x00000000e6500000| PB 0x00000000e6500000| Untracked 
| 102|0x00000000e6600000, 0x00000000e6600000, 0x00000000e6700000|  0%| F|  |TAMS 0x00000000e6600000| PB 0x00000000e6600000| Untracked 
| 103|0x00000000e6700000, 0x00000000e6700000, 0x00000000e6800000|  0%| F|  |TAMS 0x00000000e6700000| PB 0x00000000e6700000| Untracked 
| 104|0x00000000e6800000, 0x00000000e6800000, 0x00000000e6900000|  0%| F|  |TAMS 0x00000000e6800000| PB 0x00000000e6800000| Untracked 
| 105|0x00000000e6900000, 0x00000000e6900000, 0x00000000e6a00000|  0%| F|  |TAMS 0x00000000e6900000| PB 0x00000000e6900000| Untracked 
| 106|0x00000000e6a00000, 0x00000000e6a00000, 0x00000000e6b00000|  0%| F|  |TAMS 0x00000000e6a00000| PB 0x00000000e6a00000| Untracked 
| 107|0x00000000e6b00000, 0x00000000e6b00000, 0x00000000e6c00000|  0%| F|  |TAMS 0x00000000e6b00000| PB 0x00000000e6b00000| Untracked 
| 108|0x00000000e6c00000, 0x00000000e6c00000, 0x00000000e6d00000|  0%| F|  |TAMS 0x00000000e6c00000| PB 0x00000000e6c00000| Untracked 
| 109|0x00000000e6d00000, 0x00000000e6d00000, 0x00000000e6e00000|  0%| F|  |TAMS 0x00000000e6d00000| PB 0x00000000e6d00000| Untracked 
| 110|0x00000000e6e00000, 0x00000000e6e00000, 0x00000000e6f00000|  0%| F|  |TAMS 0x00000000e6e00000| PB 0x00000000e6e00000| Untracked 
| 111|0x00000000e6f00000, 0x00000000e6f00000, 0x00000000e7000000|  0%| F|  |TAMS 0x00000000e6f00000| PB 0x00000000e6f00000| Untracked 
| 112|0x00000000e7000000, 0x00000000e7000000, 0x00000000e7100000|  0%| F|  |TAMS 0x00000000e7000000| PB 0x00000000e7000000| Untracked 
| 113|0x00000000e7100000, 0x00000000e7100000, 0x00000000e7200000|  0%| F|  |TAMS 0x00000000e7100000| PB 0x00000000e7100000| Untracked 
| 114|0x00000000e7200000, 0x00000000e7200000, 0x00000000e7300000|  0%| F|  |TAMS 0x00000000e7200000| PB 0x00000000e7200000| Untracked 
| 115|0x00000000e7300000, 0x00000000e7300000, 0x00000000e7400000|  0%| F|  |TAMS 0x00000000e7300000| PB 0x00000000e7300000| Untracked 
| 116|0x00000000e7400000, 0x00000000e7400000, 0x00000000e7500000|  0%| F|  |TAMS 0x00000000e7400000| PB 0x00000000e7400000| Untracked 
| 117|0x00000000e7500000, 0x00000000e7500000, 0x00000000e7600000|  0%| F|  |TAMS 0x00000000e7500000| PB 0x00000000e7500000| Untracked 
| 118|0x00000000e7600000, 0x00000000e7600000, 0x00000000e7700000|  0%| F|  |TAMS 0x00000000e7600000| PB 0x00000000e7600000| Untracked 
| 119|0x00000000e7700000, 0x00000000e7700000, 0x00000000e7800000|  0%| F|  |TAMS 0x00000000e7700000| PB 0x00000000e7700000| Untracked 
| 120|0x00000000e7800000, 0x00000000e7800000, 0x00000000e7900000|  0%| F|  |TAMS 0x00000000e7800000| PB 0x00000000e7800000| Untracked 
| 121|0x00000000e7900000, 0x00000000e7900000, 0x00000000e7a00000|  0%| F|  |TAMS 0x00000000e7900000| PB 0x00000000e7900000| Untracked 
| 122|0x00000000e7a00000, 0x00000000e7a00000, 0x00000000e7b00000|  0%| F|  |TAMS 0x00000000e7a00000| PB 0x00000000e7a00000| Untracked 
| 123|0x00000000e7b00000, 0x00000000e7b00000, 0x00000000e7c00000|  0%| F|  |TAMS 0x00000000e7b00000| PB 0x00000000e7b00000| Untracked 
| 124|0x00000000e7c00000, 0x00000000e7c00000, 0x00000000e7d00000|  0%| F|  |TAMS 0x00000000e7c00000| PB 0x00000000e7c00000| Untracked 
| 125|0x00000000e7d00000, 0x00000000e7d00000, 0x00000000e7e00000|  0%| F|  |TAMS 0x00000000e7d00000| PB 0x00000000e7d00000| Untracked 
| 126|0x00000000e7e00000, 0x00000000e7e00000, 0x00000000e7f00000|  0%| F|  |TAMS 0x00000000e7e00000| PB 0x00000000e7e00000| Untracked 
| 127|0x00000000e7f00000, 0x00000000e7f00000, 0x00000000e8000000|  0%| F|  |TAMS 0x00000000e7f00000| PB 0x00000000e7f00000| Untracked 
| 128|0x00000000e8000000, 0x00000000e8000000, 0x00000000e8100000|  0%| F|  |TAMS 0x00000000e8000000| PB 0x00000000e8000000| Untracked 
| 129|0x00000000e8100000, 0x00000000e8100000, 0x00000000e8200000|  0%| F|  |TAMS 0x00000000e8100000| PB 0x00000000e8100000| Untracked 
| 130|0x00000000e8200000, 0x00000000e8200000, 0x00000000e8300000|  0%| F|  |TAMS 0x00000000e8200000| PB 0x00000000e8200000| Untracked 
| 131|0x00000000e8300000, 0x00000000e8300000, 0x00000000e8400000|  0%| F|  |TAMS 0x00000000e8300000| PB 0x00000000e8300000| Untracked 
| 132|0x00000000e8400000, 0x00000000e8400000, 0x00000000e8500000|  0%| F|  |TAMS 0x00000000e8400000| PB 0x00000000e8400000| Untracked 
| 133|0x00000000e8500000, 0x00000000e8500000, 0x00000000e8600000|  0%| F|  |TAMS 0x00000000e8500000| PB 0x00000000e8500000| Untracked 
| 134|0x00000000e8600000, 0x00000000e8600000, 0x00000000e8700000|  0%| F|  |TAMS 0x00000000e8600000| PB 0x00000000e8600000| Untracked 
| 135|0x00000000e8700000, 0x00000000e8700000, 0x00000000e8800000|  0%| F|  |TAMS 0x00000000e8700000| PB 0x00000000e8700000| Untracked 
| 136|0x00000000e8800000, 0x00000000e8800000, 0x00000000e8900000|  0%| F|  |TAMS 0x00000000e8800000| PB 0x00000000e8800000| Untracked 
| 137|0x00000000e8900000, 0x00000000e8900000, 0x00000000e8a00000|  0%| F|  |TAMS 0x00000000e8900000| PB 0x00000000e8900000| Untracked 
| 138|0x00000000e8a00000, 0x00000000e8a76190, 0x00000000e8b00000| 46%| S|CS|TAMS 0x00000000e8a00000| PB 0x00000000e8a00000| Complete 
| 139|0x00000000e8b00000, 0x00000000e8c00000, 0x00000000e8c00000|100%| S|CS|TAMS 0x00000000e8b00000| PB 0x00000000e8b00000| Complete 
| 140|0x00000000e8c00000, 0x00000000e8d00000, 0x00000000e8d00000|100%| S|CS|TAMS 0x00000000e8c00000| PB 0x00000000e8c00000| Complete 
| 141|0x00000000e8d00000, 0x00000000e8e00000, 0x00000000e8e00000|100%| S|CS|TAMS 0x00000000e8d00000| PB 0x00000000e8d00000| Complete 
| 142|0x00000000e8e00000, 0x00000000e8f00000, 0x00000000e8f00000|100%| S|CS|TAMS 0x00000000e8e00000| PB 0x00000000e8e00000| Complete 
| 143|0x00000000e8f00000, 0x00000000e9000000, 0x00000000e9000000|100%| S|CS|TAMS 0x00000000e8f00000| PB 0x00000000e8f00000| Complete 
| 144|0x00000000e9000000, 0x00000000e9100000, 0x00000000e9100000|100%| S|CS|TAMS 0x00000000e9000000| PB 0x00000000e9000000| Complete 
| 145|0x00000000e9100000, 0x00000000e9200000, 0x00000000e9200000|100%| S|CS|TAMS 0x00000000e9100000| PB 0x00000000e9100000| Complete 
| 146|0x00000000e9200000, 0x00000000e9300000, 0x00000000e9300000|100%| S|CS|TAMS 0x00000000e9200000| PB 0x00000000e9200000| Complete 
| 147|0x00000000e9300000, 0x00000000e9400000, 0x00000000e9400000|100%| S|CS|TAMS 0x00000000e9300000| PB 0x00000000e9300000| Complete 
| 148|0x00000000e9400000, 0x00000000e9400000, 0x00000000e9500000|  0%| F|  |TAMS 0x00000000e9400000| PB 0x00000000e9400000| Untracked 
| 149|0x00000000e9500000, 0x00000000e9500000, 0x00000000e9600000|  0%| F|  |TAMS 0x00000000e9500000| PB 0x00000000e9500000| Untracked 
| 150|0x00000000e9600000, 0x00000000e9600000, 0x00000000e9700000|  0%| F|  |TAMS 0x00000000e9600000| PB 0x00000000e9600000| Untracked 
| 151|0x00000000e9700000, 0x00000000e9700000, 0x00000000e9800000|  0%| F|  |TAMS 0x00000000e9700000| PB 0x00000000e9700000| Untracked 
| 152|0x00000000e9800000, 0x00000000e9800000, 0x00000000e9900000|  0%| F|  |TAMS 0x00000000e9800000| PB 0x00000000e9800000| Untracked 
| 153|0x00000000e9900000, 0x00000000e9900000, 0x00000000e9a00000|  0%| F|  |TAMS 0x00000000e9900000| PB 0x00000000e9900000| Untracked 
| 154|0x00000000e9a00000, 0x00000000e9a00000, 0x00000000e9b00000|  0%| F|  |TAMS 0x00000000e9a00000| PB 0x00000000e9a00000| Untracked 
| 155|0x00000000e9b00000, 0x00000000e9b00000, 0x00000000e9c00000|  0%| F|  |TAMS 0x00000000e9b00000| PB 0x00000000e9b00000| Untracked 
| 156|0x00000000e9c00000, 0x00000000e9c00000, 0x00000000e9d00000|  0%| F|  |TAMS 0x00000000e9c00000| PB 0x00000000e9c00000| Untracked 
| 157|0x00000000e9d00000, 0x00000000e9d00000, 0x00000000e9e00000|  0%| F|  |TAMS 0x00000000e9d00000| PB 0x00000000e9d00000| Untracked 
| 158|0x00000000e9e00000, 0x00000000e9e00000, 0x00000000e9f00000|  0%| F|  |TAMS 0x00000000e9e00000| PB 0x00000000e9e00000| Untracked 
| 159|0x00000000e9f00000, 0x00000000e9f00000, 0x00000000ea000000|  0%| F|  |TAMS 0x00000000e9f00000| PB 0x00000000e9f00000| Untracked 
| 160|0x00000000ea000000, 0x00000000ea000000, 0x00000000ea100000|  0%| F|  |TAMS 0x00000000ea000000| PB 0x00000000ea000000| Untracked 
| 161|0x00000000ea100000, 0x00000000ea100000, 0x00000000ea200000|  0%| F|  |TAMS 0x00000000ea100000| PB 0x00000000ea100000| Untracked 
| 162|0x00000000ea200000, 0x00000000ea200000, 0x00000000ea300000|  0%| F|  |TAMS 0x00000000ea200000| PB 0x00000000ea200000| Untracked 
| 163|0x00000000ea300000, 0x00000000ea300000, 0x00000000ea400000|  0%| F|  |TAMS 0x00000000ea300000| PB 0x00000000ea300000| Untracked 
| 164|0x00000000ea400000, 0x00000000ea400000, 0x00000000ea500000|  0%| F|  |TAMS 0x00000000ea400000| PB 0x00000000ea400000| Untracked 
| 165|0x00000000ea500000, 0x00000000ea500000, 0x00000000ea600000|  0%| F|  |TAMS 0x00000000ea500000| PB 0x00000000ea500000| Untracked 
| 166|0x00000000ea600000, 0x00000000ea600000, 0x00000000ea700000|  0%| F|  |TAMS 0x00000000ea600000| PB 0x00000000ea600000| Untracked 
| 167|0x00000000ea700000, 0x00000000ea700000, 0x00000000ea800000|  0%| F|  |TAMS 0x00000000ea700000| PB 0x00000000ea700000| Untracked 
| 168|0x00000000ea800000, 0x00000000ea800000, 0x00000000ea900000|  0%| F|  |TAMS 0x00000000ea800000| PB 0x00000000ea800000| Untracked 
| 169|0x00000000ea900000, 0x00000000ea900000, 0x00000000eaa00000|  0%| F|  |TAMS 0x00000000ea900000| PB 0x00000000ea900000| Untracked 
| 170|0x00000000eaa00000, 0x00000000eaa00000, 0x00000000eab00000|  0%| F|  |TAMS 0x00000000eaa00000| PB 0x00000000eaa00000| Untracked 
| 171|0x00000000eab00000, 0x00000000eab00000, 0x00000000eac00000|  0%| F|  |TAMS 0x00000000eab00000| PB 0x00000000eab00000| Untracked 
| 172|0x00000000eac00000, 0x00000000eac00000, 0x00000000ead00000|  0%| F|  |TAMS 0x00000000eac00000| PB 0x00000000eac00000| Untracked 
| 173|0x00000000ead00000, 0x00000000ead00000, 0x00000000eae00000|  0%| F|  |TAMS 0x00000000ead00000| PB 0x00000000ead00000| Untracked 
| 174|0x00000000eae00000, 0x00000000eae00000, 0x00000000eaf00000|  0%| F|  |TAMS 0x00000000eae00000| PB 0x00000000eae00000| Untracked 
| 175|0x00000000eaf00000, 0x00000000eaf00000, 0x00000000eb000000|  0%| F|  |TAMS 0x00000000eaf00000| PB 0x00000000eaf00000| Untracked 
| 176|0x00000000eb000000, 0x00000000eb000000, 0x00000000eb100000|  0%| F|  |TAMS 0x00000000eb000000| PB 0x00000000eb000000| Untracked 
| 177|0x00000000eb100000, 0x00000000eb100000, 0x00000000eb200000|  0%| F|  |TAMS 0x00000000eb100000| PB 0x00000000eb100000| Untracked 
| 178|0x00000000eb200000, 0x00000000eb200000, 0x00000000eb300000|  0%| F|  |TAMS 0x00000000eb200000| PB 0x00000000eb200000| Untracked 
| 179|0x00000000eb300000, 0x00000000eb300000, 0x00000000eb400000|  0%| F|  |TAMS 0x00000000eb300000| PB 0x00000000eb300000| Untracked 
| 180|0x00000000eb400000, 0x00000000eb400000, 0x00000000eb500000|  0%| F|  |TAMS 0x00000000eb400000| PB 0x00000000eb400000| Untracked 
| 181|0x00000000eb500000, 0x00000000eb500000, 0x00000000eb600000|  0%| F|  |TAMS 0x00000000eb500000| PB 0x00000000eb500000| Untracked 
| 182|0x00000000eb600000, 0x00000000eb600000, 0x00000000eb700000|  0%| F|  |TAMS 0x00000000eb600000| PB 0x00000000eb600000| Untracked 
| 183|0x00000000eb700000, 0x00000000eb700000, 0x00000000eb800000|  0%| F|  |TAMS 0x00000000eb700000| PB 0x00000000eb700000| Untracked 
| 184|0x00000000eb800000, 0x00000000eb800000, 0x00000000eb900000|  0%| F|  |TAMS 0x00000000eb800000| PB 0x00000000eb800000| Untracked 
| 185|0x00000000eb900000, 0x00000000eb900000, 0x00000000eba00000|  0%| F|  |TAMS 0x00000000eb900000| PB 0x00000000eb900000| Untracked 
| 186|0x00000000eba00000, 0x00000000eba00000, 0x00000000ebb00000|  0%| F|  |TAMS 0x00000000eba00000| PB 0x00000000eba00000| Untracked 
| 187|0x00000000ebb00000, 0x00000000ebb00000, 0x00000000ebc00000|  0%| F|  |TAMS 0x00000000ebb00000| PB 0x00000000ebb00000| Untracked 
| 188|0x00000000ebc00000, 0x00000000ebc00000, 0x00000000ebd00000|  0%| F|  |TAMS 0x00000000ebc00000| PB 0x00000000ebc00000| Untracked 
| 189|0x00000000ebd00000, 0x00000000ebd00000, 0x00000000ebe00000|  0%| F|  |TAMS 0x00000000ebd00000| PB 0x00000000ebd00000| Untracked 
| 190|0x00000000ebe00000, 0x00000000ebe00000, 0x00000000ebf00000|  0%| F|  |TAMS 0x00000000ebe00000| PB 0x00000000ebe00000| Untracked 
| 191|0x00000000ebf00000, 0x00000000ebf00000, 0x00000000ec000000|  0%| F|  |TAMS 0x00000000ebf00000| PB 0x00000000ebf00000| Untracked 
| 192|0x00000000ec000000, 0x00000000ec000000, 0x00000000ec100000|  0%| F|  |TAMS 0x00000000ec000000| PB 0x00000000ec000000| Untracked 
| 193|0x00000000ec100000, 0x00000000ec100000, 0x00000000ec200000|  0%| F|  |TAMS 0x00000000ec100000| PB 0x00000000ec100000| Untracked 
| 194|0x00000000ec200000, 0x00000000ec200000, 0x00000000ec300000|  0%| F|  |TAMS 0x00000000ec200000| PB 0x00000000ec200000| Untracked 
| 195|0x00000000ec300000, 0x00000000ec300000, 0x00000000ec400000|  0%| F|  |TAMS 0x00000000ec300000| PB 0x00000000ec300000| Untracked 
| 196|0x00000000ec400000, 0x00000000ec400000, 0x00000000ec500000|  0%| F|  |TAMS 0x00000000ec400000| PB 0x00000000ec400000| Untracked 
| 197|0x00000000ec500000, 0x00000000ec500000, 0x00000000ec600000|  0%| F|  |TAMS 0x00000000ec500000| PB 0x00000000ec500000| Untracked 
| 198|0x00000000ec600000, 0x00000000ec600000, 0x00000000ec700000|  0%| F|  |TAMS 0x00000000ec600000| PB 0x00000000ec600000| Untracked 
| 199|0x00000000ec700000, 0x00000000ec700000, 0x00000000ec800000|  0%| F|  |TAMS 0x00000000ec700000| PB 0x00000000ec700000| Untracked 
| 200|0x00000000ec800000, 0x00000000ec800000, 0x00000000ec900000|  0%| F|  |TAMS 0x00000000ec800000| PB 0x00000000ec800000| Untracked 
| 201|0x00000000ec900000, 0x00000000ec900000, 0x00000000eca00000|  0%| F|  |TAMS 0x00000000ec900000| PB 0x00000000ec900000| Untracked 
| 202|0x00000000eca00000, 0x00000000eca00000, 0x00000000ecb00000|  0%| F|  |TAMS 0x00000000eca00000| PB 0x00000000eca00000| Untracked 
| 203|0x00000000ecb00000, 0x00000000ecb00000, 0x00000000ecc00000|  0%| F|  |TAMS 0x00000000ecb00000| PB 0x00000000ecb00000| Untracked 
| 204|0x00000000ecc00000, 0x00000000ecc00000, 0x00000000ecd00000|  0%| F|  |TAMS 0x00000000ecc00000| PB 0x00000000ecc00000| Untracked 
| 205|0x00000000ecd00000, 0x00000000ecd00000, 0x00000000ece00000|  0%| F|  |TAMS 0x00000000ecd00000| PB 0x00000000ecd00000| Untracked 
| 206|0x00000000ece00000, 0x00000000ece00000, 0x00000000ecf00000|  0%| F|  |TAMS 0x00000000ece00000| PB 0x00000000ece00000| Untracked 
| 207|0x00000000ecf00000, 0x00000000ecf00000, 0x00000000ed000000|  0%| F|  |TAMS 0x00000000ecf00000| PB 0x00000000ecf00000| Untracked 
| 208|0x00000000ed000000, 0x00000000ed000000, 0x00000000ed100000|  0%| F|  |TAMS 0x00000000ed000000| PB 0x00000000ed000000| Untracked 
| 209|0x00000000ed100000, 0x00000000ed100000, 0x00000000ed200000|  0%| F|  |TAMS 0x00000000ed100000| PB 0x00000000ed100000| Untracked 
| 210|0x00000000ed200000, 0x00000000ed200000, 0x00000000ed300000|  0%| F|  |TAMS 0x00000000ed200000| PB 0x00000000ed200000| Untracked 
| 211|0x00000000ed300000, 0x00000000ed300000, 0x00000000ed400000|  0%| F|  |TAMS 0x00000000ed300000| PB 0x00000000ed300000| Untracked 
| 212|0x00000000ed400000, 0x00000000ed400000, 0x00000000ed500000|  0%| F|  |TAMS 0x00000000ed400000| PB 0x00000000ed400000| Untracked 
| 213|0x00000000ed500000, 0x00000000ed500000, 0x00000000ed600000|  0%| F|  |TAMS 0x00000000ed500000| PB 0x00000000ed500000| Untracked 
| 214|0x00000000ed600000, 0x00000000ed600000, 0x00000000ed700000|  0%| F|  |TAMS 0x00000000ed600000| PB 0x00000000ed600000| Untracked 
| 215|0x00000000ed700000, 0x00000000ed700000, 0x00000000ed800000|  0%| F|  |TAMS 0x00000000ed700000| PB 0x00000000ed700000| Untracked 
| 216|0x00000000ed800000, 0x00000000ed800000, 0x00000000ed900000|  0%| F|  |TAMS 0x00000000ed800000| PB 0x00000000ed800000| Untracked 
| 217|0x00000000ed900000, 0x00000000ed900000, 0x00000000eda00000|  0%| F|  |TAMS 0x00000000ed900000| PB 0x00000000ed900000| Untracked 
| 218|0x00000000eda00000, 0x00000000eda00000, 0x00000000edb00000|  0%| F|  |TAMS 0x00000000eda00000| PB 0x00000000eda00000| Untracked 
| 219|0x00000000edb00000, 0x00000000edb00000, 0x00000000edc00000|  0%| F|  |TAMS 0x00000000edb00000| PB 0x00000000edb00000| Untracked 
| 220|0x00000000edc00000, 0x00000000edc00000, 0x00000000edd00000|  0%| F|  |TAMS 0x00000000edc00000| PB 0x00000000edc00000| Untracked 
| 221|0x00000000edd00000, 0x00000000edd00000, 0x00000000ede00000|  0%| F|  |TAMS 0x00000000edd00000| PB 0x00000000edd00000| Untracked 
| 222|0x00000000ede00000, 0x00000000ede00000, 0x00000000edf00000|  0%| F|  |TAMS 0x00000000ede00000| PB 0x00000000ede00000| Untracked 
| 223|0x00000000edf00000, 0x00000000edf00000, 0x00000000ee000000|  0%| F|  |TAMS 0x00000000edf00000| PB 0x00000000edf00000| Untracked 
| 224|0x00000000ee000000, 0x00000000ee000000, 0x00000000ee100000|  0%| F|  |TAMS 0x00000000ee000000| PB 0x00000000ee000000| Untracked 
| 225|0x00000000ee100000, 0x00000000ee100000, 0x00000000ee200000|  0%| F|  |TAMS 0x00000000ee100000| PB 0x00000000ee100000| Untracked 
| 226|0x00000000ee200000, 0x00000000ee200000, 0x00000000ee300000|  0%| F|  |TAMS 0x00000000ee200000| PB 0x00000000ee200000| Untracked 
| 227|0x00000000ee300000, 0x00000000ee300000, 0x00000000ee400000|  0%| F|  |TAMS 0x00000000ee300000| PB 0x00000000ee300000| Untracked 
| 228|0x00000000ee400000, 0x00000000ee400000, 0x00000000ee500000|  0%| F|  |TAMS 0x00000000ee400000| PB 0x00000000ee400000| Untracked 
| 229|0x00000000ee500000, 0x00000000ee500000, 0x00000000ee600000|  0%| F|  |TAMS 0x00000000ee500000| PB 0x00000000ee500000| Untracked 
| 230|0x00000000ee600000, 0x00000000ee600000, 0x00000000ee700000|  0%| F|  |TAMS 0x00000000ee600000| PB 0x00000000ee600000| Untracked 
| 231|0x00000000ee700000, 0x00000000ee700000, 0x00000000ee800000|  0%| F|  |TAMS 0x00000000ee700000| PB 0x00000000ee700000| Untracked 
| 232|0x00000000ee800000, 0x00000000ee800000, 0x00000000ee900000|  0%| F|  |TAMS 0x00000000ee800000| PB 0x00000000ee800000| Untracked 
| 233|0x00000000ee900000, 0x00000000ee900000, 0x00000000eea00000|  0%| F|  |TAMS 0x00000000ee900000| PB 0x00000000ee900000| Untracked 
| 234|0x00000000eea00000, 0x00000000eea00000, 0x00000000eeb00000|  0%| F|  |TAMS 0x00000000eea00000| PB 0x00000000eea00000| Untracked 
| 235|0x00000000eeb00000, 0x00000000eeb00000, 0x00000000eec00000|  0%| F|  |TAMS 0x00000000eeb00000| PB 0x00000000eeb00000| Untracked 
| 236|0x00000000eec00000, 0x00000000eec00000, 0x00000000eed00000|  0%| F|  |TAMS 0x00000000eec00000| PB 0x00000000eec00000| Untracked 
| 237|0x00000000eed00000, 0x00000000eed00000, 0x00000000eee00000|  0%| F|  |TAMS 0x00000000eed00000| PB 0x00000000eed00000| Untracked 
| 238|0x00000000eee00000, 0x00000000eee00000, 0x00000000eef00000|  0%| F|  |TAMS 0x00000000eee00000| PB 0x00000000eee00000| Untracked 
| 239|0x00000000eef00000, 0x00000000eef00000, 0x00000000ef000000|  0%| F|  |TAMS 0x00000000eef00000| PB 0x00000000eef00000| Untracked 
| 240|0x00000000ef000000, 0x00000000ef000000, 0x00000000ef100000|  0%| F|  |TAMS 0x00000000ef000000| PB 0x00000000ef000000| Untracked 
| 241|0x00000000ef100000, 0x00000000ef100000, 0x00000000ef200000|  0%| F|  |TAMS 0x00000000ef100000| PB 0x00000000ef100000| Untracked 
| 242|0x00000000ef200000, 0x00000000ef200000, 0x00000000ef300000|  0%| F|  |TAMS 0x00000000ef200000| PB 0x00000000ef200000| Untracked 
| 243|0x00000000ef300000, 0x00000000ef300000, 0x00000000ef400000|  0%| F|  |TAMS 0x00000000ef300000| PB 0x00000000ef300000| Untracked 
| 244|0x00000000ef400000, 0x00000000ef400000, 0x00000000ef500000|  0%| F|  |TAMS 0x00000000ef400000| PB 0x00000000ef400000| Untracked 
| 245|0x00000000ef500000, 0x00000000ef500000, 0x00000000ef600000|  0%| F|  |TAMS 0x00000000ef500000| PB 0x00000000ef500000| Untracked 
| 246|0x00000000ef600000, 0x00000000ef600000, 0x00000000ef700000|  0%| F|  |TAMS 0x00000000ef600000| PB 0x00000000ef600000| Untracked 
| 247|0x00000000ef700000, 0x00000000ef700000, 0x00000000ef800000|  0%| F|  |TAMS 0x00000000ef700000| PB 0x00000000ef700000| Untracked 
| 248|0x00000000ef800000, 0x00000000ef800000, 0x00000000ef900000|  0%| F|  |TAMS 0x00000000ef800000| PB 0x00000000ef800000| Untracked 
| 249|0x00000000ef900000, 0x00000000ef900000, 0x00000000efa00000|  0%| F|  |TAMS 0x00000000ef900000| PB 0x00000000ef900000| Untracked 
| 250|0x00000000efa00000, 0x00000000efa00000, 0x00000000efb00000|  0%| F|  |TAMS 0x00000000efa00000| PB 0x00000000efa00000| Untracked 
| 251|0x00000000efb00000, 0x00000000efb00000, 0x00000000efc00000|  0%| F|  |TAMS 0x00000000efb00000| PB 0x00000000efb00000| Untracked 
| 252|0x00000000efc00000, 0x00000000efc287a0, 0x00000000efd00000| 15%| E|  |TAMS 0x00000000efc00000| PB 0x00000000efc00000| Complete 
| 253|0x00000000efd00000, 0x00000000efe00000, 0x00000000efe00000|100%| E|CS|TAMS 0x00000000efd00000| PB 0x00000000efd00000| Complete 
| 254|0x00000000efe00000, 0x00000000eff00000, 0x00000000eff00000|100%| E|CS|TAMS 0x00000000efe00000| PB 0x00000000efe00000| Complete 
| 255|0x00000000eff00000, 0x00000000f0000000, 0x00000000f0000000|100%| E|CS|TAMS 0x00000000eff00000| PB 0x00000000eff00000| Complete 

Card table byte_map: [0x00000195c3420000,0x00000195c3520000] _byte_map_base: 0x00000195c2d20000

Marking Bits: (CMBitMap*) 0x00000195abd59710
 Bits: [0x00000195c3520000, 0x00000195c3d20000)

Polling page: 0x00000195ab4f0000

Metaspace:

Usage:
  Non-class:     29.70 MB used.
      Class:      4.70 MB used.
       Both:     34.40 MB used.

Virtual space:
  Non-class space:       64.00 MB reserved,      30.25 MB ( 47%) committed,  1 nodes.
      Class space:      320.00 MB reserved,       5.25 MB (  2%) committed,  1 nodes.
             Both:      384.00 MB reserved,      35.50 MB (  9%) committed. 

Chunk freelists:
   Non-Class:  866.00 KB
       Class:  10.79 MB
        Both:  11.64 MB

MaxMetaspaceSize: 384.00 MB
CompressedClassSpaceSize: 320.00 MB
Initial GC threshold: 21.00 MB
Current GC threshold: 58.69 MB
CDS: on
 - commit_granule_bytes: 65536.
 - commit_granule_words: 8192.
 - virtual_space_node_default_size: 8388608.
 - enlarge_chunks_in_place: 1.
 - use_allocation_guard: 0.


Internal statistics:

num_allocs_failed_limit: 6.
num_arena_births: 1718.
num_arena_deaths: 0.
num_vsnodes_births: 2.
num_vsnodes_deaths: 0.
num_space_committed: 568.
num_space_uncommitted: 0.
num_chunks_returned_to_freelist: 6.
num_chunks_taken_from_freelist: 3205.
num_chunk_merges: 6.
num_chunk_splits: 2081.
num_chunks_enlarged: 1286.
num_inconsistent_stats: 0.

CodeHeap 'non-profiled nmethods': size=120000Kb used=2312Kb max_used=2693Kb free=117687Kb
 bounds [0x00000195bbef0000, 0x00000195bc1a0000, 0x00000195c3420000]
CodeHeap 'profiled nmethods': size=120000Kb used=7711Kb max_used=9032Kb free=112288Kb
 bounds [0x00000195b4420000, 0x00000195b4d00000, 0x00000195bb950000]
CodeHeap 'non-nmethods': size=5760Kb used=2676Kb max_used=2676Kb free=3083Kb
 bounds [0x00000195bb950000, 0x00000195bbbf0000, 0x00000195bbef0000]
 total_blobs=4786 nmethods=3967 adapters=722
 compilation: enabled
              stopped_count=0, restarted_count=0
 full_count=0

Compilation events (20 events):
Event: 80.347 Thread 0x00000195c6340fe0 nmethod 4465% 0x00000195bc189290 code [0x00000195bc189780, 0x00000195bc18e068]
Event: 80.349 Thread 0x00000195c6340fe0 4474   !   4       java.lang.ClassLoader::loadClass (121 bytes)
Event: 80.430 Thread 0x00000195c635e4c0 4498       3       java.lang.reflect.Field::copy (80 bytes)
Event: 80.431 Thread 0x00000195c635e4c0 nmethod 4498 0x00000195b4cef190 code [0x00000195b4cef360, 0x00000195b4cef770]
Event: 80.431 Thread 0x00000195c635e4c0 4499       1       java.lang.reflect.Field::getType (5 bytes)
Event: 80.431 Thread 0x00000195c635e4c0 nmethod 4499 0x00000195bc190a90 code [0x00000195bc190c20, 0x00000195bc190ce8]
Event: 80.432 Thread 0x00000195c635e4c0 4500       3       org.codehaus.groovy.reflection.CachedMethod$MyComparator::compare (43 bytes)
Event: 80.432 Thread 0x00000195c635e4c0 nmethod 4500 0x00000195b4cef890 code [0x00000195b4cefb00, 0x00000195b4cf0920]
Event: 80.432 Thread 0x00000195c635e4c0 4501       3       org.codehaus.groovy.reflection.CachedMethod::compareToMethod (125 bytes)
Event: 80.434 Thread 0x00000195c635e4c0 nmethod 4501 0x00000195b4cf0b90 code [0x00000195b4cf0e80, 0x00000195b4cf1c88]
Event: 80.434 Thread 0x00000195c635e4c0 4502       1       groovy.lang.MetaProperty::getType (5 bytes)
Event: 80.434 Thread 0x00000195c635e4c0 nmethod 4502 0x00000195bc190d90 code [0x00000195bc190f20, 0x00000195bc190fe8]
Event: 80.434 Thread 0x00000195c635e4c0 4503       1       groovy.lang.MetaBeanProperty::getGetter (5 bytes)
Event: 80.434 Thread 0x00000195c635e4c0 nmethod 4503 0x00000195bc191090 code [0x00000195bc191220, 0x00000195bc1912e8]
Event: 80.434 Thread 0x00000195c635e4c0 4504       1       groovy.lang.MetaBeanProperty::getField (5 bytes)
Event: 80.434 Thread 0x00000195c635e4c0 nmethod 4504 0x00000195bc191390 code [0x00000195bc191520, 0x00000195bc1915e8]
Event: 80.673 Thread 0x00000195c635e4c0 4506       3       java.lang.invoke.MethodHandleNatives$CallSiteContext::run (5 bytes)
Event: 80.673 Thread 0x00000195c635e4c0 nmethod 4506 0x00000195b4441a10 code [0x00000195b4441bc0, 0x00000195b4441cf8]
Event: 80.673 Thread 0x00000195c635e4c0 4507       3       java.lang.ref.ReferenceQueue::remove0 (64 bytes)
Event: 80.673 Thread 0x00000195c635e4c0 nmethod 4507 0x00000195b4480410 code [0x00000195b4480620, 0x00000195b4480aa0]

GC Heap History (10 events):
Event: 1.626 GC heap before
{Heap before GC invocations=0 (full 0):
 garbage-first heap   total 262144K, used 12288K [0x00000000e0000000, 0x0000000100000000)
  region size 1024K, 13 young (13312K), 0 survivors (0K)
 Metaspace       used 839K, committed 1024K, reserved 393216K
  class space    used 68K, committed 128K, reserved 327680K
}
Event: 1.921 GC heap after
{Heap after GC invocations=1 (full 0):
 garbage-first heap   total 262144K, used 1280K [0x00000000e0000000, 0x0000000100000000)
  region size 1024K, 2 young (2048K), 2 survivors (2048K)
 Metaspace       used 839K, committed 1024K, reserved 393216K
  class space    used 68K, committed 128K, reserved 327680K
}
Event: 5.570 GC heap before
{Heap before GC invocations=1 (full 0):
 garbage-first heap   total 262144K, used 22784K [0x00000000e0000000, 0x0000000100000000)
  region size 1024K, 21 young (21504K), 2 survivors (2048K)
 Metaspace       used 1776K, committed 1920K, reserved 393216K
  class space    used 155K, committed 256K, reserved 327680K
}
Event: 5.579 GC heap after
{Heap after GC invocations=2 (full 0):
 garbage-first heap   total 262144K, used 9652K [0x00000000e0000000, 0x0000000100000000)
  region size 1024K, 3 young (3072K), 3 survivors (3072K)
 Metaspace       used 1776K, committed 1920K, reserved 393216K
  class space    used 155K, committed 256K, reserved 327680K
}
Event: 46.582 GC heap before
{Heap before GC invocations=2 (full 0):
 garbage-first heap   total 262144K, used 164276K [0x00000000e0000000, 0x0000000100000000)
  region size 1024K, 153 young (156672K), 3 survivors (3072K)
 Metaspace       used 18445K, committed 19008K, reserved 393216K
  class space    used 2552K, committed 2816K, reserved 327680K
}
Event: 46.607 GC heap after
{Heap after GC invocations=3 (full 0):
 garbage-first heap   total 262144K, used 21940K [0x00000000e0000000, 0x0000000100000000)
  region size 1024K, 14 young (14336K), 14 survivors (14336K)
 Metaspace       used 18445K, committed 19008K, reserved 393216K
  class space    used 2552K, committed 2816K, reserved 327680K
}
Event: 48.101 GC heap before
{Heap before GC invocations=3 (full 0):
 garbage-first heap   total 262144K, used 43444K [0x00000000e0000000, 0x0000000100000000)
  region size 1024K, 36 young (36864K), 14 survivors (14336K)
 Metaspace       used 20958K, committed 21504K, reserved 393216K
  class space    used 2993K, committed 3264K, reserved 327680K
}
Event: 48.140 GC heap after
{Heap after GC invocations=4 (full 0):
 garbage-first heap   total 262144K, used 24190K [0x00000000e0000000, 0x0000000100000000)
  region size 1024K, 2 young (2048K), 2 survivors (2048K)
 Metaspace       used 20958K, committed 21504K, reserved 393216K
  class space    used 2993K, committed 3264K, reserved 327680K
}
Event: 80.506 GC heap before
{Heap before GC invocations=5 (full 0):
 garbage-first heap   total 262144K, used 135806K [0x00000000e0000000, 0x0000000100000000)
  region size 1024K, 108 young (110592K), 2 survivors (2048K)
 Metaspace       used 34916K, committed 35968K, reserved 393216K
  class space    used 4778K, committed 5312K, reserved 327680K
}
Event: 80.535 GC heap after
{Heap after GC invocations=6 (full 0):
 garbage-first heap   total 262144K, used 33878K [0x00000000e0000000, 0x0000000100000000)
  region size 1024K, 10 young (10240K), 10 survivors (10240K)
 Metaspace       used 34916K, committed 35968K, reserved 393216K
  class space    used 4778K, committed 5312K, reserved 327680K
}

Dll operation events (15 events):
Event: 0.031 Loaded shared library C:\Users\Vansh Parmar\.jdks\ms-21.0.7\bin\java.dll
Event: 0.241 Loaded shared library C:\Users\Vansh Parmar\.jdks\ms-21.0.7\bin\jsvml.dll
Event: 0.422 Loaded shared library C:\Users\Vansh Parmar\.jdks\ms-21.0.7\bin\zip.dll
Event: 0.429 Loaded shared library C:\Users\Vansh Parmar\.jdks\ms-21.0.7\bin\instrument.dll
Event: 0.446 Loaded shared library C:\Users\Vansh Parmar\.jdks\ms-21.0.7\bin\net.dll
Event: 0.451 Loaded shared library C:\Users\Vansh Parmar\.jdks\ms-21.0.7\bin\nio.dll
Event: 0.472 Loaded shared library C:\Users\Vansh Parmar\.jdks\ms-21.0.7\bin\zip.dll
Event: 2.912 Loaded shared library C:\Users\Vansh Parmar\.jdks\ms-21.0.7\bin\jimage.dll
Event: 4.886 Loaded shared library C:\Users\Vansh Parmar\.jdks\ms-21.0.7\bin\verify.dll
Event: 5.976 Loaded shared library C:\Users\Vansh Parmar\.gradle\native\1def1411415f61bf3af743bc5b6707747c0891f09f0c88961ee8f79bc544acac\windows-amd64\native-platform.dll
Event: 6.088 Loaded shared library C:\Users\Vansh Parmar\.gradle\native\0.2.7\x86_64-windows-gnu\gradle-fileevents.dll
Event: 20.671 Loaded shared library C:\Users\Vansh Parmar\.jdks\ms-21.0.7\bin\management.dll
Event: 20.713 Loaded shared library C:\Users\Vansh Parmar\.jdks\ms-21.0.7\bin\management_ext.dll
Event: 22.178 Loaded shared library C:\Users\Vansh Parmar\.jdks\ms-21.0.7\bin\extnet.dll
Event: 24.531 Loaded shared library C:\Users\Vansh Parmar\.jdks\ms-21.0.7\bin\sunmscapi.dll

Deoptimization events (20 events):
Event: 79.428 Thread 0x00000195e11a7fd0 Uncommon trap: trap_request=0xffffff45 fr.pc=0x00000195bc179ed4 relative=0x00000000000005b4
Event: 79.561 Thread 0x00000195e11a7fd0 Uncommon trap: reason=unstable_if action=reinterpret pc=0x00000195bc179ed4 method=java.lang.invoke.InvokerBytecodeGenerator.storeInsnOpcode(Ljava/lang/invoke/LambdaForm$BasicType;)I @ 8 c2
Event: 79.561 Thread 0x00000195e11a7fd0 DEOPT PACKING pc=0x00000195bc179ed4 sp=0x0000006a511f9140
Event: 79.561 Thread 0x00000195e11a7fd0 DEOPT UNPACKING pc=0x00000195bb9a46a2 sp=0x0000006a511f9088 mode 2
Event: 79.582 Thread 0x00000195e11a7fd0 Uncommon trap: trap_request=0xffffff45 fr.pc=0x00000195bc17a7cc relative=0x00000000000000ac
Event: 79.582 Thread 0x00000195e11a7fd0 Uncommon trap: reason=unstable_if action=reinterpret pc=0x00000195bc17a7cc method=java.lang.invoke.InvokerBytecodeGenerator.storeInsnOpcode(Ljava/lang/invoke/LambdaForm$BasicType;)I @ 8 c2
Event: 79.582 Thread 0x00000195e11a7fd0 DEOPT PACKING pc=0x00000195bc17a7cc sp=0x0000006a511f9590
Event: 79.582 Thread 0x00000195e11a7fd0 DEOPT UNPACKING pc=0x00000195bb9a46a2 sp=0x0000006a511f9530 mode 2
Event: 80.437 Thread 0x00000195e11a7fd0 Uncommon trap: trap_request=0xffffff45 fr.pc=0x00000195bc113c10 relative=0x0000000000001830
Event: 80.437 Thread 0x00000195e11a7fd0 Uncommon trap: reason=unstable_if action=reinterpret pc=0x00000195bc113c10 method=java.lang.invoke.InvokerBytecodeGenerator.refKindOpcode(B)I @ 1 c2
Event: 80.437 Thread 0x00000195e11a7fd0 DEOPT PACKING pc=0x00000195bc113c10 sp=0x0000006a511f9720
Event: 80.437 Thread 0x00000195e11a7fd0 DEOPT UNPACKING pc=0x00000195bb9a46a2 sp=0x0000006a511f9678 mode 2
Event: 80.437 Thread 0x00000195e11a7fd0 Uncommon trap: trap_request=0xffffff45 fr.pc=0x00000195bc109360 relative=0x00000000000001c0
Event: 80.437 Thread 0x00000195e11a7fd0 Uncommon trap: reason=unstable_if action=reinterpret pc=0x00000195bc109360 method=java.lang.invoke.InvokerBytecodeGenerator.isStaticallyInvocable(Ljava/lang/invoke/MemberName;)Z @ 142 c2
Event: 80.437 Thread 0x00000195e11a7fd0 DEOPT PACKING pc=0x00000195bc109360 sp=0x0000006a511f9780
Event: 80.437 Thread 0x00000195e11a7fd0 DEOPT UNPACKING pc=0x00000195bb9a46a2 sp=0x0000006a511f9720 mode 2
Event: 80.438 Thread 0x00000195e11a7fd0 Uncommon trap: trap_request=0xffffff45 fr.pc=0x00000195bc1171a8 relative=0x0000000000000088
Event: 80.438 Thread 0x00000195e11a7fd0 Uncommon trap: reason=unstable_if action=reinterpret pc=0x00000195bc1171a8 method=java.lang.invoke.InvokerBytecodeGenerator.refKindOpcode(B)I @ 1 c2
Event: 80.438 Thread 0x00000195e11a7fd0 DEOPT PACKING pc=0x00000195bc1171a8 sp=0x0000006a511f96d0
Event: 80.438 Thread 0x00000195e11a7fd0 DEOPT UNPACKING pc=0x00000195bb9a46a2 sp=0x0000006a511f9670 mode 2

Classes loaded (20 events):
Event: 77.748 Loading class jdk/internal/jrtfs/JrtDirectoryStream
Event: 77.748 Loading class jdk/internal/jrtfs/JrtDirectoryStream done
Event: 77.749 Loading class jdk/internal/jrtfs/JrtDirectoryStream$1
Event: 77.749 Loading class jdk/internal/jrtfs/JrtDirectoryStream$1 done
Event: 77.750 Loading class java/util/function/BooleanSupplier
Event: 77.750 Loading class java/util/function/BooleanSupplier done
Event: 77.751 Loading class jdk/internal/jimage/ImageReader$Resource
Event: 77.751 Loading class jdk/internal/jimage/ImageReader$Resource done
Event: 78.476 Loading class java/util/WeakHashMap$KeyIterator
Event: 78.477 Loading class java/util/WeakHashMap$HashIterator
Event: 78.477 Loading class java/util/WeakHashMap$HashIterator done
Event: 78.477 Loading class java/util/WeakHashMap$KeyIterator done
Event: 79.423 Loading class sun/invoke/util/ValueConversions$1
Event: 79.423 Loading class sun/invoke/util/ValueConversions$1 done
Event: 79.424 Loading class java/lang/invoke/BoundMethodHandle$Species_LI
Event: 79.424 Loading class java/lang/invoke/BoundMethodHandle$Species_LI done
Event: 79.933 Loading class java/security/CodeSigner
Event: 79.933 Loading class java/security/CodeSigner done
Event: 80.823 Loading class sun/reflect/MagicAccessorImpl
Event: 80.823 Loading class sun/reflect/MagicAccessorImpl done

Classes unloaded (0 events):
No events

Classes redefined (0 events):
No events

Internal exceptions (20 events):
Event: 78.631 Thread 0x00000195e11a7fd0 Exception <a 'java/lang/ClassNotFoundException'{0x00000000e9e56588}: groovy/lang/ScriptCustomizer> (0x00000000e9e56588) 
thrown [s\src\hotspot\share\classfile\systemDictionary.cpp, line 312]
Event: 78.634 Thread 0x00000195e11a7fd0 Exception <a 'java/lang/ClassNotFoundException'{0x00000000e9e67b88}: org/gradle/groovy/scripts/ScriptCustomizer> (0x00000000e9e67b88) 
thrown [s\src\hotspot\share\classfile\systemDictionary.cpp, line 312]
Event: 78.638 Thread 0x00000195e11a7fd0 Exception <a 'java/lang/ClassNotFoundException'{0x00000000e9e77520}: org/gradle/groovy/scripts/BasicScriptCustomizer> (0x00000000e9e77520) 
thrown [s\src\hotspot\share\classfile\systemDictionary.cpp, line 312]
Event: 78.641 Thread 0x00000195e11a7fd0 Exception <a 'java/lang/ClassNotFoundException'{0x00000000e9e8d268}: org/gradle/groovy/scripts/DefaultScriptCustomizer> (0x00000000e9e8d268) 
thrown [s\src\hotspot\share\classfile\systemDictionary.cpp, line 312]
Event: 78.701 Thread 0x00000195e11a7fd0 Exception <a 'java/lang/ClassNotFoundException'{0x00000000e9ecfc18}: org/gradle/initialization/InitScriptCustomizer> (0x00000000e9ecfc18) 
thrown [s\src\hotspot\share\classfile\systemDictionary.cpp, line 312]
Event: 78.708 Thread 0x00000195e11a7fd0 Exception <a 'java/lang/ClassNotFoundException'{0x00000000e9ede188}: ijMapper1_cbrwnw8dmyq4f3r1ljlcqj0s8Customizer> (0x00000000e9ede188) 
thrown [s\src\hotspot\share\classfile\systemDictionary.cpp, line 312]
Event: 78.773 Thread 0x00000195e11a7fd0 Exception <a 'java/lang/ClassNotFoundException'{0x00000000e9db0b00}: org/gradle/internal/extensibility/DefaultExtraPropertiesExtensionBeanInfo> (0x00000000e9db0b00) 
thrown [s\src\hotspot\share\classfile\systemDictionary.cpp, line 312]
Event: 78.774 Thread 0x00000195e11a7fd0 Exception <a 'java/lang/ClassNotFoundException'{0x00000000e9db9b88}: org/gradle/internal/extensibility/DefaultExtraPropertiesExtensionCustomizer> (0x00000000e9db9b88) 
thrown [s\src\hotspot\share\classfile\systemDictionary.cpp, line 312]
Event: 79.129 Thread 0x00000195e11a7fd0 Exception <a 'java/lang/NoSuchMethodError'{0x00000000e9cddb70}: 'java.lang.Object java.lang.invoke.DirectMethodHandle$Holder.invokeSpecialIFC(java.lang.Object, java.lang.Object, java.lang.Object, java.lang.Object)'> (0x00000000e9cddb70) 
thrown [s\src\hotspot\share\interpreter\linkResolver.cpp, line 773]
Event: 79.415 Thread 0x00000195e11a7fd0 Exception <a 'java/lang/NoSuchMethodError'{0x00000000e986f0a8}: 'void java.lang.invoke.Invokers$Holder.invoke_MT(java.lang.Object, java.lang.Object, java.lang.Object, java.lang.Object)'> (0x00000000e986f0a8) 
thrown [s\src\hotspot\share\interpreter\linkResolver.cpp, line 773]
Event: 79.423 Thread 0x00000195e11a7fd0 Implicit null exception at 0x00000195bc076291 to 0x00000195bc076530
Event: 79.424 Thread 0x00000195e11a7fd0 Exception <a 'java/lang/NoSuchMethodError'{0x00000000e988d768}: 'int java.lang.invoke.DirectMethodHandle$Holder.invokeSpecial(java.lang.Object, java.lang.Object, java.lang.Object, int)'> (0x00000000e988d768) 
thrown [s\src\hotspot\share\interpreter\linkResolver.cpp, line 773]
Event: 79.427 Thread 0x00000195e11a7fd0 Exception <a 'java/lang/NoSuchMethodError'{0x00000000e989eb20}: 'java.lang.Object java.lang.invoke.DirectMethodHandle$Holder.invokeStatic(java.lang.Object, java.lang.Object, java.lang.Object, java.lang.Object, int)'> (0x00000000e989eb20) 
thrown [s\src\hotspot\share\interpreter\linkResolver.cpp, line 773]
Event: 79.565 Thread 0x00000195e11a7fd0 Exception <a 'java/lang/NoSuchMethodError'{0x00000000e98a72b8}: 'java.lang.Object java.lang.invoke.DirectMethodHandle$Holder.invokeSpecial(java.lang.Object, java.lang.Object, java.lang.Object, java.lang.Object, int)'> (0x00000000e98a72b8) 
thrown [s\src\hotspot\share\interpreter\linkResolver.cpp, line 773]
Event: 80.135 Thread 0x00000195e11a7fd0 Exception <a 'java/lang/ClassNotFoundException'{0x00000000e960d720}: org/gradle/invocation/DefaultGradle_DecoratedBeanInfo> (0x00000000e960d720) 
thrown [s\src\hotspot\share\classfile\systemDictionary.cpp, line 312]
Event: 80.136 Thread 0x00000195e11a7fd0 Exception <a 'java/lang/ClassNotFoundException'{0x00000000e961ad70}: org/gradle/invocation/DefaultGradleBeanInfo> (0x00000000e961ad70) 
thrown [s\src\hotspot\share\classfile\systemDictionary.cpp, line 312]
Event: 80.140 Thread 0x00000195e11a7fd0 Exception <a 'java/lang/ClassNotFoundException'{0x00000000e96288f0}: org/gradle/api/internal/project/AbstractPluginAwareBeanInfo> (0x00000000e96288f0) 
thrown [s\src\hotspot\share\classfile\systemDictionary.cpp, line 312]
Event: 80.143 Thread 0x00000195e11a7fd0 Exception <a 'java/lang/ClassNotFoundException'{0x00000000e96364c0}: org/gradle/api/internal/project/AbstractPluginAwareCustomizer> (0x00000000e96364c0) 
thrown [s\src\hotspot\share\classfile\systemDictionary.cpp, line 312]
Event: 80.254 Thread 0x00000195e11a7fd0 Exception <a 'java/lang/ClassNotFoundException'{0x00000000e964a6b0}: org/gradle/invocation/DefaultGradleCustomizer> (0x00000000e964a6b0) 
thrown [s\src\hotspot\share\classfile\systemDictionary.cpp, line 312]
Event: 80.265 Thread 0x00000195e11a7fd0 Exception <a 'java/lang/ClassNotFoundException'{0x00000000e96b8f18}: org/gradle/invocation/DefaultGradle_DecoratedCustomizer> (0x00000000e96b8f18) 
thrown [s\src\hotspot\share\classfile\systemDictionary.cpp, line 312]

ZGC Phase Switch (0 events):
No events

VM Operations (20 events):
Event: 76.408 Executing VM operation: HandshakeAllThreads (Deoptimize)
Event: 76.408 Executing VM operation: HandshakeAllThreads (Deoptimize) done
Event: 77.030 Executing VM operation: HandshakeAllThreads (Deoptimize)
Event: 77.031 Executing VM operation: HandshakeAllThreads (Deoptimize) done
Event: 77.031 Executing VM operation: Cleanup
Event: 77.031 Executing VM operation: Cleanup done
Event: 77.327 Executing VM operation: HandshakeAllThreads (Deoptimize)
Event: 77.327 Executing VM operation: HandshakeAllThreads (Deoptimize) done
Event: 77.747 Executing VM operation: HandshakeAllThreads (Deoptimize)
Event: 77.747 Executing VM operation: HandshakeAllThreads (Deoptimize) done
Event: 78.752 Executing VM operation: Cleanup
Event: 78.767 Executing VM operation: Cleanup done
Event: 79.781 Executing VM operation: Cleanup
Event: 79.798 Executing VM operation: Cleanup done
Event: 80.506 Executing VM operation: CollectForMetadataAllocation (Metadata GC Threshold)
Event: 80.535 Executing VM operation: CollectForMetadataAllocation (Metadata GC Threshold) done
Event: 80.666 Executing VM operation: G1PauseRemark
Event: 80.672 Executing VM operation: G1PauseRemark done
Event: 80.687 Executing VM operation: G1PauseCleanup
Event: 80.706 Executing VM operation: G1PauseCleanup done

Memory protections (0 events):
No events

Nmethod flushes (20 events):
Event: 80.671 Thread 0x00000195c631f210 flushing  nmethod 0x00000195b46ac690
Event: 80.671 Thread 0x00000195c631f210 flushing  nmethod 0x00000195b46f1e90
Event: 80.671 Thread 0x00000195c631f210 flushing  nmethod 0x00000195b474b790
Event: 80.671 Thread 0x00000195c631f210 flushing  nmethod 0x00000195b477da10
Event: 80.671 Thread 0x00000195c631f210 flushing  nmethod 0x00000195b477e410
Event: 80.671 Thread 0x00000195c631f210 flushing  nmethod 0x00000195b477f790
Event: 80.671 Thread 0x00000195c631f210 flushing  nmethod 0x00000195b4780390
Event: 80.671 Thread 0x00000195c631f210 flushing  nmethod 0x00000195b4781510
Event: 80.671 Thread 0x00000195c631f210 flushing  nmethod 0x00000195b4782310
Event: 80.671 Thread 0x00000195c631f210 flushing  nmethod 0x00000195b4782910
Event: 80.671 Thread 0x00000195c631f210 flushing  nmethod 0x00000195b47eb790
Event: 80.671 Thread 0x00000195c631f210 flushing  nmethod 0x00000195b480f010
Event: 80.671 Thread 0x00000195c631f210 flushing  nmethod 0x00000195b4810590
Event: 80.671 Thread 0x00000195c631f210 flushing  nmethod 0x00000195b4811710
Event: 80.671 Thread 0x00000195c631f210 flushing  nmethod 0x00000195b4812790
Event: 80.671 Thread 0x00000195c631f210 flushing  nmethod 0x00000195b4813510
Event: 80.671 Thread 0x00000195c631f210 flushing  nmethod 0x00000195b482de10
Event: 80.671 Thread 0x00000195c631f210 flushing  nmethod 0x00000195b486e690
Event: 80.671 Thread 0x00000195c631f210 flushing  nmethod 0x00000195b489b790
Event: 80.671 Thread 0x00000195c631f210 flushing  nmethod 0x00000195b497ae90

Events (20 events):
Event: 24.426 Thread 0x00000195a9b03ea0 Thread added: 0x00000195c650af80
Event: 24.717 Thread 0x00000195c66b6fd0 Thread added: 0x00000195e11d4790
Event: 24.734 Thread 0x00000195e11d4790 Thread added: 0x00000195e11d4df0
Event: 24.884 Thread 0x00000195e11d4790 Thread added: 0x00000195e11c99d0
Event: 25.005 Thread 0x00000195e11d4790 Thread added: 0x00000195e11a7fd0
Event: 25.046 Thread 0x00000195e11a7fd0 Thread added: 0x00000195e11a8b50
Event: 25.056 Thread 0x00000195e11a7fd0 Thread added: 0x00000195e0f32280
Event: 25.062 Thread 0x00000195e11a7fd0 Thread added: 0x00000195e0f31560
Event: 27.271 Thread 0x00000195e11a7fd0 Thread added: 0x00000195e0f2ee00
Event: 27.312 Thread 0x00000195e11a7fd0 Thread added: 0x00000195e0f2fb20
Event: 42.277 Thread 0x00000195e0f2fb20 Thread added: 0x00000195e0f301b0
Event: 43.084 Thread 0x00000195e11a7fd0 Thread added: 0x00000195e0f30840
Event: 49.571 Thread 0x00000195e11a7fd0 Thread added: 0x00000195e0f30ed0
Event: 49.719 Thread 0x00000195e11a7fd0 Thread added: 0x00000195e0f2f490
Event: 51.100 Thread 0x00000195e11a7fd0 Thread added: 0x00000195e0e07740
Event: 51.153 Thread 0x00000195e11a7fd0 Thread added: 0x00000195e0e06a20
Event: 64.523 Thread 0x00000195e11a7fd0 Thread added: 0x00000195e0e08460
Event: 67.764 Thread 0x00000195e11a7fd0 Thread added: 0x00000195e0e05d00
Event: 78.868 Thread 0x00000195e11a7fd0 Thread added: 0x00000195e0e08af0
Event: 79.268 Thread 0x00000195e11a7fd0 Thread added: 0x00000195e0e06390


Dynamic libraries:
0x00007ff733270000 - 0x00007ff73327e000 	C:\Users\Vansh Parmar\.jdks\ms-21.0.7\bin\java.exe
0x00007ff9e5870000 - 0x00007ff9e5a87000 	C:\Windows\SYSTEM32\ntdll.dll
0x00007ff9e3c70000 - 0x00007ff9e3d34000 	C:\Windows\System32\KERNEL32.DLL
0x00007ff9e2e60000 - 0x00007ff9e3217000 	C:\Windows\System32\KERNELBASE.dll
0x00007ff9e2d40000 - 0x00007ff9e2e51000 	C:\Windows\System32\ucrtbase.dll
0x00007ff999440000 - 0x00007ff999458000 	C:\Users\Vansh Parmar\.jdks\ms-21.0.7\bin\jli.dll
0x00007ff9e4720000 - 0x00007ff9e48cf000 	C:\Windows\System32\USER32.dll
0x00007ff9e2b80000 - 0x00007ff9e2ba6000 	C:\Windows\System32\win32u.dll
0x00007ff9e39b0000 - 0x00007ff9e39d9000 	C:\Windows\System32\GDI32.dll
0x00007ff9e2bb0000 - 0x00007ff9e2cc8000 	C:\Windows\System32\gdi32full.dll
0x00007ff9e3220000 - 0x00007ff9e32ba000 	C:\Windows\System32\msvcp_win.dll
0x00007ff9aa720000 - 0x00007ff9aa73d000 	C:\Users\Vansh Parmar\.jdks\ms-21.0.7\bin\VCRUNTIME140.dll
0x00007ff9d0980000 - 0x00007ff9d0c13000 	C:\Windows\WinSxS\amd64_microsoft.windows.common-controls_6595b64144ccf1df_6.0.22621.3672_none_2713b9d173822955\COMCTL32.dll
0x00007ff9e5780000 - 0x00007ff9e5827000 	C:\Windows\System32\msvcrt.dll
0x00007ff9e4430000 - 0x00007ff9e4461000 	C:\Windows\System32\IMM32.DLL
0x00007ff9de9f0000 - 0x00007ff9de9fc000 	C:\Users\Vansh Parmar\.jdks\ms-21.0.7\bin\vcruntime140_1.dll
0x00007ff97ab40000 - 0x00007ff97abcd000 	C:\Users\Vansh Parmar\.jdks\ms-21.0.7\bin\msvcp140.dll
0x00007ff976e80000 - 0x00007ff977c18000 	C:\Users\Vansh Parmar\.jdks\ms-21.0.7\bin\server\jvm.dll
0x00007ff9e3e70000 - 0x00007ff9e3f22000 	C:\Windows\System32\ADVAPI32.dll
0x00007ff9e38a0000 - 0x00007ff9e3948000 	C:\Windows\System32\sechost.dll
0x00007ff9e3570000 - 0x00007ff9e3598000 	C:\Windows\System32\bcrypt.dll
0x00007ff9e5660000 - 0x00007ff9e5774000 	C:\Windows\System32\RPCRT4.dll
0x00007ff9e3df0000 - 0x00007ff9e3e61000 	C:\Windows\System32\WS2_32.dll
0x00007ff9e2a50000 - 0x00007ff9e2a9d000 	C:\Windows\SYSTEM32\POWRPROF.dll
0x00007ff9dcb40000 - 0x00007ff9dcb74000 	C:\Windows\SYSTEM32\WINMM.dll
0x00007ff9deb10000 - 0x00007ff9deb1a000 	C:\Windows\SYSTEM32\VERSION.dll
0x00007ff9e2a30000 - 0x00007ff9e2a43000 	C:\Windows\SYSTEM32\UMPDC.dll
0x00007ff9e1b30000 - 0x00007ff9e1b48000 	C:\Windows\SYSTEM32\kernel.appcore.dll
0x00007ff9be100000 - 0x00007ff9be10a000 	C:\Users\Vansh Parmar\.jdks\ms-21.0.7\bin\jimage.dll
0x00007ff9e05f0000 - 0x00007ff9e0822000 	C:\Windows\SYSTEM32\DBGHELP.DLL
0x00007ff9e52d0000 - 0x00007ff9e565e000 	C:\Windows\System32\combase.dll
0x00007ff9e3b90000 - 0x00007ff9e3c67000 	C:\Windows\System32\OLEAUT32.dll
0x00007ff9ce8c0000 - 0x00007ff9ce8f2000 	C:\Windows\SYSTEM32\dbgcore.DLL
0x00007ff9e34f0000 - 0x00007ff9e356b000 	C:\Windows\System32\bcryptPrimitives.dll
0x00007ff9b81c0000 - 0x00007ff9b81cf000 	C:\Users\Vansh Parmar\.jdks\ms-21.0.7\bin\instrument.dll
0x00007ff998e50000 - 0x00007ff998e70000 	C:\Users\Vansh Parmar\.jdks\ms-21.0.7\bin\java.dll
0x00007ff9e4a60000 - 0x00007ff9e52c9000 	C:\Windows\System32\SHELL32.dll
0x00007ff9e0930000 - 0x00007ff9e122f000 	C:\Windows\SYSTEM32\windows.storage.dll
0x00007ff9e1270000 - 0x00007ff9e13af000 	C:\Windows\SYSTEM32\wintypes.dll
0x00007ff9e37a0000 - 0x00007ff9e3899000 	C:\Windows\System32\SHCORE.dll
0x00007ff9e4500000 - 0x00007ff9e455e000 	C:\Windows\System32\shlwapi.dll
0x00007ff9e2ab0000 - 0x00007ff9e2ad7000 	C:\Windows\SYSTEM32\profapi.dll
0x00007ff978690000 - 0x00007ff978766000 	C:\Users\Vansh Parmar\.jdks\ms-21.0.7\bin\jsvml.dll
0x00007ff98fe20000 - 0x00007ff98fe38000 	C:\Users\Vansh Parmar\.jdks\ms-21.0.7\bin\zip.dll
0x00007ff9b52e0000 - 0x00007ff9b52f0000 	C:\Users\Vansh Parmar\.jdks\ms-21.0.7\bin\net.dll
0x00007ff9dc760000 - 0x00007ff9dc896000 	C:\Windows\SYSTEM32\WINHTTP.dll
0x00007ff9e1ff0000 - 0x00007ff9e2059000 	C:\Windows\system32\mswsock.dll
0x00007ff98bbd0000 - 0x00007ff98bbe6000 	C:\Users\Vansh Parmar\.jdks\ms-21.0.7\bin\nio.dll
0x00007ff9a8590000 - 0x00007ff9a85a0000 	C:\Users\Vansh Parmar\.jdks\ms-21.0.7\bin\verify.dll
0x00007ff97b8f0000 - 0x00007ff97b917000 	C:\Users\Vansh Parmar\.gradle\native\1def1411415f61bf3af743bc5b6707747c0891f09f0c88961ee8f79bc544acac\windows-amd64\native-platform.dll
0x00007ff977ff0000 - 0x00007ff978068000 	C:\Users\Vansh Parmar\.gradle\native\0.2.7\x86_64-windows-gnu\gradle-fileevents.dll
0x00007ff998e40000 - 0x00007ff998e4a000 	C:\Users\Vansh Parmar\.jdks\ms-21.0.7\bin\management.dll
0x00007ff98be70000 - 0x00007ff98be7b000 	C:\Users\Vansh Parmar\.jdks\ms-21.0.7\bin\management_ext.dll
0x00007ff9e35d0000 - 0x00007ff9e35d8000 	C:\Windows\System32\PSAPI.DLL
0x00007ff9e1600000 - 0x00007ff9e162d000 	C:\Windows\SYSTEM32\IPHLPAPI.DLL
0x00007ff9e44a0000 - 0x00007ff9e44a9000 	C:\Windows\System32\NSI.dll
0x00007ff98bc40000 - 0x00007ff98bc49000 	C:\Users\Vansh Parmar\.jdks\ms-21.0.7\bin\extnet.dll
0x00007ff9e2240000 - 0x00007ff9e225b000 	C:\Windows\SYSTEM32\CRYPTSP.dll
0x00007ff9e1af0000 - 0x00007ff9e1b25000 	C:\Windows\system32\rsaenh.dll
0x00007ff9e2090000 - 0x00007ff9e20b8000 	C:\Windows\SYSTEM32\USERENV.dll
0x00007ff9e2200000 - 0x00007ff9e220c000 	C:\Windows\SYSTEM32\CRYPTBASE.dll
0x00007ff98bb70000 - 0x00007ff98bb7e000 	C:\Users\Vansh Parmar\.jdks\ms-21.0.7\bin\sunmscapi.dll
0x00007ff9e3380000 - 0x00007ff9e34e6000 	C:\Windows\System32\CRYPT32.dll
0x00007ff9e2450000 - 0x00007ff9e247d000 	C:\Windows\SYSTEM32\ncrypt.dll
0x00007ff9e2410000 - 0x00007ff9e2447000 	C:\Windows\SYSTEM32\NTASN1.dll
0x00007ff98cf10000 - 0x00007ff98cf18000 	C:\Windows\system32\wshunix.dll

dbghelp: loaded successfully - version: 4.0.5 - missing functions: none
symbol engine: initialized successfully - sym options: 0x614 - pdb path: .;C:\Users\Vansh Parmar\.jdks\ms-21.0.7\bin;C:\Windows\SYSTEM32;C:\Windows\WinSxS\amd64_microsoft.windows.common-controls_6595b64144ccf1df_6.0.22621.3672_none_2713b9d173822955;C:\Users\Vansh Parmar\.jdks\ms-21.0.7\bin\server;C:\Users\Vansh Parmar\.gradle\native\1def1411415f61bf3af743bc5b6707747c0891f09f0c88961ee8f79bc544acac\windows-amd64;C:\Users\Vansh Parmar\.gradle\native\0.2.7\x86_64-windows-gnu

VM Arguments:
jvm_args: --add-opens=java.base/java.lang=ALL-UNNAMED --add-opens=java.base/java.lang.invoke=ALL-UNNAMED --add-opens=java.base/java.util=ALL-UNNAMED --add-opens=java.prefs/java.util.prefs=ALL-UNNAMED --add-exports=jdk.compiler/com.sun.tools.javac.api=ALL-UNNAMED --add-exports=jdk.compiler/com.sun.tools.javac.util=ALL-UNNAMED --add-opens=java.base/java.util=ALL-UNNAMED --add-opens=java.prefs/java.util.prefs=ALL-UNNAMED --add-opens=java.base/java.nio.charset=ALL-UNNAMED --add-opens=java.base/java.net=ALL-UNNAMED --add-opens=java.base/java.util.concurrent.atomic=ALL-UNNAMED --add-opens=java.xml/javax.xml.namespace=ALL-UNNAMED -XX:MaxMetaspaceSize=384m -XX:+HeapDumpOnOutOfMemoryError -Xms256m -Xmx512m -Dfile.encoding=UTF-8 -Duser.country=IN -Duser.language=en -Duser.variant -javaagent:C:\Users\Vansh Parmar\.gradle\wrapper\dists\gradle-8.14.2-bin\2pb3mgt1p815evrl3weanttgr\gradle-8.14.2\lib\agents\gradle-instrumentation-agent-8.14.2.jar 
java_command: org.gradle.launcher.daemon.bootstrap.GradleDaemon 8.14.2
java_class_path (initial): C:\Users\Vansh Parmar\.gradle\wrapper\dists\gradle-8.14.2-bin\2pb3mgt1p815evrl3weanttgr\gradle-8.14.2\lib\gradle-daemon-main-8.14.2.jar
Launcher Type: SUN_STANDARD

[Global flags]
     intx CICompilerCount                          = 3                                         {product} {ergonomic}
   size_t CompressedClassSpaceSize                 = 335544320                                 {product} {ergonomic}
     uint ConcGCThreads                            = 1                                         {product} {ergonomic}
     uint G1ConcRefinementThreads                  = 4                                         {product} {ergonomic}
   size_t G1HeapRegionSize                         = 1048576                                   {product} {ergonomic}
    uintx GCDrainStackTargetSize                   = 64                                        {product} {ergonomic}
     bool HeapDumpOnOutOfMemoryError               = true                                   {manageable} {command line}
   size_t InitialHeapSize                          = 268435456                                 {product} {command line}
   size_t MarkStackSize                            = 4194304                                   {product} {ergonomic}
   size_t MaxHeapSize                              = 536870912                                 {product} {command line}
   size_t MaxMetaspaceSize                         = 402653184                                 {product} {command line}
   size_t MaxNewSize                               = 321912832                                 {product} {ergonomic}
   size_t MinHeapDeltaBytes                        = 1048576                                   {product} {ergonomic}
   size_t MinHeapSize                              = 268435456                                 {product} {command line}
    uintx NonNMethodCodeHeapSize                   = 5832780                                {pd product} {ergonomic}
    uintx NonProfiledCodeHeapSize                  = 122912730                              {pd product} {ergonomic}
    uintx ProfiledCodeHeapSize                     = 122912730                              {pd product} {ergonomic}
    uintx ReservedCodeCacheSize                    = 251658240                              {pd product} {ergonomic}
     bool SegmentedCodeCache                       = true                                      {product} {ergonomic}
   size_t SoftMaxHeapSize                          = 536870912                              {manageable} {ergonomic}
     bool UseCompressedOops                        = true                           {product lp64_product} {ergonomic}
     bool UseG1GC                                  = true                                      {product} {ergonomic}
     bool UseLargePagesIndividualAllocation        = false                                  {pd product} {ergonomic}

Logging:
Log output configuration:
 #0: stdout all=warning uptime,level,tags foldmultilines=false
 #1: stderr all=off uptime,level,tags foldmultilines=false

Environment Variables:
JAVA_HOME=C:\Program Files\Java\jdk-21
PATH=C:\Program Files\Common Files\Oracle\Java\javapath;C:\Windows\system32;C:\Windows;C:\Windows\System32\Wbem;C:\Windows\System32\WindowsPowerShell\v1.0\;C:\Windows\System32\OpenSSH\;C:\MinGW\bin;C:\Program Files\Java\jdk-21\bin;C:\Program Files\nodejs\;C:\Program Files\Java\jdk-22\bin;C:\Program Files\MySQL\MySQL Server 8.0\bin;C:\Program Files\Java\jdk-21\bin;C:\Program Files\apache-maven-3.9.9\bin;%kafka_home&\bin;C:\Program Files\Cloudflare\Cloudflare WARP\;C:\Users\Vansh Parmar\AppData\Local\Microsoft\WindowsApps;C:\Users\Vansh Parmar\AppData\Local\Programs\Microsoft VS Code\bin;C:\Users\Vansh Parmar\AppData\Local\Programs\Git\cmd
USERNAME=Vansh Parmar
OS=Windows_NT
PROCESSOR_IDENTIFIER=Intel64 Family 6 Model 142 Stepping 9, GenuineIntel
TMP=C:\Users\VANSHP~1\AppData\Local\Temp
TEMP=C:\Users\VANSHP~1\AppData\Local\Temp




Periodic native trim disabled

---------------  S Y S T E M  ---------------

OS:
 Windows 11 , 64 bit Build 22621 (10.0.22621.3958)
OS uptime: 0 days 4:04 hours
Hyper-V role detected

CPU: total 4 (initial active 4) (2 cores per cpu, 2 threads per core) family 6 model 142 stepping 9 microcode 0xde, cx8, cmov, fxsr, ht, mmx, 3dnowpref, sse, sse2, sse3, ssse3, sse4.1, sse4.2, popcnt, lzcnt, tsc, tscinvbit, avx, avx2, aes, erms, clmul, bmi1, bmi2, adx, fma, vzeroupper, clflush, clflushopt, hv, rdtscp, f16c
Processor Information for the first 4 processors :
  Max Mhz: 2304, Current Mhz: 2304, Mhz Limit: 2304

Memory: 4k page, system-wide physical 12167M (212M free)
TotalPageFile size 20359M (AvailPageFile size 6M)
current process WorkingSet (physical memory assigned to process): 336M, peak: 339M
current process commit charge ("private bytes"): 438M, peak: 440M

vm_info: OpenJDK 64-Bit Server VM (21.0.7+6-LTS) for windows-amd64 JRE (21.0.7+6-LTS), built on 2025-04-09T22:17:25Z by "MicrosoftCorporation" with unknown MS VC++:1939

END.
