#
# There is insufficient memory for the Java Runtime Environment to continue.
# Native memory allocation (malloc) failed to allocate 2002544 bytes. Error detail: Chunk::new
# Possible reasons:
#   The system is out of physical RAM or swap space
#   This process is running with CompressedOops enabled, and the Java Heap may be blocking the growth of the native heap
# Possible solutions:
#   Reduce memory load on the system
#   Increase physical memory or swap space
#   Check if swap backing store is full
#   Decrease Java heap size (-Xmx/-Xms)
#   Decrease number of Java threads
#   Decrease Java thread stack sizes (-Xss)
#   Set larger code cache with -XX:ReservedCodeCacheSize=
#   JVM is running with Unscaled Compressed Oops mode in which the Java heap is
#     placed in the first 4GB address space. The Java Heap base address is the
#     maximum limit for the native heap growth. Please use -XX:HeapBaseMinAddress
#     to set the Java Heap base and to place the Java Heap above 4GB virtual address.
# This output file may be truncated or incomplete.
#
#  Out of Memory Error (arena.cpp:168), pid=4944, tid=11412
#
# JRE version: OpenJDK Runtime Environment Microsoft-11369940 (21.0.7+6) (build 21.0.7+6-LTS)
# Java VM: OpenJDK 64-Bit Server VM Microsoft-11369940 (21.0.7+6-LTS, mixed mode, sharing, tiered, compressed oops, compressed class ptrs, g1 gc, windows-amd64)
# No core dump will be written. Minidumps are not enabled by default on client versions of Windows
#

---------------  S U M M A R Y ------------

Command Line: --add-opens=java.base/java.lang=ALL-UNNAMED --add-opens=java.base/java.lang.invoke=ALL-UNNAMED --add-opens=java.base/java.util=ALL-UNNAMED --add-opens=java.prefs/java.util.prefs=ALL-UNNAMED --add-exports=jdk.compiler/com.sun.tools.javac.api=ALL-UNNAMED --add-exports=jdk.compiler/com.sun.tools.javac.util=ALL-UNNAMED --add-opens=java.base/java.util=ALL-UNNAMED --add-opens=java.prefs/java.util.prefs=ALL-UNNAMED --add-opens=java.base/java.nio.charset=ALL-UNNAMED --add-opens=java.base/java.net=ALL-UNNAMED --add-opens=java.base/java.util.concurrent.atomic=ALL-UNNAMED --add-opens=java.xml/javax.xml.namespace=ALL-UNNAMED -XX:MaxMetaspaceSize=384m -XX:+HeapDumpOnOutOfMemoryError -Xms256m -Xmx512m -Dfile.encoding=UTF-8 -Duser.country=IN -Duser.language=en -Duser.variant -javaagent:C:\Users\Vansh Parmar\.gradle\wrapper\dists\gradle-8.14.2-bin\2pb3mgt1p815evrl3weanttgr\gradle-8.14.2\lib\agents\gradle-instrumentation-agent-8.14.2.jar org.gradle.launcher.daemon.bootstrap.GradleDaemon 8.14.2

Host: Intel(R) Core(TM) i3-7020U CPU @ 2.30GHz, 4 cores, 3G,  Windows 11 , 64 bit Build 22621 (10.0.22621.3958)
Time: Sat Jul 12 19:01:32 2025 India Standard Time elapsed time: 284.465324 seconds (0d 0h 4m 44s)

---------------  T H R E A D  ---------------

Current thread (0x0000019cff1e11c0):  JavaThread "C2 CompilerThread0" daemon [_thread_in_native, id=11412, stack(0x0000008c1a400000,0x0000008c1a500000) (1024K)]


Current CompileTask:
C2:284465 3241   !   4       java.net.URLClassLoader$1::run (81 bytes)

Stack: [0x0000008c1a400000,0x0000008c1a500000]
Native frames: (J=compiled Java code, j=interpreted, Vv=VM code, C=native code)
V  [jvm.dll+0x6d4bb9]
V  [jvm.dll+0x8afa11]
V  [jvm.dll+0x8b1f3e]
V  [jvm.dll+0x8b2623]
V  [jvm.dll+0x280816]
V  [jvm.dll+0xc52bd]
V  [jvm.dll+0xc57f3]
V  [jvm.dll+0x3bbd5c]
V  [jvm.dll+0x3884b0]
V  [jvm.dll+0x38792a]
V  [jvm.dll+0x248405]
V  [jvm.dll+0x2479df]
V  [jvm.dll+0x1c7aaf]
V  [jvm.dll+0x257819]
V  [jvm.dll+0x255bca]
V  [jvm.dll+0x3f5af6]
V  [jvm.dll+0x85916b]
V  [jvm.dll+0x6d327d]
C  [ucrtbase.dll+0x29333]
C  [KERNEL32.DLL+0x1257d]
C  [ntdll.dll+0x5af08]


---------------  P R O C E S S  ---------------

Threads class SMR info:
_java_thread_list=0x0000019c9b8c43a0, length=25, elements={
0x0000019ce6bcb980, 0x0000019cff1d3bf0, 0x0000019cff1d47f0, 0x0000019cff1d8130,
0x0000019cff1dab90, 0x0000019cff1df9f0, 0x0000019cff1e0440, 0x0000019cff1e11c0,
0x0000019cff2187f0, 0x0000019cff2b7d90, 0x0000019cff466050, 0x0000019c9b29c750,
0x0000019c9b335400, 0x0000019cff505ed0, 0x0000019c9b15ca20, 0x0000019c9b92ea60,
0x0000019c9c0272c0, 0x0000019c9b08e860, 0x0000019c9c026780, 0x0000019c9c023990,
0x0000019c9c023300, 0x0000019c9c0246b0, 0x0000019c9c024d40, 0x0000019c9c0253d0,
0x0000019c9c025a60
}

Java Threads: ( => current thread )
  0x0000019ce6bcb980 JavaThread "main"                              [_thread_blocked, id=11700, stack(0x0000008c19600000,0x0000008c19700000) (1024K)]
  0x0000019cff1d3bf0 JavaThread "Reference Handler"          daemon [_thread_blocked, id=17156, stack(0x0000008c19e00000,0x0000008c19f00000) (1024K)]
  0x0000019cff1d47f0 JavaThread "Finalizer"                  daemon [_thread_blocked, id=6896, stack(0x0000008c19f00000,0x0000008c1a000000) (1024K)]
  0x0000019cff1d8130 JavaThread "Signal Dispatcher"          daemon [_thread_blocked, id=1336, stack(0x0000008c1a000000,0x0000008c1a100000) (1024K)]
  0x0000019cff1dab90 JavaThread "Attach Listener"            daemon [_thread_blocked, id=6644, stack(0x0000008c1a100000,0x0000008c1a200000) (1024K)]
  0x0000019cff1df9f0 JavaThread "Service Thread"             daemon [_thread_blocked, id=16228, stack(0x0000008c1a200000,0x0000008c1a300000) (1024K)]
  0x0000019cff1e0440 JavaThread "Monitor Deflation Thread"   daemon [_thread_blocked, id=16908, stack(0x0000008c1a300000,0x0000008c1a400000) (1024K)]
=>0x0000019cff1e11c0 JavaThread "C2 CompilerThread0"         daemon [_thread_in_native, id=11412, stack(0x0000008c1a400000,0x0000008c1a500000) (1024K)]
  0x0000019cff2187f0 JavaThread "C1 CompilerThread0"         daemon [_thread_blocked, id=15744, stack(0x0000008c1a500000,0x0000008c1a600000) (1024K)]
  0x0000019cff2b7d90 JavaThread "Common-Cleaner"             daemon [_thread_blocked, id=10244, stack(0x0000008c1a600000,0x0000008c1a700000) (1024K)]
  0x0000019cff466050 JavaThread "Notification Thread"        daemon [_thread_blocked, id=16552, stack(0x0000008c1a700000,0x0000008c1a800000) (1024K)]
  0x0000019c9b29c750 JavaThread "Daemon health stats"               [_thread_blocked, id=14972, stack(0x0000008c19400000,0x0000008c19500000) (1024K)]
  0x0000019c9b335400 JavaThread "Incoming local TCP Connector on port 26045"        [_thread_in_native, id=18216, stack(0x0000008c19500000,0x0000008c19600000) (1024K)]
  0x0000019cff505ed0 JavaThread "Daemon periodic checks"            [_thread_blocked, id=16452, stack(0x0000008c1ab00000,0x0000008c1ac00000) (1024K)]
  0x0000019c9b15ca20 JavaThread "Daemon"                            [_thread_blocked, id=16352, stack(0x0000008c1ae00000,0x0000008c1af00000) (1024K)]
  0x0000019c9b92ea60 JavaThread "Handler for socket connection from /127.0.0.1:26045 to /127.0.0.1:26051"        [_thread_in_native, id=18204, stack(0x0000008c1af00000,0x0000008c1b000000) (1024K)]
  0x0000019c9c0272c0 JavaThread "Cancel handler"                    [_thread_blocked, id=9444, stack(0x0000008c1b000000,0x0000008c1b100000) (1024K)]
  0x0000019c9b08e860 JavaThread "Daemon worker"                     [_thread_in_native, id=11696, stack(0x0000008c1b100000,0x0000008c1b200000) (1024K)]
  0x0000019c9c026780 JavaThread "Asynchronous log dispatcher for DefaultDaemonConnection: socket connection from /127.0.0.1:26045 to /127.0.0.1:26051"        [_thread_blocked, id=13744, stack(0x0000008c1b200000,0x0000008c1b300000) (1024K)]
  0x0000019c9c023990 JavaThread "Stdin handler"                     [_thread_blocked, id=15148, stack(0x0000008c1b300000,0x0000008c1b400000) (1024K)]
  0x0000019c9c023300 JavaThread "Daemon client event forwarder"        [_thread_blocked, id=3096, stack(0x0000008c1b400000,0x0000008c1b500000) (1024K)]
  0x0000019c9c0246b0 JavaThread "Cache worker for journal cache (C:\Users\Vansh Parmar\.gradle\caches\journal-1)"        [_thread_blocked, id=5904, stack(0x0000008c1b500000,0x0000008c1b600000) (1024K)]
  0x0000019c9c024d40 JavaThread "File lock request listener"        [_thread_in_native, id=15296, stack(0x0000008c1b600000,0x0000008c1b700000) (1024K)]
  0x0000019c9c0253d0 JavaThread "File lock release action executor"        [_thread_blocked, id=15128, stack(0x0000008c1b700000,0x0000008c1b800000) (1024K)]
  0x0000019c9c025a60 JavaThread "Cache worker for file hash cache (C:\Users\Vansh Parmar\.gradle\caches\8.14.2\fileHashes)"        [_thread_blocked, id=7644, stack(0x0000008c1b800000,0x0000008c1b900000) (1024K)]
Total: 25

Other Threads:
  0x0000019cff1bd480 VMThread "VM Thread"                           [id=17516, stack(0x0000008c19d00000,0x0000008c19e00000) (1024K)]
  0x0000019cff1ab750 WatcherThread "VM Periodic Task Thread"        [id=4984, stack(0x0000008c19c00000,0x0000008c19d00000) (1024K)]
  0x0000019ce6bf4c20 WorkerThread "GC Thread#0"                     [id=6072, stack(0x0000008c19700000,0x0000008c19800000) (1024K)]
  0x0000019cff263370 WorkerThread "GC Thread#1"                     [id=14512, stack(0x0000008c1a800000,0x0000008c1a900000) (1024K)]
  0x0000019cff480a00 WorkerThread "GC Thread#2"                     [id=1992, stack(0x0000008c1a900000,0x0000008c1aa00000) (1024K)]
  0x0000019cff2d4d30 WorkerThread "GC Thread#3"                     [id=17752, stack(0x0000008c1aa00000,0x0000008c1ab00000) (1024K)]
  0x0000019ce6bf9aa0 ConcurrentGCThread "G1 Main Marker"            [id=18156, stack(0x0000008c19800000,0x0000008c19900000) (1024K)]
  0x0000019ce6bfa5f0 WorkerThread "G1 Conc#0"                       [id=2088, stack(0x0000008c19900000,0x0000008c19a00000) (1024K)]
  0x0000019ce6c8e960 ConcurrentGCThread "G1 Refine#0"               [id=15948, stack(0x0000008c19a00000,0x0000008c19b00000) (1024K)]
  0x0000019cff07e590 ConcurrentGCThread "G1 Service"                [id=1676, stack(0x0000008c19b00000,0x0000008c19c00000) (1024K)]
Total: 10

Threads with active compile tasks:
C2 CompilerThread0  284644 3241   !   4       java.net.URLClassLoader$1::run (81 bytes)
Total: 1

VM state: not at safepoint (normal execution)

VM Mutex/Monitor currently owned by a thread: None

Heap address: 0x00000000e0000000, size: 512 MB, Compressed Oops mode: 32-bit

CDS archive(s) mapped at: [0x0000019c82000000-0x0000019c82c80000-0x0000019c82c80000), size 13107200, SharedBaseAddress: 0x0000019c82000000, ArchiveRelocationMode: 1.
Compressed class space mapped at: 0x0000019c83000000-0x0000019c97000000, reserved size: 335544320
Narrow klass base: 0x0000019c82000000, Narrow klass shift: 0, Narrow klass range: 0x100000000

GC Precious Log:
 CardTable entry size: 512
 Card Set container configuration: InlinePtr #cards 5 size 8 Array Of Cards #cards 12 size 40 Howl #buckets 4 coarsen threshold 1843 Howl Bitmap #cards 512 size 80 coarsen threshold 460 Card regions per heap region 1 cards per card region 2048
 CPUs: 4 total, 4 available
 Memory: 3975M
 Large Page Support: Disabled
 NUMA Support: Disabled
 Compressed Oops: Enabled (32-bit)
 Heap Region Size: 1M
 Heap Min Capacity: 256M
 Heap Initial Capacity: 256M
 Heap Max Capacity: 512M
 Pre-touch: Disabled
 Parallel Workers: 4
 Concurrent Workers: 1
 Concurrent Refinement Workers: 4
 Periodic GC: Disabled

Heap:
 garbage-first heap   total 262144K, used 31948K [0x00000000e0000000, 0x0000000100000000)
  region size 1024K, 11 young (11264K), 3 survivors (3072K)
 Metaspace       used 21767K, committed 22464K, reserved 393216K
  class space    used 3120K, committed 3456K, reserved 327680K

Heap Regions: E=young(eden), S=young(survivor), O=old, HS=humongous(starts), HC=humongous(continues), CS=collection set, F=free, TAMS=top-at-mark-start, PB=parsable bottom
|   0|0x00000000e0000000, 0x00000000e0100000, 0x00000000e0100000|100%|HS|  |TAMS 0x00000000e0000000| PB 0x00000000e0000000| Complete 
|   1|0x00000000e0100000, 0x00000000e0200000, 0x00000000e0200000|100%|HC|  |TAMS 0x00000000e0100000| PB 0x00000000e0100000| Complete 
|   2|0x00000000e0200000, 0x00000000e0300000, 0x00000000e0300000|100%|HC|  |TAMS 0x00000000e0200000| PB 0x00000000e0200000| Complete 
|   3|0x00000000e0300000, 0x00000000e0400000, 0x00000000e0400000|100%| O|  |TAMS 0x00000000e0300000| PB 0x00000000e0300000| Untracked 
|   4|0x00000000e0400000, 0x00000000e0500000, 0x00000000e0500000|100%| O|  |TAMS 0x00000000e0400000| PB 0x00000000e0400000| Untracked 
|   5|0x00000000e0500000, 0x00000000e0600000, 0x00000000e0600000|100%| O|  |TAMS 0x00000000e0500000| PB 0x00000000e0500000| Untracked 
|   6|0x00000000e0600000, 0x00000000e0700000, 0x00000000e0700000|100%|HS|  |TAMS 0x00000000e0600000| PB 0x00000000e0600000| Complete 
|   7|0x00000000e0700000, 0x00000000e0800000, 0x00000000e0800000|100%| O|  |TAMS 0x00000000e0700000| PB 0x00000000e0700000| Untracked 
|   8|0x00000000e0800000, 0x00000000e0900000, 0x00000000e0900000|100%| O|  |TAMS 0x00000000e0800000| PB 0x00000000e0800000| Untracked 
|   9|0x00000000e0900000, 0x00000000e0a00000, 0x00000000e0a00000|100%| O|  |TAMS 0x00000000e0900000| PB 0x00000000e0900000| Untracked 
|  10|0x00000000e0a00000, 0x00000000e0b00000, 0x00000000e0b00000|100%| O|  |TAMS 0x00000000e0a00000| PB 0x00000000e0a00000| Untracked 
|  11|0x00000000e0b00000, 0x00000000e0c00000, 0x00000000e0c00000|100%| O|  |TAMS 0x00000000e0b00000| PB 0x00000000e0b00000| Untracked 
|  12|0x00000000e0c00000, 0x00000000e0d00000, 0x00000000e0d00000|100%| O|  |TAMS 0x00000000e0c00000| PB 0x00000000e0c00000| Untracked 
|  13|0x00000000e0d00000, 0x00000000e0e00000, 0x00000000e0e00000|100%| O|  |TAMS 0x00000000e0d00000| PB 0x00000000e0d00000| Untracked 
|  14|0x00000000e0e00000, 0x00000000e0f00000, 0x00000000e0f00000|100%| O|  |TAMS 0x00000000e0e00000| PB 0x00000000e0e00000| Untracked 
|  15|0x00000000e0f00000, 0x00000000e1000000, 0x00000000e1000000|100%| O|  |TAMS 0x00000000e0f00000| PB 0x00000000e0f00000| Untracked 
|  16|0x00000000e1000000, 0x00000000e1100000, 0x00000000e1100000|100%| O|  |TAMS 0x00000000e1000000| PB 0x00000000e1000000| Untracked 
|  17|0x00000000e1100000, 0x00000000e1200000, 0x00000000e1200000|100%| O|  |TAMS 0x00000000e1100000| PB 0x00000000e1100000| Untracked 
|  18|0x00000000e1200000, 0x00000000e1300000, 0x00000000e1300000|100%| O|  |TAMS 0x00000000e1200000| PB 0x00000000e1200000| Untracked 
|  19|0x00000000e1300000, 0x00000000e1400000, 0x00000000e1400000|100%| O|  |TAMS 0x00000000e1300000| PB 0x00000000e1300000| Untracked 
|  20|0x00000000e1400000, 0x00000000e1500000, 0x00000000e1500000|100%| O|  |TAMS 0x00000000e1400000| PB 0x00000000e1400000| Untracked 
|  21|0x00000000e1500000, 0x00000000e15bbd00, 0x00000000e1600000| 73%| O|  |TAMS 0x00000000e1500000| PB 0x00000000e1500000| Untracked 
|  22|0x00000000e1600000, 0x00000000e1600000, 0x00000000e1700000|  0%| F|  |TAMS 0x00000000e1600000| PB 0x00000000e1600000| Untracked 
|  23|0x00000000e1700000, 0x00000000e1700000, 0x00000000e1800000|  0%| F|  |TAMS 0x00000000e1700000| PB 0x00000000e1700000| Untracked 
|  24|0x00000000e1800000, 0x00000000e1800000, 0x00000000e1900000|  0%| F|  |TAMS 0x00000000e1800000| PB 0x00000000e1800000| Untracked 
|  25|0x00000000e1900000, 0x00000000e1900000, 0x00000000e1a00000|  0%| F|  |TAMS 0x00000000e1900000| PB 0x00000000e1900000| Untracked 
|  26|0x00000000e1a00000, 0x00000000e1a00000, 0x00000000e1b00000|  0%| F|  |TAMS 0x00000000e1a00000| PB 0x00000000e1a00000| Untracked 
|  27|0x00000000e1b00000, 0x00000000e1b00000, 0x00000000e1c00000|  0%| F|  |TAMS 0x00000000e1b00000| PB 0x00000000e1b00000| Untracked 
|  28|0x00000000e1c00000, 0x00000000e1c00000, 0x00000000e1d00000|  0%| F|  |TAMS 0x00000000e1c00000| PB 0x00000000e1c00000| Untracked 
|  29|0x00000000e1d00000, 0x00000000e1d00000, 0x00000000e1e00000|  0%| F|  |TAMS 0x00000000e1d00000| PB 0x00000000e1d00000| Untracked 
|  30|0x00000000e1e00000, 0x00000000e1e00000, 0x00000000e1f00000|  0%| F|  |TAMS 0x00000000e1e00000| PB 0x00000000e1e00000| Untracked 
|  31|0x00000000e1f00000, 0x00000000e1f00000, 0x00000000e2000000|  0%| F|  |TAMS 0x00000000e1f00000| PB 0x00000000e1f00000| Untracked 
|  32|0x00000000e2000000, 0x00000000e2000000, 0x00000000e2100000|  0%| F|  |TAMS 0x00000000e2000000| PB 0x00000000e2000000| Untracked 
|  33|0x00000000e2100000, 0x00000000e2100000, 0x00000000e2200000|  0%| F|  |TAMS 0x00000000e2100000| PB 0x00000000e2100000| Untracked 
|  34|0x00000000e2200000, 0x00000000e2200000, 0x00000000e2300000|  0%| F|  |TAMS 0x00000000e2200000| PB 0x00000000e2200000| Untracked 
|  35|0x00000000e2300000, 0x00000000e2300000, 0x00000000e2400000|  0%| F|  |TAMS 0x00000000e2300000| PB 0x00000000e2300000| Untracked 
|  36|0x00000000e2400000, 0x00000000e2400000, 0x00000000e2500000|  0%| F|  |TAMS 0x00000000e2400000| PB 0x00000000e2400000| Untracked 
|  37|0x00000000e2500000, 0x00000000e2500000, 0x00000000e2600000|  0%| F|  |TAMS 0x00000000e2500000| PB 0x00000000e2500000| Untracked 
|  38|0x00000000e2600000, 0x00000000e2600000, 0x00000000e2700000|  0%| F|  |TAMS 0x00000000e2600000| PB 0x00000000e2600000| Untracked 
|  39|0x00000000e2700000, 0x00000000e2700000, 0x00000000e2800000|  0%| F|  |TAMS 0x00000000e2700000| PB 0x00000000e2700000| Untracked 
|  40|0x00000000e2800000, 0x00000000e2800000, 0x00000000e2900000|  0%| F|  |TAMS 0x00000000e2800000| PB 0x00000000e2800000| Untracked 
|  41|0x00000000e2900000, 0x00000000e2900000, 0x00000000e2a00000|  0%| F|  |TAMS 0x00000000e2900000| PB 0x00000000e2900000| Untracked 
|  42|0x00000000e2a00000, 0x00000000e2a00000, 0x00000000e2b00000|  0%| F|  |TAMS 0x00000000e2a00000| PB 0x00000000e2a00000| Untracked 
|  43|0x00000000e2b00000, 0x00000000e2b00000, 0x00000000e2c00000|  0%| F|  |TAMS 0x00000000e2b00000| PB 0x00000000e2b00000| Untracked 
|  44|0x00000000e2c00000, 0x00000000e2c00000, 0x00000000e2d00000|  0%| F|  |TAMS 0x00000000e2c00000| PB 0x00000000e2c00000| Untracked 
|  45|0x00000000e2d00000, 0x00000000e2d00000, 0x00000000e2e00000|  0%| F|  |TAMS 0x00000000e2d00000| PB 0x00000000e2d00000| Untracked 
|  46|0x00000000e2e00000, 0x00000000e2e00000, 0x00000000e2f00000|  0%| F|  |TAMS 0x00000000e2e00000| PB 0x00000000e2e00000| Untracked 
|  47|0x00000000e2f00000, 0x00000000e2f00000, 0x00000000e3000000|  0%| F|  |TAMS 0x00000000e2f00000| PB 0x00000000e2f00000| Untracked 
|  48|0x00000000e3000000, 0x00000000e3000000, 0x00000000e3100000|  0%| F|  |TAMS 0x00000000e3000000| PB 0x00000000e3000000| Untracked 
|  49|0x00000000e3100000, 0x00000000e3100000, 0x00000000e3200000|  0%| F|  |TAMS 0x00000000e3100000| PB 0x00000000e3100000| Untracked 
|  50|0x00000000e3200000, 0x00000000e3200000, 0x00000000e3300000|  0%| F|  |TAMS 0x00000000e3200000| PB 0x00000000e3200000| Untracked 
|  51|0x00000000e3300000, 0x00000000e3300000, 0x00000000e3400000|  0%| F|  |TAMS 0x00000000e3300000| PB 0x00000000e3300000| Untracked 
|  52|0x00000000e3400000, 0x00000000e3400000, 0x00000000e3500000|  0%| F|  |TAMS 0x00000000e3400000| PB 0x00000000e3400000| Untracked 
|  53|0x00000000e3500000, 0x00000000e3500000, 0x00000000e3600000|  0%| F|  |TAMS 0x00000000e3500000| PB 0x00000000e3500000| Untracked 
|  54|0x00000000e3600000, 0x00000000e3600000, 0x00000000e3700000|  0%| F|  |TAMS 0x00000000e3600000| PB 0x00000000e3600000| Untracked 
|  55|0x00000000e3700000, 0x00000000e3700000, 0x00000000e3800000|  0%| F|  |TAMS 0x00000000e3700000| PB 0x00000000e3700000| Untracked 
|  56|0x00000000e3800000, 0x00000000e3800000, 0x00000000e3900000|  0%| F|  |TAMS 0x00000000e3800000| PB 0x00000000e3800000| Untracked 
|  57|0x00000000e3900000, 0x00000000e3900000, 0x00000000e3a00000|  0%| F|  |TAMS 0x00000000e3900000| PB 0x00000000e3900000| Untracked 
|  58|0x00000000e3a00000, 0x00000000e3a00000, 0x00000000e3b00000|  0%| F|  |TAMS 0x00000000e3a00000| PB 0x00000000e3a00000| Untracked 
|  59|0x00000000e3b00000, 0x00000000e3b00000, 0x00000000e3c00000|  0%| F|  |TAMS 0x00000000e3b00000| PB 0x00000000e3b00000| Untracked 
|  60|0x00000000e3c00000, 0x00000000e3c00000, 0x00000000e3d00000|  0%| F|  |TAMS 0x00000000e3c00000| PB 0x00000000e3c00000| Untracked 
|  61|0x00000000e3d00000, 0x00000000e3d00000, 0x00000000e3e00000|  0%| F|  |TAMS 0x00000000e3d00000| PB 0x00000000e3d00000| Untracked 
|  62|0x00000000e3e00000, 0x00000000e3e00000, 0x00000000e3f00000|  0%| F|  |TAMS 0x00000000e3e00000| PB 0x00000000e3e00000| Untracked 
|  63|0x00000000e3f00000, 0x00000000e3f00000, 0x00000000e4000000|  0%| F|  |TAMS 0x00000000e3f00000| PB 0x00000000e3f00000| Untracked 
|  64|0x00000000e4000000, 0x00000000e4000000, 0x00000000e4100000|  0%| F|  |TAMS 0x00000000e4000000| PB 0x00000000e4000000| Untracked 
|  65|0x00000000e4100000, 0x00000000e4100000, 0x00000000e4200000|  0%| F|  |TAMS 0x00000000e4100000| PB 0x00000000e4100000| Untracked 
|  66|0x00000000e4200000, 0x00000000e4200000, 0x00000000e4300000|  0%| F|  |TAMS 0x00000000e4200000| PB 0x00000000e4200000| Untracked 
|  67|0x00000000e4300000, 0x00000000e4300000, 0x00000000e4400000|  0%| F|  |TAMS 0x00000000e4300000| PB 0x00000000e4300000| Untracked 
|  68|0x00000000e4400000, 0x00000000e4400000, 0x00000000e4500000|  0%| F|  |TAMS 0x00000000e4400000| PB 0x00000000e4400000| Untracked 
|  69|0x00000000e4500000, 0x00000000e4500000, 0x00000000e4600000|  0%| F|  |TAMS 0x00000000e4500000| PB 0x00000000e4500000| Untracked 
|  70|0x00000000e4600000, 0x00000000e4600000, 0x00000000e4700000|  0%| F|  |TAMS 0x00000000e4600000| PB 0x00000000e4600000| Untracked 
|  71|0x00000000e4700000, 0x00000000e4700000, 0x00000000e4800000|  0%| F|  |TAMS 0x00000000e4700000| PB 0x00000000e4700000| Untracked 
|  72|0x00000000e4800000, 0x00000000e4800000, 0x00000000e4900000|  0%| F|  |TAMS 0x00000000e4800000| PB 0x00000000e4800000| Untracked 
|  73|0x00000000e4900000, 0x00000000e4900000, 0x00000000e4a00000|  0%| F|  |TAMS 0x00000000e4900000| PB 0x00000000e4900000| Untracked 
|  74|0x00000000e4a00000, 0x00000000e4a00000, 0x00000000e4b00000|  0%| F|  |TAMS 0x00000000e4a00000| PB 0x00000000e4a00000| Untracked 
|  75|0x00000000e4b00000, 0x00000000e4b00000, 0x00000000e4c00000|  0%| F|  |TAMS 0x00000000e4b00000| PB 0x00000000e4b00000| Untracked 
|  76|0x00000000e4c00000, 0x00000000e4c00000, 0x00000000e4d00000|  0%| F|  |TAMS 0x00000000e4c00000| PB 0x00000000e4c00000| Untracked 
|  77|0x00000000e4d00000, 0x00000000e4d00000, 0x00000000e4e00000|  0%| F|  |TAMS 0x00000000e4d00000| PB 0x00000000e4d00000| Untracked 
|  78|0x00000000e4e00000, 0x00000000e4e00000, 0x00000000e4f00000|  0%| F|  |TAMS 0x00000000e4e00000| PB 0x00000000e4e00000| Untracked 
|  79|0x00000000e4f00000, 0x00000000e4f00000, 0x00000000e5000000|  0%| F|  |TAMS 0x00000000e4f00000| PB 0x00000000e4f00000| Untracked 
|  80|0x00000000e5000000, 0x00000000e5000000, 0x00000000e5100000|  0%| F|  |TAMS 0x00000000e5000000| PB 0x00000000e5000000| Untracked 
|  81|0x00000000e5100000, 0x00000000e5100000, 0x00000000e5200000|  0%| F|  |TAMS 0x00000000e5100000| PB 0x00000000e5100000| Untracked 
|  82|0x00000000e5200000, 0x00000000e5200000, 0x00000000e5300000|  0%| F|  |TAMS 0x00000000e5200000| PB 0x00000000e5200000| Untracked 
|  83|0x00000000e5300000, 0x00000000e5300000, 0x00000000e5400000|  0%| F|  |TAMS 0x00000000e5300000| PB 0x00000000e5300000| Untracked 
|  84|0x00000000e5400000, 0x00000000e5400000, 0x00000000e5500000|  0%| F|  |TAMS 0x00000000e5400000| PB 0x00000000e5400000| Untracked 
|  85|0x00000000e5500000, 0x00000000e5500000, 0x00000000e5600000|  0%| F|  |TAMS 0x00000000e5500000| PB 0x00000000e5500000| Untracked 
|  86|0x00000000e5600000, 0x00000000e5600000, 0x00000000e5700000|  0%| F|  |TAMS 0x00000000e5600000| PB 0x00000000e5600000| Untracked 
|  87|0x00000000e5700000, 0x00000000e5700000, 0x00000000e5800000|  0%| F|  |TAMS 0x00000000e5700000| PB 0x00000000e5700000| Untracked 
|  88|0x00000000e5800000, 0x00000000e5800000, 0x00000000e5900000|  0%| F|  |TAMS 0x00000000e5800000| PB 0x00000000e5800000| Untracked 
|  89|0x00000000e5900000, 0x00000000e5900000, 0x00000000e5a00000|  0%| F|  |TAMS 0x00000000e5900000| PB 0x00000000e5900000| Untracked 
|  90|0x00000000e5a00000, 0x00000000e5a00000, 0x00000000e5b00000|  0%| F|  |TAMS 0x00000000e5a00000| PB 0x00000000e5a00000| Untracked 
|  91|0x00000000e5b00000, 0x00000000e5b00000, 0x00000000e5c00000|  0%| F|  |TAMS 0x00000000e5b00000| PB 0x00000000e5b00000| Untracked 
|  92|0x00000000e5c00000, 0x00000000e5c00000, 0x00000000e5d00000|  0%| F|  |TAMS 0x00000000e5c00000| PB 0x00000000e5c00000| Untracked 
|  93|0x00000000e5d00000, 0x00000000e5d00000, 0x00000000e5e00000|  0%| F|  |TAMS 0x00000000e5d00000| PB 0x00000000e5d00000| Untracked 
|  94|0x00000000e5e00000, 0x00000000e5e00000, 0x00000000e5f00000|  0%| F|  |TAMS 0x00000000e5e00000| PB 0x00000000e5e00000| Untracked 
|  95|0x00000000e5f00000, 0x00000000e5f00000, 0x00000000e6000000|  0%| F|  |TAMS 0x00000000e5f00000| PB 0x00000000e5f00000| Untracked 
|  96|0x00000000e6000000, 0x00000000e6000000, 0x00000000e6100000|  0%| F|  |TAMS 0x00000000e6000000| PB 0x00000000e6000000| Untracked 
|  97|0x00000000e6100000, 0x00000000e6100000, 0x00000000e6200000|  0%| F|  |TAMS 0x00000000e6100000| PB 0x00000000e6100000| Untracked 
|  98|0x00000000e6200000, 0x00000000e6200000, 0x00000000e6300000|  0%| F|  |TAMS 0x00000000e6200000| PB 0x00000000e6200000| Untracked 
|  99|0x00000000e6300000, 0x00000000e6300000, 0x00000000e6400000|  0%| F|  |TAMS 0x00000000e6300000| PB 0x00000000e6300000| Untracked 
| 100|0x00000000e6400000, 0x00000000e6400000, 0x00000000e6500000|  0%| F|  |TAMS 0x00000000e6400000| PB 0x00000000e6400000| Untracked 
| 101|0x00000000e6500000, 0x00000000e6500000, 0x00000000e6600000|  0%| F|  |TAMS 0x00000000e6500000| PB 0x00000000e6500000| Untracked 
| 102|0x00000000e6600000, 0x00000000e6600000, 0x00000000e6700000|  0%| F|  |TAMS 0x00000000e6600000| PB 0x00000000e6600000| Untracked 
| 103|0x00000000e6700000, 0x00000000e6700000, 0x00000000e6800000|  0%| F|  |TAMS 0x00000000e6700000| PB 0x00000000e6700000| Untracked 
| 104|0x00000000e6800000, 0x00000000e6800000, 0x00000000e6900000|  0%| F|  |TAMS 0x00000000e6800000| PB 0x00000000e6800000| Untracked 
| 105|0x00000000e6900000, 0x00000000e6900000, 0x00000000e6a00000|  0%| F|  |TAMS 0x00000000e6900000| PB 0x00000000e6900000| Untracked 
| 106|0x00000000e6a00000, 0x00000000e6a00000, 0x00000000e6b00000|  0%| F|  |TAMS 0x00000000e6a00000| PB 0x00000000e6a00000| Untracked 
| 107|0x00000000e6b00000, 0x00000000e6b00000, 0x00000000e6c00000|  0%| F|  |TAMS 0x00000000e6b00000| PB 0x00000000e6b00000| Untracked 
| 108|0x00000000e6c00000, 0x00000000e6c00000, 0x00000000e6d00000|  0%| F|  |TAMS 0x00000000e6c00000| PB 0x00000000e6c00000| Untracked 
| 109|0x00000000e6d00000, 0x00000000e6d00000, 0x00000000e6e00000|  0%| F|  |TAMS 0x00000000e6d00000| PB 0x00000000e6d00000| Untracked 
| 110|0x00000000e6e00000, 0x00000000e6e00000, 0x00000000e6f00000|  0%| F|  |TAMS 0x00000000e6e00000| PB 0x00000000e6e00000| Untracked 
| 111|0x00000000e6f00000, 0x00000000e6f00000, 0x00000000e7000000|  0%| F|  |TAMS 0x00000000e6f00000| PB 0x00000000e6f00000| Untracked 
| 112|0x00000000e7000000, 0x00000000e7000000, 0x00000000e7100000|  0%| F|  |TAMS 0x00000000e7000000| PB 0x00000000e7000000| Untracked 
| 113|0x00000000e7100000, 0x00000000e7100000, 0x00000000e7200000|  0%| F|  |TAMS 0x00000000e7100000| PB 0x00000000e7100000| Untracked 
| 114|0x00000000e7200000, 0x00000000e7200000, 0x00000000e7300000|  0%| F|  |TAMS 0x00000000e7200000| PB 0x00000000e7200000| Untracked 
| 115|0x00000000e7300000, 0x00000000e7300000, 0x00000000e7400000|  0%| F|  |TAMS 0x00000000e7300000| PB 0x00000000e7300000| Untracked 
| 116|0x00000000e7400000, 0x00000000e7400000, 0x00000000e7500000|  0%| F|  |TAMS 0x00000000e7400000| PB 0x00000000e7400000| Untracked 
| 117|0x00000000e7500000, 0x00000000e7500000, 0x00000000e7600000|  0%| F|  |TAMS 0x00000000e7500000| PB 0x00000000e7500000| Untracked 
| 118|0x00000000e7600000, 0x00000000e7600000, 0x00000000e7700000|  0%| F|  |TAMS 0x00000000e7600000| PB 0x00000000e7600000| Untracked 
| 119|0x00000000e7700000, 0x00000000e7700000, 0x00000000e7800000|  0%| F|  |TAMS 0x00000000e7700000| PB 0x00000000e7700000| Untracked 
| 120|0x00000000e7800000, 0x00000000e7800000, 0x00000000e7900000|  0%| F|  |TAMS 0x00000000e7800000| PB 0x00000000e7800000| Untracked 
| 121|0x00000000e7900000, 0x00000000e7900000, 0x00000000e7a00000|  0%| F|  |TAMS 0x00000000e7900000| PB 0x00000000e7900000| Untracked 
| 122|0x00000000e7a00000, 0x00000000e7a00000, 0x00000000e7b00000|  0%| F|  |TAMS 0x00000000e7a00000| PB 0x00000000e7a00000| Untracked 
| 123|0x00000000e7b00000, 0x00000000e7b00000, 0x00000000e7c00000|  0%| F|  |TAMS 0x00000000e7b00000| PB 0x00000000e7b00000| Untracked 
| 124|0x00000000e7c00000, 0x00000000e7c00000, 0x00000000e7d00000|  0%| F|  |TAMS 0x00000000e7c00000| PB 0x00000000e7c00000| Untracked 
| 125|0x00000000e7d00000, 0x00000000e7d00000, 0x00000000e7e00000|  0%| F|  |TAMS 0x00000000e7d00000| PB 0x00000000e7d00000| Untracked 
| 126|0x00000000e7e00000, 0x00000000e7e00000, 0x00000000e7f00000|  0%| F|  |TAMS 0x00000000e7e00000| PB 0x00000000e7e00000| Untracked 
| 127|0x00000000e7f00000, 0x00000000e7f00000, 0x00000000e8000000|  0%| F|  |TAMS 0x00000000e7f00000| PB 0x00000000e7f00000| Untracked 
| 128|0x00000000e8000000, 0x00000000e8000000, 0x00000000e8100000|  0%| F|  |TAMS 0x00000000e8000000| PB 0x00000000e8000000| Untracked 
| 129|0x00000000e8100000, 0x00000000e8100000, 0x00000000e8200000|  0%| F|  |TAMS 0x00000000e8100000| PB 0x00000000e8100000| Untracked 
| 130|0x00000000e8200000, 0x00000000e8200000, 0x00000000e8300000|  0%| F|  |TAMS 0x00000000e8200000| PB 0x00000000e8200000| Untracked 
| 131|0x00000000e8300000, 0x00000000e8300000, 0x00000000e8400000|  0%| F|  |TAMS 0x00000000e8300000| PB 0x00000000e8300000| Untracked 
| 132|0x00000000e8400000, 0x00000000e8400000, 0x00000000e8500000|  0%| F|  |TAMS 0x00000000e8400000| PB 0x00000000e8400000| Untracked 
| 133|0x00000000e8500000, 0x00000000e8500000, 0x00000000e8600000|  0%| F|  |TAMS 0x00000000e8500000| PB 0x00000000e8500000| Untracked 
| 134|0x00000000e8600000, 0x00000000e8600000, 0x00000000e8700000|  0%| F|  |TAMS 0x00000000e8600000| PB 0x00000000e8600000| Untracked 
| 135|0x00000000e8700000, 0x00000000e8700000, 0x00000000e8800000|  0%| F|  |TAMS 0x00000000e8700000| PB 0x00000000e8700000| Untracked 
| 136|0x00000000e8800000, 0x00000000e8800000, 0x00000000e8900000|  0%| F|  |TAMS 0x00000000e8800000| PB 0x00000000e8800000| Untracked 
| 137|0x00000000e8900000, 0x00000000e8900000, 0x00000000e8a00000|  0%| F|  |TAMS 0x00000000e8900000| PB 0x00000000e8900000| Untracked 
| 138|0x00000000e8a00000, 0x00000000e8a00000, 0x00000000e8b00000|  0%| F|  |TAMS 0x00000000e8a00000| PB 0x00000000e8a00000| Untracked 
| 139|0x00000000e8b00000, 0x00000000e8b00000, 0x00000000e8c00000|  0%| F|  |TAMS 0x00000000e8b00000| PB 0x00000000e8b00000| Untracked 
| 140|0x00000000e8c00000, 0x00000000e8c00000, 0x00000000e8d00000|  0%| F|  |TAMS 0x00000000e8c00000| PB 0x00000000e8c00000| Untracked 
| 141|0x00000000e8d00000, 0x00000000e8d00000, 0x00000000e8e00000|  0%| F|  |TAMS 0x00000000e8d00000| PB 0x00000000e8d00000| Untracked 
| 142|0x00000000e8e00000, 0x00000000e8e00000, 0x00000000e8f00000|  0%| F|  |TAMS 0x00000000e8e00000| PB 0x00000000e8e00000| Untracked 
| 143|0x00000000e8f00000, 0x00000000e8f00000, 0x00000000e9000000|  0%| F|  |TAMS 0x00000000e8f00000| PB 0x00000000e8f00000| Untracked 
| 144|0x00000000e9000000, 0x00000000e9000000, 0x00000000e9100000|  0%| F|  |TAMS 0x00000000e9000000| PB 0x00000000e9000000| Untracked 
| 145|0x00000000e9100000, 0x00000000e9100000, 0x00000000e9200000|  0%| F|  |TAMS 0x00000000e9100000| PB 0x00000000e9100000| Untracked 
| 146|0x00000000e9200000, 0x00000000e9200000, 0x00000000e9300000|  0%| F|  |TAMS 0x00000000e9200000| PB 0x00000000e9200000| Untracked 
| 147|0x00000000e9300000, 0x00000000e9300000, 0x00000000e9400000|  0%| F|  |TAMS 0x00000000e9300000| PB 0x00000000e9300000| Untracked 
| 148|0x00000000e9400000, 0x00000000e9400000, 0x00000000e9500000|  0%| F|  |TAMS 0x00000000e9400000| PB 0x00000000e9400000| Untracked 
| 149|0x00000000e9500000, 0x00000000e9500000, 0x00000000e9600000|  0%| F|  |TAMS 0x00000000e9500000| PB 0x00000000e9500000| Untracked 
| 150|0x00000000e9600000, 0x00000000e9600000, 0x00000000e9700000|  0%| F|  |TAMS 0x00000000e9600000| PB 0x00000000e9600000| Untracked 
| 151|0x00000000e9700000, 0x00000000e9700000, 0x00000000e9800000|  0%| F|  |TAMS 0x00000000e9700000| PB 0x00000000e9700000| Untracked 
| 152|0x00000000e9800000, 0x00000000e9800000, 0x00000000e9900000|  0%| F|  |TAMS 0x00000000e9800000| PB 0x00000000e9800000| Untracked 
| 153|0x00000000e9900000, 0x00000000e9900000, 0x00000000e9a00000|  0%| F|  |TAMS 0x00000000e9900000| PB 0x00000000e9900000| Untracked 
| 154|0x00000000e9a00000, 0x00000000e9a00000, 0x00000000e9b00000|  0%| F|  |TAMS 0x00000000e9a00000| PB 0x00000000e9a00000| Untracked 
| 155|0x00000000e9b00000, 0x00000000e9b00000, 0x00000000e9c00000|  0%| F|  |TAMS 0x00000000e9b00000| PB 0x00000000e9b00000| Untracked 
| 156|0x00000000e9c00000, 0x00000000e9c00000, 0x00000000e9d00000|  0%| F|  |TAMS 0x00000000e9c00000| PB 0x00000000e9c00000| Untracked 
| 157|0x00000000e9d00000, 0x00000000e9d00000, 0x00000000e9e00000|  0%| F|  |TAMS 0x00000000e9d00000| PB 0x00000000e9d00000| Untracked 
| 158|0x00000000e9e00000, 0x00000000e9e00000, 0x00000000e9f00000|  0%| F|  |TAMS 0x00000000e9e00000| PB 0x00000000e9e00000| Untracked 
| 159|0x00000000e9f00000, 0x00000000e9f00000, 0x00000000ea000000|  0%| F|  |TAMS 0x00000000e9f00000| PB 0x00000000e9f00000| Untracked 
| 160|0x00000000ea000000, 0x00000000ea000000, 0x00000000ea100000|  0%| F|  |TAMS 0x00000000ea000000| PB 0x00000000ea000000| Untracked 
| 161|0x00000000ea100000, 0x00000000ea100000, 0x00000000ea200000|  0%| F|  |TAMS 0x00000000ea100000| PB 0x00000000ea100000| Untracked 
| 162|0x00000000ea200000, 0x00000000ea200000, 0x00000000ea300000|  0%| F|  |TAMS 0x00000000ea200000| PB 0x00000000ea200000| Untracked 
| 163|0x00000000ea300000, 0x00000000ea300000, 0x00000000ea400000|  0%| F|  |TAMS 0x00000000ea300000| PB 0x00000000ea300000| Untracked 
| 164|0x00000000ea400000, 0x00000000ea400000, 0x00000000ea500000|  0%| F|  |TAMS 0x00000000ea400000| PB 0x00000000ea400000| Untracked 
| 165|0x00000000ea500000, 0x00000000ea500000, 0x00000000ea600000|  0%| F|  |TAMS 0x00000000ea500000| PB 0x00000000ea500000| Untracked 
| 166|0x00000000ea600000, 0x00000000ea600000, 0x00000000ea700000|  0%| F|  |TAMS 0x00000000ea600000| PB 0x00000000ea600000| Untracked 
| 167|0x00000000ea700000, 0x00000000ea700000, 0x00000000ea800000|  0%| F|  |TAMS 0x00000000ea700000| PB 0x00000000ea700000| Untracked 
| 168|0x00000000ea800000, 0x00000000ea800000, 0x00000000ea900000|  0%| F|  |TAMS 0x00000000ea800000| PB 0x00000000ea800000| Untracked 
| 169|0x00000000ea900000, 0x00000000ea900000, 0x00000000eaa00000|  0%| F|  |TAMS 0x00000000ea900000| PB 0x00000000ea900000| Untracked 
| 170|0x00000000eaa00000, 0x00000000eaa00000, 0x00000000eab00000|  0%| F|  |TAMS 0x00000000eaa00000| PB 0x00000000eaa00000| Untracked 
| 171|0x00000000eab00000, 0x00000000eab00000, 0x00000000eac00000|  0%| F|  |TAMS 0x00000000eab00000| PB 0x00000000eab00000| Untracked 
| 172|0x00000000eac00000, 0x00000000eac00000, 0x00000000ead00000|  0%| F|  |TAMS 0x00000000eac00000| PB 0x00000000eac00000| Untracked 
| 173|0x00000000ead00000, 0x00000000ead00000, 0x00000000eae00000|  0%| F|  |TAMS 0x00000000ead00000| PB 0x00000000ead00000| Untracked 
| 174|0x00000000eae00000, 0x00000000eae00000, 0x00000000eaf00000|  0%| F|  |TAMS 0x00000000eae00000| PB 0x00000000eae00000| Untracked 
| 175|0x00000000eaf00000, 0x00000000eaf00000, 0x00000000eb000000|  0%| F|  |TAMS 0x00000000eaf00000| PB 0x00000000eaf00000| Untracked 
| 176|0x00000000eb000000, 0x00000000eb000000, 0x00000000eb100000|  0%| F|  |TAMS 0x00000000eb000000| PB 0x00000000eb000000| Untracked 
| 177|0x00000000eb100000, 0x00000000eb100000, 0x00000000eb200000|  0%| F|  |TAMS 0x00000000eb100000| PB 0x00000000eb100000| Untracked 
| 178|0x00000000eb200000, 0x00000000eb200000, 0x00000000eb300000|  0%| F|  |TAMS 0x00000000eb200000| PB 0x00000000eb200000| Untracked 
| 179|0x00000000eb300000, 0x00000000eb300000, 0x00000000eb400000|  0%| F|  |TAMS 0x00000000eb300000| PB 0x00000000eb300000| Untracked 
| 180|0x00000000eb400000, 0x00000000eb400000, 0x00000000eb500000|  0%| F|  |TAMS 0x00000000eb400000| PB 0x00000000eb400000| Untracked 
| 181|0x00000000eb500000, 0x00000000eb500000, 0x00000000eb600000|  0%| F|  |TAMS 0x00000000eb500000| PB 0x00000000eb500000| Untracked 
| 182|0x00000000eb600000, 0x00000000eb600000, 0x00000000eb700000|  0%| F|  |TAMS 0x00000000eb600000| PB 0x00000000eb600000| Untracked 
| 183|0x00000000eb700000, 0x00000000eb700000, 0x00000000eb800000|  0%| F|  |TAMS 0x00000000eb700000| PB 0x00000000eb700000| Untracked 
| 184|0x00000000eb800000, 0x00000000eb800000, 0x00000000eb900000|  0%| F|  |TAMS 0x00000000eb800000| PB 0x00000000eb800000| Untracked 
| 185|0x00000000eb900000, 0x00000000eb900000, 0x00000000eba00000|  0%| F|  |TAMS 0x00000000eb900000| PB 0x00000000eb900000| Untracked 
| 186|0x00000000eba00000, 0x00000000eba00000, 0x00000000ebb00000|  0%| F|  |TAMS 0x00000000eba00000| PB 0x00000000eba00000| Untracked 
| 187|0x00000000ebb00000, 0x00000000ebb00000, 0x00000000ebc00000|  0%| F|  |TAMS 0x00000000ebb00000| PB 0x00000000ebb00000| Untracked 
| 188|0x00000000ebc00000, 0x00000000ebc00000, 0x00000000ebd00000|  0%| F|  |TAMS 0x00000000ebc00000| PB 0x00000000ebc00000| Untracked 
| 189|0x00000000ebd00000, 0x00000000ebd00000, 0x00000000ebe00000|  0%| F|  |TAMS 0x00000000ebd00000| PB 0x00000000ebd00000| Untracked 
| 190|0x00000000ebe00000, 0x00000000ebe00000, 0x00000000ebf00000|  0%| F|  |TAMS 0x00000000ebe00000| PB 0x00000000ebe00000| Untracked 
| 191|0x00000000ebf00000, 0x00000000ebf00000, 0x00000000ec000000|  0%| F|  |TAMS 0x00000000ebf00000| PB 0x00000000ebf00000| Untracked 
| 192|0x00000000ec000000, 0x00000000ec000000, 0x00000000ec100000|  0%| F|  |TAMS 0x00000000ec000000| PB 0x00000000ec000000| Untracked 
| 193|0x00000000ec100000, 0x00000000ec100000, 0x00000000ec200000|  0%| F|  |TAMS 0x00000000ec100000| PB 0x00000000ec100000| Untracked 
| 194|0x00000000ec200000, 0x00000000ec200000, 0x00000000ec300000|  0%| F|  |TAMS 0x00000000ec200000| PB 0x00000000ec200000| Untracked 
| 195|0x00000000ec300000, 0x00000000ec300000, 0x00000000ec400000|  0%| F|  |TAMS 0x00000000ec300000| PB 0x00000000ec300000| Untracked 
| 196|0x00000000ec400000, 0x00000000ec400000, 0x00000000ec500000|  0%| F|  |TAMS 0x00000000ec400000| PB 0x00000000ec400000| Untracked 
| 197|0x00000000ec500000, 0x00000000ec500000, 0x00000000ec600000|  0%| F|  |TAMS 0x00000000ec500000| PB 0x00000000ec500000| Untracked 
| 198|0x00000000ec600000, 0x00000000ec600000, 0x00000000ec700000|  0%| F|  |TAMS 0x00000000ec600000| PB 0x00000000ec600000| Untracked 
| 199|0x00000000ec700000, 0x00000000ec700000, 0x00000000ec800000|  0%| F|  |TAMS 0x00000000ec700000| PB 0x00000000ec700000| Untracked 
| 200|0x00000000ec800000, 0x00000000ec800000, 0x00000000ec900000|  0%| F|  |TAMS 0x00000000ec800000| PB 0x00000000ec800000| Untracked 
| 201|0x00000000ec900000, 0x00000000ec900000, 0x00000000eca00000|  0%| F|  |TAMS 0x00000000ec900000| PB 0x00000000ec900000| Untracked 
| 202|0x00000000eca00000, 0x00000000eca00000, 0x00000000ecb00000|  0%| F|  |TAMS 0x00000000eca00000| PB 0x00000000eca00000| Untracked 
| 203|0x00000000ecb00000, 0x00000000ecb00000, 0x00000000ecc00000|  0%| F|  |TAMS 0x00000000ecb00000| PB 0x00000000ecb00000| Untracked 
| 204|0x00000000ecc00000, 0x00000000ecc00000, 0x00000000ecd00000|  0%| F|  |TAMS 0x00000000ecc00000| PB 0x00000000ecc00000| Untracked 
| 205|0x00000000ecd00000, 0x00000000ecd00000, 0x00000000ece00000|  0%| F|  |TAMS 0x00000000ecd00000| PB 0x00000000ecd00000| Untracked 
| 206|0x00000000ece00000, 0x00000000ece00000, 0x00000000ecf00000|  0%| F|  |TAMS 0x00000000ece00000| PB 0x00000000ece00000| Untracked 
| 207|0x00000000ecf00000, 0x00000000ecf00000, 0x00000000ed000000|  0%| F|  |TAMS 0x00000000ecf00000| PB 0x00000000ecf00000| Untracked 
| 208|0x00000000ed000000, 0x00000000ed000000, 0x00000000ed100000|  0%| F|  |TAMS 0x00000000ed000000| PB 0x00000000ed000000| Untracked 
| 209|0x00000000ed100000, 0x00000000ed100000, 0x00000000ed200000|  0%| F|  |TAMS 0x00000000ed100000| PB 0x00000000ed100000| Untracked 
| 210|0x00000000ed200000, 0x00000000ed200000, 0x00000000ed300000|  0%| F|  |TAMS 0x00000000ed200000| PB 0x00000000ed200000| Untracked 
| 211|0x00000000ed300000, 0x00000000ed300000, 0x00000000ed400000|  0%| F|  |TAMS 0x00000000ed300000| PB 0x00000000ed300000| Untracked 
| 212|0x00000000ed400000, 0x00000000ed400000, 0x00000000ed500000|  0%| F|  |TAMS 0x00000000ed400000| PB 0x00000000ed400000| Untracked 
| 213|0x00000000ed500000, 0x00000000ed500000, 0x00000000ed600000|  0%| F|  |TAMS 0x00000000ed500000| PB 0x00000000ed500000| Untracked 
| 214|0x00000000ed600000, 0x00000000ed600000, 0x00000000ed700000|  0%| F|  |TAMS 0x00000000ed600000| PB 0x00000000ed600000| Untracked 
| 215|0x00000000ed700000, 0x00000000ed700000, 0x00000000ed800000|  0%| F|  |TAMS 0x00000000ed700000| PB 0x00000000ed700000| Untracked 
| 216|0x00000000ed800000, 0x00000000ed800000, 0x00000000ed900000|  0%| F|  |TAMS 0x00000000ed800000| PB 0x00000000ed800000| Untracked 
| 217|0x00000000ed900000, 0x00000000ed900000, 0x00000000eda00000|  0%| F|  |TAMS 0x00000000ed900000| PB 0x00000000ed900000| Untracked 
| 218|0x00000000eda00000, 0x00000000eda00000, 0x00000000edb00000|  0%| F|  |TAMS 0x00000000eda00000| PB 0x00000000eda00000| Untracked 
| 219|0x00000000edb00000, 0x00000000edb00000, 0x00000000edc00000|  0%| F|  |TAMS 0x00000000edb00000| PB 0x00000000edb00000| Untracked 
| 220|0x00000000edc00000, 0x00000000edc00000, 0x00000000edd00000|  0%| F|  |TAMS 0x00000000edc00000| PB 0x00000000edc00000| Untracked 
| 221|0x00000000edd00000, 0x00000000edd00000, 0x00000000ede00000|  0%| F|  |TAMS 0x00000000edd00000| PB 0x00000000edd00000| Untracked 
| 222|0x00000000ede00000, 0x00000000ede00000, 0x00000000edf00000|  0%| F|  |TAMS 0x00000000ede00000| PB 0x00000000ede00000| Untracked 
| 223|0x00000000edf00000, 0x00000000edf00000, 0x00000000ee000000|  0%| F|  |TAMS 0x00000000edf00000| PB 0x00000000edf00000| Untracked 
| 224|0x00000000ee000000, 0x00000000ee000000, 0x00000000ee100000|  0%| F|  |TAMS 0x00000000ee000000| PB 0x00000000ee000000| Untracked 
| 225|0x00000000ee100000, 0x00000000ee100000, 0x00000000ee200000|  0%| F|  |TAMS 0x00000000ee100000| PB 0x00000000ee100000| Untracked 
| 226|0x00000000ee200000, 0x00000000ee200000, 0x00000000ee300000|  0%| F|  |TAMS 0x00000000ee200000| PB 0x00000000ee200000| Untracked 
| 227|0x00000000ee300000, 0x00000000ee300000, 0x00000000ee400000|  0%| F|  |TAMS 0x00000000ee300000| PB 0x00000000ee300000| Untracked 
| 228|0x00000000ee400000, 0x00000000ee400000, 0x00000000ee500000|  0%| F|  |TAMS 0x00000000ee400000| PB 0x00000000ee400000| Untracked 
| 229|0x00000000ee500000, 0x00000000ee500000, 0x00000000ee600000|  0%| F|  |TAMS 0x00000000ee500000| PB 0x00000000ee500000| Untracked 
| 230|0x00000000ee600000, 0x00000000ee600000, 0x00000000ee700000|  0%| F|  |TAMS 0x00000000ee600000| PB 0x00000000ee600000| Untracked 
| 231|0x00000000ee700000, 0x00000000ee700000, 0x00000000ee800000|  0%| F|  |TAMS 0x00000000ee700000| PB 0x00000000ee700000| Untracked 
| 232|0x00000000ee800000, 0x00000000ee800000, 0x00000000ee900000|  0%| F|  |TAMS 0x00000000ee800000| PB 0x00000000ee800000| Untracked 
| 233|0x00000000ee900000, 0x00000000ee900000, 0x00000000eea00000|  0%| F|  |TAMS 0x00000000ee900000| PB 0x00000000ee900000| Untracked 
| 234|0x00000000eea00000, 0x00000000eea00000, 0x00000000eeb00000|  0%| F|  |TAMS 0x00000000eea00000| PB 0x00000000eea00000| Untracked 
| 235|0x00000000eeb00000, 0x00000000eeb00000, 0x00000000eec00000|  0%| F|  |TAMS 0x00000000eeb00000| PB 0x00000000eeb00000| Untracked 
| 236|0x00000000eec00000, 0x00000000eec77578, 0x00000000eed00000| 46%| S|CS|TAMS 0x00000000eec00000| PB 0x00000000eec00000| Complete 
| 237|0x00000000eed00000, 0x00000000eee00000, 0x00000000eee00000|100%| S|CS|TAMS 0x00000000eed00000| PB 0x00000000eed00000| Complete 
| 238|0x00000000eee00000, 0x00000000eef00000, 0x00000000eef00000|100%| S|CS|TAMS 0x00000000eee00000| PB 0x00000000eee00000| Complete 
| 239|0x00000000eef00000, 0x00000000eef00000, 0x00000000ef000000|  0%| F|  |TAMS 0x00000000eef00000| PB 0x00000000eef00000| Untracked 
| 240|0x00000000ef000000, 0x00000000ef000000, 0x00000000ef100000|  0%| F|  |TAMS 0x00000000ef000000| PB 0x00000000ef000000| Untracked 
| 241|0x00000000ef100000, 0x00000000ef100000, 0x00000000ef200000|  0%| F|  |TAMS 0x00000000ef100000| PB 0x00000000ef100000| Untracked 
| 242|0x00000000ef200000, 0x00000000ef200000, 0x00000000ef300000|  0%| F|  |TAMS 0x00000000ef200000| PB 0x00000000ef200000| Untracked 
| 243|0x00000000ef300000, 0x00000000ef300000, 0x00000000ef400000|  0%| F|  |TAMS 0x00000000ef300000| PB 0x00000000ef300000| Untracked 
| 244|0x00000000ef400000, 0x00000000ef400000, 0x00000000ef500000|  0%| F|  |TAMS 0x00000000ef400000| PB 0x00000000ef400000| Untracked 
| 245|0x00000000ef500000, 0x00000000ef500000, 0x00000000ef600000|  0%| F|  |TAMS 0x00000000ef500000| PB 0x00000000ef500000| Untracked 
| 246|0x00000000ef600000, 0x00000000ef600000, 0x00000000ef700000|  0%| F|  |TAMS 0x00000000ef600000| PB 0x00000000ef600000| Untracked 
| 247|0x00000000ef700000, 0x00000000ef700000, 0x00000000ef800000|  0%| F|  |TAMS 0x00000000ef700000| PB 0x00000000ef700000| Untracked 
| 248|0x00000000ef800000, 0x00000000ef8b5200, 0x00000000ef900000| 70%| E|  |TAMS 0x00000000ef800000| PB 0x00000000ef800000| Complete 
| 249|0x00000000ef900000, 0x00000000efa00000, 0x00000000efa00000|100%| E|CS|TAMS 0x00000000ef900000| PB 0x00000000ef900000| Complete 
| 250|0x00000000efa00000, 0x00000000efb00000, 0x00000000efb00000|100%| E|CS|TAMS 0x00000000efa00000| PB 0x00000000efa00000| Complete 
| 251|0x00000000efb00000, 0x00000000efc00000, 0x00000000efc00000|100%| E|CS|TAMS 0x00000000efb00000| PB 0x00000000efb00000| Complete 
| 252|0x00000000efc00000, 0x00000000efd00000, 0x00000000efd00000|100%| E|CS|TAMS 0x00000000efc00000| PB 0x00000000efc00000| Complete 
| 253|0x00000000efd00000, 0x00000000efe00000, 0x00000000efe00000|100%| E|CS|TAMS 0x00000000efd00000| PB 0x00000000efd00000| Complete 
| 254|0x00000000efe00000, 0x00000000eff00000, 0x00000000eff00000|100%| E|CS|TAMS 0x00000000efe00000| PB 0x00000000efe00000| Complete 
| 255|0x00000000eff00000, 0x00000000f0000000, 0x00000000f0000000|100%| E|CS|TAMS 0x00000000eff00000| PB 0x00000000eff00000| Complete 

Card table byte_map: [0x0000019cfe2c0000,0x0000019cfe3c0000] _byte_map_base: 0x0000019cfdbc0000

Marking Bits: (CMBitMap*) 0x0000019ce6bf51c0
 Bits: [0x0000019cfe3c0000, 0x0000019cfebc0000)

Polling page: 0x0000019ce4a70000

Metaspace:

Usage:
  Non-class:     18.22 MB used.
      Class:      3.05 MB used.
       Both:     21.27 MB used.

Virtual space:
  Non-class space:       64.00 MB reserved,      18.56 MB ( 29%) committed,  1 nodes.
      Class space:      320.00 MB reserved,       3.38 MB (  1%) committed,  1 nodes.
             Both:      384.00 MB reserved,      21.94 MB (  6%) committed. 

Chunk freelists:
   Non-Class:  13.28 MB
       Class:  12.64 MB
        Both:  25.92 MB

MaxMetaspaceSize: 384.00 MB
CompressedClassSpaceSize: 320.00 MB
Initial GC threshold: 21.00 MB
Current GC threshold: 35.12 MB
CDS: on
 - commit_granule_bytes: 65536.
 - commit_granule_words: 8192.
 - virtual_space_node_default_size: 8388608.
 - enlarge_chunks_in_place: 1.
 - use_allocation_guard: 0.


Internal statistics:

num_allocs_failed_limit: 3.
num_arena_births: 1040.
num_arena_deaths: 0.
num_vsnodes_births: 2.
num_vsnodes_deaths: 0.
num_space_committed: 351.
num_space_uncommitted: 0.
num_chunks_returned_to_freelist: 3.
num_chunks_taken_from_freelist: 1941.
num_chunk_merges: 3.
num_chunk_splits: 1244.
num_chunks_enlarged: 789.
num_inconsistent_stats: 0.

CodeHeap 'non-profiled nmethods': size=120000Kb used=1907Kb max_used=1907Kb free=118092Kb
 bounds [0x0000019cf6d90000, 0x0000019cf7000000, 0x0000019cfe2c0000]
CodeHeap 'profiled nmethods': size=120000Kb used=6825Kb max_used=6825Kb free=113174Kb
 bounds [0x0000019cef2c0000, 0x0000019cef970000, 0x0000019cf67f0000]
CodeHeap 'non-nmethods': size=5760Kb used=1500Kb max_used=1569Kb free=4259Kb
 bounds [0x0000019cf67f0000, 0x0000019cf6a60000, 0x0000019cf6d90000]
 total_blobs=3932 nmethods=3356 adapters=480
 compilation: enabled
              stopped_count=0, restarted_count=0
 full_count=0

Compilation events (20 events):
Event: 283.994 Thread 0x0000019cff2187f0 3343       3       org.objectweb.asm.Frame::getConcreteOutputType (111 bytes)
Event: 283.995 Thread 0x0000019cff2187f0 nmethod 3343 0x0000019cef951a10 code [0x0000019cef951be0, 0x0000019cef951f70]
Event: 283.995 Thread 0x0000019cff2187f0 3345       3       org.objectweb.asm.ByteVector::putByteArray (49 bytes)
Event: 283.995 Thread 0x0000019cff2187f0 nmethod 3345 0x0000019cef952090 code [0x0000019cef952260, 0x0000019cef952528]
Event: 284.043 Thread 0x0000019cff2187f0 3346       3       java.lang.ClassLoader::getParent (32 bytes)
Event: 284.043 Thread 0x0000019cff2187f0 nmethod 3346 0x0000019cef952610 code [0x0000019cef9527c0, 0x0000019cef952a18]
Event: 284.068 Thread 0x0000019cff2187f0 3347   !   3       java.lang.invoke.LambdaFormEditor::putInCache (523 bytes)
Event: 284.073 Thread 0x0000019cff2187f0 nmethod 3347 0x0000019cef952b10 code [0x0000019cef952fa0, 0x0000019cef955a50]
Event: 284.078 Thread 0x0000019cff2187f0 3348       3       java.lang.invoke.MethodType::canConvert (123 bytes)
Event: 284.079 Thread 0x0000019cff2187f0 nmethod 3348 0x0000019cef956c10 code [0x0000019cef956ec0, 0x0000019cef957760]
Event: 284.080 Thread 0x0000019cff2187f0 3349       3       java.lang.invoke.LambdaForm$NamedFunction::<init> (95 bytes)
Event: 284.081 Thread 0x0000019cff2187f0 nmethod 3349 0x0000019cef957a10 code [0x0000019cef957c20, 0x0000019cef958118]
Event: 284.081 Thread 0x0000019cff2187f0 3350       3       java.lang.invoke.LambdaFormEditor$Transform::<init> (17 bytes)
Event: 284.081 Thread 0x0000019cff2187f0 nmethod 3350 0x0000019cef958310 code [0x0000019cef9584e0, 0x0000019cef9588c0]
Event: 284.100 Thread 0x0000019cff1e11c0 nmethod 3240 0x0000019cf6f5e090 code [0x0000019cf6f5ea80, 0x0000019cf6f67928]
Event: 284.103 Thread 0x0000019cff1e11c0 3241   !   4       java.net.URLClassLoader$1::run (81 bytes)
Event: 284.134 Thread 0x0000019cff2187f0 3351       3       jdk.internal.jimage.ImageLocation::verify (218 bytes)
Event: 284.135 Thread 0x0000019cff2187f0 nmethod 3351 0x0000019cef958a10 code [0x0000019cef958cc0, 0x0000019cef959958]
Event: 284.247 Thread 0x0000019cff2187f0 3353       3       org.gradle.internal.service.DefaultServiceRegistry$OwnServices::instanceRealized (234 bytes)
Event: 284.250 Thread 0x0000019cff2187f0 nmethod 3353 0x0000019cef959e90 code [0x0000019cef95a420, 0x0000019cef95d498]

GC Heap History (8 events):
Event: 15.246 GC heap before
{Heap before GC invocations=0 (full 0):
 garbage-first heap   total 262144K, used 12288K [0x00000000e0000000, 0x0000000100000000)
  region size 1024K, 13 young (13312K), 0 survivors (0K)
 Metaspace       used 845K, committed 1024K, reserved 393216K
  class space    used 68K, committed 128K, reserved 327680K
}
Event: 15.267 GC heap after
{Heap after GC invocations=1 (full 0):
 garbage-first heap   total 262144K, used 1312K [0x00000000e0000000, 0x0000000100000000)
  region size 1024K, 2 young (2048K), 2 survivors (2048K)
 Metaspace       used 845K, committed 1024K, reserved 393216K
  class space    used 68K, committed 128K, reserved 327680K
}
Event: 28.260 GC heap before
{Heap before GC invocations=1 (full 0):
 garbage-first heap   total 262144K, used 28960K [0x00000000e0000000, 0x0000000100000000)
  region size 1024K, 26 young (26624K), 2 survivors (2048K)
 Metaspace       used 3138K, committed 3328K, reserved 393216K
  class space    used 363K, committed 448K, reserved 327680K
}
Event: 28.273 GC heap after
{Heap after GC invocations=2 (full 0):
 garbage-first heap   total 262144K, used 9914K [0x00000000e0000000, 0x0000000100000000)
  region size 1024K, 4 young (4096K), 4 survivors (4096K)
 Metaspace       used 3138K, committed 3328K, reserved 393216K
  class space    used 363K, committed 448K, reserved 327680K
}
Event: 274.725 GC heap before
{Heap before GC invocations=2 (full 0):
 garbage-first heap   total 262144K, used 163514K [0x00000000e0000000, 0x0000000100000000)
  region size 1024K, 153 young (156672K), 4 survivors (4096K)
 Metaspace       used 19070K, committed 19648K, reserved 393216K
  class space    used 2659K, committed 2944K, reserved 327680K
}
Event: 275.036 GC heap after
{Heap after GC invocations=3 (full 0):
 garbage-first heap   total 262144K, used 22371K [0x00000000e0000000, 0x0000000100000000)
  region size 1024K, 16 young (16384K), 16 survivors (16384K)
 Metaspace       used 19070K, committed 19648K, reserved 393216K
  class space    used 2659K, committed 2944K, reserved 327680K
}
Event: 282.072 GC heap before
{Heap before GC invocations=3 (full 0):
 garbage-first heap   total 262144K, used 38755K [0x00000000e0000000, 0x0000000100000000)
  region size 1024K, 33 young (33792K), 16 survivors (16384K)
 Metaspace       used 20910K, committed 21504K, reserved 393216K
  class space    used 2982K, committed 3264K, reserved 327680K
}
Event: 282.174 GC heap after
{Heap after GC invocations=4 (full 0):
 garbage-first heap   total 262144K, used 24780K [0x00000000e0000000, 0x0000000100000000)
  region size 1024K, 3 young (3072K), 3 survivors (3072K)
 Metaspace       used 20910K, committed 21504K, reserved 393216K
  class space    used 2982K, committed 3264K, reserved 327680K
}

Dll operation events (15 events):
Event: 1.003 Loaded shared library C:\Users\Vansh Parmar\.jdks\ms-21.0.7\bin\java.dll
Event: 3.223 Loaded shared library C:\Users\Vansh Parmar\.jdks\ms-21.0.7\bin\jsvml.dll
Event: 4.303 Loaded shared library C:\Users\Vansh Parmar\.jdks\ms-21.0.7\bin\zip.dll
Event: 4.541 Loaded shared library C:\Users\Vansh Parmar\.jdks\ms-21.0.7\bin\instrument.dll
Event: 4.746 Loaded shared library C:\Users\Vansh Parmar\.jdks\ms-21.0.7\bin\net.dll
Event: 4.795 Loaded shared library C:\Users\Vansh Parmar\.jdks\ms-21.0.7\bin\nio.dll
Event: 4.807 Loaded shared library C:\Users\Vansh Parmar\.jdks\ms-21.0.7\bin\zip.dll
Event: 17.523 Loaded shared library C:\Users\Vansh Parmar\.jdks\ms-21.0.7\bin\jimage.dll
Event: 24.045 Loaded shared library C:\Users\Vansh Parmar\.jdks\ms-21.0.7\bin\verify.dll
Event: 26.071 Loaded shared library C:\Users\Vansh Parmar\.gradle\native\1def1411415f61bf3af743bc5b6707747c0891f09f0c88961ee8f79bc544acac\windows-amd64\native-platform.dll
Event: 26.397 Loaded shared library C:\Users\Vansh Parmar\.gradle\native\0.2.7\x86_64-windows-gnu\gradle-fileevents.dll
Event: 200.810 Loaded shared library C:\Users\Vansh Parmar\.jdks\ms-21.0.7\bin\management.dll
Event: 201.109 Loaded shared library C:\Users\Vansh Parmar\.jdks\ms-21.0.7\bin\management_ext.dll
Event: 206.376 Loaded shared library C:\Users\Vansh Parmar\.jdks\ms-21.0.7\bin\extnet.dll
Event: 218.876 Loaded shared library C:\Users\Vansh Parmar\.jdks\ms-21.0.7\bin\sunmscapi.dll

Deoptimization events (20 events):
Event: 282.458 Thread 0x0000019c9b08e860 Uncommon trap: trap_request=0xffffff45 fr.pc=0x0000019cf6f2539c relative=0x00000000000000fc
Event: 282.458 Thread 0x0000019c9b08e860 Uncommon trap: reason=unstable_if action=reinterpret pc=0x0000019cf6f2539c method=java.util.Arrays.equals([Ljava/lang/Object;[Ljava/lang/Object;)Z @ 44 c2
Event: 282.458 Thread 0x0000019c9b08e860 DEOPT PACKING pc=0x0000019cf6f2539c sp=0x0000008c1b1fb230
Event: 282.458 Thread 0x0000019c9b08e860 DEOPT UNPACKING pc=0x0000019cf68446a2 sp=0x0000008c1b1fb1d0 mode 2
Event: 282.459 Thread 0x0000019c9b08e860 Uncommon trap: trap_request=0xffffff45 fr.pc=0x0000019cf6f46acc relative=0x00000000000001ec
Event: 282.459 Thread 0x0000019c9b08e860 Uncommon trap: reason=unstable_if action=reinterpret pc=0x0000019cf6f46acc method=java.util.HashMap.getNode(Ljava/lang/Object;)Ljava/util/HashMap$Node; @ 131 c2
Event: 282.459 Thread 0x0000019c9b08e860 DEOPT PACKING pc=0x0000019cf6f46acc sp=0x0000008c1b1fb2f0
Event: 282.459 Thread 0x0000019c9b08e860 DEOPT UNPACKING pc=0x0000019cf68446a2 sp=0x0000008c1b1fb210 mode 2
Event: 282.459 Thread 0x0000019c9b08e860 Uncommon trap: trap_request=0xffffffc6 fr.pc=0x0000019cf6f47b18 relative=0x00000000000008d8
Event: 282.459 Thread 0x0000019c9b08e860 Uncommon trap: reason=bimorphic_or_optimized_type_check action=maybe_recompile pc=0x0000019cf6f47b18 method=java.util.HashMap.putVal(ILjava/lang/Object;Ljava/lang/Object;ZZ)Ljava/lang/Object; @ 203 c2
Event: 282.459 Thread 0x0000019c9b08e860 DEOPT PACKING pc=0x0000019cf6f47b18 sp=0x0000008c1b1fb220
Event: 282.459 Thread 0x0000019c9b08e860 DEOPT UNPACKING pc=0x0000019cf68446a2 sp=0x0000008c1b1fb1b0 mode 2
Event: 282.502 Thread 0x0000019c9b08e860 Uncommon trap: trap_request=0xffffff45 fr.pc=0x0000019cf6f1a8bc relative=0x00000000000002dc
Event: 282.502 Thread 0x0000019c9b08e860 Uncommon trap: reason=unstable_if action=reinterpret pc=0x0000019cf6f1a8bc method=java.util.HashMap.getNode(Ljava/lang/Object;)Ljava/util/HashMap$Node; @ 131 c2
Event: 282.502 Thread 0x0000019c9b08e860 DEOPT PACKING pc=0x0000019cf6f1a8bc sp=0x0000008c1b1fb2c0
Event: 282.502 Thread 0x0000019c9b08e860 DEOPT UNPACKING pc=0x0000019cf68446a2 sp=0x0000008c1b1fb230 mode 2
Event: 282.502 Thread 0x0000019c9b08e860 Uncommon trap: trap_request=0xffffffc6 fr.pc=0x0000019cf6f47b18 relative=0x00000000000008d8
Event: 282.503 Thread 0x0000019c9b08e860 Uncommon trap: reason=bimorphic_or_optimized_type_check action=maybe_recompile pc=0x0000019cf6f47b18 method=java.util.HashMap.putVal(ILjava/lang/Object;Ljava/lang/Object;ZZ)Ljava/lang/Object; @ 203 c2
Event: 282.503 Thread 0x0000019c9b08e860 DEOPT PACKING pc=0x0000019cf6f47b18 sp=0x0000008c1b1fb220
Event: 282.503 Thread 0x0000019c9b08e860 DEOPT UNPACKING pc=0x0000019cf68446a2 sp=0x0000008c1b1fb1b0 mode 2

Classes loaded (20 events):
Event: 273.983 Loading class java/io/ObjectStreamConstants done
Event: 273.983 Loading class java/io/ObjectInputStream done
Event: 273.989 Loading class java/io/ObjectOutputStream
Event: 273.991 Loading class java/io/ObjectOutput
Event: 273.991 Loading class java/io/ObjectOutput done
Event: 273.992 Loading class java/io/ObjectOutputStream done
Event: 281.642 Loading class javax/xml/parsers/ParserConfigurationException
Event: 281.646 Loading class javax/xml/parsers/ParserConfigurationException done
Event: 281.646 Loading class org/xml/sax/SAXException
Event: 281.648 Loading class org/xml/sax/SAXException done
Event: 281.648 Loading class javax/xml/xpath/XPathExpressionException
Event: 281.651 Loading class javax/xml/xpath/XPathException
Event: 281.655 Loading class javax/xml/xpath/XPathException done
Event: 281.655 Loading class javax/xml/xpath/XPathExpressionException done
Event: 281.655 Loading class org/xml/sax/ErrorHandler
Event: 281.657 Loading class org/xml/sax/ErrorHandler done
Event: 281.684 Loading class java/nio/file/AtomicMoveNotSupportedException
Event: 281.688 Loading class java/nio/file/AtomicMoveNotSupportedException done
Event: 283.837 Loading class java/lang/ThreadLocal$SuppliedThreadLocal
Event: 283.846 Loading class java/lang/ThreadLocal$SuppliedThreadLocal done

Classes unloaded (0 events):
No events

Classes redefined (0 events):
No events

Internal exceptions (20 events):
Event: 270.553 Thread 0x0000019c9b08e860 Exception <a 'java/lang/NoSuchMethodError'{0x00000000e78ce248}: 'java.lang.Object java.lang.invoke.DelegatingMethodHandle$Holder.reinvoke_L(java.lang.Object, java.lang.Object, java.lang.Object, java.lang.Object, java.lang.Object, java.lang.Object, java.lang.Object, java.lang.Object, java.lang.Object, java.lang.Object, java.lang.Object, java.lang.Object, java.lang.Object, java.lang.Object, java.lang.Object, java.lang.Object, java.lang.Object, java.lang.Object, java.lang.Object, java.lang.Object, java.lang.O
Event: 270.599 Thread 0x0000019c9b08e860 Exception <a 'java/lang/NoSuchMethodError'{0x00000000e773c040}: 'java.lang.Object java.lang.invoke.DirectMethodHandle$Holder.invokeStatic(java.lang.Object, java.lang.Object, java.lang.Object, java.lang.Object, java.lang.Object, java.lang.Object, java.lang.Object, java.lang.Object, java.lang.Object, java.lang.Object, java.lang.Object, java.lang.Object, java.lang.Object, java.lang.Object, java.lang.Object, java.lang.Object, java.lang.Object)'> (0x00000000e773c040) 
thrown [s\src\hotspot\share\interpreter\lin
Event: 270.725 Thread 0x0000019c9b08e860 Exception <a 'java/lang/NoSuchMethodError'{0x00000000e77649d8}: 'java.lang.Object java.lang.invoke.DirectMethodHandle$Holder.invokeStatic(java.lang.Object, java.lang.Object, java.lang.Object, java.lang.Object, java.lang.Object, java.lang.Object, java.lang.Object, java.lang.Object, java.lang.Object, java.lang.Object, java.lang.Object, java.lang.Object, java.lang.Object, java.lang.Object, java.lang.Object, java.lang.Object, java.lang.Object, java.lang.Object)'> (0x00000000e77649d8) 
thrown [s\src\hotspot\sha
Event: 270.753 Thread 0x0000019c9b08e860 Exception <a 'java/lang/NoSuchMethodError'{0x00000000e778ea38}: 'java.lang.Object java.lang.invoke.DirectMethodHandle$Holder.invokeStatic(java.lang.Object, java.lang.Object, java.lang.Object, java.lang.Object, java.lang.Object, java.lang.Object, java.lang.Object, java.lang.Object, java.lang.Object, java.lang.Object, java.lang.Object, java.lang.Object, java.lang.Object, java.lang.Object, java.lang.Object, java.lang.Object, java.lang.Object, java.lang.Object, java.lang.Object)'> (0x00000000e778ea38) 
thrown 
Event: 270.791 Thread 0x0000019c9b08e860 Exception <a 'java/lang/NoSuchMethodError'{0x00000000e77b9c30}: 'java.lang.Object java.lang.invoke.DirectMethodHandle$Holder.invokeStatic(java.lang.Object, java.lang.Object, java.lang.Object, java.lang.Object, java.lang.Object, java.lang.Object, java.lang.Object, java.lang.Object, java.lang.Object, java.lang.Object, java.lang.Object, java.lang.Object, java.lang.Object, java.lang.Object, java.lang.Object, java.lang.Object, java.lang.Object, java.lang.Object, java.lang.Object, java.lang.Object)'> (0x00000000
Event: 270.802 Thread 0x0000019c9b08e860 Exception <a 'java/lang/NoSuchMethodError'{0x00000000e77e6020}: 'java.lang.Object java.lang.invoke.DirectMethodHandle$Holder.invokeStatic(java.lang.Object, java.lang.Object, java.lang.Object, java.lang.Object, java.lang.Object, java.lang.Object, java.lang.Object, java.lang.Object, java.lang.Object, java.lang.Object, java.lang.Object, java.lang.Object, java.lang.Object, java.lang.Object, java.lang.Object, java.lang.Object, java.lang.Object, java.lang.Object, java.lang.Object, java.lang.Object, java.lang.Obj
Event: 270.821 Thread 0x0000019c9b08e860 Exception <a 'java/lang/NoSuchMethodError'{0x00000000e7613818}: 'java.lang.Object java.lang.invoke.DirectMethodHandle$Holder.invokeStatic(java.lang.Object, java.lang.Object, java.lang.Object, java.lang.Object, java.lang.Object, java.lang.Object, java.lang.Object, java.lang.Object, java.lang.Object, java.lang.Object, java.lang.Object, java.lang.Object, java.lang.Object, java.lang.Object, java.lang.Object, java.lang.Object, java.lang.Object, java.lang.Object, java.lang.Object, java.lang.Object, java.lang.Obj
Event: 270.834 Thread 0x0000019c9b08e860 Exception <a 'java/lang/NoSuchMethodError'{0x00000000e7641e30}: 'java.lang.Object java.lang.invoke.DirectMethodHandle$Holder.invokeStatic(java.lang.Object, java.lang.Object, java.lang.Object, java.lang.Object, java.lang.Object, java.lang.Object, java.lang.Object, java.lang.Object, java.lang.Object, java.lang.Object, java.lang.Object, java.lang.Object, java.lang.Object, java.lang.Object, java.lang.Object, java.lang.Object, java.lang.Object, java.lang.Object, java.lang.Object, java.lang.Object, java.lang.Obj
Event: 270.853 Thread 0x0000019c9b08e860 Exception <a 'java/lang/NoSuchMethodError'{0x00000000e7670fd0}: 'java.lang.Object java.lang.invoke.DirectMethodHandle$Holder.invokeStatic(java.lang.Object, java.lang.Object, java.lang.Object, java.lang.Object, java.lang.Object, java.lang.Object, java.lang.Object, java.lang.Object, java.lang.Object, java.lang.Object, java.lang.Object, java.lang.Object, java.lang.Object, java.lang.Object, java.lang.Object, java.lang.Object, java.lang.Object, java.lang.Object, java.lang.Object, java.lang.Object, java.lang.Obj
Event: 270.870 Thread 0x0000019c9b08e860 Exception <a 'java/lang/NoSuchMethodError'{0x00000000e76a1418}: 'java.lang.Object java.lang.invoke.DirectMethodHandle$Holder.invokeStatic(java.lang.Object, java.lang.Object, java.lang.Object, java.lang.Object, java.lang.Object, java.lang.Object, java.lang.Object, java.lang.Object, java.lang.Object, java.lang.Object, java.lang.Object, java.lang.Object, java.lang.Object, java.lang.Object, java.lang.Object, java.lang.Object, java.lang.Object, java.lang.Object, java.lang.Object, java.lang.Object, java.lang.Obj
Event: 270.883 Thread 0x0000019c9b08e860 Exception <a 'java/lang/NoSuchMethodError'{0x00000000e76d1d70}: 'java.lang.Object java.lang.invoke.DirectMethodHandle$Holder.invokeStatic(java.lang.Object, java.lang.Object, java.lang.Object, java.lang.Object, java.lang.Object, java.lang.Object, java.lang.Object, java.lang.Object, java.lang.Object, java.lang.Object, java.lang.Object, java.lang.Object, java.lang.Object, java.lang.Object, java.lang.Object, java.lang.Object, java.lang.Object, java.lang.Object, java.lang.Object, java.lang.Object, java.lang.Obj
Event: 270.893 Thread 0x0000019c9b08e860 Exception <a 'java/lang/NoSuchMethodError'{0x00000000e7504b38}: 'java.lang.Object java.lang.invoke.DirectMethodHandle$Holder.invokeStatic(java.lang.Object, java.lang.Object, java.lang.Object, java.lang.Object, java.lang.Object, java.lang.Object, java.lang.Object, java.lang.Object, java.lang.Object, java.lang.Object, java.lang.Object, java.lang.Object, java.lang.Object, java.lang.Object, java.lang.Object, java.lang.Object, java.lang.Object, java.lang.Object, java.lang.Object, java.lang.Object, java.lang.Obj
Event: 271.268 Thread 0x0000019c9b08e860 Exception <a 'java/lang/IncompatibleClassChangeError'{0x00000000e742e458}: Found class java.lang.Object, but interface was expected> (0x00000000e742e458) 
thrown [s\src\hotspot\share\interpreter\linkResolver.cpp, line 840]
Event: 273.852 Thread 0x0000019c9b08e860 Exception <a 'java/lang/IncompatibleClassChangeError'{0x00000000e6932c50}: Found class java.lang.Object, but interface was expected> (0x00000000e6932c50) 
thrown [s\src\hotspot\share\interpreter\linkResolver.cpp, line 840]
Event: 273.876 Thread 0x0000019c9b08e860 Exception <a 'java/lang/NoSuchMethodError'{0x00000000e695ddb8}: 'java.lang.Object java.lang.invoke.DirectMethodHandle$Holder.newInvokeSpecial(java.lang.Object, java.lang.Object, java.lang.Object, java.lang.Object, java.lang.Object, java.lang.Object, java.lang.Object, java.lang.Object, java.lang.Object, java.lang.Object)'> (0x00000000e695ddb8) 
thrown [s\src\hotspot\share\interpreter\linkResolver.cpp, line 773]
Event: 274.723 Thread 0x0000019c9b08e860 Exception <a 'java/lang/NoSuchMethodError'{0x00000000e67fe6a8}: 'int java.lang.invoke.DirectMethodHandle$Holder.invokeStaticInit(java.lang.Object, java.lang.Object, java.lang.Object)'> (0x00000000e67fe6a8) 
thrown [s\src\hotspot\share\interpreter\linkResolver.cpp, line 773]
Event: 276.936 Thread 0x0000019c9b08e860 Exception <a 'java/lang/NoSuchMethodError'{0x00000000efd16b30}: 'java.lang.Object java.lang.invoke.DirectMethodHandle$Holder.invokeVirtual(java.lang.Object, java.lang.Object, java.lang.Object, java.lang.Object, java.lang.Object, java.lang.Object, java.lang.Object, java.lang.Object, java.lang.Object, java.lang.Object, java.lang.Object)'> (0x00000000efd16b30) 
thrown [s\src\hotspot\share\interpreter\linkResolver.cpp, line 773]
Event: 279.905 Thread 0x0000019c9b08e860 Exception <a 'java/lang/NoSuchMethodError'{0x00000000ef90b1b0}: 'void java.lang.invoke.DirectMethodHandle$Holder.invokeVirtual(java.lang.Object, java.lang.Object, java.lang.Object, java.lang.Object, java.lang.Object)'> (0x00000000ef90b1b0) 
thrown [s\src\hotspot\share\interpreter\linkResolver.cpp, line 773]
Event: 281.406 Thread 0x0000019c9b08e860 Exception <a 'java/lang/NoSuchMethodError'{0x00000000ef3b9ae8}: 'java.lang.Object java.lang.invoke.DirectMethodHandle$Holder.invokeVirtual(java.lang.Object, java.lang.Object, java.lang.Object, java.lang.Object, java.lang.Object, java.lang.Object, java.lang.Object, java.lang.Object, java.lang.Object, java.lang.Object, java.lang.Object, java.lang.Object, java.lang.Object, java.lang.Object, java.lang.Object, java.lang.Object, java.lang.Object, java.lang.Object, java.lang.Object, java.lang.Object, java.lang.Ob
Event: 282.944 Thread 0x0000019c9b08e860 Exception <a 'java/lang/NoSuchMethodError'{0x00000000efebaa18}: 'java.lang.Object java.lang.invoke.DirectMethodHandle$Holder.newInvokeSpecial(java.lang.Object, java.lang.Object, java.lang.Object, java.lang.Object, java.lang.Object, java.lang.Object, java.lang.Object)'> (0x00000000efebaa18) 
thrown [s\src\hotspot\share\interpreter\linkResolver.cpp, line 773]

ZGC Phase Switch (0 events):
No events

VM Operations (20 events):
Event: 274.724 Executing VM operation: G1CollectForAllocation (G1 Evacuation Pause)
Event: 275.037 Executing VM operation: G1CollectForAllocation (G1 Evacuation Pause) done
Event: 276.043 Executing VM operation: Cleanup
Event: 276.410 Executing VM operation: Cleanup done
Event: 278.430 Executing VM operation: Cleanup
Event: 278.461 Executing VM operation: Cleanup done
Event: 280.479 Executing VM operation: Cleanup
Event: 280.494 Executing VM operation: Cleanup done
Event: 281.504 Executing VM operation: Cleanup
Event: 281.504 Executing VM operation: Cleanup done
Event: 282.072 Executing VM operation: CollectForMetadataAllocation (Metadata GC Threshold)
Event: 282.175 Executing VM operation: CollectForMetadataAllocation (Metadata GC Threshold) done
Event: 282.282 Executing VM operation: G1PauseRemark
Event: 282.313 Executing VM operation: G1PauseRemark done
Event: 282.332 Executing VM operation: G1PauseCleanup
Event: 282.345 Executing VM operation: G1PauseCleanup done
Event: 283.350 Executing VM operation: Cleanup
Event: 283.373 Executing VM operation: Cleanup done
Event: 284.387 Executing VM operation: Cleanup
Event: 284.387 Executing VM operation: Cleanup done

Memory protections (0 events):
No events

Nmethod flushes (0 events):
No events

Events (20 events):
Event: 3.208 Thread 0x0000019ce6bcb980 Thread added: 0x0000019cff1e11c0
Event: 3.211 Thread 0x0000019ce6bcb980 Thread added: 0x0000019cff2187f0
Event: 3.383 Thread 0x0000019ce6bcb980 Thread added: 0x0000019cff2b7d90
Event: 4.896 Thread 0x0000019ce6bcb980 Thread added: 0x0000019cff466050
Event: 203.592 Thread 0x0000019ce6bcb980 Thread added: 0x0000019c9b29c750
Event: 210.102 Thread 0x0000019ce6bcb980 Thread added: 0x0000019c9b335400
Event: 212.542 Thread 0x0000019ce6bcb980 Thread added: 0x0000019cff505ed0
Event: 220.285 Thread 0x0000019c9b335400 Thread added: 0x0000019c9b15ca20
Event: 220.343 Thread 0x0000019c9b15ca20 Thread added: 0x0000019c9b92ea60
Event: 221.296 Thread 0x0000019c9b15ca20 Thread added: 0x0000019c9c0272c0
Event: 221.437 Thread 0x0000019c9b15ca20 Thread added: 0x0000019c9b08e860
Event: 221.616 Thread 0x0000019c9b08e860 Thread added: 0x0000019c9c026780
Event: 221.694 Thread 0x0000019c9b08e860 Thread added: 0x0000019c9c023990
Event: 221.737 Thread 0x0000019c9b08e860 Thread added: 0x0000019c9c023300
Event: 266.517 Thread 0x0000019c9b08e860 Thread added: 0x0000019c9c0246b0
Event: 266.666 Thread 0x0000019c9b08e860 Thread added: 0x0000019c9c024d40
Event: 266.736 Thread 0x0000019c9c024d40 Thread added: 0x0000019c9c0253d0
Event: 267.162 Thread 0x0000019c9b08e860 Thread added: 0x0000019c9c025a60
Event: 267.393 Thread 0x0000019cff2187f0 Thread added: 0x0000019c9bcdcfa0
Event: 267.571 Thread 0x0000019c9bcdcfa0 Thread exited: 0x0000019c9bcdcfa0


Dynamic libraries:
0x00007ff6a4340000 - 0x00007ff6a434e000 	C:\Users\Vansh Parmar\.jdks\ms-21.0.7\bin\java.exe
0x00007ffaa00b0000 - 0x00007ffaa02c7000 	C:\Windows\SYSTEM32\ntdll.dll
0x00007ffa9f4e0000 - 0x00007ffa9f5a4000 	C:\Windows\System32\KERNEL32.DLL
0x00007ffa9d9c0000 - 0x00007ffa9dd77000 	C:\Windows\System32\KERNELBASE.dll
0x00007ffa9d8a0000 - 0x00007ffa9d9b1000 	C:\Windows\System32\ucrtbase.dll
0x00007ffa5def0000 - 0x00007ffa5df08000 	C:\Users\Vansh Parmar\.jdks\ms-21.0.7\bin\jli.dll
0x00007ffa9f5b0000 - 0x00007ffa9f75f000 	C:\Windows\System32\USER32.dll
0x00007ffa9dd80000 - 0x00007ffa9dda6000 	C:\Windows\System32\win32u.dll
0x00007ffa9fa20000 - 0x00007ffa9fa49000 	C:\Windows\System32\GDI32.dll
0x00007ffa9d430000 - 0x00007ffa9d548000 	C:\Windows\System32\gdi32full.dll
0x00007ffa9d800000 - 0x00007ffa9d89a000 	C:\Windows\System32\msvcp_win.dll
0x00007ffa5df10000 - 0x00007ffa5df2d000 	C:\Users\Vansh Parmar\.jdks\ms-21.0.7\bin\VCRUNTIME140.dll
0x00007ffa8db10000 - 0x00007ffa8dda3000 	C:\Windows\WinSxS\amd64_microsoft.windows.common-controls_6595b64144ccf1df_6.0.22621.3672_none_2713b9d173822955\COMCTL32.dll
0x00007ffa9f960000 - 0x00007ffa9fa07000 	C:\Windows\System32\msvcrt.dll
0x00007ffa9f040000 - 0x00007ffa9f071000 	C:\Windows\System32\IMM32.DLL
0x00007ffa6d950000 - 0x00007ffa6d95c000 	C:\Users\Vansh Parmar\.jdks\ms-21.0.7\bin\vcruntime140_1.dll
0x00007ffa5de60000 - 0x00007ffa5deed000 	C:\Users\Vansh Parmar\.jdks\ms-21.0.7\bin\msvcp140.dll
0x00007ffa23920000 - 0x00007ffa246b8000 	C:\Users\Vansh Parmar\.jdks\ms-21.0.7\bin\server\jvm.dll
0x00007ffa9f7c0000 - 0x00007ffa9f872000 	C:\Windows\System32\ADVAPI32.dll
0x00007ffa9fab0000 - 0x00007ffa9fb58000 	C:\Windows\System32\sechost.dll
0x00007ffa9ddb0000 - 0x00007ffa9ddd8000 	C:\Windows\System32\bcrypt.dll
0x00007ffa9f3c0000 - 0x00007ffa9f4d4000 	C:\Windows\System32\RPCRT4.dll
0x00007ffa9f120000 - 0x00007ffa9f191000 	C:\Windows\System32\WS2_32.dll
0x00007ffa9d290000 - 0x00007ffa9d2dd000 	C:\Windows\SYSTEM32\POWRPROF.dll
0x00007ffa98870000 - 0x00007ffa9887a000 	C:\Windows\SYSTEM32\VERSION.dll
0x00007ffa971a0000 - 0x00007ffa971d4000 	C:\Windows\SYSTEM32\WINMM.dll
0x00007ffa9d270000 - 0x00007ffa9d283000 	C:\Windows\SYSTEM32\UMPDC.dll
0x00007ffa9c370000 - 0x00007ffa9c388000 	C:\Windows\SYSTEM32\kernel.appcore.dll
0x00007ffa64ea0000 - 0x00007ffa64eaa000 	C:\Users\Vansh Parmar\.jdks\ms-21.0.7\bin\jimage.dll
0x00007ffa9acf0000 - 0x00007ffa9af22000 	C:\Windows\SYSTEM32\DBGHELP.DLL
0x00007ffa9e240000 - 0x00007ffa9e5ce000 	C:\Windows\System32\combase.dll
0x00007ffa9f880000 - 0x00007ffa9f957000 	C:\Windows\System32\OLEAUT32.dll
0x00007ffa8ebd0000 - 0x00007ffa8ec02000 	C:\Windows\SYSTEM32\dbgcore.DLL
0x00007ffa9d550000 - 0x00007ffa9d5cb000 	C:\Windows\System32\bcryptPrimitives.dll
0x00007ffa617e0000 - 0x00007ffa617ef000 	C:\Users\Vansh Parmar\.jdks\ms-21.0.7\bin\instrument.dll
0x00007ffa5de40000 - 0x00007ffa5de60000 	C:\Users\Vansh Parmar\.jdks\ms-21.0.7\bin\java.dll
0x00007ffa9e680000 - 0x00007ffa9eee9000 	C:\Windows\System32\SHELL32.dll
0x00007ffa9b2e0000 - 0x00007ffa9bbdf000 	C:\Windows\SYSTEM32\windows.storage.dll
0x00007ffa9b1a0000 - 0x00007ffa9b2df000 	C:\Windows\SYSTEM32\wintypes.dll
0x00007ffa9ef40000 - 0x00007ffa9f039000 	C:\Windows\System32\SHCORE.dll
0x00007ffa9f1b0000 - 0x00007ffa9f20e000 	C:\Windows\System32\shlwapi.dll
0x00007ffa9d2f0000 - 0x00007ffa9d317000 	C:\Windows\SYSTEM32\profapi.dll
0x00007ffa5dac0000 - 0x00007ffa5db96000 	C:\Users\Vansh Parmar\.jdks\ms-21.0.7\bin\jsvml.dll
0x00007ffa5de20000 - 0x00007ffa5de38000 	C:\Users\Vansh Parmar\.jdks\ms-21.0.7\bin\zip.dll
0x00007ffa60d90000 - 0x00007ffa60da0000 	C:\Users\Vansh Parmar\.jdks\ms-21.0.7\bin\net.dll
0x00007ffa96c20000 - 0x00007ffa96d56000 	C:\Windows\SYSTEM32\WINHTTP.dll
0x00007ffa9c830000 - 0x00007ffa9c899000 	C:\Windows\system32\mswsock.dll
0x00007ffa5daa0000 - 0x00007ffa5dab6000 	C:\Users\Vansh Parmar\.jdks\ms-21.0.7\bin\nio.dll
0x00007ffa60760000 - 0x00007ffa60770000 	C:\Users\Vansh Parmar\.jdks\ms-21.0.7\bin\verify.dll
0x00007ffa64eb0000 - 0x00007ffa64ed7000 	C:\Users\Vansh Parmar\.gradle\native\1def1411415f61bf3af743bc5b6707747c0891f09f0c88961ee8f79bc544acac\windows-amd64\native-platform.dll
0x00007ffa5da20000 - 0x00007ffa5da98000 	C:\Users\Vansh Parmar\.gradle\native\0.2.7\x86_64-windows-gnu\gradle-fileevents.dll
0x00007ffa60630000 - 0x00007ffa6063a000 	C:\Users\Vansh Parmar\.jdks\ms-21.0.7\bin\management.dll
0x00007ffa5fdf0000 - 0x00007ffa5fdfb000 	C:\Users\Vansh Parmar\.jdks\ms-21.0.7\bin\management_ext.dll
0x00007ffa9e220000 - 0x00007ffa9e228000 	C:\Windows\System32\PSAPI.DLL
0x00007ffa9be40000 - 0x00007ffa9be6d000 	C:\Windows\SYSTEM32\IPHLPAPI.DLL
0x00007ffa9f1a0000 - 0x00007ffa9f1a9000 	C:\Windows\System32\NSI.dll
0x00007ffa5de10000 - 0x00007ffa5de19000 	C:\Users\Vansh Parmar\.jdks\ms-21.0.7\bin\extnet.dll
0x00007ffa9cad0000 - 0x00007ffa9caeb000 	C:\Windows\SYSTEM32\CRYPTSP.dll
0x00007ffa9c330000 - 0x00007ffa9c365000 	C:\Windows\system32\rsaenh.dll
0x00007ffa9c8d0000 - 0x00007ffa9c8f8000 	C:\Windows\SYSTEM32\USERENV.dll
0x00007ffa9ca30000 - 0x00007ffa9ca3c000 	C:\Windows\SYSTEM32\CRYPTBASE.dll
0x00007ffa5da10000 - 0x00007ffa5da1e000 	C:\Users\Vansh Parmar\.jdks\ms-21.0.7\bin\sunmscapi.dll
0x00007ffa9d690000 - 0x00007ffa9d7f6000 	C:\Windows\System32\CRYPT32.dll
0x00007ffa9cc90000 - 0x00007ffa9ccbd000 	C:\Windows\SYSTEM32\ncrypt.dll
0x00007ffa9cc50000 - 0x00007ffa9cc87000 	C:\Windows\SYSTEM32\NTASN1.dll
0x00007ffa4a820000 - 0x00007ffa4a828000 	C:\Windows\system32\wshunix.dll

dbghelp: loaded successfully - version: 4.0.5 - missing functions: none
symbol engine: initialized successfully - sym options: 0x614 - pdb path: .;C:\Users\Vansh Parmar\.jdks\ms-21.0.7\bin;C:\Windows\SYSTEM32;C:\Windows\WinSxS\amd64_microsoft.windows.common-controls_6595b64144ccf1df_6.0.22621.3672_none_2713b9d173822955;C:\Users\Vansh Parmar\.jdks\ms-21.0.7\bin\server;C:\Users\Vansh Parmar\.gradle\native\1def1411415f61bf3af743bc5b6707747c0891f09f0c88961ee8f79bc544acac\windows-amd64;C:\Users\Vansh Parmar\.gradle\native\0.2.7\x86_64-windows-gnu

VM Arguments:
jvm_args: --add-opens=java.base/java.lang=ALL-UNNAMED --add-opens=java.base/java.lang.invoke=ALL-UNNAMED --add-opens=java.base/java.util=ALL-UNNAMED --add-opens=java.prefs/java.util.prefs=ALL-UNNAMED --add-exports=jdk.compiler/com.sun.tools.javac.api=ALL-UNNAMED --add-exports=jdk.compiler/com.sun.tools.javac.util=ALL-UNNAMED --add-opens=java.base/java.util=ALL-UNNAMED --add-opens=java.prefs/java.util.prefs=ALL-UNNAMED --add-opens=java.base/java.nio.charset=ALL-UNNAMED --add-opens=java.base/java.net=ALL-UNNAMED --add-opens=java.base/java.util.concurrent.atomic=ALL-UNNAMED --add-opens=java.xml/javax.xml.namespace=ALL-UNNAMED -XX:MaxMetaspaceSize=384m -XX:+HeapDumpOnOutOfMemoryError -Xms256m -Xmx512m -Dfile.encoding=UTF-8 -Duser.country=IN -Duser.language=en -Duser.variant -javaagent:C:\Users\Vansh Parmar\.gradle\wrapper\dists\gradle-8.14.2-bin\2pb3mgt1p815evrl3weanttgr\gradle-8.14.2\lib\agents\gradle-instrumentation-agent-8.14.2.jar 
java_command: org.gradle.launcher.daemon.bootstrap.GradleDaemon 8.14.2
java_class_path (initial): C:\Users\Vansh Parmar\.gradle\wrapper\dists\gradle-8.14.2-bin\2pb3mgt1p815evrl3weanttgr\gradle-8.14.2\lib\gradle-daemon-main-8.14.2.jar
Launcher Type: SUN_STANDARD

[Global flags]
     intx CICompilerCount                          = 3                                         {product} {ergonomic}
   size_t CompressedClassSpaceSize                 = 335544320                                 {product} {ergonomic}
     uint ConcGCThreads                            = 1                                         {product} {ergonomic}
     uint G1ConcRefinementThreads                  = 4                                         {product} {ergonomic}
   size_t G1HeapRegionSize                         = 1048576                                   {product} {ergonomic}
    uintx GCDrainStackTargetSize                   = 64                                        {product} {ergonomic}
     bool HeapDumpOnOutOfMemoryError               = true                                   {manageable} {command line}
   size_t InitialHeapSize                          = 268435456                                 {product} {command line}
   size_t MarkStackSize                            = 4194304                                   {product} {ergonomic}
   size_t MaxHeapSize                              = 536870912                                 {product} {command line}
   size_t MaxMetaspaceSize                         = 402653184                                 {product} {command line}
   size_t MaxNewSize                               = 321912832                                 {product} {ergonomic}
   size_t MinHeapDeltaBytes                        = 1048576                                   {product} {ergonomic}
   size_t MinHeapSize                              = 268435456                                 {product} {command line}
    uintx NonNMethodCodeHeapSize                   = 5832780                                {pd product} {ergonomic}
    uintx NonProfiledCodeHeapSize                  = 122912730                              {pd product} {ergonomic}
    uintx ProfiledCodeHeapSize                     = 122912730                              {pd product} {ergonomic}
    uintx ReservedCodeCacheSize                    = 251658240                              {pd product} {ergonomic}
     bool SegmentedCodeCache                       = true                                      {product} {ergonomic}
   size_t SoftMaxHeapSize                          = 536870912                              {manageable} {ergonomic}
     bool UseCompressedOops                        = true                           {product lp64_product} {ergonomic}
     bool UseG1GC                                  = true                                      {product} {ergonomic}
     bool UseLargePagesIndividualAllocation        = false                                  {pd product} {ergonomic}

Logging:
Log output configuration:
 #0: stdout all=warning uptime,level,tags foldmultilines=false
 #1: stderr all=off uptime,level,tags foldmultilines=false

Environment Variables:
JAVA_HOME=C:\Program Files\Java\jdk-21
PATH=C:\Program Files\Common Files\Oracle\Java\javapath;C:\Windows\system32;C:\Windows;C:\Windows\System32\Wbem;C:\Windows\System32\WindowsPowerShell\v1.0\;C:\Windows\System32\OpenSSH\;C:\MinGW\bin;C:\Program Files\Java\jdk-21\bin;C:\Program Files\nodejs\;C:\Program Files\Java\jdk-22\bin;C:\Program Files\MySQL\MySQL Server 8.0\bin;C:\Program Files\Java\jdk-21\bin;C:\Program Files\apache-maven-3.9.9\bin;%kafka_home&\bin;C:\Users\Vansh Parmar\AppData\Local\Microsoft\WindowsApps;C:\Users\Vansh Parmar\AppData\Local\Programs\Microsoft VS Code\bin;C:\Users\Vansh Parmar\AppData\Local\Programs\Git\cmd
USERNAME=Vansh Parmar
OS=Windows_NT
PROCESSOR_IDENTIFIER=Intel64 Family 6 Model 142 Stepping 9, GenuineIntel
TMP=C:\Users\VANSHP~1\AppData\Local\Temp
TEMP=C:\Users\VANSHP~1\AppData\Local\Temp




Periodic native trim disabled

---------------  S Y S T E M  ---------------

OS:
 Windows 11 , 64 bit Build 22621 (10.0.22621.3958)
OS uptime: 0 days 3:04 hours
Hyper-V role detected

CPU: total 4 (initial active 4) (2 cores per cpu, 2 threads per core) family 6 model 142 stepping 9 microcode 0xde, cx8, cmov, fxsr, ht, mmx, 3dnowpref, sse, sse2, sse3, ssse3, sse4.1, sse4.2, popcnt, lzcnt, tsc, tscinvbit, avx, avx2, aes, erms, clmul, bmi1, bmi2, adx, fma, vzeroupper, clflush, clflushopt, hv, rdtscp, f16c
Processor Information for processor 0
  Max Mhz: 2304, Current Mhz: 1502, Mhz Limit: 2304
Processor Information for processor 1
  Max Mhz: 2304, Current Mhz: 2304, Mhz Limit: 2304
Processor Information for processor 2
  Max Mhz: 2304, Current Mhz: 2304, Mhz Limit: 2304
Processor Information for processor 3
  Max Mhz: 2304, Current Mhz: 1502, Mhz Limit: 2304

Memory: 4k page, system-wide physical 3975M (91M free)
TotalPageFile size 16263M (AvailPageFile size 3M)
current process WorkingSet (physical memory assigned to process): 205M, peak: 226M
current process commit charge ("private bytes"): 413M, peak: 415M

vm_info: OpenJDK 64-Bit Server VM (21.0.7+6-LTS) for windows-amd64 JRE (21.0.7+6-LTS), built on 2025-04-09T22:17:25Z by "MicrosoftCorporation" with unknown MS VC++:1939

END.
