#
# There is insufficient memory for the Java Runtime Environment to continue.
# Native memory allocation (malloc) failed to allocate 1574896 bytes. Error detail: Chunk::new
# Possible reasons:
#   The system is out of physical RAM or swap space
#   This process is running with CompressedOops enabled, and the Java Heap may be blocking the growth of the native heap
# Possible solutions:
#   Reduce memory load on the system
#   Increase physical memory or swap space
#   Check if swap backing store is full
#   Decrease Java heap size (-Xmx/-Xms)
#   Decrease number of Java threads
#   Decrease Java thread stack sizes (-Xss)
#   Set larger code cache with -XX:ReservedCodeCacheSize=
#   JVM is running with Unscaled Compressed Oops mode in which the Java heap is
#     placed in the first 4GB address space. The Java Heap base address is the
#     maximum limit for the native heap growth. Please use -XX:HeapBaseMinAddress
#     to set the Java Heap base and to place the Java Heap above 4GB virtual address.
# This output file may be truncated or incomplete.
#
#  Out of Memory Error (arena.cpp:168), pid=15792, tid=13096
#
# JRE version: OpenJDK Runtime Environment Microsoft-11369940 (21.0.7+6) (build 21.0.7+6-LTS)
# Java VM: OpenJDK 64-Bit Server VM Microsoft-11369940 (21.0.7+6-LTS, mixed mode, sharing, tiered, compressed oops, compressed class ptrs, g1 gc, windows-amd64)
# No core dump will be written. Minidumps are not enabled by default on client versions of Windows
#

---------------  S U M M A R Y ------------

Command Line: --add-opens=java.base/java.lang=ALL-UNNAMED --add-opens=java.base/java.lang.invoke=ALL-UNNAMED --add-opens=java.base/java.util=ALL-UNNAMED --add-opens=java.prefs/java.util.prefs=ALL-UNNAMED --add-exports=jdk.compiler/com.sun.tools.javac.api=ALL-UNNAMED --add-exports=jdk.compiler/com.sun.tools.javac.util=ALL-UNNAMED --add-opens=java.base/java.util=ALL-UNNAMED --add-opens=java.prefs/java.util.prefs=ALL-UNNAMED --add-opens=java.base/java.nio.charset=ALL-UNNAMED --add-opens=java.base/java.net=ALL-UNNAMED --add-opens=java.base/java.util.concurrent.atomic=ALL-UNNAMED --add-opens=java.xml/javax.xml.namespace=ALL-UNNAMED -XX:MaxMetaspaceSize=384m -XX:+HeapDumpOnOutOfMemoryError -Xms256m -Xmx512m -Dfile.encoding=UTF-8 -Duser.country=IN -Duser.language=en -Duser.variant -javaagent:C:\Users\Vansh Parmar\.gradle\wrapper\dists\gradle-8.14.2-bin\2pb3mgt1p815evrl3weanttgr\gradle-8.14.2\lib\agents\gradle-instrumentation-agent-8.14.2.jar org.gradle.launcher.daemon.bootstrap.GradleDaemon 8.14.2

Host: Intel(R) Core(TM) i3-7020U CPU @ 2.30GHz, 4 cores, 11G,  Windows 11 , 64 bit Build 22621 (10.0.22621.3958)
Time: Thu Aug 28 20:04:30 2025 India Standard Time elapsed time: 52.578000 seconds (0d 0h 0m 52s)

---------------  T H R E A D  ---------------

Current thread (0x00000198cf64f470):  JavaThread "C2 CompilerThread0" daemon [_thread_in_native, id=13096, stack(0x0000000dad000000,0x0000000dad100000) (1024K)]


Current CompileTask:
C2:52578 3717   !   4       java.lang.ClassLoader::loadClass (121 bytes)

Stack: [0x0000000dad000000,0x0000000dad100000]
Native frames: (J=compiled Java code, j=interpreted, Vv=VM code, C=native code)
V  [jvm.dll+0x6d4bb9]
V  [jvm.dll+0x8afa11]
V  [jvm.dll+0x8b1f3e]
V  [jvm.dll+0x8b2623]
V  [jvm.dll+0x280816]
V  [jvm.dll+0xc52bd]
V  [jvm.dll+0xc57f3]
V  [jvm.dll+0x3bbd22]
V  [jvm.dll+0x1e0435]
V  [jvm.dll+0x248573]
V  [jvm.dll+0x2479df]
V  [jvm.dll+0x1c7aaf]
V  [jvm.dll+0x257819]
V  [jvm.dll+0x255bca]
V  [jvm.dll+0x3f5af6]
V  [jvm.dll+0x85916b]
V  [jvm.dll+0x6d327d]
C  [ucrtbase.dll+0x29333]
C  [KERNEL32.DLL+0x1257d]
C  [ntdll.dll+0x5af08]


---------------  P R O C E S S  ---------------

Threads class SMR info:
_java_thread_list=0x00000198e9d86830, length=31, elements={
0x00000198b503df50, 0x00000198cf647720, 0x00000198cf6483d0, 0x00000198cf6492e0,
0x00000198cf64d250, 0x00000198cf64dca0, 0x00000198cf64e6f0, 0x00000198cf64f470,
0x00000198cf66d880, 0x00000198cf6fb3d0, 0x00000198cf7ab340, 0x00000198e9ac6d00,
0x00000198ea054510, 0x00000198cf782810, 0x00000198ea49c920, 0x00000198ea49cf80,
0x00000198e9b39060, 0x00000198cfa1dfb0, 0x00000198cfa1e610, 0x00000198ea60ceb0,
0x00000198ea60d540, 0x00000198ea60dbd0, 0x00000198ea60c820, 0x00000198ea60ade0,
0x00000198ea60b470, 0x00000198ea60bb00, 0x00000198ea60c190, 0x00000198ead2a6b0,
0x00000198ead2a020, 0x00000198ead2ad40, 0x00000198ead2b3d0
}

Java Threads: ( => current thread )
  0x00000198b503df50 JavaThread "main"                              [_thread_blocked, id=17428, stack(0x0000000dac200000,0x0000000dac300000) (1024K)]
  0x00000198cf647720 JavaThread "Reference Handler"          daemon [_thread_blocked, id=4360, stack(0x0000000daca00000,0x0000000dacb00000) (1024K)]
  0x00000198cf6483d0 JavaThread "Finalizer"                  daemon [_thread_blocked, id=12724, stack(0x0000000dacb00000,0x0000000dacc00000) (1024K)]
  0x00000198cf6492e0 JavaThread "Signal Dispatcher"          daemon [_thread_blocked, id=14484, stack(0x0000000dacc00000,0x0000000dacd00000) (1024K)]
  0x00000198cf64d250 JavaThread "Attach Listener"            daemon [_thread_blocked, id=11732, stack(0x0000000dacd00000,0x0000000dace00000) (1024K)]
  0x00000198cf64dca0 JavaThread "Service Thread"             daemon [_thread_blocked, id=14472, stack(0x0000000dace00000,0x0000000dacf00000) (1024K)]
  0x00000198cf64e6f0 JavaThread "Monitor Deflation Thread"   daemon [_thread_blocked, id=8600, stack(0x0000000dacf00000,0x0000000dad000000) (1024K)]
=>0x00000198cf64f470 JavaThread "C2 CompilerThread0"         daemon [_thread_in_native, id=13096, stack(0x0000000dad000000,0x0000000dad100000) (1024K)]
  0x00000198cf66d880 JavaThread "C1 CompilerThread0"         daemon [_thread_blocked, id=12260, stack(0x0000000dad100000,0x0000000dad200000) (1024K)]
  0x00000198cf6fb3d0 JavaThread "Common-Cleaner"             daemon [_thread_blocked, id=17956, stack(0x0000000dad200000,0x0000000dad300000) (1024K)]
  0x00000198cf7ab340 JavaThread "Notification Thread"        daemon [_thread_blocked, id=3736, stack(0x0000000dad300000,0x0000000dad400000) (1024K)]
  0x00000198e9ac6d00 JavaThread "Daemon health stats"               [_thread_blocked, id=10412, stack(0x0000000dad700000,0x0000000dad800000) (1024K)]
  0x00000198ea054510 JavaThread "Incoming local TCP Connector on port 24872"        [_thread_in_native, id=16168, stack(0x0000000dad800000,0x0000000dad900000) (1024K)]
  0x00000198cf782810 JavaThread "Daemon periodic checks"            [_thread_blocked, id=14012, stack(0x0000000dad900000,0x0000000dada00000) (1024K)]
  0x00000198ea49c920 JavaThread "Daemon"                            [_thread_blocked, id=5772, stack(0x0000000dada00000,0x0000000dadb00000) (1024K)]
  0x00000198ea49cf80 JavaThread "Handler for socket connection from /127.0.0.1:24872 to /127.0.0.1:24873"        [_thread_in_native, id=18244, stack(0x0000000dadb00000,0x0000000dadc00000) (1024K)]
  0x00000198e9b39060 JavaThread "Cancel handler"                    [_thread_blocked, id=14736, stack(0x0000000dadc00000,0x0000000dadd00000) (1024K)]
  0x00000198cfa1dfb0 JavaThread "Daemon worker"                     [_thread_in_vm, id=9652, stack(0x0000000dadd00000,0x0000000dade00000) (1024K)]
  0x00000198cfa1e610 JavaThread "Asynchronous log dispatcher for DefaultDaemonConnection: socket connection from /127.0.0.1:24872 to /127.0.0.1:24873"        [_thread_blocked, id=784, stack(0x0000000dade00000,0x0000000dadf00000) (1024K)]
  0x00000198ea60ceb0 JavaThread "Stdin handler"                     [_thread_blocked, id=992, stack(0x0000000dadf00000,0x0000000dae000000) (1024K)]
  0x00000198ea60d540 JavaThread "Daemon client event forwarder"        [_thread_blocked, id=4700, stack(0x0000000dae000000,0x0000000dae100000) (1024K)]
  0x00000198ea60dbd0 JavaThread "Cache worker for journal cache (C:\Users\Vansh Parmar\.gradle\caches\journal-1)"        [_thread_blocked, id=10488, stack(0x0000000dae100000,0x0000000dae200000) (1024K)]
  0x00000198ea60c820 JavaThread "File lock request listener"        [_thread_in_native, id=6576, stack(0x0000000dae200000,0x0000000dae300000) (1024K)]
  0x00000198ea60ade0 JavaThread "File lock release action executor"        [_thread_blocked, id=5532, stack(0x0000000dae300000,0x0000000dae400000) (1024K)]
  0x00000198ea60b470 JavaThread "Cache worker for file hash cache (C:\Users\Vansh Parmar\.gradle\caches\8.14.2\fileHashes)"        [_thread_blocked, id=6228, stack(0x0000000dae400000,0x0000000dae500000) (1024K)]
  0x00000198ea60bb00 JavaThread "Cache worker for file hash cache (C:\Users\Vansh Parmar\IdeaProjects\UberBackendProject\UberProject-LocationService\.gradle\8.14.2\fileHashes)"        [_thread_blocked, id=12364, stack(0x0000000dae500000,0x0000000dae600000) (1024K)]
  0x00000198ea60c190 JavaThread "Cache worker for Build Output Cleanup Cache (C:\Users\Vansh Parmar\IdeaProjects\UberBackendProject\UberProject-LocationService\.gradle\buildOutputCleanup)"        [_thread_blocked, id=8616, stack(0x0000000dae600000,0x0000000dae700000) (1024K)]
  0x00000198ead2a6b0 JavaThread "File watcher server"        daemon [_thread_in_native, id=9812, stack(0x0000000dae700000,0x0000000dae800000) (1024K)]
  0x00000198ead2a020 JavaThread "File watcher consumer"      daemon [_thread_blocked, id=9340, stack(0x0000000dae800000,0x0000000dae900000) (1024K)]
  0x00000198ead2ad40 JavaThread "jar transforms"                    [_thread_blocked, id=13268, stack(0x0000000dae900000,0x0000000daea00000) (1024K)]
  0x00000198ead2b3d0 JavaThread "jar transforms Thread 2"           [_thread_blocked, id=18416, stack(0x0000000daea00000,0x0000000daeb00000) (1024K)]
Total: 31

Other Threads:
  0x00000198cf62bfe0 VMThread "VM Thread"                           [id=11484, stack(0x0000000dac900000,0x0000000daca00000) (1024K)]
  0x00000198cf61c4e0 WatcherThread "VM Periodic Task Thread"        [id=13680, stack(0x0000000dac800000,0x0000000dac900000) (1024K)]
  0x00000198b5067500 WorkerThread "GC Thread#0"                     [id=1676, stack(0x0000000dac300000,0x0000000dac400000) (1024K)]
  0x00000198cfa5f7e0 WorkerThread "GC Thread#1"                     [id=2116, stack(0x0000000dad400000,0x0000000dad500000) (1024K)]
  0x00000198cfa5fb80 WorkerThread "GC Thread#2"                     [id=14304, stack(0x0000000dad500000,0x0000000dad600000) (1024K)]
  0x00000198cfa68b10 WorkerThread "GC Thread#3"                     [id=17480, stack(0x0000000dad600000,0x0000000dad700000) (1024K)]
  0x00000198b506c4e0 ConcurrentGCThread "G1 Main Marker"            [id=16484, stack(0x0000000dac400000,0x0000000dac500000) (1024K)]
  0x00000198b506cfe0 WorkerThread "G1 Conc#0"                       [id=9124, stack(0x0000000dac500000,0x0000000dac600000) (1024K)]
  0x00000198cf4ee5a0 ConcurrentGCThread "G1 Refine#0"               [id=16712, stack(0x0000000dac600000,0x0000000dac700000) (1024K)]
  0x00000198cf4eedc0 ConcurrentGCThread "G1 Service"                [id=1056, stack(0x0000000dac700000,0x0000000dac800000) (1024K)]
Total: 10

Threads with active compile tasks:
C2 CompilerThread0  52635 3717   !   4       java.lang.ClassLoader::loadClass (121 bytes)
Total: 1

VM state: not at safepoint (normal execution)

VM Mutex/Monitor currently owned by a thread:  ([mutex/lock_event])
[0x00007ff977b36af8] SystemDictionary_lock - owner thread: 0x00000198cfa1dfb0

Heap address: 0x00000000e0000000, size: 512 MB, Compressed Oops mode: 32-bit

CDS archive(s) mapped at: [0x00000198d0000000-0x00000198d0c80000-0x00000198d0c80000), size 13107200, SharedBaseAddress: 0x00000198d0000000, ArchiveRelocationMode: 1.
Compressed class space mapped at: 0x00000198d1000000-0x00000198e5000000, reserved size: 335544320
Narrow klass base: 0x00000198d0000000, Narrow klass shift: 0, Narrow klass range: 0x100000000

GC Precious Log:
 CardTable entry size: 512
 Card Set container configuration: InlinePtr #cards 5 size 8 Array Of Cards #cards 12 size 40 Howl #buckets 4 coarsen threshold 1843 Howl Bitmap #cards 512 size 80 coarsen threshold 460 Card regions per heap region 1 cards per card region 2048
 CPUs: 4 total, 4 available
 Memory: 12167M
 Large Page Support: Disabled
 NUMA Support: Disabled
 Compressed Oops: Enabled (32-bit)
 Heap Region Size: 1M
 Heap Min Capacity: 256M
 Heap Initial Capacity: 256M
 Heap Max Capacity: 512M
 Pre-touch: Disabled
 Parallel Workers: 4
 Concurrent Workers: 1
 Concurrent Refinement Workers: 4
 Periodic GC: Disabled

Heap:
 garbage-first heap   total 262144K, used 77058K [0x00000000e0000000, 0x0000000100000000)
  region size 1024K, 55 young (56320K), 2 survivors (2048K)
 Metaspace       used 27716K, committed 28736K, reserved 393216K
  class space    used 4084K, committed 4608K, reserved 327680K

Heap Regions: E=young(eden), S=young(survivor), O=old, HS=humongous(starts), HC=humongous(continues), CS=collection set, F=free, TAMS=top-at-mark-start, PB=parsable bottom
|   0|0x00000000e0000000, 0x00000000e0100000, 0x00000000e0100000|100%|HS|  |TAMS 0x00000000e0000000| PB 0x00000000e0000000| Complete 
|   1|0x00000000e0100000, 0x00000000e0200000, 0x00000000e0200000|100%|HC|  |TAMS 0x00000000e0100000| PB 0x00000000e0100000| Complete 
|   2|0x00000000e0200000, 0x00000000e0300000, 0x00000000e0300000|100%|HC|  |TAMS 0x00000000e0200000| PB 0x00000000e0200000| Complete 
|   3|0x00000000e0300000, 0x00000000e0400000, 0x00000000e0400000|100%| O|Cm|TAMS 0x00000000e0300000| PB 0x00000000e0300000| Complete 
|   4|0x00000000e0400000, 0x00000000e0500000, 0x00000000e0500000|100%| O|  |TAMS 0x00000000e0400000| PB 0x00000000e0400000| Untracked 
|   5|0x00000000e0500000, 0x00000000e0600000, 0x00000000e0600000|100%| O|  |TAMS 0x00000000e0500000| PB 0x00000000e0500000| Untracked 
|   6|0x00000000e0600000, 0x00000000e0700000, 0x00000000e0700000|100%| O|  |TAMS 0x00000000e0600000| PB 0x00000000e0600000| Untracked 
|   7|0x00000000e0700000, 0x00000000e0800000, 0x00000000e0800000|100%|HS|  |TAMS 0x00000000e0700000| PB 0x00000000e0700000| Complete 
|   8|0x00000000e0800000, 0x00000000e0900000, 0x00000000e0900000|100%| O|  |TAMS 0x00000000e0800000| PB 0x00000000e0800000| Untracked 
|   9|0x00000000e0900000, 0x00000000e0a00000, 0x00000000e0a00000|100%| O|  |TAMS 0x00000000e0900000| PB 0x00000000e0900000| Untracked 
|  10|0x00000000e0a00000, 0x00000000e0b00000, 0x00000000e0b00000|100%| O|  |TAMS 0x00000000e0a00000| PB 0x00000000e0a00000| Untracked 
|  11|0x00000000e0b00000, 0x00000000e0c00000, 0x00000000e0c00000|100%| O|  |TAMS 0x00000000e0b00000| PB 0x00000000e0b00000| Untracked 
|  12|0x00000000e0c00000, 0x00000000e0d00000, 0x00000000e0d00000|100%| O|  |TAMS 0x00000000e0c00000| PB 0x00000000e0c00000| Untracked 
|  13|0x00000000e0d00000, 0x00000000e0e00000, 0x00000000e0e00000|100%| O|  |TAMS 0x00000000e0d00000| PB 0x00000000e0d00000| Untracked 
|  14|0x00000000e0e00000, 0x00000000e0f00000, 0x00000000e0f00000|100%| O|  |TAMS 0x00000000e0e00000| PB 0x00000000e0e00000| Untracked 
|  15|0x00000000e0f00000, 0x00000000e1000000, 0x00000000e1000000|100%| O|  |TAMS 0x00000000e0f00000| PB 0x00000000e0f00000| Untracked 
|  16|0x00000000e1000000, 0x00000000e1100000, 0x00000000e1100000|100%| O|  |TAMS 0x00000000e1000000| PB 0x00000000e1000000| Untracked 
|  17|0x00000000e1100000, 0x00000000e1200000, 0x00000000e1200000|100%| O|  |TAMS 0x00000000e1100000| PB 0x00000000e1100000| Untracked 
|  18|0x00000000e1200000, 0x00000000e1300000, 0x00000000e1300000|100%| O|  |TAMS 0x00000000e1200000| PB 0x00000000e1200000| Untracked 
|  19|0x00000000e1300000, 0x00000000e1400000, 0x00000000e1400000|100%| O|  |TAMS 0x00000000e1300000| PB 0x00000000e1300000| Untracked 
|  20|0x00000000e1400000, 0x00000000e1500000, 0x00000000e1500000|100%| O|  |TAMS 0x00000000e1400000| PB 0x00000000e1400000| Untracked 
|  21|0x00000000e1500000, 0x00000000e1600000, 0x00000000e1600000|100%| O|  |TAMS 0x00000000e1500000| PB 0x00000000e1500000| Untracked 
|  22|0x00000000e1600000, 0x00000000e1640800, 0x00000000e1700000| 25%| O|  |TAMS 0x00000000e1600000| PB 0x00000000e1600000| Untracked 
|  23|0x00000000e1700000, 0x00000000e1700000, 0x00000000e1800000|  0%| F|  |TAMS 0x00000000e1700000| PB 0x00000000e1700000| Untracked 
|  24|0x00000000e1800000, 0x00000000e1800000, 0x00000000e1900000|  0%| F|  |TAMS 0x00000000e1800000| PB 0x00000000e1800000| Untracked 
|  25|0x00000000e1900000, 0x00000000e1900000, 0x00000000e1a00000|  0%| F|  |TAMS 0x00000000e1900000| PB 0x00000000e1900000| Untracked 
|  26|0x00000000e1a00000, 0x00000000e1a00000, 0x00000000e1b00000|  0%| F|  |TAMS 0x00000000e1a00000| PB 0x00000000e1a00000| Untracked 
|  27|0x00000000e1b00000, 0x00000000e1b00000, 0x00000000e1c00000|  0%| F|  |TAMS 0x00000000e1b00000| PB 0x00000000e1b00000| Untracked 
|  28|0x00000000e1c00000, 0x00000000e1c00000, 0x00000000e1d00000|  0%| F|  |TAMS 0x00000000e1c00000| PB 0x00000000e1c00000| Untracked 
|  29|0x00000000e1d00000, 0x00000000e1d00000, 0x00000000e1e00000|  0%| F|  |TAMS 0x00000000e1d00000| PB 0x00000000e1d00000| Untracked 
|  30|0x00000000e1e00000, 0x00000000e1e00000, 0x00000000e1f00000|  0%| F|  |TAMS 0x00000000e1e00000| PB 0x00000000e1e00000| Untracked 
|  31|0x00000000e1f00000, 0x00000000e1f00000, 0x00000000e2000000|  0%| F|  |TAMS 0x00000000e1f00000| PB 0x00000000e1f00000| Untracked 
|  32|0x00000000e2000000, 0x00000000e2000000, 0x00000000e2100000|  0%| F|  |TAMS 0x00000000e2000000| PB 0x00000000e2000000| Untracked 
|  33|0x00000000e2100000, 0x00000000e2100000, 0x00000000e2200000|  0%| F|  |TAMS 0x00000000e2100000| PB 0x00000000e2100000| Untracked 
|  34|0x00000000e2200000, 0x00000000e2200000, 0x00000000e2300000|  0%| F|  |TAMS 0x00000000e2200000| PB 0x00000000e2200000| Untracked 
|  35|0x00000000e2300000, 0x00000000e2300000, 0x00000000e2400000|  0%| F|  |TAMS 0x00000000e2300000| PB 0x00000000e2300000| Untracked 
|  36|0x00000000e2400000, 0x00000000e2400000, 0x00000000e2500000|  0%| F|  |TAMS 0x00000000e2400000| PB 0x00000000e2400000| Untracked 
|  37|0x00000000e2500000, 0x00000000e2500000, 0x00000000e2600000|  0%| F|  |TAMS 0x00000000e2500000| PB 0x00000000e2500000| Untracked 
|  38|0x00000000e2600000, 0x00000000e2600000, 0x00000000e2700000|  0%| F|  |TAMS 0x00000000e2600000| PB 0x00000000e2600000| Untracked 
|  39|0x00000000e2700000, 0x00000000e2700000, 0x00000000e2800000|  0%| F|  |TAMS 0x00000000e2700000| PB 0x00000000e2700000| Untracked 
|  40|0x00000000e2800000, 0x00000000e2800000, 0x00000000e2900000|  0%| F|  |TAMS 0x00000000e2800000| PB 0x00000000e2800000| Untracked 
|  41|0x00000000e2900000, 0x00000000e2900000, 0x00000000e2a00000|  0%| F|  |TAMS 0x00000000e2900000| PB 0x00000000e2900000| Untracked 
|  42|0x00000000e2a00000, 0x00000000e2a00000, 0x00000000e2b00000|  0%| F|  |TAMS 0x00000000e2a00000| PB 0x00000000e2a00000| Untracked 
|  43|0x00000000e2b00000, 0x00000000e2b00000, 0x00000000e2c00000|  0%| F|  |TAMS 0x00000000e2b00000| PB 0x00000000e2b00000| Untracked 
|  44|0x00000000e2c00000, 0x00000000e2c00000, 0x00000000e2d00000|  0%| F|  |TAMS 0x00000000e2c00000| PB 0x00000000e2c00000| Untracked 
|  45|0x00000000e2d00000, 0x00000000e2d00000, 0x00000000e2e00000|  0%| F|  |TAMS 0x00000000e2d00000| PB 0x00000000e2d00000| Untracked 
|  46|0x00000000e2e00000, 0x00000000e2e00000, 0x00000000e2f00000|  0%| F|  |TAMS 0x00000000e2e00000| PB 0x00000000e2e00000| Untracked 
|  47|0x00000000e2f00000, 0x00000000e2f00000, 0x00000000e3000000|  0%| F|  |TAMS 0x00000000e2f00000| PB 0x00000000e2f00000| Untracked 
|  48|0x00000000e3000000, 0x00000000e3000000, 0x00000000e3100000|  0%| F|  |TAMS 0x00000000e3000000| PB 0x00000000e3000000| Untracked 
|  49|0x00000000e3100000, 0x00000000e3100000, 0x00000000e3200000|  0%| F|  |TAMS 0x00000000e3100000| PB 0x00000000e3100000| Untracked 
|  50|0x00000000e3200000, 0x00000000e3200000, 0x00000000e3300000|  0%| F|  |TAMS 0x00000000e3200000| PB 0x00000000e3200000| Untracked 
|  51|0x00000000e3300000, 0x00000000e3300000, 0x00000000e3400000|  0%| F|  |TAMS 0x00000000e3300000| PB 0x00000000e3300000| Untracked 
|  52|0x00000000e3400000, 0x00000000e3400000, 0x00000000e3500000|  0%| F|  |TAMS 0x00000000e3400000| PB 0x00000000e3400000| Untracked 
|  53|0x00000000e3500000, 0x00000000e3500000, 0x00000000e3600000|  0%| F|  |TAMS 0x00000000e3500000| PB 0x00000000e3500000| Untracked 
|  54|0x00000000e3600000, 0x00000000e3600000, 0x00000000e3700000|  0%| F|  |TAMS 0x00000000e3600000| PB 0x00000000e3600000| Untracked 
|  55|0x00000000e3700000, 0x00000000e3700000, 0x00000000e3800000|  0%| F|  |TAMS 0x00000000e3700000| PB 0x00000000e3700000| Untracked 
|  56|0x00000000e3800000, 0x00000000e3800000, 0x00000000e3900000|  0%| F|  |TAMS 0x00000000e3800000| PB 0x00000000e3800000| Untracked 
|  57|0x00000000e3900000, 0x00000000e3900000, 0x00000000e3a00000|  0%| F|  |TAMS 0x00000000e3900000| PB 0x00000000e3900000| Untracked 
|  58|0x00000000e3a00000, 0x00000000e3a00000, 0x00000000e3b00000|  0%| F|  |TAMS 0x00000000e3a00000| PB 0x00000000e3a00000| Untracked 
|  59|0x00000000e3b00000, 0x00000000e3b00000, 0x00000000e3c00000|  0%| F|  |TAMS 0x00000000e3b00000| PB 0x00000000e3b00000| Untracked 
|  60|0x00000000e3c00000, 0x00000000e3c00000, 0x00000000e3d00000|  0%| F|  |TAMS 0x00000000e3c00000| PB 0x00000000e3c00000| Untracked 
|  61|0x00000000e3d00000, 0x00000000e3d00000, 0x00000000e3e00000|  0%| F|  |TAMS 0x00000000e3d00000| PB 0x00000000e3d00000| Untracked 
|  62|0x00000000e3e00000, 0x00000000e3e00000, 0x00000000e3f00000|  0%| F|  |TAMS 0x00000000e3e00000| PB 0x00000000e3e00000| Untracked 
|  63|0x00000000e3f00000, 0x00000000e3f00000, 0x00000000e4000000|  0%| F|  |TAMS 0x00000000e3f00000| PB 0x00000000e3f00000| Untracked 
|  64|0x00000000e4000000, 0x00000000e4000000, 0x00000000e4100000|  0%| F|  |TAMS 0x00000000e4000000| PB 0x00000000e4000000| Untracked 
|  65|0x00000000e4100000, 0x00000000e4100000, 0x00000000e4200000|  0%| F|  |TAMS 0x00000000e4100000| PB 0x00000000e4100000| Untracked 
|  66|0x00000000e4200000, 0x00000000e4200000, 0x00000000e4300000|  0%| F|  |TAMS 0x00000000e4200000| PB 0x00000000e4200000| Untracked 
|  67|0x00000000e4300000, 0x00000000e4300000, 0x00000000e4400000|  0%| F|  |TAMS 0x00000000e4300000| PB 0x00000000e4300000| Untracked 
|  68|0x00000000e4400000, 0x00000000e4400000, 0x00000000e4500000|  0%| F|  |TAMS 0x00000000e4400000| PB 0x00000000e4400000| Untracked 
|  69|0x00000000e4500000, 0x00000000e4500000, 0x00000000e4600000|  0%| F|  |TAMS 0x00000000e4500000| PB 0x00000000e4500000| Untracked 
|  70|0x00000000e4600000, 0x00000000e4600000, 0x00000000e4700000|  0%| F|  |TAMS 0x00000000e4600000| PB 0x00000000e4600000| Untracked 
|  71|0x00000000e4700000, 0x00000000e4700000, 0x00000000e4800000|  0%| F|  |TAMS 0x00000000e4700000| PB 0x00000000e4700000| Untracked 
|  72|0x00000000e4800000, 0x00000000e4800000, 0x00000000e4900000|  0%| F|  |TAMS 0x00000000e4800000| PB 0x00000000e4800000| Untracked 
|  73|0x00000000e4900000, 0x00000000e4900000, 0x00000000e4a00000|  0%| F|  |TAMS 0x00000000e4900000| PB 0x00000000e4900000| Untracked 
|  74|0x00000000e4a00000, 0x00000000e4a00000, 0x00000000e4b00000|  0%| F|  |TAMS 0x00000000e4a00000| PB 0x00000000e4a00000| Untracked 
|  75|0x00000000e4b00000, 0x00000000e4b00000, 0x00000000e4c00000|  0%| F|  |TAMS 0x00000000e4b00000| PB 0x00000000e4b00000| Untracked 
|  76|0x00000000e4c00000, 0x00000000e4c00000, 0x00000000e4d00000|  0%| F|  |TAMS 0x00000000e4c00000| PB 0x00000000e4c00000| Untracked 
|  77|0x00000000e4d00000, 0x00000000e4d00000, 0x00000000e4e00000|  0%| F|  |TAMS 0x00000000e4d00000| PB 0x00000000e4d00000| Untracked 
|  78|0x00000000e4e00000, 0x00000000e4e00000, 0x00000000e4f00000|  0%| F|  |TAMS 0x00000000e4e00000| PB 0x00000000e4e00000| Untracked 
|  79|0x00000000e4f00000, 0x00000000e4f00000, 0x00000000e5000000|  0%| F|  |TAMS 0x00000000e4f00000| PB 0x00000000e4f00000| Untracked 
|  80|0x00000000e5000000, 0x00000000e5000000, 0x00000000e5100000|  0%| F|  |TAMS 0x00000000e5000000| PB 0x00000000e5000000| Untracked 
|  81|0x00000000e5100000, 0x00000000e5100000, 0x00000000e5200000|  0%| F|  |TAMS 0x00000000e5100000| PB 0x00000000e5100000| Untracked 
|  82|0x00000000e5200000, 0x00000000e5200000, 0x00000000e5300000|  0%| F|  |TAMS 0x00000000e5200000| PB 0x00000000e5200000| Untracked 
|  83|0x00000000e5300000, 0x00000000e5300000, 0x00000000e5400000|  0%| F|  |TAMS 0x00000000e5300000| PB 0x00000000e5300000| Untracked 
|  84|0x00000000e5400000, 0x00000000e5400000, 0x00000000e5500000|  0%| F|  |TAMS 0x00000000e5400000| PB 0x00000000e5400000| Untracked 
|  85|0x00000000e5500000, 0x00000000e5500000, 0x00000000e5600000|  0%| F|  |TAMS 0x00000000e5500000| PB 0x00000000e5500000| Untracked 
|  86|0x00000000e5600000, 0x00000000e5600000, 0x00000000e5700000|  0%| F|  |TAMS 0x00000000e5600000| PB 0x00000000e5600000| Untracked 
|  87|0x00000000e5700000, 0x00000000e5700000, 0x00000000e5800000|  0%| F|  |TAMS 0x00000000e5700000| PB 0x00000000e5700000| Untracked 
|  88|0x00000000e5800000, 0x00000000e5800000, 0x00000000e5900000|  0%| F|  |TAMS 0x00000000e5800000| PB 0x00000000e5800000| Untracked 
|  89|0x00000000e5900000, 0x00000000e5900000, 0x00000000e5a00000|  0%| F|  |TAMS 0x00000000e5900000| PB 0x00000000e5900000| Untracked 
|  90|0x00000000e5a00000, 0x00000000e5a00000, 0x00000000e5b00000|  0%| F|  |TAMS 0x00000000e5a00000| PB 0x00000000e5a00000| Untracked 
|  91|0x00000000e5b00000, 0x00000000e5b00000, 0x00000000e5c00000|  0%| F|  |TAMS 0x00000000e5b00000| PB 0x00000000e5b00000| Untracked 
|  92|0x00000000e5c00000, 0x00000000e5c00000, 0x00000000e5d00000|  0%| F|  |TAMS 0x00000000e5c00000| PB 0x00000000e5c00000| Untracked 
|  93|0x00000000e5d00000, 0x00000000e5d00000, 0x00000000e5e00000|  0%| F|  |TAMS 0x00000000e5d00000| PB 0x00000000e5d00000| Untracked 
|  94|0x00000000e5e00000, 0x00000000e5e00000, 0x00000000e5f00000|  0%| F|  |TAMS 0x00000000e5e00000| PB 0x00000000e5e00000| Untracked 
|  95|0x00000000e5f00000, 0x00000000e5f00000, 0x00000000e6000000|  0%| F|  |TAMS 0x00000000e5f00000| PB 0x00000000e5f00000| Untracked 
|  96|0x00000000e6000000, 0x00000000e6000000, 0x00000000e6100000|  0%| F|  |TAMS 0x00000000e6000000| PB 0x00000000e6000000| Untracked 
|  97|0x00000000e6100000, 0x00000000e6100000, 0x00000000e6200000|  0%| F|  |TAMS 0x00000000e6100000| PB 0x00000000e6100000| Untracked 
|  98|0x00000000e6200000, 0x00000000e6200000, 0x00000000e6300000|  0%| F|  |TAMS 0x00000000e6200000| PB 0x00000000e6200000| Untracked 
|  99|0x00000000e6300000, 0x00000000e6300000, 0x00000000e6400000|  0%| F|  |TAMS 0x00000000e6300000| PB 0x00000000e6300000| Untracked 
| 100|0x00000000e6400000, 0x00000000e6400000, 0x00000000e6500000|  0%| F|  |TAMS 0x00000000e6400000| PB 0x00000000e6400000| Untracked 
| 101|0x00000000e6500000, 0x00000000e6500000, 0x00000000e6600000|  0%| F|  |TAMS 0x00000000e6500000| PB 0x00000000e6500000| Untracked 
| 102|0x00000000e6600000, 0x00000000e6600000, 0x00000000e6700000|  0%| F|  |TAMS 0x00000000e6600000| PB 0x00000000e6600000| Untracked 
| 103|0x00000000e6700000, 0x00000000e6700000, 0x00000000e6800000|  0%| F|  |TAMS 0x00000000e6700000| PB 0x00000000e6700000| Untracked 
| 104|0x00000000e6800000, 0x00000000e6800000, 0x00000000e6900000|  0%| F|  |TAMS 0x00000000e6800000| PB 0x00000000e6800000| Untracked 
| 105|0x00000000e6900000, 0x00000000e6900000, 0x00000000e6a00000|  0%| F|  |TAMS 0x00000000e6900000| PB 0x00000000e6900000| Untracked 
| 106|0x00000000e6a00000, 0x00000000e6a00000, 0x00000000e6b00000|  0%| F|  |TAMS 0x00000000e6a00000| PB 0x00000000e6a00000| Untracked 
| 107|0x00000000e6b00000, 0x00000000e6b00000, 0x00000000e6c00000|  0%| F|  |TAMS 0x00000000e6b00000| PB 0x00000000e6b00000| Untracked 
| 108|0x00000000e6c00000, 0x00000000e6c00000, 0x00000000e6d00000|  0%| F|  |TAMS 0x00000000e6c00000| PB 0x00000000e6c00000| Untracked 
| 109|0x00000000e6d00000, 0x00000000e6d00000, 0x00000000e6e00000|  0%| F|  |TAMS 0x00000000e6d00000| PB 0x00000000e6d00000| Untracked 
| 110|0x00000000e6e00000, 0x00000000e6e00000, 0x00000000e6f00000|  0%| F|  |TAMS 0x00000000e6e00000| PB 0x00000000e6e00000| Untracked 
| 111|0x00000000e6f00000, 0x00000000e6f00000, 0x00000000e7000000|  0%| F|  |TAMS 0x00000000e6f00000| PB 0x00000000e6f00000| Untracked 
| 112|0x00000000e7000000, 0x00000000e7000000, 0x00000000e7100000|  0%| F|  |TAMS 0x00000000e7000000| PB 0x00000000e7000000| Untracked 
| 113|0x00000000e7100000, 0x00000000e7100000, 0x00000000e7200000|  0%| F|  |TAMS 0x00000000e7100000| PB 0x00000000e7100000| Untracked 
| 114|0x00000000e7200000, 0x00000000e7200000, 0x00000000e7300000|  0%| F|  |TAMS 0x00000000e7200000| PB 0x00000000e7200000| Untracked 
| 115|0x00000000e7300000, 0x00000000e7300000, 0x00000000e7400000|  0%| F|  |TAMS 0x00000000e7300000| PB 0x00000000e7300000| Untracked 
| 116|0x00000000e7400000, 0x00000000e7400000, 0x00000000e7500000|  0%| F|  |TAMS 0x00000000e7400000| PB 0x00000000e7400000| Untracked 
| 117|0x00000000e7500000, 0x00000000e7500000, 0x00000000e7600000|  0%| F|  |TAMS 0x00000000e7500000| PB 0x00000000e7500000| Untracked 
| 118|0x00000000e7600000, 0x00000000e7600000, 0x00000000e7700000|  0%| F|  |TAMS 0x00000000e7600000| PB 0x00000000e7600000| Untracked 
| 119|0x00000000e7700000, 0x00000000e7700000, 0x00000000e7800000|  0%| F|  |TAMS 0x00000000e7700000| PB 0x00000000e7700000| Untracked 
| 120|0x00000000e7800000, 0x00000000e7800000, 0x00000000e7900000|  0%| F|  |TAMS 0x00000000e7800000| PB 0x00000000e7800000| Untracked 
| 121|0x00000000e7900000, 0x00000000e7900000, 0x00000000e7a00000|  0%| F|  |TAMS 0x00000000e7900000| PB 0x00000000e7900000| Untracked 
| 122|0x00000000e7a00000, 0x00000000e7a00000, 0x00000000e7b00000|  0%| F|  |TAMS 0x00000000e7a00000| PB 0x00000000e7a00000| Untracked 
| 123|0x00000000e7b00000, 0x00000000e7b00000, 0x00000000e7c00000|  0%| F|  |TAMS 0x00000000e7b00000| PB 0x00000000e7b00000| Untracked 
| 124|0x00000000e7c00000, 0x00000000e7c00000, 0x00000000e7d00000|  0%| F|  |TAMS 0x00000000e7c00000| PB 0x00000000e7c00000| Untracked 
| 125|0x00000000e7d00000, 0x00000000e7d00000, 0x00000000e7e00000|  0%| F|  |TAMS 0x00000000e7d00000| PB 0x00000000e7d00000| Untracked 
| 126|0x00000000e7e00000, 0x00000000e7e00000, 0x00000000e7f00000|  0%| F|  |TAMS 0x00000000e7e00000| PB 0x00000000e7e00000| Untracked 
| 127|0x00000000e7f00000, 0x00000000e7f00000, 0x00000000e8000000|  0%| F|  |TAMS 0x00000000e7f00000| PB 0x00000000e7f00000| Untracked 
| 128|0x00000000e8000000, 0x00000000e8000000, 0x00000000e8100000|  0%| F|  |TAMS 0x00000000e8000000| PB 0x00000000e8000000| Untracked 
| 129|0x00000000e8100000, 0x00000000e8100000, 0x00000000e8200000|  0%| F|  |TAMS 0x00000000e8100000| PB 0x00000000e8100000| Untracked 
| 130|0x00000000e8200000, 0x00000000e8200000, 0x00000000e8300000|  0%| F|  |TAMS 0x00000000e8200000| PB 0x00000000e8200000| Untracked 
| 131|0x00000000e8300000, 0x00000000e8300000, 0x00000000e8400000|  0%| F|  |TAMS 0x00000000e8300000| PB 0x00000000e8300000| Untracked 
| 132|0x00000000e8400000, 0x00000000e8400000, 0x00000000e8500000|  0%| F|  |TAMS 0x00000000e8400000| PB 0x00000000e8400000| Untracked 
| 133|0x00000000e8500000, 0x00000000e8500000, 0x00000000e8600000|  0%| F|  |TAMS 0x00000000e8500000| PB 0x00000000e8500000| Untracked 
| 134|0x00000000e8600000, 0x00000000e8600000, 0x00000000e8700000|  0%| F|  |TAMS 0x00000000e8600000| PB 0x00000000e8600000| Untracked 
| 135|0x00000000e8700000, 0x00000000e8700000, 0x00000000e8800000|  0%| F|  |TAMS 0x00000000e8700000| PB 0x00000000e8700000| Untracked 
| 136|0x00000000e8800000, 0x00000000e8800000, 0x00000000e8900000|  0%| F|  |TAMS 0x00000000e8800000| PB 0x00000000e8800000| Untracked 
| 137|0x00000000e8900000, 0x00000000e8900000, 0x00000000e8a00000|  0%| F|  |TAMS 0x00000000e8900000| PB 0x00000000e8900000| Untracked 
| 138|0x00000000e8a00000, 0x00000000e8a00000, 0x00000000e8b00000|  0%| F|  |TAMS 0x00000000e8a00000| PB 0x00000000e8a00000| Untracked 
| 139|0x00000000e8b00000, 0x00000000e8b00000, 0x00000000e8c00000|  0%| F|  |TAMS 0x00000000e8b00000| PB 0x00000000e8b00000| Untracked 
| 140|0x00000000e8c00000, 0x00000000e8c00000, 0x00000000e8d00000|  0%| F|  |TAMS 0x00000000e8c00000| PB 0x00000000e8c00000| Untracked 
| 141|0x00000000e8d00000, 0x00000000e8d00000, 0x00000000e8e00000|  0%| F|  |TAMS 0x00000000e8d00000| PB 0x00000000e8d00000| Untracked 
| 142|0x00000000e8e00000, 0x00000000e8e00000, 0x00000000e8f00000|  0%| F|  |TAMS 0x00000000e8e00000| PB 0x00000000e8e00000| Untracked 
| 143|0x00000000e8f00000, 0x00000000e8f00000, 0x00000000e9000000|  0%| F|  |TAMS 0x00000000e8f00000| PB 0x00000000e8f00000| Untracked 
| 144|0x00000000e9000000, 0x00000000e9000000, 0x00000000e9100000|  0%| F|  |TAMS 0x00000000e9000000| PB 0x00000000e9000000| Untracked 
| 145|0x00000000e9100000, 0x00000000e9100000, 0x00000000e9200000|  0%| F|  |TAMS 0x00000000e9100000| PB 0x00000000e9100000| Untracked 
| 146|0x00000000e9200000, 0x00000000e9200000, 0x00000000e9300000|  0%| F|  |TAMS 0x00000000e9200000| PB 0x00000000e9200000| Untracked 
| 147|0x00000000e9300000, 0x00000000e9300000, 0x00000000e9400000|  0%| F|  |TAMS 0x00000000e9300000| PB 0x00000000e9300000| Untracked 
| 148|0x00000000e9400000, 0x00000000e9400000, 0x00000000e9500000|  0%| F|  |TAMS 0x00000000e9400000| PB 0x00000000e9400000| Untracked 
| 149|0x00000000e9500000, 0x00000000e9500000, 0x00000000e9600000|  0%| F|  |TAMS 0x00000000e9500000| PB 0x00000000e9500000| Untracked 
| 150|0x00000000e9600000, 0x00000000e9600000, 0x00000000e9700000|  0%| F|  |TAMS 0x00000000e9600000| PB 0x00000000e9600000| Untracked 
| 151|0x00000000e9700000, 0x00000000e9700000, 0x00000000e9800000|  0%| F|  |TAMS 0x00000000e9700000| PB 0x00000000e9700000| Untracked 
| 152|0x00000000e9800000, 0x00000000e9800000, 0x00000000e9900000|  0%| F|  |TAMS 0x00000000e9800000| PB 0x00000000e9800000| Untracked 
| 153|0x00000000e9900000, 0x00000000e9900000, 0x00000000e9a00000|  0%| F|  |TAMS 0x00000000e9900000| PB 0x00000000e9900000| Untracked 
| 154|0x00000000e9a00000, 0x00000000e9a00000, 0x00000000e9b00000|  0%| F|  |TAMS 0x00000000e9a00000| PB 0x00000000e9a00000| Untracked 
| 155|0x00000000e9b00000, 0x00000000e9b00000, 0x00000000e9c00000|  0%| F|  |TAMS 0x00000000e9b00000| PB 0x00000000e9b00000| Untracked 
| 156|0x00000000e9c00000, 0x00000000e9c00000, 0x00000000e9d00000|  0%| F|  |TAMS 0x00000000e9c00000| PB 0x00000000e9c00000| Untracked 
| 157|0x00000000e9d00000, 0x00000000e9d00000, 0x00000000e9e00000|  0%| F|  |TAMS 0x00000000e9d00000| PB 0x00000000e9d00000| Untracked 
| 158|0x00000000e9e00000, 0x00000000e9e00000, 0x00000000e9f00000|  0%| F|  |TAMS 0x00000000e9e00000| PB 0x00000000e9e00000| Untracked 
| 159|0x00000000e9f00000, 0x00000000e9f00000, 0x00000000ea000000|  0%| F|  |TAMS 0x00000000e9f00000| PB 0x00000000e9f00000| Untracked 
| 160|0x00000000ea000000, 0x00000000ea000000, 0x00000000ea100000|  0%| F|  |TAMS 0x00000000ea000000| PB 0x00000000ea000000| Untracked 
| 161|0x00000000ea100000, 0x00000000ea100000, 0x00000000ea200000|  0%| F|  |TAMS 0x00000000ea100000| PB 0x00000000ea100000| Untracked 
| 162|0x00000000ea200000, 0x00000000ea200000, 0x00000000ea300000|  0%| F|  |TAMS 0x00000000ea200000| PB 0x00000000ea200000| Untracked 
| 163|0x00000000ea300000, 0x00000000ea300000, 0x00000000ea400000|  0%| F|  |TAMS 0x00000000ea300000| PB 0x00000000ea300000| Untracked 
| 164|0x00000000ea400000, 0x00000000ea400000, 0x00000000ea500000|  0%| F|  |TAMS 0x00000000ea400000| PB 0x00000000ea400000| Untracked 
| 165|0x00000000ea500000, 0x00000000ea500000, 0x00000000ea600000|  0%| F|  |TAMS 0x00000000ea500000| PB 0x00000000ea500000| Untracked 
| 166|0x00000000ea600000, 0x00000000ea600000, 0x00000000ea700000|  0%| F|  |TAMS 0x00000000ea600000| PB 0x00000000ea600000| Untracked 
| 167|0x00000000ea700000, 0x00000000ea700000, 0x00000000ea800000|  0%| F|  |TAMS 0x00000000ea700000| PB 0x00000000ea700000| Untracked 
| 168|0x00000000ea800000, 0x00000000ea800000, 0x00000000ea900000|  0%| F|  |TAMS 0x00000000ea800000| PB 0x00000000ea800000| Untracked 
| 169|0x00000000ea900000, 0x00000000ea900000, 0x00000000eaa00000|  0%| F|  |TAMS 0x00000000ea900000| PB 0x00000000ea900000| Untracked 
| 170|0x00000000eaa00000, 0x00000000eaa00000, 0x00000000eab00000|  0%| F|  |TAMS 0x00000000eaa00000| PB 0x00000000eaa00000| Untracked 
| 171|0x00000000eab00000, 0x00000000eab00000, 0x00000000eac00000|  0%| F|  |TAMS 0x00000000eab00000| PB 0x00000000eab00000| Untracked 
| 172|0x00000000eac00000, 0x00000000eac00000, 0x00000000ead00000|  0%| F|  |TAMS 0x00000000eac00000| PB 0x00000000eac00000| Untracked 
| 173|0x00000000ead00000, 0x00000000ead00000, 0x00000000eae00000|  0%| F|  |TAMS 0x00000000ead00000| PB 0x00000000ead00000| Untracked 
| 174|0x00000000eae00000, 0x00000000eae00000, 0x00000000eaf00000|  0%| F|  |TAMS 0x00000000eae00000| PB 0x00000000eae00000| Untracked 
| 175|0x00000000eaf00000, 0x00000000eaf00000, 0x00000000eb000000|  0%| F|  |TAMS 0x00000000eaf00000| PB 0x00000000eaf00000| Untracked 
| 176|0x00000000eb000000, 0x00000000eb000000, 0x00000000eb100000|  0%| F|  |TAMS 0x00000000eb000000| PB 0x00000000eb000000| Untracked 
| 177|0x00000000eb100000, 0x00000000eb100000, 0x00000000eb200000|  0%| F|  |TAMS 0x00000000eb100000| PB 0x00000000eb100000| Untracked 
| 178|0x00000000eb200000, 0x00000000eb200000, 0x00000000eb300000|  0%| F|  |TAMS 0x00000000eb200000| PB 0x00000000eb200000| Untracked 
| 179|0x00000000eb300000, 0x00000000eb300000, 0x00000000eb400000|  0%| F|  |TAMS 0x00000000eb300000| PB 0x00000000eb300000| Untracked 
| 180|0x00000000eb400000, 0x00000000eb400000, 0x00000000eb500000|  0%| F|  |TAMS 0x00000000eb400000| PB 0x00000000eb400000| Untracked 
| 181|0x00000000eb500000, 0x00000000eb500000, 0x00000000eb600000|  0%| F|  |TAMS 0x00000000eb500000| PB 0x00000000eb500000| Untracked 
| 182|0x00000000eb600000, 0x00000000eb600000, 0x00000000eb700000|  0%| F|  |TAMS 0x00000000eb600000| PB 0x00000000eb600000| Untracked 
| 183|0x00000000eb700000, 0x00000000eb700000, 0x00000000eb800000|  0%| F|  |TAMS 0x00000000eb700000| PB 0x00000000eb700000| Untracked 
| 184|0x00000000eb800000, 0x00000000eb800000, 0x00000000eb900000|  0%| F|  |TAMS 0x00000000eb800000| PB 0x00000000eb800000| Untracked 
| 185|0x00000000eb900000, 0x00000000eb900000, 0x00000000eba00000|  0%| F|  |TAMS 0x00000000eb900000| PB 0x00000000eb900000| Untracked 
| 186|0x00000000eba00000, 0x00000000eba00000, 0x00000000ebb00000|  0%| F|  |TAMS 0x00000000eba00000| PB 0x00000000eba00000| Untracked 
| 187|0x00000000ebb00000, 0x00000000ebb00000, 0x00000000ebc00000|  0%| F|  |TAMS 0x00000000ebb00000| PB 0x00000000ebb00000| Untracked 
| 188|0x00000000ebc00000, 0x00000000ebc00000, 0x00000000ebd00000|  0%| F|  |TAMS 0x00000000ebc00000| PB 0x00000000ebc00000| Untracked 
| 189|0x00000000ebd00000, 0x00000000ebd00000, 0x00000000ebe00000|  0%| F|  |TAMS 0x00000000ebd00000| PB 0x00000000ebd00000| Untracked 
| 190|0x00000000ebe00000, 0x00000000ebe00000, 0x00000000ebf00000|  0%| F|  |TAMS 0x00000000ebe00000| PB 0x00000000ebe00000| Untracked 
| 191|0x00000000ebf00000, 0x00000000ebf00000, 0x00000000ec000000|  0%| F|  |TAMS 0x00000000ebf00000| PB 0x00000000ebf00000| Untracked 
| 192|0x00000000ec000000, 0x00000000ec000000, 0x00000000ec100000|  0%| F|  |TAMS 0x00000000ec000000| PB 0x00000000ec000000| Untracked 
| 193|0x00000000ec100000, 0x00000000ec100000, 0x00000000ec200000|  0%| F|  |TAMS 0x00000000ec100000| PB 0x00000000ec100000| Untracked 
| 194|0x00000000ec200000, 0x00000000ec200000, 0x00000000ec300000|  0%| F|  |TAMS 0x00000000ec200000| PB 0x00000000ec200000| Untracked 
| 195|0x00000000ec300000, 0x00000000ec300000, 0x00000000ec400000|  0%| F|  |TAMS 0x00000000ec300000| PB 0x00000000ec300000| Untracked 
| 196|0x00000000ec400000, 0x00000000ec400000, 0x00000000ec500000|  0%| F|  |TAMS 0x00000000ec400000| PB 0x00000000ec400000| Untracked 
| 197|0x00000000ec500000, 0x00000000ec500000, 0x00000000ec600000|  0%| F|  |TAMS 0x00000000ec500000| PB 0x00000000ec500000| Untracked 
| 198|0x00000000ec600000, 0x00000000ec600000, 0x00000000ec700000|  0%| F|  |TAMS 0x00000000ec600000| PB 0x00000000ec600000| Untracked 
| 199|0x00000000ec700000, 0x00000000ec700000, 0x00000000ec800000|  0%| F|  |TAMS 0x00000000ec700000| PB 0x00000000ec700000| Untracked 
| 200|0x00000000ec800000, 0x00000000ec800000, 0x00000000ec900000|  0%| F|  |TAMS 0x00000000ec800000| PB 0x00000000ec800000| Untracked 
| 201|0x00000000ec900000, 0x00000000ec9f4020, 0x00000000eca00000| 95%| E|  |TAMS 0x00000000ec900000| PB 0x00000000ec900000| Complete 
| 202|0x00000000eca00000, 0x00000000ecb00000, 0x00000000ecb00000|100%| E|CS|TAMS 0x00000000eca00000| PB 0x00000000eca00000| Complete 
| 203|0x00000000ecb00000, 0x00000000ecc00000, 0x00000000ecc00000|100%| E|CS|TAMS 0x00000000ecb00000| PB 0x00000000ecb00000| Complete 
| 204|0x00000000ecc00000, 0x00000000ecd00000, 0x00000000ecd00000|100%| E|  |TAMS 0x00000000ecc00000| PB 0x00000000ecc00000| Complete 
| 205|0x00000000ecd00000, 0x00000000ece00000, 0x00000000ece00000|100%| E|CS|TAMS 0x00000000ecd00000| PB 0x00000000ecd00000| Complete 
| 206|0x00000000ece00000, 0x00000000ecf00000, 0x00000000ecf00000|100%| E|CS|TAMS 0x00000000ece00000| PB 0x00000000ece00000| Complete 
| 207|0x00000000ecf00000, 0x00000000ed000000, 0x00000000ed000000|100%| E|CS|TAMS 0x00000000ecf00000| PB 0x00000000ecf00000| Complete 
| 208|0x00000000ed000000, 0x00000000ed100000, 0x00000000ed100000|100%| E|CS|TAMS 0x00000000ed000000| PB 0x00000000ed000000| Complete 
| 209|0x00000000ed100000, 0x00000000ed200000, 0x00000000ed200000|100%| E|CS|TAMS 0x00000000ed100000| PB 0x00000000ed100000| Complete 
| 210|0x00000000ed200000, 0x00000000ed300000, 0x00000000ed300000|100%| E|CS|TAMS 0x00000000ed200000| PB 0x00000000ed200000| Complete 
| 211|0x00000000ed300000, 0x00000000ed400000, 0x00000000ed400000|100%| E|CS|TAMS 0x00000000ed300000| PB 0x00000000ed300000| Complete 
| 212|0x00000000ed400000, 0x00000000ed500000, 0x00000000ed500000|100%| E|CS|TAMS 0x00000000ed400000| PB 0x00000000ed400000| Complete 
| 213|0x00000000ed500000, 0x00000000ed600000, 0x00000000ed600000|100%| E|CS|TAMS 0x00000000ed500000| PB 0x00000000ed500000| Complete 
| 214|0x00000000ed600000, 0x00000000ed700000, 0x00000000ed700000|100%| E|CS|TAMS 0x00000000ed600000| PB 0x00000000ed600000| Complete 
| 215|0x00000000ed700000, 0x00000000ed800000, 0x00000000ed800000|100%| E|CS|TAMS 0x00000000ed700000| PB 0x00000000ed700000| Complete 
| 216|0x00000000ed800000, 0x00000000ed900000, 0x00000000ed900000|100%| E|CS|TAMS 0x00000000ed800000| PB 0x00000000ed800000| Complete 
| 217|0x00000000ed900000, 0x00000000eda00000, 0x00000000eda00000|100%| E|CS|TAMS 0x00000000ed900000| PB 0x00000000ed900000| Complete 
| 218|0x00000000eda00000, 0x00000000edb00000, 0x00000000edb00000|100%| E|CS|TAMS 0x00000000eda00000| PB 0x00000000eda00000| Complete 
| 219|0x00000000edb00000, 0x00000000edc00000, 0x00000000edc00000|100%| E|CS|TAMS 0x00000000edb00000| PB 0x00000000edb00000| Complete 
| 220|0x00000000edc00000, 0x00000000edd00000, 0x00000000edd00000|100%| E|CS|TAMS 0x00000000edc00000| PB 0x00000000edc00000| Complete 
| 221|0x00000000edd00000, 0x00000000ede00000, 0x00000000ede00000|100%| E|CS|TAMS 0x00000000edd00000| PB 0x00000000edd00000| Complete 
| 222|0x00000000ede00000, 0x00000000edf00000, 0x00000000edf00000|100%| E|CS|TAMS 0x00000000ede00000| PB 0x00000000ede00000| Complete 
| 223|0x00000000edf00000, 0x00000000ee000000, 0x00000000ee000000|100%| E|CS|TAMS 0x00000000edf00000| PB 0x00000000edf00000| Complete 
| 224|0x00000000ee000000, 0x00000000ee100000, 0x00000000ee100000|100%| E|CS|TAMS 0x00000000ee000000| PB 0x00000000ee000000| Complete 
| 225|0x00000000ee100000, 0x00000000ee200000, 0x00000000ee200000|100%| E|CS|TAMS 0x00000000ee100000| PB 0x00000000ee100000| Complete 
| 226|0x00000000ee200000, 0x00000000ee300000, 0x00000000ee300000|100%| E|CS|TAMS 0x00000000ee200000| PB 0x00000000ee200000| Complete 
| 227|0x00000000ee300000, 0x00000000ee400000, 0x00000000ee400000|100%| E|CS|TAMS 0x00000000ee300000| PB 0x00000000ee300000| Complete 
| 228|0x00000000ee400000, 0x00000000ee500000, 0x00000000ee500000|100%| E|CS|TAMS 0x00000000ee400000| PB 0x00000000ee400000| Complete 
| 229|0x00000000ee500000, 0x00000000ee600000, 0x00000000ee600000|100%| E|CS|TAMS 0x00000000ee500000| PB 0x00000000ee500000| Complete 
| 230|0x00000000ee600000, 0x00000000ee700000, 0x00000000ee700000|100%| E|CS|TAMS 0x00000000ee600000| PB 0x00000000ee600000| Complete 
| 231|0x00000000ee700000, 0x00000000ee800000, 0x00000000ee800000|100%| E|CS|TAMS 0x00000000ee700000| PB 0x00000000ee700000| Complete 
| 232|0x00000000ee800000, 0x00000000ee900000, 0x00000000ee900000|100%| E|CS|TAMS 0x00000000ee800000| PB 0x00000000ee800000| Complete 
| 233|0x00000000ee900000, 0x00000000eea00000, 0x00000000eea00000|100%| E|CS|TAMS 0x00000000ee900000| PB 0x00000000ee900000| Complete 
| 234|0x00000000eea00000, 0x00000000eeb00000, 0x00000000eeb00000|100%| S|CS|TAMS 0x00000000eea00000| PB 0x00000000eea00000| Complete 
| 235|0x00000000eeb00000, 0x00000000eec00000, 0x00000000eec00000|100%| S|CS|TAMS 0x00000000eeb00000| PB 0x00000000eeb00000| Complete 
| 236|0x00000000eec00000, 0x00000000eed00000, 0x00000000eed00000|100%| E|CS|TAMS 0x00000000eec00000| PB 0x00000000eec00000| Complete 
| 237|0x00000000eed00000, 0x00000000eee00000, 0x00000000eee00000|100%| E|CS|TAMS 0x00000000eed00000| PB 0x00000000eed00000| Complete 
| 238|0x00000000eee00000, 0x00000000eef00000, 0x00000000eef00000|100%| E|CS|TAMS 0x00000000eee00000| PB 0x00000000eee00000| Complete 
| 239|0x00000000eef00000, 0x00000000ef000000, 0x00000000ef000000|100%| E|CS|TAMS 0x00000000eef00000| PB 0x00000000eef00000| Complete 
| 240|0x00000000ef000000, 0x00000000ef100000, 0x00000000ef100000|100%| E|CS|TAMS 0x00000000ef000000| PB 0x00000000ef000000| Complete 
| 241|0x00000000ef100000, 0x00000000ef200000, 0x00000000ef200000|100%| E|CS|TAMS 0x00000000ef100000| PB 0x00000000ef100000| Complete 
| 242|0x00000000ef200000, 0x00000000ef300000, 0x00000000ef300000|100%| E|CS|TAMS 0x00000000ef200000| PB 0x00000000ef200000| Complete 
| 243|0x00000000ef300000, 0x00000000ef400000, 0x00000000ef400000|100%| E|CS|TAMS 0x00000000ef300000| PB 0x00000000ef300000| Complete 
| 244|0x00000000ef400000, 0x00000000ef500000, 0x00000000ef500000|100%| E|CS|TAMS 0x00000000ef400000| PB 0x00000000ef400000| Complete 
| 245|0x00000000ef500000, 0x00000000ef600000, 0x00000000ef600000|100%| E|CS|TAMS 0x00000000ef500000| PB 0x00000000ef500000| Complete 
| 246|0x00000000ef600000, 0x00000000ef700000, 0x00000000ef700000|100%| E|CS|TAMS 0x00000000ef600000| PB 0x00000000ef600000| Complete 
| 247|0x00000000ef700000, 0x00000000ef800000, 0x00000000ef800000|100%| E|CS|TAMS 0x00000000ef700000| PB 0x00000000ef700000| Complete 
| 248|0x00000000ef800000, 0x00000000ef900000, 0x00000000ef900000|100%| E|CS|TAMS 0x00000000ef800000| PB 0x00000000ef800000| Complete 
| 249|0x00000000ef900000, 0x00000000efa00000, 0x00000000efa00000|100%| E|CS|TAMS 0x00000000ef900000| PB 0x00000000ef900000| Complete 
| 250|0x00000000efa00000, 0x00000000efb00000, 0x00000000efb00000|100%| E|CS|TAMS 0x00000000efa00000| PB 0x00000000efa00000| Complete 
| 251|0x00000000efb00000, 0x00000000efc00000, 0x00000000efc00000|100%| E|CS|TAMS 0x00000000efb00000| PB 0x00000000efb00000| Complete 
| 252|0x00000000efc00000, 0x00000000efd00000, 0x00000000efd00000|100%| E|CS|TAMS 0x00000000efc00000| PB 0x00000000efc00000| Complete 
| 253|0x00000000efd00000, 0x00000000efe00000, 0x00000000efe00000|100%| E|CS|TAMS 0x00000000efd00000| PB 0x00000000efd00000| Complete 
| 254|0x00000000efe00000, 0x00000000eff00000, 0x00000000eff00000|100%| E|CS|TAMS 0x00000000efe00000| PB 0x00000000efe00000| Complete 
| 255|0x00000000eff00000, 0x00000000f0000000, 0x00000000f0000000|100%| E|CS|TAMS 0x00000000eff00000| PB 0x00000000eff00000| Complete 

Card table byte_map: [0x00000198cc730000,0x00000198cc830000] _byte_map_base: 0x00000198cc030000

Marking Bits: (CMBitMap*) 0x00000198b5067c00
 Bits: [0x00000198cc830000, 0x00000198cd030000)

Polling page: 0x00000198b2e90000

Metaspace:

Usage:
  Non-class:     23.08 MB used.
      Class:      3.99 MB used.
       Both:     27.07 MB used.

Virtual space:
  Non-class space:       64.00 MB reserved,      23.56 MB ( 37%) committed,  1 nodes.
      Class space:      320.00 MB reserved,       4.50 MB (  1%) committed,  1 nodes.
             Both:      384.00 MB reserved,      28.06 MB (  7%) committed. 

Chunk freelists:
   Non-Class:  7.59 MB
       Class:  11.34 MB
        Both:  18.94 MB

MaxMetaspaceSize: 384.00 MB
CompressedClassSpaceSize: 320.00 MB
Initial GC threshold: 21.00 MB
Current GC threshold: 35.12 MB
CDS: on
 - commit_granule_bytes: 65536.
 - commit_granule_words: 8192.
 - virtual_space_node_default_size: 8388608.
 - enlarge_chunks_in_place: 1.
 - use_allocation_guard: 0.


Internal statistics:

num_allocs_failed_limit: 3.
num_arena_births: 1540.
num_arena_deaths: 0.
num_vsnodes_births: 2.
num_vsnodes_deaths: 0.
num_space_committed: 449.
num_space_uncommitted: 0.
num_chunks_returned_to_freelist: 3.
num_chunks_taken_from_freelist: 2778.
num_chunk_merges: 3.
num_chunk_splits: 1775.
num_chunks_enlarged: 1135.
num_inconsistent_stats: 0.

CodeHeap 'non-profiled nmethods': size=120000Kb used=2236Kb max_used=2236Kb free=117763Kb
 bounds [0x00000198c5200000, 0x00000198c5470000, 0x00000198cc730000]
CodeHeap 'profiled nmethods': size=120000Kb used=7558Kb max_used=7558Kb free=112441Kb
 bounds [0x00000198bd730000, 0x00000198bdea0000, 0x00000198c4c60000]
CodeHeap 'non-nmethods': size=5760Kb used=1513Kb max_used=1568Kb free=4246Kb
 bounds [0x00000198c4c60000, 0x00000198c4ed0000, 0x00000198c5200000]
 total_blobs=4341 nmethods=3756 adapters=489
 compilation: enabled
              stopped_count=0, restarted_count=0
 full_count=0

Compilation events (20 events):
Event: 52.492 Thread 0x00000198cf66d880 3755   !   3       java.net.URLClassLoader::defineClass (224 bytes)
Event: 52.495 Thread 0x00000198cf66d880 nmethod 3755 0x00000198bde8c410 code [0x00000198bde8c840, 0x00000198bde8e408]
Event: 52.496 Thread 0x00000198cf66d880 3756       3       jdk.internal.loader.Resource::getByteBuffer (24 bytes)
Event: 52.497 Thread 0x00000198cf66d880 nmethod 3756 0x00000198bde8ed90 code [0x00000198bde8ef80, 0x00000198bde8f668]
Event: 52.545 Thread 0x00000198cf66d880 3757       1       java.lang.reflect.Constructor::getSharedParameterTypes (5 bytes)
Event: 52.546 Thread 0x00000198cf66d880 nmethod 3757 0x00000198c542ee90 code [0x00000198c542f020, 0x00000198c542f0e8]
Event: 52.564 Thread 0x00000198cf66d880 3758       3       jdk.internal.loader.URLClassPath$JarLoader$2::getManifest (26 bytes)
Event: 52.564 Thread 0x00000198cf66d880 nmethod 3758 0x00000198bde8f790 code [0x00000198bde8f9e0, 0x00000198bde90138]
Event: 52.565 Thread 0x00000198cf66d880 3759       3       java.util.jar.JavaUtilJarAccessImpl::ensureInitialization (5 bytes)
Event: 52.565 Thread 0x00000198cf66d880 nmethod 3759 0x00000198bde90510 code [0x00000198bde906c0, 0x00000198bde90890]
Event: 52.565 Thread 0x00000198cf66d880 3760       3       jdk.internal.loader.URLClassPath$JarLoader$2::getInputStream (15 bytes)
Event: 52.565 Thread 0x00000198cf66d880 nmethod 3760 0x00000198bde90990 code [0x00000198bde90b40, 0x00000198bde90d20]
Event: 52.565 Thread 0x00000198cf66d880 3761       3       jdk.internal.perf.PerfCounter::getParentDelegationTime (4 bytes)
Event: 52.566 Thread 0x00000198cf66d880 nmethod 3761 0x00000198bde90e10 code [0x00000198bde90fa0, 0x00000198bde91098]
Event: 52.566 Thread 0x00000198cf66d880 3762       3       jdk.internal.perf.PerfCounter::addTime (6 bytes)
Event: 52.566 Thread 0x00000198cf66d880 nmethod 3762 0x00000198bde91110 code [0x00000198bde912c0, 0x00000198bde91400]
Event: 52.566 Thread 0x00000198cf66d880 3763       3       jdk.internal.perf.PerfCounter::getFindClassTime (4 bytes)
Event: 52.566 Thread 0x00000198cf66d880 nmethod 3763 0x00000198bde91490 code [0x00000198bde91620, 0x00000198bde91718]
Event: 52.566 Thread 0x00000198cf66d880 3764       3       jdk.internal.perf.PerfCounter::getFindClasses (4 bytes)
Event: 52.566 Thread 0x00000198cf66d880 nmethod 3764 0x00000198bde91790 code [0x00000198bde91920, 0x00000198bde91a18]

GC Heap History (8 events):
Event: 2.027 GC heap before
{Heap before GC invocations=0 (full 0):
 garbage-first heap   total 262144K, used 12288K [0x00000000e0000000, 0x0000000100000000)
  region size 1024K, 13 young (13312K), 0 survivors (0K)
 Metaspace       used 840K, committed 1024K, reserved 393216K
  class space    used 68K, committed 128K, reserved 327680K
}
Event: 2.146 GC heap after
{Heap after GC invocations=1 (full 0):
 garbage-first heap   total 262144K, used 1280K [0x00000000e0000000, 0x0000000100000000)
  region size 1024K, 2 young (2048K), 2 survivors (2048K)
 Metaspace       used 840K, committed 1024K, reserved 393216K
  class space    used 68K, committed 128K, reserved 327680K
}
Event: 3.627 GC heap before
{Heap before GC invocations=1 (full 0):
 garbage-first heap   total 262144K, used 22784K [0x00000000e0000000, 0x0000000100000000)
  region size 1024K, 21 young (21504K), 2 survivors (2048K)
 Metaspace       used 1750K, committed 1984K, reserved 393216K
  class space    used 150K, committed 256K, reserved 327680K
}
Event: 3.634 GC heap after
{Heap after GC invocations=2 (full 0):
 garbage-first heap   total 262144K, used 9914K [0x00000000e0000000, 0x0000000100000000)
  region size 1024K, 3 young (3072K), 3 survivors (3072K)
 Metaspace       used 1750K, committed 1984K, reserved 393216K
  class space    used 150K, committed 256K, reserved 327680K
}
Event: 29.384 GC heap before
{Heap before GC invocations=2 (full 0):
 garbage-first heap   total 262144K, used 165562K [0x00000000e0000000, 0x0000000100000000)
  region size 1024K, 153 young (156672K), 3 survivors (3072K)
 Metaspace       used 18590K, committed 19200K, reserved 393216K
  class space    used 2586K, committed 2880K, reserved 327680K
}
Event: 29.412 GC heap after
{Heap after GC invocations=3 (full 0):
 garbage-first heap   total 262144K, used 22714K [0x00000000e0000000, 0x0000000100000000)
  region size 1024K, 15 young (15360K), 15 survivors (15360K)
 Metaspace       used 18590K, committed 19200K, reserved 393216K
  class space    used 2586K, committed 2880K, reserved 327680K
}
Event: 31.831 GC heap before
{Heap before GC invocations=3 (full 0):
 garbage-first heap   total 262144K, used 42170K [0x00000000e0000000, 0x0000000100000000)
  region size 1024K, 35 young (35840K), 15 survivors (15360K)
 Metaspace       used 20893K, committed 21504K, reserved 393216K
  class space    used 2994K, committed 3328K, reserved 327680K
}
Event: 32.106 GC heap after
{Heap after GC invocations=4 (full 0):
 garbage-first heap   total 262144K, used 24834K [0x00000000e0000000, 0x0000000100000000)
  region size 1024K, 2 young (2048K), 2 survivors (2048K)
 Metaspace       used 20893K, committed 21504K, reserved 393216K
  class space    used 2994K, committed 3328K, reserved 327680K
}

Dll operation events (15 events):
Event: 0.038 Loaded shared library C:\Users\Vansh Parmar\.jdks\ms-21.0.7\bin\java.dll
Event: 0.483 Loaded shared library C:\Users\Vansh Parmar\.jdks\ms-21.0.7\bin\jsvml.dll
Event: 0.832 Loaded shared library C:\Users\Vansh Parmar\.jdks\ms-21.0.7\bin\zip.dll
Event: 0.847 Loaded shared library C:\Users\Vansh Parmar\.jdks\ms-21.0.7\bin\instrument.dll
Event: 0.857 Loaded shared library C:\Users\Vansh Parmar\.jdks\ms-21.0.7\bin\net.dll
Event: 0.861 Loaded shared library C:\Users\Vansh Parmar\.jdks\ms-21.0.7\bin\nio.dll
Event: 0.869 Loaded shared library C:\Users\Vansh Parmar\.jdks\ms-21.0.7\bin\zip.dll
Event: 2.471 Loaded shared library C:\Users\Vansh Parmar\.jdks\ms-21.0.7\bin\jimage.dll
Event: 3.354 Loaded shared library C:\Users\Vansh Parmar\.jdks\ms-21.0.7\bin\verify.dll
Event: 3.918 Loaded shared library C:\Users\Vansh Parmar\.gradle\native\1def1411415f61bf3af743bc5b6707747c0891f09f0c88961ee8f79bc544acac\windows-amd64\native-platform.dll
Event: 3.985 Loaded shared library C:\Users\Vansh Parmar\.gradle\native\0.2.7\x86_64-windows-gnu\gradle-fileevents.dll
Event: 11.918 Loaded shared library C:\Users\Vansh Parmar\.jdks\ms-21.0.7\bin\management.dll
Event: 11.925 Loaded shared library C:\Users\Vansh Parmar\.jdks\ms-21.0.7\bin\management_ext.dll
Event: 12.501 Loaded shared library C:\Users\Vansh Parmar\.jdks\ms-21.0.7\bin\extnet.dll
Event: 13.598 Loaded shared library C:\Users\Vansh Parmar\.jdks\ms-21.0.7\bin\sunmscapi.dll

Deoptimization events (20 events):
Event: 51.721 Thread 0x00000198cfa1dfb0 DEOPT PACKING pc=0x00000198c520c0e0 sp=0x0000000daddfa8a0
Event: 51.721 Thread 0x00000198cfa1dfb0 DEOPT UNPACKING pc=0x00000198c4cb46a2 sp=0x0000000daddfa838 mode 2
Event: 51.742 Thread 0x00000198cfa1dfb0 Uncommon trap: trap_request=0xffffffde fr.pc=0x00000198c526fac8 relative=0x0000000000000988
Event: 51.742 Thread 0x00000198cfa1dfb0 Uncommon trap: reason=class_check action=maybe_recompile pc=0x00000198c526fac8 method=jdk.internal.loader.URLClassPath.getLoader(I)Ljdk/internal/loader/URLClassPath$Loader; @ 88 c2
Event: 51.742 Thread 0x00000198cfa1dfb0 DEOPT PACKING pc=0x00000198c526fac8 sp=0x0000000daddfa9d0
Event: 51.742 Thread 0x00000198cfa1dfb0 DEOPT UNPACKING pc=0x00000198c4cb46a2 sp=0x0000000daddfa9a0 mode 2
Event: 51.742 Thread 0x00000198cfa1dfb0 Uncommon trap: trap_request=0xffffffde fr.pc=0x00000198c53a7528 relative=0x0000000000004448
Event: 51.742 Thread 0x00000198cfa1dfb0 Uncommon trap: reason=class_check action=maybe_recompile pc=0x00000198c53a7528 method=jdk.internal.loader.URLClassPath.getResource(Ljava/lang/String;Z)Ljdk/internal/loader/Resource; @ 53 c2
Event: 51.742 Thread 0x00000198cfa1dfb0 DEOPT PACKING pc=0x00000198c53a7528 sp=0x0000000daddfaa70
Event: 51.742 Thread 0x00000198cfa1dfb0 DEOPT UNPACKING pc=0x00000198c4cb46a2 sp=0x0000000daddfa890 mode 2
Event: 51.745 Thread 0x00000198cfa1dfb0 DEOPT PACKING pc=0x00000198bdc19546 sp=0x0000000daddf9f20
Event: 51.745 Thread 0x00000198cfa1dfb0 DEOPT UNPACKING pc=0x00000198c4cb4e42 sp=0x0000000daddf94a0 mode 0
Event: 51.745 Thread 0x00000198cfa1dfb0 Uncommon trap: trap_request=0xffffff45 fr.pc=0x00000198c532dd98 relative=0x00000000000000f8
Event: 51.745 Thread 0x00000198cfa1dfb0 Uncommon trap: reason=unstable_if action=reinterpret pc=0x00000198c532dd98 method=java.lang.ClassLoader.getClassLoadingLock(Ljava/lang/String;)Ljava/lang/Object; @ 6 c2
Event: 51.745 Thread 0x00000198cfa1dfb0 DEOPT PACKING pc=0x00000198c532dd98 sp=0x0000000daddf8fc0
Event: 51.745 Thread 0x00000198cfa1dfb0 DEOPT UNPACKING pc=0x00000198c4cb46a2 sp=0x0000000daddf8f50 mode 2
Event: 51.748 Thread 0x00000198cfa1dfb0 Uncommon trap: trap_request=0xffffff45 fr.pc=0x00000198c539f9d8 relative=0x0000000000000938
Event: 51.748 Thread 0x00000198cfa1dfb0 Uncommon trap: reason=unstable_if action=reinterpret pc=0x00000198c539f9d8 method=java.lang.Class.getPackageName()Ljava/lang/String; @ 55 c2
Event: 51.748 Thread 0x00000198cfa1dfb0 DEOPT PACKING pc=0x00000198c539f9d8 sp=0x0000000daddfa640
Event: 51.748 Thread 0x00000198cfa1dfb0 DEOPT UNPACKING pc=0x00000198c4cb46a2 sp=0x0000000daddfa610 mode 2

Classes loaded (20 events):
Event: 51.737 Loading class jdk/internal/loader/URLClassPath$FileLoader
Event: 51.737 Loading class jdk/internal/loader/URLClassPath$FileLoader done
Event: 51.742 Loading class jdk/internal/loader/URLClassPath$FileLoader$1
Event: 51.742 Loading class jdk/internal/loader/URLClassPath$FileLoader$1 done
Event: 51.900 Loading class java/beans/Transient
Event: 51.900 Loading class java/beans/Transient done
Event: 51.920 Loading class java/util/stream/IntPipeline$1
Event: 51.920 Loading class java/util/stream/IntPipeline$1 done
Event: 51.921 Loading class java/util/stream/IntPipeline$1$1
Event: 51.921 Loading class java/util/stream/Sink$ChainedInt
Event: 51.921 Loading class java/util/stream/Sink$OfInt
Event: 51.921 Loading class java/util/stream/Sink$OfInt done
Event: 51.921 Loading class java/util/stream/Sink$ChainedInt done
Event: 51.921 Loading class java/util/stream/IntPipeline$1$1 done
Event: 51.997 Loading class java/lang/IllegalAccessError
Event: 51.997 Loading class java/lang/IllegalAccessError done
Event: 52.012 Loading class java/lang/Process
Event: 52.012 Loading class java/lang/Process done
Event: 52.012 Loading class java/lang/ProcessBuilder
Event: 52.013 Loading class java/lang/ProcessBuilder done

Classes unloaded (0 events):
No events

Classes redefined (0 events):
No events

Internal exceptions (20 events):
Event: 37.011 Thread 0x00000198cfa1dfb0 Exception <a 'java/lang/NoSuchMethodError'{0x00000000eed85468}: 'java.lang.Object java.lang.invoke.DirectMethodHandle$Holder.invokeVirtual(java.lang.Object, java.lang.Object, java.lang.Object, java.lang.Object, java.lang.Object, java.lang.Object, java.lang.Object, java.lang.Object, java.lang.Object, java.lang.Object, java.lang.Object, java.lang.Object, java.lang.Object)'> (0x00000000eed85468) 
thrown [s\src\hotspot\share\interpreter\linkResolver.cpp, line 773]
Event: 37.012 Thread 0x00000198cfa1dfb0 Exception <a 'java/lang/NoSuchMethodError'{0x00000000eed8a6a0}: 'java.lang.Object java.lang.invoke.DirectMethodHandle$Holder.invokeSpecial(java.lang.Object, java.lang.Object, java.lang.Object, java.lang.Object, java.lang.Object, java.lang.Object, java.lang.Object, java.lang.Object, java.lang.Object, java.lang.Object, java.lang.Object, java.lang.Object, java.lang.Object, java.lang.Object)'> (0x00000000eed8a6a0) 
thrown [s\src\hotspot\share\interpreter\linkResolver.cpp, line 773]
Event: 37.012 Thread 0x00000198cfa1dfb0 Exception <a 'java/lang/NoSuchMethodError'{0x00000000eed8f3f0}: 'java.lang.Object java.lang.invoke.DelegatingMethodHandle$Holder.reinvoke_L(java.lang.Object, java.lang.Object, java.lang.Object, java.lang.Object, java.lang.Object, java.lang.Object, java.lang.Object, java.lang.Object, java.lang.Object, java.lang.Object, java.lang.Object, java.lang.Object, java.lang.Object)'> (0x00000000eed8f3f0) 
thrown [s\src\hotspot\share\interpreter\linkResolver.cpp, line 773]
Event: 37.397 Thread 0x00000198cfa1dfb0 Exception <a 'java/lang/NoSuchMethodError'{0x00000000ee95ad48}: 'void java.lang.invoke.DirectMethodHandle$Holder.invokeStaticInit(java.lang.Object, java.lang.Object)'> (0x00000000ee95ad48) 
thrown [s\src\hotspot\share\interpreter\linkResolver.cpp, line 773]
Event: 38.079 Thread 0x00000198cfa1dfb0 Exception <a 'java/lang/NoSuchMethodError'{0x00000000ee5b3610}: 'java.lang.Object java.lang.invoke.DirectMethodHandle$Holder.newInvokeSpecial(java.lang.Object, java.lang.Object, java.lang.Object, java.lang.Object, java.lang.Object, java.lang.Object, java.lang.Object, java.lang.Object, java.lang.Object)'> (0x00000000ee5b3610) 
thrown [s\src\hotspot\share\interpreter\linkResolver.cpp, line 773]
Event: 39.095 Thread 0x00000198cfa1dfb0 Exception <a 'java/lang/NoSuchMethodError'{0x00000000ee2f8328}: 'int java.lang.invoke.DirectMethodHandle$Holder.invokeVirtual(java.lang.Object, java.lang.Object)'> (0x00000000ee2f8328) 
thrown [s\src\hotspot\share\interpreter\linkResolver.cpp, line 773]
Event: 39.655 Thread 0x00000198cfa1dfb0 Exception <a 'java/lang/NoSuchMethodError'{0x00000000ede34198}: 'void java.lang.invoke.DirectMethodHandle$Holder.invokeInterface(java.lang.Object, java.lang.Object, java.lang.Object, java.lang.Object, java.lang.Object)'> (0x00000000ede34198) 
thrown [s\src\hotspot\share\interpreter\linkResolver.cpp, line 773]
Event: 39.670 Thread 0x00000198cfa1dfb0 Exception <a 'java/lang/NoSuchMethodError'{0x00000000ede747b0}: 'void java.lang.invoke.DirectMethodHandle$Holder.invokeStatic(java.lang.Object, java.lang.Object, java.lang.Object, java.lang.Object, java.lang.Object, java.lang.Object)'> (0x00000000ede747b0) 
thrown [s\src\hotspot\share\interpreter\linkResolver.cpp, line 773]
Event: 41.262 Thread 0x00000198cfa1dfb0 Exception <a 'java/lang/IncompatibleClassChangeError'{0x00000000ed68a980}: Found class java.lang.Object, but interface was expected> (0x00000000ed68a980) 
thrown [s\src\hotspot\share\interpreter\linkResolver.cpp, line 840]
Event: 41.963 Thread 0x00000198cfa1dfb0 Exception <a 'java/lang/NoSuchMethodError'{0x00000000ed55d7f8}: 'java.lang.Object java.lang.invoke.DirectMethodHandle$Holder.newInvokeSpecial(java.lang.Object, java.lang.Object, long)'> (0x00000000ed55d7f8) 
thrown [s\src\hotspot\share\interpreter\linkResolver.cpp, line 773]
Event: 41.963 Thread 0x00000198cfa1dfb0 Exception <a 'java/lang/NoSuchMethodError'{0x00000000ed561be0}: 'java.lang.Object java.lang.invoke.Invokers$Holder.linkToTargetMethod(java.lang.Object, long, java.lang.Object)'> (0x00000000ed561be0) 
thrown [s\src\hotspot\share\interpreter\linkResolver.cpp, line 773]
Event: 42.577 Thread 0x00000198cfa1dfb0 Exception <a 'java/lang/NoSuchMethodError'{0x00000000ed3d0dd8}: 'int java.lang.invoke.DirectMethodHandle$Holder.invokeInterface(java.lang.Object, java.lang.Object)'> (0x00000000ed3d0dd8) 
thrown [s\src\hotspot\share\interpreter\linkResolver.cpp, line 773]
Event: 42.597 Thread 0x00000198cfa1dfb0 Exception <a 'java/lang/NoSuchMethodError'{0x00000000ed25df80}: 'java.lang.Object java.lang.invoke.DirectMethodHandle$Holder.invokeVirtual(java.lang.Object, java.lang.Object, int)'> (0x00000000ed25df80) 
thrown [s\src\hotspot\share\interpreter\linkResolver.cpp, line 773]
Event: 43.469 Thread 0x00000198cfa1dfb0 Exception <a 'java/lang/NoSuchMethodError'{0x00000000ed1228c8}: 'java.lang.Object java.lang.invoke.DirectMethodHandle$Holder.invokeStatic(java.lang.Object, java.lang.Object, int, java.lang.Object)'> (0x00000000ed1228c8) 
thrown [s\src\hotspot\share\interpreter\linkResolver.cpp, line 773]
Event: 43.469 Thread 0x00000198cfa1dfb0 Exception <a 'java/lang/NoSuchMethodError'{0x00000000ed129d20}: 'java.lang.Object java.lang.invoke.DirectMethodHandle$Holder.newInvokeSpecial(java.lang.Object, java.lang.Object, int, java.lang.Object)'> (0x00000000ed129d20) 
thrown [s\src\hotspot\share\interpreter\linkResolver.cpp, line 773]
Event: 43.470 Thread 0x00000198cfa1dfb0 Exception <a 'java/lang/NoSuchMethodError'{0x00000000ed12e4f8}: 'java.lang.Object java.lang.invoke.DirectMethodHandle$Holder.invokeSpecial(java.lang.Object, java.lang.Object, java.lang.Object, int, java.lang.Object)'> (0x00000000ed12e4f8) 
thrown [s\src\hotspot\share\interpreter\linkResolver.cpp, line 773]
Event: 51.734 Thread 0x00000198cfa1dfb0 Exception <a 'java/lang/NoSuchMethodError'{0x00000000ece8c2b0}: 'void java.lang.invoke.DirectMethodHandle$Holder.invokeInterface(java.lang.Object, java.lang.Object, java.lang.Object, java.lang.Object, java.lang.Object, java.lang.Object, java.lang.Object)'> (0x00000000ece8c2b0) 
thrown [s\src\hotspot\share\interpreter\linkResolver.cpp, line 773]
Event: 51.734 Thread 0x00000198cfa1dfb0 Exception <a 'java/lang/NoSuchMethodError'{0x00000000ece90c38}: 'void java.lang.invoke.DelegatingMethodHandle$Holder.reinvoke_L(java.lang.Object, java.lang.Object, java.lang.Object, java.lang.Object, java.lang.Object, java.lang.Object, java.lang.Object)'> (0x00000000ece90c38) 
thrown [s\src\hotspot\share\interpreter\linkResolver.cpp, line 773]
Event: 52.008 Thread 0x00000198cfa1dfb0 Exception <a 'java/lang/NoSuchMethodError'{0x00000000ecb3f748}: 'java.lang.Object java.lang.invoke.DirectMethodHandle$Holder.invokeStaticInit(java.lang.Object, java.lang.Object, java.lang.Object, java.lang.Object, java.lang.Object, java.lang.Object, java.lang.Object)'> (0x00000000ecb3f748) 
thrown [s\src\hotspot\share\interpreter\linkResolver.cpp, line 773]
Event: 52.019 Thread 0x00000198cfa1dfb0 Exception <a 'java/lang/NoSuchMethodError'{0x00000000ecb65ca0}: 'java.lang.Object java.lang.invoke.DirectMethodHandle$Holder.invokeSpecial(java.lang.Object, java.lang.Object, java.lang.Object, int, java.lang.Object, java.lang.Object)'> (0x00000000ecb65ca0) 
thrown [s\src\hotspot\share\interpreter\linkResolver.cpp, line 773]

ZGC Phase Switch (0 events):
No events

VM Operations (20 events):
Event: 42.215 Executing VM operation: Cleanup
Event: 42.215 Executing VM operation: Cleanup done
Event: 42.217 Executing VM operation: HandshakeAllThreads (Deoptimize)
Event: 42.217 Executing VM operation: HandshakeAllThreads (Deoptimize) done
Event: 43.233 Executing VM operation: Cleanup
Event: 43.233 Executing VM operation: Cleanup done
Event: 44.240 Executing VM operation: Cleanup
Event: 44.240 Executing VM operation: Cleanup done
Event: 46.343 Executing VM operation: Cleanup
Event: 46.343 Executing VM operation: Cleanup done
Event: 47.355 Executing VM operation: Cleanup
Event: 47.355 Executing VM operation: Cleanup done
Event: 48.371 Executing VM operation: Cleanup
Event: 48.371 Executing VM operation: Cleanup done
Event: 51.743 Executing VM operation: HandshakeAllThreads (Deoptimize)
Event: 51.743 Executing VM operation: HandshakeAllThreads (Deoptimize) done
Event: 51.743 Executing VM operation: Cleanup
Event: 51.743 Executing VM operation: Cleanup done
Event: 51.744 Executing VM operation: HandshakeAllThreads (Deoptimize)
Event: 51.744 Executing VM operation: HandshakeAllThreads (Deoptimize) done

Memory protections (0 events):
No events

Nmethod flushes (0 events):
No events

Events (20 events):
Event: 12.044 Thread 0x00000198b503df50 Thread added: 0x00000198e9ac6d00
Event: 12.777 Thread 0x00000198b503df50 Thread added: 0x00000198ea054510
Event: 13.096 Thread 0x00000198b503df50 Thread added: 0x00000198cf782810
Event: 14.304 Thread 0x00000198ea054510 Thread added: 0x00000198ea49c920
Event: 14.549 Thread 0x00000198ea49c920 Thread added: 0x00000198ea49cf80
Event: 15.433 Thread 0x00000198ea49c920 Thread added: 0x00000198e9b39060
Event: 15.454 Thread 0x00000198ea49c920 Thread added: 0x00000198cfa1dfb0
Event: 15.572 Thread 0x00000198cfa1dfb0 Thread added: 0x00000198cfa1e610
Event: 15.582 Thread 0x00000198cfa1dfb0 Thread added: 0x00000198ea60ceb0
Event: 15.587 Thread 0x00000198cfa1dfb0 Thread added: 0x00000198ea60d540
Event: 18.989 Thread 0x00000198cfa1dfb0 Thread added: 0x00000198ea60dbd0
Event: 19.016 Thread 0x00000198cfa1dfb0 Thread added: 0x00000198ea60c820
Event: 23.307 Thread 0x00000198ea60c820 Thread added: 0x00000198ea60ade0
Event: 23.437 Thread 0x00000198cfa1dfb0 Thread added: 0x00000198ea60b470
Event: 33.878 Thread 0x00000198cfa1dfb0 Thread added: 0x00000198ea60bb00
Event: 34.132 Thread 0x00000198cfa1dfb0 Thread added: 0x00000198ea60c190
Event: 38.924 Thread 0x00000198cfa1dfb0 Thread added: 0x00000198ead2a6b0
Event: 39.093 Thread 0x00000198cfa1dfb0 Thread added: 0x00000198ead2a020
Event: 43.472 Thread 0x00000198cfa1dfb0 Thread added: 0x00000198ead2ad40
Event: 48.018 Thread 0x00000198cfa1dfb0 Thread added: 0x00000198ead2b3d0


Dynamic libraries:
0x00007ff733270000 - 0x00007ff73327e000 	C:\Users\Vansh Parmar\.jdks\ms-21.0.7\bin\java.exe
0x00007ff9e5870000 - 0x00007ff9e5a87000 	C:\Windows\SYSTEM32\ntdll.dll
0x00007ff9e3c70000 - 0x00007ff9e3d34000 	C:\Windows\System32\KERNEL32.DLL
0x00007ff9e2e60000 - 0x00007ff9e3217000 	C:\Windows\System32\KERNELBASE.dll
0x00007ff9e2d40000 - 0x00007ff9e2e51000 	C:\Windows\System32\ucrtbase.dll
0x00007ff999440000 - 0x00007ff999458000 	C:\Users\Vansh Parmar\.jdks\ms-21.0.7\bin\jli.dll
0x00007ff9aa720000 - 0x00007ff9aa73d000 	C:\Users\Vansh Parmar\.jdks\ms-21.0.7\bin\VCRUNTIME140.dll
0x00007ff9e4720000 - 0x00007ff9e48cf000 	C:\Windows\System32\USER32.dll
0x00007ff9e2b80000 - 0x00007ff9e2ba6000 	C:\Windows\System32\win32u.dll
0x00007ff9d0980000 - 0x00007ff9d0c13000 	C:\Windows\WinSxS\amd64_microsoft.windows.common-controls_6595b64144ccf1df_6.0.22621.3672_none_2713b9d173822955\COMCTL32.dll
0x00007ff9e39b0000 - 0x00007ff9e39d9000 	C:\Windows\System32\GDI32.dll
0x00007ff9e5780000 - 0x00007ff9e5827000 	C:\Windows\System32\msvcrt.dll
0x00007ff9e2bb0000 - 0x00007ff9e2cc8000 	C:\Windows\System32\gdi32full.dll
0x00007ff9e3220000 - 0x00007ff9e32ba000 	C:\Windows\System32\msvcp_win.dll
0x00007ff9e4430000 - 0x00007ff9e4461000 	C:\Windows\System32\IMM32.DLL
0x00007ff9de9f0000 - 0x00007ff9de9fc000 	C:\Users\Vansh Parmar\.jdks\ms-21.0.7\bin\vcruntime140_1.dll
0x00007ff97ab40000 - 0x00007ff97abcd000 	C:\Users\Vansh Parmar\.jdks\ms-21.0.7\bin\msvcp140.dll
0x00007ff976e80000 - 0x00007ff977c18000 	C:\Users\Vansh Parmar\.jdks\ms-21.0.7\bin\server\jvm.dll
0x00007ff9e3e70000 - 0x00007ff9e3f22000 	C:\Windows\System32\ADVAPI32.dll
0x00007ff9e38a0000 - 0x00007ff9e3948000 	C:\Windows\System32\sechost.dll
0x00007ff9e3570000 - 0x00007ff9e3598000 	C:\Windows\System32\bcrypt.dll
0x00007ff9e5660000 - 0x00007ff9e5774000 	C:\Windows\System32\RPCRT4.dll
0x00007ff9e3df0000 - 0x00007ff9e3e61000 	C:\Windows\System32\WS2_32.dll
0x00007ff9e2a50000 - 0x00007ff9e2a9d000 	C:\Windows\SYSTEM32\POWRPROF.dll
0x00007ff9dcb40000 - 0x00007ff9dcb74000 	C:\Windows\SYSTEM32\WINMM.dll
0x00007ff9deb10000 - 0x00007ff9deb1a000 	C:\Windows\SYSTEM32\VERSION.dll
0x00007ff9e2a30000 - 0x00007ff9e2a43000 	C:\Windows\SYSTEM32\UMPDC.dll
0x00007ff9e1b30000 - 0x00007ff9e1b48000 	C:\Windows\SYSTEM32\kernel.appcore.dll
0x00007ff9be100000 - 0x00007ff9be10a000 	C:\Users\Vansh Parmar\.jdks\ms-21.0.7\bin\jimage.dll
0x00007ff9e05f0000 - 0x00007ff9e0822000 	C:\Windows\SYSTEM32\DBGHELP.DLL
0x00007ff9e52d0000 - 0x00007ff9e565e000 	C:\Windows\System32\combase.dll
0x00007ff9e3b90000 - 0x00007ff9e3c67000 	C:\Windows\System32\OLEAUT32.dll
0x00007ff9ce8c0000 - 0x00007ff9ce8f2000 	C:\Windows\SYSTEM32\dbgcore.DLL
0x00007ff9e34f0000 - 0x00007ff9e356b000 	C:\Windows\System32\bcryptPrimitives.dll
0x00007ff9b81c0000 - 0x00007ff9b81cf000 	C:\Users\Vansh Parmar\.jdks\ms-21.0.7\bin\instrument.dll
0x00007ff998e50000 - 0x00007ff998e70000 	C:\Users\Vansh Parmar\.jdks\ms-21.0.7\bin\java.dll
0x00007ff9e4a60000 - 0x00007ff9e52c9000 	C:\Windows\System32\SHELL32.dll
0x00007ff9e0930000 - 0x00007ff9e122f000 	C:\Windows\SYSTEM32\windows.storage.dll
0x00007ff9e1270000 - 0x00007ff9e13af000 	C:\Windows\SYSTEM32\wintypes.dll
0x00007ff9e37a0000 - 0x00007ff9e3899000 	C:\Windows\System32\SHCORE.dll
0x00007ff9e4500000 - 0x00007ff9e455e000 	C:\Windows\System32\shlwapi.dll
0x00007ff9e2ab0000 - 0x00007ff9e2ad7000 	C:\Windows\SYSTEM32\profapi.dll
0x00007ff978690000 - 0x00007ff978766000 	C:\Users\Vansh Parmar\.jdks\ms-21.0.7\bin\jsvml.dll
0x00007ff98fe20000 - 0x00007ff98fe38000 	C:\Users\Vansh Parmar\.jdks\ms-21.0.7\bin\zip.dll
0x00007ff9b52e0000 - 0x00007ff9b52f0000 	C:\Users\Vansh Parmar\.jdks\ms-21.0.7\bin\net.dll
0x00007ff9dc760000 - 0x00007ff9dc896000 	C:\Windows\SYSTEM32\WINHTTP.dll
0x00007ff9e1ff0000 - 0x00007ff9e2059000 	C:\Windows\system32\mswsock.dll
0x00007ff98bbd0000 - 0x00007ff98bbe6000 	C:\Users\Vansh Parmar\.jdks\ms-21.0.7\bin\nio.dll
0x00007ff9a8590000 - 0x00007ff9a85a0000 	C:\Users\Vansh Parmar\.jdks\ms-21.0.7\bin\verify.dll
0x00007ff97b8f0000 - 0x00007ff97b917000 	C:\Users\Vansh Parmar\.gradle\native\1def1411415f61bf3af743bc5b6707747c0891f09f0c88961ee8f79bc544acac\windows-amd64\native-platform.dll
0x00007ff977ff0000 - 0x00007ff978068000 	C:\Users\Vansh Parmar\.gradle\native\0.2.7\x86_64-windows-gnu\gradle-fileevents.dll
0x00007ff998e40000 - 0x00007ff998e4a000 	C:\Users\Vansh Parmar\.jdks\ms-21.0.7\bin\management.dll
0x00007ff98be70000 - 0x00007ff98be7b000 	C:\Users\Vansh Parmar\.jdks\ms-21.0.7\bin\management_ext.dll
0x00007ff9e35d0000 - 0x00007ff9e35d8000 	C:\Windows\System32\PSAPI.DLL
0x00007ff9e1600000 - 0x00007ff9e162d000 	C:\Windows\SYSTEM32\IPHLPAPI.DLL
0x00007ff9e44a0000 - 0x00007ff9e44a9000 	C:\Windows\System32\NSI.dll
0x00007ff98bc40000 - 0x00007ff98bc49000 	C:\Users\Vansh Parmar\.jdks\ms-21.0.7\bin\extnet.dll
0x00007ff9e2240000 - 0x00007ff9e225b000 	C:\Windows\SYSTEM32\CRYPTSP.dll
0x00007ff9e1af0000 - 0x00007ff9e1b25000 	C:\Windows\system32\rsaenh.dll
0x00007ff9e2090000 - 0x00007ff9e20b8000 	C:\Windows\SYSTEM32\USERENV.dll
0x00007ff9e2200000 - 0x00007ff9e220c000 	C:\Windows\SYSTEM32\CRYPTBASE.dll
0x00007ff98bb70000 - 0x00007ff98bb7e000 	C:\Users\Vansh Parmar\.jdks\ms-21.0.7\bin\sunmscapi.dll
0x00007ff9e3380000 - 0x00007ff9e34e6000 	C:\Windows\System32\CRYPT32.dll
0x00007ff9e2450000 - 0x00007ff9e247d000 	C:\Windows\SYSTEM32\ncrypt.dll
0x00007ff9e2410000 - 0x00007ff9e2447000 	C:\Windows\SYSTEM32\NTASN1.dll
0x00007ff98cf10000 - 0x00007ff98cf18000 	C:\Windows\system32\wshunix.dll

dbghelp: loaded successfully - version: 4.0.5 - missing functions: none
symbol engine: initialized successfully - sym options: 0x614 - pdb path: .;C:\Users\Vansh Parmar\.jdks\ms-21.0.7\bin;C:\Windows\SYSTEM32;C:\Windows\WinSxS\amd64_microsoft.windows.common-controls_6595b64144ccf1df_6.0.22621.3672_none_2713b9d173822955;C:\Users\Vansh Parmar\.jdks\ms-21.0.7\bin\server;C:\Users\Vansh Parmar\.gradle\native\1def1411415f61bf3af743bc5b6707747c0891f09f0c88961ee8f79bc544acac\windows-amd64;C:\Users\Vansh Parmar\.gradle\native\0.2.7\x86_64-windows-gnu

VM Arguments:
jvm_args: --add-opens=java.base/java.lang=ALL-UNNAMED --add-opens=java.base/java.lang.invoke=ALL-UNNAMED --add-opens=java.base/java.util=ALL-UNNAMED --add-opens=java.prefs/java.util.prefs=ALL-UNNAMED --add-exports=jdk.compiler/com.sun.tools.javac.api=ALL-UNNAMED --add-exports=jdk.compiler/com.sun.tools.javac.util=ALL-UNNAMED --add-opens=java.base/java.util=ALL-UNNAMED --add-opens=java.prefs/java.util.prefs=ALL-UNNAMED --add-opens=java.base/java.nio.charset=ALL-UNNAMED --add-opens=java.base/java.net=ALL-UNNAMED --add-opens=java.base/java.util.concurrent.atomic=ALL-UNNAMED --add-opens=java.xml/javax.xml.namespace=ALL-UNNAMED -XX:MaxMetaspaceSize=384m -XX:+HeapDumpOnOutOfMemoryError -Xms256m -Xmx512m -Dfile.encoding=UTF-8 -Duser.country=IN -Duser.language=en -Duser.variant -javaagent:C:\Users\Vansh Parmar\.gradle\wrapper\dists\gradle-8.14.2-bin\2pb3mgt1p815evrl3weanttgr\gradle-8.14.2\lib\agents\gradle-instrumentation-agent-8.14.2.jar 
java_command: org.gradle.launcher.daemon.bootstrap.GradleDaemon 8.14.2
java_class_path (initial): C:\Users\Vansh Parmar\.gradle\wrapper\dists\gradle-8.14.2-bin\2pb3mgt1p815evrl3weanttgr\gradle-8.14.2\lib\gradle-daemon-main-8.14.2.jar
Launcher Type: SUN_STANDARD

[Global flags]
     intx CICompilerCount                          = 3                                         {product} {ergonomic}
   size_t CompressedClassSpaceSize                 = 335544320                                 {product} {ergonomic}
     uint ConcGCThreads                            = 1                                         {product} {ergonomic}
     uint G1ConcRefinementThreads                  = 4                                         {product} {ergonomic}
   size_t G1HeapRegionSize                         = 1048576                                   {product} {ergonomic}
    uintx GCDrainStackTargetSize                   = 64                                        {product} {ergonomic}
     bool HeapDumpOnOutOfMemoryError               = true                                   {manageable} {command line}
   size_t InitialHeapSize                          = 268435456                                 {product} {command line}
   size_t MarkStackSize                            = 4194304                                   {product} {ergonomic}
   size_t MaxHeapSize                              = 536870912                                 {product} {command line}
   size_t MaxMetaspaceSize                         = 402653184                                 {product} {command line}
   size_t MaxNewSize                               = 321912832                                 {product} {ergonomic}
   size_t MinHeapDeltaBytes                        = 1048576                                   {product} {ergonomic}
   size_t MinHeapSize                              = 268435456                                 {product} {command line}
    uintx NonNMethodCodeHeapSize                   = 5832780                                {pd product} {ergonomic}
    uintx NonProfiledCodeHeapSize                  = 122912730                              {pd product} {ergonomic}
    uintx ProfiledCodeHeapSize                     = 122912730                              {pd product} {ergonomic}
    uintx ReservedCodeCacheSize                    = 251658240                              {pd product} {ergonomic}
     bool SegmentedCodeCache                       = true                                      {product} {ergonomic}
   size_t SoftMaxHeapSize                          = 536870912                              {manageable} {ergonomic}
     bool UseCompressedOops                        = true                           {product lp64_product} {ergonomic}
     bool UseG1GC                                  = true                                      {product} {ergonomic}
     bool UseLargePagesIndividualAllocation        = false                                  {pd product} {ergonomic}

Logging:
Log output configuration:
 #0: stdout all=warning uptime,level,tags foldmultilines=false
 #1: stderr all=off uptime,level,tags foldmultilines=false

Environment Variables:
JAVA_HOME=C:\Program Files\Java\jdk-21
PATH=C:\Program Files\Common Files\Oracle\Java\javapath;C:\Windows\system32;C:\Windows;C:\Windows\System32\Wbem;C:\Windows\System32\WindowsPowerShell\v1.0\;C:\Windows\System32\OpenSSH\;C:\MinGW\bin;C:\Program Files\Java\jdk-21\bin;C:\Program Files\nodejs\;C:\Program Files\Java\jdk-22\bin;C:\Program Files\MySQL\MySQL Server 8.0\bin;C:\Program Files\Java\jdk-21\bin;C:\Program Files\apache-maven-3.9.9\bin;%kafka_home&\bin;C:\Program Files\Cloudflare\Cloudflare WARP\;C:\Users\Vansh Parmar\AppData\Local\Microsoft\WindowsApps;C:\Users\Vansh Parmar\AppData\Local\Programs\Microsoft VS Code\bin;C:\Users\Vansh Parmar\AppData\Local\Programs\Git\cmd
USERNAME=Vansh Parmar
OS=Windows_NT
PROCESSOR_IDENTIFIER=Intel64 Family 6 Model 142 Stepping 9, GenuineIntel
TMP=C:\Users\VANSHP~1\AppData\Local\Temp
TEMP=C:\Users\VANSHP~1\AppData\Local\Temp




Periodic native trim disabled

---------------  S Y S T E M  ---------------

OS:
 Windows 11 , 64 bit Build 22621 (10.0.22621.3958)
OS uptime: 0 days 4:04 hours
Hyper-V role detected

CPU: total 4 (initial active 4) (2 cores per cpu, 2 threads per core) family 6 model 142 stepping 9 microcode 0xde, cx8, cmov, fxsr, ht, mmx, 3dnowpref, sse, sse2, sse3, ssse3, sse4.1, sse4.2, popcnt, lzcnt, tsc, tscinvbit, avx, avx2, aes, erms, clmul, bmi1, bmi2, adx, fma, vzeroupper, clflush, clflushopt, hv, rdtscp, f16c
Processor Information for the first 4 processors :
  Max Mhz: 2304, Current Mhz: 2304, Mhz Limit: 2304

Memory: 4k page, system-wide physical 12167M (212M free)
TotalPageFile size 20359M (AvailPageFile size 5M)
current process WorkingSet (physical memory assigned to process): 314M, peak: 316M
current process commit charge ("private bytes"): 421M, peak: 423M

vm_info: OpenJDK 64-Bit Server VM (21.0.7+6-LTS) for windows-amd64 JRE (21.0.7+6-LTS), built on 2025-04-09T22:17:25Z by "MicrosoftCorporation" with unknown MS VC++:1939

END.
